<?xml version="1.0" encoding="UTF-8"?>
<!-- Generated by org.testng.reporters.JUnitReportReporter -->
<testsuite skipped="0" hostname="LAPTOP-TUN1U03P" name="grid.TestParallel" tests="2" failures="0" timestamp="10 Dec 2021 08:49:21 GMT" time="73.023" errors="0">
  <testcase name="doLogin" time="33.103" classname="grid.TestParallel"/>
  <testcase name="doLogin" time="39.920" classname="grid.TestParallel"/>
</testsuite> <!-- grid.TestParallel -->
