<?xml version="1.0" encoding="UTF-8"?>
<!-- Generated by org.testng.reporters.JUnitReportReporter -->
<testsuite skipped="0" hostname="LAPTOP-TUN1U03P" name="grid.TestGrid" tests="2" failures="0" timestamp="09 Dec 2021 17:59:49 GMT" time="15.701" errors="0">
  <testcase name="doLogin" time="7.330" classname="grid.TestGrid"/>
  <testcase name="doLogin" time="8.371" classname="grid.TestGrid"/>
</testsuite> <!-- grid.TestGrid -->
