<?xml version="1.0" encoding="UTF-8"?>
<!-- Generated by org.testng.reporters.JUnitReportReporter -->
<testsuite hostname="DESKTOP-3SL4LUB" name="com.w2a.cucumber.zoho.runners.LoginFeatureRunner" tests="1" failures="0" timestamp="28 Jun 2018 10:42:18 GMT" time="48.651" errors="0">
  <testcase name="runCukes" time="48.651" classname="com.w2a.cucumber.zoho.runners.LoginFeatureRunner"/>
</testsuite> <!-- com.w2a.cucumber.zoho.runners.LoginFeatureRunner -->
