<?xml version="1.0" encoding="UTF-8"?>
<testsuite xmlns:xsi="http://www.w3.org/2001/XMLSchema-instance" xsi:noNamespaceSchemaLocation="https://maven.apache.org/surefire/maven-failsafe-plugin/xsd/failsafe-test-report.xsd" name="testcases.SearchItemTest" time="105.764" tests="3" errors="0" skipped="0" failures="2">
  <properties>
    <property name="sun.desktop" value="windows"/>
    <property name="awt.toolkit" value="sun.awt.windows.WToolkit"/>
    <property name="file.encoding.pkg" value="sun.io"/>
    <property name="java.specification.version" value="1.8"/>
    <property name="sun.cpu.isalist" value="amd64"/>
    <property name="sun.jnu.encoding" value="Cp1252"/>
    <property name="java.class.path" value="D:\workspaces\SerenityBDDFramework\SerenityAppiumPageObjects\target\test-classes;D:\workspaces\SerenityBDDFramework\SerenityAppiumPageObjects\target\SerenityAppiumPageObjects-0.0.1-SNAPSHOT.jar;C:\Users\way2automation\.m2\repository\org\slf4j\slf4j-simple\1.7.30\slf4j-simple-1.7.30.jar;C:\Users\way2automation\.m2\repository\org\slf4j\slf4j-api\1.7.30\slf4j-api-1.7.30.jar;C:\Users\way2automation\.m2\repository\net\serenity-bdd\serenity-core\2.0.81\serenity-core-2.0.81.jar;C:\Users\way2automation\.m2\repository\net\bytebuddy\byte-buddy\1.10.1\byte-buddy-1.10.1.jar;C:\Users\way2automation\.m2\repository\net\bytebuddy\byte-buddy-agent\1.10.1\byte-buddy-agent-1.10.1.jar;C:\Users\way2automation\.m2\repository\com\google\guava\guava\25.0-jre\guava-25.0-jre.jar;C:\Users\way2automation\.m2\repository\com\google\code\findbugs\jsr305\1.3.9\jsr305-1.3.9.jar;C:\Users\way2automation\.m2\repository\org\checkerframework\checker-compat-qual\2.0.0\checker-compat-qual-2.0.0.jar;C:\Users\way2automation\.m2\repository\com\google\errorprone\error_prone_annotations\2.1.3\error_prone_annotations-2.1.3.jar;C:\Users\way2automation\.m2\repository\com\google\j2objc\j2objc-annotations\1.1\j2objc-annotations-1.1.jar;C:\Users\way2automation\.m2\repository\org\codehaus\mojo\animal-sniffer-annotations\1.14\animal-sniffer-annotations-1.14.jar;C:\Users\way2automation\.m2\repository\com\google\inject\guice\4.2.2\guice-4.2.2.jar;C:\Users\way2automation\.m2\repository\javax\inject\javax.inject\1\javax.inject-1.jar;C:\Users\way2automation\.m2\repository\aopalliance\aopalliance\1.0\aopalliance-1.0.jar;C:\Users\way2automation\.m2\repository\cglib\cglib\3.3.0\cglib-3.3.0.jar;C:\Users\way2automation\.m2\repository\org\ow2\asm\asm\7.2\asm-7.2.jar;C:\Users\way2automation\.m2\repository\commons-codec\commons-codec\1.10\commons-codec-1.10.jar;C:\Users\way2automation\.m2\repository\org\objenesis\objenesis\3.0.1\objenesis-3.0.1.jar;C:\Users\way2automation\.m2\repository\xml-apis\xml-apis\1.4.01\xml-apis-1.4.01.jar;C:\Users\way2automation\.m2\repository\io\cucumber\cucumber-core\2.4.0\cucumber-core-2.4.0.jar;C:\Users\way2automation\.m2\repository\info\cukes\cucumber-html\0.2.6\cucumber-html-0.2.6.jar;C:\Users\way2automation\.m2\repository\io\cucumber\cucumber-jvm-deps\1.0.6\cucumber-jvm-deps-1.0.6.jar;C:\Users\way2automation\.m2\repository\io\cucumber\gherkin\5.0.0\gherkin-5.0.0.jar;C:\Users\way2automation\.m2\repository\io\cucumber\tag-expressions\1.1.1\tag-expressions-1.1.1.jar;C:\Users\way2automation\.m2\repository\commons-logging\commons-logging\1.2\commons-logging-1.2.jar;C:\Users\way2automation\.m2\repository\junit\junit\4.12\junit-4.12.jar;C:\Users\way2automation\.m2\repository\io\vavr\vavr\0.9.0\vavr-0.9.0.jar;C:\Users\way2automation\.m2\repository\io\vavr\vavr-match\0.9.0\vavr-match-0.9.0.jar;C:\Users\way2automation\.m2\repository\javax\xml\bind\jaxb-api\2.2.12\jaxb-api-2.2.12.jar;C:\Users\way2automation\.m2\repository\com\sun\xml\bind\jaxb-core\2.3.0.1\jaxb-core-2.3.0.1.jar;C:\Users\way2automation\.m2\repository\com\sun\xml\bind\jaxb-impl\2.3.0.1\jaxb-impl-2.3.0.1.jar;C:\Users\way2automation\.m2\repository\javax\activation\activation\1.1.1\activation-1.1.1.jar;C:\Users\way2automation\.m2\repository\org\mockito\mockito-core\3.1.0\mockito-core-3.1.0.jar;C:\Users\way2automation\.m2\repository\net\serenity-bdd\serenity-report-resources\2.0.81\serenity-report-resources-2.0.81.jar;C:\Users\way2automation\.m2\repository\net\serenity-bdd\serenity-model\2.0.81\serenity-model-2.0.81.jar;C:\Users\way2automation\.m2\repository\commons-net\commons-net\3.6\commons-net-3.6.jar;C:\Users\way2automation\.m2\repository\org\apache\commons\commons-text\1.6\commons-text-1.6.jar;C:\Users\way2automation\.m2\repository\es\nitaur\markdown\txtmark\0.16\txtmark-0.16.jar;C:\Users\way2automation\.m2\repository\net\serenity-bdd\serenity-reports\2.0.81\serenity-reports-2.0.81.jar;C:\Users\way2automation\.m2\repository\net\serenity-bdd\serenity-stats\2.0.81\serenity-stats-2.0.81.jar;C:\Users\way2automation\.m2\repository\org\jetbrains\kotlin\kotlin-stdlib\1.3.31\kotlin-stdlib-1.3.31.jar;C:\Users\way2automation\.m2\repository\org\jetbrains\kotlin\kotlin-stdlib-common\1.3.31\kotlin-stdlib-common-1.3.31.jar;C:\Users\way2automation\.m2\repository\org\jetbrains\annotations\13.0\annotations-13.0.jar;C:\Users\way2automation\.m2\repository\com\google\code\gson\gson\2.8.4\gson-2.8.4.jar;C:\Users\way2automation\.m2\repository\commons-io\commons-io\2.6\commons-io-2.6.jar;C:\Users\way2automation\.m2\repository\org\seleniumhq\selenium\selenium-server\3.141.59\selenium-server-3.141.59.jar;C:\Users\way2automation\.m2\repository\org\seleniumhq\selenium\selenium-firefox-driver\3.141.59\selenium-firefox-driver-3.141.59.jar;C:\Users\way2automation\.m2\repository\org\seleniumhq\selenium\selenium-ie-driver\3.141.59\selenium-ie-driver-3.141.59.jar;C:\Users\way2automation\.m2\repository\com\beust\jcommander\1.72\jcommander-1.72.jar;C:\Users\way2automation\.m2\repository\org\apache\commons\commons-exec\1.3\commons-exec-1.3.jar;C:\Users\way2automation\.m2\repository\net\jcip\jcip-annotations\1.0\jcip-annotations-1.0.jar;C:\Users\way2automation\.m2\repository\org\seleniumhq\selenium\jetty-repacked\9.4.12.v20180830\jetty-repacked-9.4.12.v20180830.jar;C:\Users\way2automation\.m2\repository\com\squareup\okhttp3\okhttp\3.11.0\okhttp-3.11.0.jar;C:\Users\way2automation\.m2\repository\com\squareup\okio\okio\1.14.0\okio-1.14.0.jar;C:\Users\way2automation\.m2\repository\javax\servlet\javax.servlet-api\3.1.0\javax.servlet-api-3.1.0.jar;C:\Users\way2automation\.m2\repository\org\yaml\snakeyaml\1.19\snakeyaml-1.19.jar;C:\Users\way2automation\.m2\repository\org\seleniumhq\selenium\selenium-java\3.141.59\selenium-java-3.141.59.jar;C:\Users\way2automation\.m2\repository\org\seleniumhq\selenium\selenium-api\3.141.59\selenium-api-3.141.59.jar;C:\Users\way2automation\.m2\repository\org\seleniumhq\selenium\selenium-chrome-driver\3.141.59\selenium-chrome-driver-3.141.59.jar;C:\Users\way2automation\.m2\repository\org\seleniumhq\selenium\selenium-edge-driver\3.141.59\selenium-edge-driver-3.141.59.jar;C:\Users\way2automation\.m2\repository\org\seleniumhq\selenium\selenium-remote-driver\3.141.59\selenium-remote-driver-3.141.59.jar;C:\Users\way2automation\.m2\repository\org\seleniumhq\selenium\selenium-safari-driver\3.141.59\selenium-safari-driver-3.141.59.jar;C:\Users\way2automation\.m2\repository\org\seleniumhq\selenium\selenium-opera-driver\3.141.59\selenium-opera-driver-3.141.59.jar;C:\Users\way2automation\.m2\repository\org\seleniumhq\selenium\selenium-support\3.141.59\selenium-support-3.141.59.jar;C:\Users\way2automation\.m2\repository\com\paulhammant\ngwebdriver\1.1.4\ngwebdriver-1.1.4.jar;C:\Users\way2automation\.m2\repository\com\codeborne\phantomjsdriver\1.4.4\phantomjsdriver-1.4.4.jar;C:\Users\way2automation\.m2\repository\org\seleniumhq\selenium\htmlunit-driver\2.36.0\htmlunit-driver-2.36.0.jar;C:\Users\way2automation\.m2\repository\io\appium\java-client\7.2.0\java-client-7.2.0.jar;C:\Users\way2automation\.m2\repository\commons-validator\commons-validator\1.6\commons-validator-1.6.jar;C:\Users\way2automation\.m2\repository\commons-beanutils\commons-beanutils\1.9.2\commons-beanutils-1.9.2.jar;C:\Users\way2automation\.m2\repository\commons-digester\commons-digester\1.8.1\commons-digester-1.8.1.jar;C:\Users\way2automation\.m2\repository\org\aspectj\aspectjweaver\1.9.4\aspectjweaver-1.9.4.jar;C:\Users\way2automation\.m2\repository\org\springframework\spring-context-support\5.1.2.RELEASE\spring-context-support-5.1.2.RELEASE.jar;C:\Users\way2automation\.m2\repository\org\springframework\spring-beans\5.1.2.RELEASE\spring-beans-5.1.2.RELEASE.jar;C:\Users\way2automation\.m2\repository\org\springframework\spring-context\5.1.2.RELEASE\spring-context-5.1.2.RELEASE.jar;C:\Users\way2automation\.m2\repository\org\springframework\spring-aop\5.1.2.RELEASE\spring-aop-5.1.2.RELEASE.jar;C:\Users\way2automation\.m2\repository\org\springframework\spring-expression\5.1.2.RELEASE\spring-expression-5.1.2.RELEASE.jar;C:\Users\way2automation\.m2\repository\org\springframework\spring-core\5.1.2.RELEASE\spring-core-5.1.2.RELEASE.jar;C:\Users\way2automation\.m2\repository\org\springframework\spring-jcl\5.1.2.RELEASE\spring-jcl-5.1.2.RELEASE.jar;C:\Users\way2automation\.m2\repository\org\codehaus\groovy\groovy\2.5.5\groovy-2.5.5.jar;C:\Users\way2automation\.m2\repository\net\sf\opencsv\opencsv\2.0\opencsv-2.0.jar;C:\Users\way2automation\.m2\repository\commons-beanutils\commons-beanutils-core\1.8.3\commons-beanutils-core-1.8.3.jar;C:\Users\way2automation\.m2\repository\joda-time\joda-time\2.7\joda-time-2.7.jar;C:\Users\way2automation\.m2\repository\com\thoughtworks\xstream\xstream\1.4.9\xstream-1.4.9.jar;C:\Users\way2automation\.m2\repository\xmlpull\xmlpull\1.1.3.1\xmlpull-1.1.3.1.jar;C:\Users\way2automation\.m2\repository\xpp3\xpp3_min\1.1.4c\xpp3_min-1.1.4c.jar;C:\Users\way2automation\.m2\repository\org\apache\commons\commons-lang3\3.8.1\commons-lang3-3.8.1.jar;C:\Users\way2automation\.m2\repository\commons-collections\commons-collections\3.2.2\commons-collections-3.2.2.jar;C:\Users\way2automation\.m2\repository\org\freemarker\freemarker\2.3.28\freemarker-2.3.28.jar;C:\Users\way2automation\.m2\repository\net\sourceforge\jexcelapi\jxl\2.6.12\jxl-2.6.12.jar;C:\Users\way2automation\.m2\repository\org\hamcrest\hamcrest-core\1.3\hamcrest-core-1.3.jar;C:\Users\way2automation\.m2\repository\org\hamcrest\hamcrest-library\1.3\hamcrest-library-1.3.jar;C:\Users\way2automation\.m2\repository\net\sourceforge\htmlunit\htmlunit\2.36.0\htmlunit-2.36.0.jar;C:\Users\way2automation\.m2\repository\net\sourceforge\htmlunit\htmlunit-core-js\2.36.0\htmlunit-core-js-2.36.0.jar;C:\Users\way2automation\.m2\repository\net\sourceforge\htmlunit\neko-htmlunit\2.36.0\neko-htmlunit-2.36.0.jar;C:\Users\way2automation\.m2\repository\xerces\xercesImpl\2.12.0\xercesImpl-2.12.0.jar;C:\Users\way2automation\.m2\repository\net\sourceforge\htmlunit\htmlunit-cssparser\1.5.0\htmlunit-cssparser-1.5.0.jar;C:\Users\way2automation\.m2\repository\org\brotli\dec\0.1.2\dec-0.1.2.jar;C:\Users\way2automation\.m2\repository\org\eclipse\jetty\websocket\websocket-client\9.4.20.v20190813\websocket-client-9.4.20.v20190813.jar;C:\Users\way2automation\.m2\repository\org\eclipse\jetty\jetty-client\9.4.20.v20190813\jetty-client-9.4.20.v20190813.jar;C:\Users\way2automation\.m2\repository\org\eclipse\jetty\jetty-http\9.4.20.v20190813\jetty-http-9.4.20.v20190813.jar;C:\Users\way2automation\.m2\repository\org\eclipse\jetty\jetty-xml\9.4.20.v20190813\jetty-xml-9.4.20.v20190813.jar;C:\Users\way2automation\.m2\repository\org\eclipse\jetty\jetty-util\9.4.20.v20190813\jetty-util-9.4.20.v20190813.jar;C:\Users\way2automation\.m2\repository\org\eclipse\jetty\jetty-io\9.4.20.v20190813\jetty-io-9.4.20.v20190813.jar;C:\Users\way2automation\.m2\repository\org\eclipse\jetty\websocket\websocket-common\9.4.20.v20190813\websocket-common-9.4.20.v20190813.jar;C:\Users\way2automation\.m2\repository\org\eclipse\jetty\websocket\websocket-api\9.4.20.v20190813\websocket-api-9.4.20.v20190813.jar;C:\Users\way2automation\.m2\repository\org\apache\httpcomponents\httpclient\4.5.5\httpclient-4.5.5.jar;C:\Users\way2automation\.m2\repository\org\apache\httpcomponents\httpcore\4.4.9\httpcore-4.4.9.jar;C:\Users\way2automation\.m2\repository\org\apache\httpcomponents\httpmime\4.5.5\httpmime-4.5.5.jar;C:\Users\way2automation\.m2\repository\org\fluentlenium\fluentlenium-core\0.10.2\fluentlenium-core-0.10.2.jar;C:\Users\way2automation\.m2\repository\com\jhlabs\filters\2.0.235\filters-2.0.235.jar;C:\Users\way2automation\.m2\repository\org\asciidoctor\asciidoctorj\1.5.6\asciidoctorj-1.5.6.jar;C:\Users\way2automation\.m2\repository\org\jruby\jruby-complete\1.7.26\jruby-complete-1.7.26.jar;C:\Users\way2automation\.m2\repository\org\imgscalr\imgscalr-lib\4.2\imgscalr-lib-4.2.jar;C:\Users\way2automation\.m2\repository\javax\el\javax.el-api\2.2.4\javax.el-api-2.2.4.jar;C:\Users\way2automation\.m2\repository\org\glassfish\web\javax.el\2.2.4\javax.el-2.2.4.jar;C:\Users\way2automation\.m2\repository\xalan\xalan\2.7.2\xalan-2.7.2.jar;C:\Users\way2automation\.m2\repository\xalan\serializer\2.7.2\serializer-2.7.2.jar;C:\Users\way2automation\.m2\repository\org\awaitility\awaitility\4.0.1\awaitility-4.0.1.jar;C:\Users\way2automation\.m2\repository\org\hamcrest\hamcrest\2.1\hamcrest-2.1.jar;C:\Users\way2automation\.m2\repository\com\typesafe\config\1.3.1\config-1.3.1.jar;C:\Users\way2automation\.m2\repository\org\jsoup\jsoup\1.10.3\jsoup-1.10.3.jar;C:\Users\way2automation\.m2\repository\com\google\jimfs\jimfs\1.1\jimfs-1.1.jar;C:\Users\way2automation\.m2\repository\com\vladsch\flexmark\flexmark-all\0.34.30\flexmark-all-0.34.30.jar;C:\Users\way2automation\.m2\repository\com\vladsch\flexmark\flexmark\0.34.30\flexmark-0.34.30.jar;C:\Users\way2automation\.m2\repository\com\vladsch\flexmark\flexmark-ext-abbreviation\0.34.30\flexmark-ext-abbreviation-0.34.30.jar;C:\Users\way2automation\.m2\repository\com\vladsch\flexmark\flexmark-ext-admonition\0.34.30\flexmark-ext-admonition-0.34.30.jar;C:\Users\way2automation\.m2\repository\com\vladsch\flexmark\flexmark-ext-anchorlink\0.34.30\flexmark-ext-anchorlink-0.34.30.jar;C:\Users\way2automation\.m2\repository\com\vladsch\flexmark\flexmark-ext-aside\0.34.30\flexmark-ext-aside-0.34.30.jar;C:\Users\way2automation\.m2\repository\com\vladsch\flexmark\flexmark-ext-attributes\0.34.30\flexmark-ext-attributes-0.34.30.jar;C:\Users\way2automation\.m2\repository\com\vladsch\flexmark\flexmark-ext-autolink\0.34.30\flexmark-ext-autolink-0.34.30.jar;C:\Users\way2automation\.m2\repository\org\nibor\autolink\autolink\0.6.0\autolink-0.6.0.jar;C:\Users\way2automation\.m2\repository\com\vladsch\flexmark\flexmark-ext-definition\0.34.30\flexmark-ext-definition-0.34.30.jar;C:\Users\way2automation\.m2\repository\com\vladsch\flexmark\flexmark-ext-emoji\0.34.30\flexmark-ext-emoji-0.34.30.jar;C:\Users\way2automation\.m2\repository\com\vladsch\flexmark\flexmark-ext-enumerated-reference\0.34.30\flexmark-ext-enumerated-reference-0.34.30.jar;C:\Users\way2automation\.m2\repository\com\vladsch\flexmark\flexmark-ext-escaped-character\0.34.30\flexmark-ext-escaped-character-0.34.30.jar;C:\Users\way2automation\.m2\repository\com\vladsch\flexmark\flexmark-ext-footnotes\0.34.30\flexmark-ext-footnotes-0.34.30.jar;C:\Users\way2automation\.m2\repository\com\vladsch\flexmark\flexmark-ext-gfm-issues\0.34.30\flexmark-ext-gfm-issues-0.34.30.jar;C:\Users\way2automation\.m2\repository\com\vladsch\flexmark\flexmark-ext-gfm-strikethrough\0.34.30\flexmark-ext-gfm-strikethrough-0.34.30.jar;C:\Users\way2automation\.m2\repository\com\vladsch\flexmark\flexmark-ext-gfm-tables\0.34.30\flexmark-ext-gfm-tables-0.34.30.jar;C:\Users\way2automation\.m2\repository\com\vladsch\flexmark\flexmark-ext-gfm-tasklist\0.34.30\flexmark-ext-gfm-tasklist-0.34.30.jar;C:\Users\way2automation\.m2\repository\com\vladsch\flexmark\flexmark-ext-gfm-users\0.34.30\flexmark-ext-gfm-users-0.34.30.jar;C:\Users\way2automation\.m2\repository\com\vladsch\flexmark\flexmark-ext-gitlab\0.34.30\flexmark-ext-gitlab-0.34.30.jar;C:\Users\way2automation\.m2\repository\com\vladsch\flexmark\flexmark-ext-jekyll-front-matter\0.34.30\flexmark-ext-jekyll-front-matter-0.34.30.jar;C:\Users\way2automation\.m2\repository\com\vladsch\flexmark\flexmark-ext-jekyll-tag\0.34.30\flexmark-ext-jekyll-tag-0.34.30.jar;C:\Users\way2automation\.m2\repository\com\vladsch\flexmark\flexmark-ext-media-tags\0.34.30\flexmark-ext-media-tags-0.34.30.jar;C:\Users\way2automation\.m2\repository\com\vladsch\flexmark\flexmark-test-util\0.34.30\flexmark-test-util-0.34.30.jar;C:\Users\way2automation\.m2\repository\com\vladsch\flexmark\flexmark-ext-ins\0.34.30\flexmark-ext-ins-0.34.30.jar;C:\Users\way2automation\.m2\repository\com\vladsch\flexmark\flexmark-ext-xwiki-macros\0.34.30\flexmark-ext-xwiki-macros-0.34.30.jar;C:\Users\way2automation\.m2\repository\com\vladsch\flexmark\flexmark-ext-superscript\0.34.30\flexmark-ext-superscript-0.34.30.jar;C:\Users\way2automation\.m2\repository\com\vladsch\flexmark\flexmark-ext-tables\0.34.30\flexmark-ext-tables-0.34.30.jar;C:\Users\way2automation\.m2\repository\com\vladsch\flexmark\flexmark-ext-toc\0.34.30\flexmark-ext-toc-0.34.30.jar;C:\Users\way2automation\.m2\repository\com\vladsch\flexmark\flexmark-ext-typographic\0.34.30\flexmark-ext-typographic-0.34.30.jar;C:\Users\way2automation\.m2\repository\com\vladsch\flexmark\flexmark-ext-wikilink\0.34.30\flexmark-ext-wikilink-0.34.30.jar;C:\Users\way2automation\.m2\repository\com\vladsch\flexmark\flexmark-ext-yaml-front-matter\0.34.30\flexmark-ext-yaml-front-matter-0.34.30.jar;C:\Users\way2automation\.m2\repository\com\vladsch\flexmark\flexmark-ext-youtube-embedded\0.34.30\flexmark-ext-youtube-embedded-0.34.30.jar;C:\Users\way2automation\.m2\repository\com\vladsch\flexmark\flexmark-formatter\0.34.30\flexmark-formatter-0.34.30.jar;C:\Users\way2automation\.m2\repository\com\vladsch\flexmark\flexmark-html-parser\0.34.30\flexmark-html-parser-0.34.30.jar;C:\Users\way2automation\.m2\repository\com\vladsch\flexmark\flexmark-jira-converter\0.34.30\flexmark-jira-converter-0.34.30.jar;C:\Users\way2automation\.m2\repository\com\vladsch\flexmark\flexmark-pdf-converter\0.34.30\flexmark-pdf-converter-0.34.30.jar;C:\Users\way2automation\.m2\repository\com\openhtmltopdf\openhtmltopdf-core\0.0.1-RC13\openhtmltopdf-core-0.0.1-RC13.jar;C:\Users\way2automation\.m2\repository\com\openhtmltopdf\openhtmltopdf-pdfbox\0.0.1-RC13\openhtmltopdf-pdfbox-0.0.1-RC13.jar;C:\Users\way2automation\.m2\repository\org\apache\pdfbox\pdfbox\2.0.8\pdfbox-2.0.8.jar;C:\Users\way2automation\.m2\repository\org\apache\pdfbox\fontbox\2.0.8\fontbox-2.0.8.jar;C:\Users\way2automation\.m2\repository\org\apache\pdfbox\xmpbox\2.0.8\xmpbox-2.0.8.jar;C:\Users\way2automation\.m2\repository\de\rototor\pdfbox\graphics2d\0.12\graphics2d-0.12.jar;C:\Users\way2automation\.m2\repository\com\openhtmltopdf\openhtmltopdf-rtl-support\0.0.1-RC13\openhtmltopdf-rtl-support-0.0.1-RC13.jar;C:\Users\way2automation\.m2\repository\com\ibm\icu\icu4j\59.1\icu4j-59.1.jar;C:\Users\way2automation\.m2\repository\com\openhtmltopdf\openhtmltopdf-jsoup-dom-converter\0.0.1-RC13\openhtmltopdf-jsoup-dom-converter-0.0.1-RC13.jar;C:\Users\way2automation\.m2\repository\com\vladsch\flexmark\flexmark-profile-pegdown\0.34.30\flexmark-profile-pegdown-0.34.30.jar;C:\Users\way2automation\.m2\repository\com\vladsch\flexmark\flexmark-util\0.34.30\flexmark-util-0.34.30.jar;C:\Users\way2automation\.m2\repository\com\vladsch\flexmark\flexmark-youtrack-converter\0.34.30\flexmark-youtrack-converter-0.34.30.jar;C:\Users\way2automation\.m2\repository\net\serenity-bdd\serenity-junit\2.0.81\serenity-junit-2.0.81.jar;C:\Users\way2automation\.m2\repository\net\serenity-bdd\serenity-cucumber\1.9.45\serenity-cucumber-1.9.45.jar;C:\Users\way2automation\.m2\repository\net\serenity-bdd\serenity-screenplay\2.0.64\serenity-screenplay-2.0.64.jar;C:\Users\way2automation\.m2\repository\uk\com\robust-it\cloning\1.9.10\cloning-1.9.10.jar;C:\Users\way2automation\.m2\repository\net\serenity-bdd\serenity-screenplay-webdriver\2.0.64\serenity-screenplay-webdriver-2.0.64.jar;C:\Users\way2automation\.m2\repository\io\cucumber\cucumber-java\2.4.0\cucumber-java-2.4.0.jar;C:\Users\way2automation\.m2\repository\io\cucumber\cucumber-junit\2.4.0\cucumber-junit-2.4.0.jar;C:\Users\way2automation\.m2\repository\org\apache\commons\commons-csv\1.5\commons-csv-1.5.jar;C:\Users\way2automation\.m2\repository\org\apache\poi\poi\4.1.1\poi-4.1.1.jar;C:\Users\way2automation\.m2\repository\org\apache\commons\commons-collections4\4.4\commons-collections4-4.4.jar;C:\Users\way2automation\.m2\repository\org\apache\commons\commons-math3\3.6.1\commons-math3-3.6.1.jar;C:\Users\way2automation\.m2\repository\org\apache\poi\poi-ooxml\4.1.1\poi-ooxml-4.1.1.jar;C:\Users\way2automation\.m2\repository\org\apache\commons\commons-compress\1.19\commons-compress-1.19.jar;C:\Users\way2automation\.m2\repository\com\github\virtuald\curvesapi\1.06\curvesapi-1.06.jar;C:\Users\way2automation\.m2\repository\dom4j\dom4j\1.6.1\dom4j-1.6.1.jar;C:\Users\way2automation\.m2\repository\org\apache\xmlbeans\xmlbeans\3.1.0\xmlbeans-3.1.0.jar;C:\Users\way2automation\.m2\repository\org\apache\poi\poi-ooxml-schemas\4.1.1\poi-ooxml-schemas-4.1.1.jar;"/>
    <property name="java.vm.vendor" value="Oracle Corporation"/>
    <property name="sun.arch.data.model" value="64"/>
    <property name="user.variant" value=""/>
    <property name="java.vendor.url" value="http://java.oracle.com/"/>
    <property name="user.timezone" value="Asia/Calcutta"/>
    <property name="java.vm.specification.version" value="1.8"/>
    <property name="os.name" value="Windows 10"/>
    <property name="user.country" value="IN"/>
    <property name="sun.java.launcher" value="SUN_STANDARD"/>
    <property name="sun.boot.library.path" value="C:\Program Files\Java\jdk1.8.0_131\jre\bin"/>
    <property name="sun.java.command" value="C:\Users\WAY2AU~1\AppData\Local\Temp\surefire8631893314448700260\surefirebooter7247661106091131888.jar C:\Users\way2automation\AppData\Local\Temp\surefire8631893314448700260 2020-07-04T00-51-19_417-jvmRun1 surefire8468601263221851001tmp surefire_05939542161258587443tmp"/>
    <property name="surefire.test.class.path" value="D:\workspaces\SerenityBDDFramework\SerenityAppiumPageObjects\target\test-classes;D:\workspaces\SerenityBDDFramework\SerenityAppiumPageObjects\target\SerenityAppiumPageObjects-0.0.1-SNAPSHOT.jar;C:\Users\way2automation\.m2\repository\org\slf4j\slf4j-simple\1.7.30\slf4j-simple-1.7.30.jar;C:\Users\way2automation\.m2\repository\org\slf4j\slf4j-api\1.7.30\slf4j-api-1.7.30.jar;C:\Users\way2automation\.m2\repository\net\serenity-bdd\serenity-core\2.0.81\serenity-core-2.0.81.jar;C:\Users\way2automation\.m2\repository\net\bytebuddy\byte-buddy\1.10.1\byte-buddy-1.10.1.jar;C:\Users\way2automation\.m2\repository\net\bytebuddy\byte-buddy-agent\1.10.1\byte-buddy-agent-1.10.1.jar;C:\Users\way2automation\.m2\repository\com\google\guava\guava\25.0-jre\guava-25.0-jre.jar;C:\Users\way2automation\.m2\repository\com\google\code\findbugs\jsr305\1.3.9\jsr305-1.3.9.jar;C:\Users\way2automation\.m2\repository\org\checkerframework\checker-compat-qual\2.0.0\checker-compat-qual-2.0.0.jar;C:\Users\way2automation\.m2\repository\com\google\errorprone\error_prone_annotations\2.1.3\error_prone_annotations-2.1.3.jar;C:\Users\way2automation\.m2\repository\com\google\j2objc\j2objc-annotations\1.1\j2objc-annotations-1.1.jar;C:\Users\way2automation\.m2\repository\org\codehaus\mojo\animal-sniffer-annotations\1.14\animal-sniffer-annotations-1.14.jar;C:\Users\way2automation\.m2\repository\com\google\inject\guice\4.2.2\guice-4.2.2.jar;C:\Users\way2automation\.m2\repository\javax\inject\javax.inject\1\javax.inject-1.jar;C:\Users\way2automation\.m2\repository\aopalliance\aopalliance\1.0\aopalliance-1.0.jar;C:\Users\way2automation\.m2\repository\cglib\cglib\3.3.0\cglib-3.3.0.jar;C:\Users\way2automation\.m2\repository\org\ow2\asm\asm\7.2\asm-7.2.jar;C:\Users\way2automation\.m2\repository\commons-codec\commons-codec\1.10\commons-codec-1.10.jar;C:\Users\way2automation\.m2\repository\org\objenesis\objenesis\3.0.1\objenesis-3.0.1.jar;C:\Users\way2automation\.m2\repository\xml-apis\xml-apis\1.4.01\xml-apis-1.4.01.jar;C:\Users\way2automation\.m2\repository\io\cucumber\cucumber-core\2.4.0\cucumber-core-2.4.0.jar;C:\Users\way2automation\.m2\repository\info\cukes\cucumber-html\0.2.6\cucumber-html-0.2.6.jar;C:\Users\way2automation\.m2\repository\io\cucumber\cucumber-jvm-deps\1.0.6\cucumber-jvm-deps-1.0.6.jar;C:\Users\way2automation\.m2\repository\io\cucumber\gherkin\5.0.0\gherkin-5.0.0.jar;C:\Users\way2automation\.m2\repository\io\cucumber\tag-expressions\1.1.1\tag-expressions-1.1.1.jar;C:\Users\way2automation\.m2\repository\commons-logging\commons-logging\1.2\commons-logging-1.2.jar;C:\Users\way2automation\.m2\repository\junit\junit\4.12\junit-4.12.jar;C:\Users\way2automation\.m2\repository\io\vavr\vavr\0.9.0\vavr-0.9.0.jar;C:\Users\way2automation\.m2\repository\io\vavr\vavr-match\0.9.0\vavr-match-0.9.0.jar;C:\Users\way2automation\.m2\repository\javax\xml\bind\jaxb-api\2.2.12\jaxb-api-2.2.12.jar;C:\Users\way2automation\.m2\repository\com\sun\xml\bind\jaxb-core\2.3.0.1\jaxb-core-2.3.0.1.jar;C:\Users\way2automation\.m2\repository\com\sun\xml\bind\jaxb-impl\2.3.0.1\jaxb-impl-2.3.0.1.jar;C:\Users\way2automation\.m2\repository\javax\activation\activation\1.1.1\activation-1.1.1.jar;C:\Users\way2automation\.m2\repository\org\mockito\mockito-core\3.1.0\mockito-core-3.1.0.jar;C:\Users\way2automation\.m2\repository\net\serenity-bdd\serenity-report-resources\2.0.81\serenity-report-resources-2.0.81.jar;C:\Users\way2automation\.m2\repository\net\serenity-bdd\serenity-model\2.0.81\serenity-model-2.0.81.jar;C:\Users\way2automation\.m2\repository\commons-net\commons-net\3.6\commons-net-3.6.jar;C:\Users\way2automation\.m2\repository\org\apache\commons\commons-text\1.6\commons-text-1.6.jar;C:\Users\way2automation\.m2\repository\es\nitaur\markdown\txtmark\0.16\txtmark-0.16.jar;C:\Users\way2automation\.m2\repository\net\serenity-bdd\serenity-reports\2.0.81\serenity-reports-2.0.81.jar;C:\Users\way2automation\.m2\repository\net\serenity-bdd\serenity-stats\2.0.81\serenity-stats-2.0.81.jar;C:\Users\way2automation\.m2\repository\org\jetbrains\kotlin\kotlin-stdlib\1.3.31\kotlin-stdlib-1.3.31.jar;C:\Users\way2automation\.m2\repository\org\jetbrains\kotlin\kotlin-stdlib-common\1.3.31\kotlin-stdlib-common-1.3.31.jar;C:\Users\way2automation\.m2\repository\org\jetbrains\annotations\13.0\annotations-13.0.jar;C:\Users\way2automation\.m2\repository\com\google\code\gson\gson\2.8.4\gson-2.8.4.jar;C:\Users\way2automation\.m2\repository\commons-io\commons-io\2.6\commons-io-2.6.jar;C:\Users\way2automation\.m2\repository\org\seleniumhq\selenium\selenium-server\3.141.59\selenium-server-3.141.59.jar;C:\Users\way2automation\.m2\repository\org\seleniumhq\selenium\selenium-firefox-driver\3.141.59\selenium-firefox-driver-3.141.59.jar;C:\Users\way2automation\.m2\repository\org\seleniumhq\selenium\selenium-ie-driver\3.141.59\selenium-ie-driver-3.141.59.jar;C:\Users\way2automation\.m2\repository\com\beust\jcommander\1.72\jcommander-1.72.jar;C:\Users\way2automation\.m2\repository\org\apache\commons\commons-exec\1.3\commons-exec-1.3.jar;C:\Users\way2automation\.m2\repository\net\jcip\jcip-annotations\1.0\jcip-annotations-1.0.jar;C:\Users\way2automation\.m2\repository\org\seleniumhq\selenium\jetty-repacked\9.4.12.v20180830\jetty-repacked-9.4.12.v20180830.jar;C:\Users\way2automation\.m2\repository\com\squareup\okhttp3\okhttp\3.11.0\okhttp-3.11.0.jar;C:\Users\way2automation\.m2\repository\com\squareup\okio\okio\1.14.0\okio-1.14.0.jar;C:\Users\way2automation\.m2\repository\javax\servlet\javax.servlet-api\3.1.0\javax.servlet-api-3.1.0.jar;C:\Users\way2automation\.m2\repository\org\yaml\snakeyaml\1.19\snakeyaml-1.19.jar;C:\Users\way2automation\.m2\repository\org\seleniumhq\selenium\selenium-java\3.141.59\selenium-java-3.141.59.jar;C:\Users\way2automation\.m2\repository\org\seleniumhq\selenium\selenium-api\3.141.59\selenium-api-3.141.59.jar;C:\Users\way2automation\.m2\repository\org\seleniumhq\selenium\selenium-chrome-driver\3.141.59\selenium-chrome-driver-3.141.59.jar;C:\Users\way2automation\.m2\repository\org\seleniumhq\selenium\selenium-edge-driver\3.141.59\selenium-edge-driver-3.141.59.jar;C:\Users\way2automation\.m2\repository\org\seleniumhq\selenium\selenium-remote-driver\3.141.59\selenium-remote-driver-3.141.59.jar;C:\Users\way2automation\.m2\repository\org\seleniumhq\selenium\selenium-safari-driver\3.141.59\selenium-safari-driver-3.141.59.jar;C:\Users\way2automation\.m2\repository\org\seleniumhq\selenium\selenium-opera-driver\3.141.59\selenium-opera-driver-3.141.59.jar;C:\Users\way2automation\.m2\repository\org\seleniumhq\selenium\selenium-support\3.141.59\selenium-support-3.141.59.jar;C:\Users\way2automation\.m2\repository\com\paulhammant\ngwebdriver\1.1.4\ngwebdriver-1.1.4.jar;C:\Users\way2automation\.m2\repository\com\codeborne\phantomjsdriver\1.4.4\phantomjsdriver-1.4.4.jar;C:\Users\way2automation\.m2\repository\org\seleniumhq\selenium\htmlunit-driver\2.36.0\htmlunit-driver-2.36.0.jar;C:\Users\way2automation\.m2\repository\io\appium\java-client\7.2.0\java-client-7.2.0.jar;C:\Users\way2automation\.m2\repository\commons-validator\commons-validator\1.6\commons-validator-1.6.jar;C:\Users\way2automation\.m2\repository\commons-beanutils\commons-beanutils\1.9.2\commons-beanutils-1.9.2.jar;C:\Users\way2automation\.m2\repository\commons-digester\commons-digester\1.8.1\commons-digester-1.8.1.jar;C:\Users\way2automation\.m2\repository\org\aspectj\aspectjweaver\1.9.4\aspectjweaver-1.9.4.jar;C:\Users\way2automation\.m2\repository\org\springframework\spring-context-support\5.1.2.RELEASE\spring-context-support-5.1.2.RELEASE.jar;C:\Users\way2automation\.m2\repository\org\springframework\spring-beans\5.1.2.RELEASE\spring-beans-5.1.2.RELEASE.jar;C:\Users\way2automation\.m2\repository\org\springframework\spring-context\5.1.2.RELEASE\spring-context-5.1.2.RELEASE.jar;C:\Users\way2automation\.m2\repository\org\springframework\spring-aop\5.1.2.RELEASE\spring-aop-5.1.2.RELEASE.jar;C:\Users\way2automation\.m2\repository\org\springframework\spring-expression\5.1.2.RELEASE\spring-expression-5.1.2.RELEASE.jar;C:\Users\way2automation\.m2\repository\org\springframework\spring-core\5.1.2.RELEASE\spring-core-5.1.2.RELEASE.jar;C:\Users\way2automation\.m2\repository\org\springframework\spring-jcl\5.1.2.RELEASE\spring-jcl-5.1.2.RELEASE.jar;C:\Users\way2automation\.m2\repository\org\codehaus\groovy\groovy\2.5.5\groovy-2.5.5.jar;C:\Users\way2automation\.m2\repository\net\sf\opencsv\opencsv\2.0\opencsv-2.0.jar;C:\Users\way2automation\.m2\repository\commons-beanutils\commons-beanutils-core\1.8.3\commons-beanutils-core-1.8.3.jar;C:\Users\way2automation\.m2\repository\joda-time\joda-time\2.7\joda-time-2.7.jar;C:\Users\way2automation\.m2\repository\com\thoughtworks\xstream\xstream\1.4.9\xstream-1.4.9.jar;C:\Users\way2automation\.m2\repository\xmlpull\xmlpull\1.1.3.1\xmlpull-1.1.3.1.jar;C:\Users\way2automation\.m2\repository\xpp3\xpp3_min\1.1.4c\xpp3_min-1.1.4c.jar;C:\Users\way2automation\.m2\repository\org\apache\commons\commons-lang3\3.8.1\commons-lang3-3.8.1.jar;C:\Users\way2automation\.m2\repository\commons-collections\commons-collections\3.2.2\commons-collections-3.2.2.jar;C:\Users\way2automation\.m2\repository\org\freemarker\freemarker\2.3.28\freemarker-2.3.28.jar;C:\Users\way2automation\.m2\repository\net\sourceforge\jexcelapi\jxl\2.6.12\jxl-2.6.12.jar;C:\Users\way2automation\.m2\repository\org\hamcrest\hamcrest-core\1.3\hamcrest-core-1.3.jar;C:\Users\way2automation\.m2\repository\org\hamcrest\hamcrest-library\1.3\hamcrest-library-1.3.jar;C:\Users\way2automation\.m2\repository\net\sourceforge\htmlunit\htmlunit\2.36.0\htmlunit-2.36.0.jar;C:\Users\way2automation\.m2\repository\net\sourceforge\htmlunit\htmlunit-core-js\2.36.0\htmlunit-core-js-2.36.0.jar;C:\Users\way2automation\.m2\repository\net\sourceforge\htmlunit\neko-htmlunit\2.36.0\neko-htmlunit-2.36.0.jar;C:\Users\way2automation\.m2\repository\xerces\xercesImpl\2.12.0\xercesImpl-2.12.0.jar;C:\Users\way2automation\.m2\repository\net\sourceforge\htmlunit\htmlunit-cssparser\1.5.0\htmlunit-cssparser-1.5.0.jar;C:\Users\way2automation\.m2\repository\org\brotli\dec\0.1.2\dec-0.1.2.jar;C:\Users\way2automation\.m2\repository\org\eclipse\jetty\websocket\websocket-client\9.4.20.v20190813\websocket-client-9.4.20.v20190813.jar;C:\Users\way2automation\.m2\repository\org\eclipse\jetty\jetty-client\9.4.20.v20190813\jetty-client-9.4.20.v20190813.jar;C:\Users\way2automation\.m2\repository\org\eclipse\jetty\jetty-http\9.4.20.v20190813\jetty-http-9.4.20.v20190813.jar;C:\Users\way2automation\.m2\repository\org\eclipse\jetty\jetty-xml\9.4.20.v20190813\jetty-xml-9.4.20.v20190813.jar;C:\Users\way2automation\.m2\repository\org\eclipse\jetty\jetty-util\9.4.20.v20190813\jetty-util-9.4.20.v20190813.jar;C:\Users\way2automation\.m2\repository\org\eclipse\jetty\jetty-io\9.4.20.v20190813\jetty-io-9.4.20.v20190813.jar;C:\Users\way2automation\.m2\repository\org\eclipse\jetty\websocket\websocket-common\9.4.20.v20190813\websocket-common-9.4.20.v20190813.jar;C:\Users\way2automation\.m2\repository\org\eclipse\jetty\websocket\websocket-api\9.4.20.v20190813\websocket-api-9.4.20.v20190813.jar;C:\Users\way2automation\.m2\repository\org\apache\httpcomponents\httpclient\4.5.5\httpclient-4.5.5.jar;C:\Users\way2automation\.m2\repository\org\apache\httpcomponents\httpcore\4.4.9\httpcore-4.4.9.jar;C:\Users\way2automation\.m2\repository\org\apache\httpcomponents\httpmime\4.5.5\httpmime-4.5.5.jar;C:\Users\way2automation\.m2\repository\org\fluentlenium\fluentlenium-core\0.10.2\fluentlenium-core-0.10.2.jar;C:\Users\way2automation\.m2\repository\com\jhlabs\filters\2.0.235\filters-2.0.235.jar;C:\Users\way2automation\.m2\repository\org\asciidoctor\asciidoctorj\1.5.6\asciidoctorj-1.5.6.jar;C:\Users\way2automation\.m2\repository\org\jruby\jruby-complete\1.7.26\jruby-complete-1.7.26.jar;C:\Users\way2automation\.m2\repository\org\imgscalr\imgscalr-lib\4.2\imgscalr-lib-4.2.jar;C:\Users\way2automation\.m2\repository\javax\el\javax.el-api\2.2.4\javax.el-api-2.2.4.jar;C:\Users\way2automation\.m2\repository\org\glassfish\web\javax.el\2.2.4\javax.el-2.2.4.jar;C:\Users\way2automation\.m2\repository\xalan\xalan\2.7.2\xalan-2.7.2.jar;C:\Users\way2automation\.m2\repository\xalan\serializer\2.7.2\serializer-2.7.2.jar;C:\Users\way2automation\.m2\repository\org\awaitility\awaitility\4.0.1\awaitility-4.0.1.jar;C:\Users\way2automation\.m2\repository\org\hamcrest\hamcrest\2.1\hamcrest-2.1.jar;C:\Users\way2automation\.m2\repository\com\typesafe\config\1.3.1\config-1.3.1.jar;C:\Users\way2automation\.m2\repository\org\jsoup\jsoup\1.10.3\jsoup-1.10.3.jar;C:\Users\way2automation\.m2\repository\com\google\jimfs\jimfs\1.1\jimfs-1.1.jar;C:\Users\way2automation\.m2\repository\com\vladsch\flexmark\flexmark-all\0.34.30\flexmark-all-0.34.30.jar;C:\Users\way2automation\.m2\repository\com\vladsch\flexmark\flexmark\0.34.30\flexmark-0.34.30.jar;C:\Users\way2automation\.m2\repository\com\vladsch\flexmark\flexmark-ext-abbreviation\0.34.30\flexmark-ext-abbreviation-0.34.30.jar;C:\Users\way2automation\.m2\repository\com\vladsch\flexmark\flexmark-ext-admonition\0.34.30\flexmark-ext-admonition-0.34.30.jar;C:\Users\way2automation\.m2\repository\com\vladsch\flexmark\flexmark-ext-anchorlink\0.34.30\flexmark-ext-anchorlink-0.34.30.jar;C:\Users\way2automation\.m2\repository\com\vladsch\flexmark\flexmark-ext-aside\0.34.30\flexmark-ext-aside-0.34.30.jar;C:\Users\way2automation\.m2\repository\com\vladsch\flexmark\flexmark-ext-attributes\0.34.30\flexmark-ext-attributes-0.34.30.jar;C:\Users\way2automation\.m2\repository\com\vladsch\flexmark\flexmark-ext-autolink\0.34.30\flexmark-ext-autolink-0.34.30.jar;C:\Users\way2automation\.m2\repository\org\nibor\autolink\autolink\0.6.0\autolink-0.6.0.jar;C:\Users\way2automation\.m2\repository\com\vladsch\flexmark\flexmark-ext-definition\0.34.30\flexmark-ext-definition-0.34.30.jar;C:\Users\way2automation\.m2\repository\com\vladsch\flexmark\flexmark-ext-emoji\0.34.30\flexmark-ext-emoji-0.34.30.jar;C:\Users\way2automation\.m2\repository\com\vladsch\flexmark\flexmark-ext-enumerated-reference\0.34.30\flexmark-ext-enumerated-reference-0.34.30.jar;C:\Users\way2automation\.m2\repository\com\vladsch\flexmark\flexmark-ext-escaped-character\0.34.30\flexmark-ext-escaped-character-0.34.30.jar;C:\Users\way2automation\.m2\repository\com\vladsch\flexmark\flexmark-ext-footnotes\0.34.30\flexmark-ext-footnotes-0.34.30.jar;C:\Users\way2automation\.m2\repository\com\vladsch\flexmark\flexmark-ext-gfm-issues\0.34.30\flexmark-ext-gfm-issues-0.34.30.jar;C:\Users\way2automation\.m2\repository\com\vladsch\flexmark\flexmark-ext-gfm-strikethrough\0.34.30\flexmark-ext-gfm-strikethrough-0.34.30.jar;C:\Users\way2automation\.m2\repository\com\vladsch\flexmark\flexmark-ext-gfm-tables\0.34.30\flexmark-ext-gfm-tables-0.34.30.jar;C:\Users\way2automation\.m2\repository\com\vladsch\flexmark\flexmark-ext-gfm-tasklist\0.34.30\flexmark-ext-gfm-tasklist-0.34.30.jar;C:\Users\way2automation\.m2\repository\com\vladsch\flexmark\flexmark-ext-gfm-users\0.34.30\flexmark-ext-gfm-users-0.34.30.jar;C:\Users\way2automation\.m2\repository\com\vladsch\flexmark\flexmark-ext-gitlab\0.34.30\flexmark-ext-gitlab-0.34.30.jar;C:\Users\way2automation\.m2\repository\com\vladsch\flexmark\flexmark-ext-jekyll-front-matter\0.34.30\flexmark-ext-jekyll-front-matter-0.34.30.jar;C:\Users\way2automation\.m2\repository\com\vladsch\flexmark\flexmark-ext-jekyll-tag\0.34.30\flexmark-ext-jekyll-tag-0.34.30.jar;C:\Users\way2automation\.m2\repository\com\vladsch\flexmark\flexmark-ext-media-tags\0.34.30\flexmark-ext-media-tags-0.34.30.jar;C:\Users\way2automation\.m2\repository\com\vladsch\flexmark\flexmark-test-util\0.34.30\flexmark-test-util-0.34.30.jar;C:\Users\way2automation\.m2\repository\com\vladsch\flexmark\flexmark-ext-ins\0.34.30\flexmark-ext-ins-0.34.30.jar;C:\Users\way2automation\.m2\repository\com\vladsch\flexmark\flexmark-ext-xwiki-macros\0.34.30\flexmark-ext-xwiki-macros-0.34.30.jar;C:\Users\way2automation\.m2\repository\com\vladsch\flexmark\flexmark-ext-superscript\0.34.30\flexmark-ext-superscript-0.34.30.jar;C:\Users\way2automation\.m2\repository\com\vladsch\flexmark\flexmark-ext-tables\0.34.30\flexmark-ext-tables-0.34.30.jar;C:\Users\way2automation\.m2\repository\com\vladsch\flexmark\flexmark-ext-toc\0.34.30\flexmark-ext-toc-0.34.30.jar;C:\Users\way2automation\.m2\repository\com\vladsch\flexmark\flexmark-ext-typographic\0.34.30\flexmark-ext-typographic-0.34.30.jar;C:\Users\way2automation\.m2\repository\com\vladsch\flexmark\flexmark-ext-wikilink\0.34.30\flexmark-ext-wikilink-0.34.30.jar;C:\Users\way2automation\.m2\repository\com\vladsch\flexmark\flexmark-ext-yaml-front-matter\0.34.30\flexmark-ext-yaml-front-matter-0.34.30.jar;C:\Users\way2automation\.m2\repository\com\vladsch\flexmark\flexmark-ext-youtube-embedded\0.34.30\flexmark-ext-youtube-embedded-0.34.30.jar;C:\Users\way2automation\.m2\repository\com\vladsch\flexmark\flexmark-formatter\0.34.30\flexmark-formatter-0.34.30.jar;C:\Users\way2automation\.m2\repository\com\vladsch\flexmark\flexmark-html-parser\0.34.30\flexmark-html-parser-0.34.30.jar;C:\Users\way2automation\.m2\repository\com\vladsch\flexmark\flexmark-jira-converter\0.34.30\flexmark-jira-converter-0.34.30.jar;C:\Users\way2automation\.m2\repository\com\vladsch\flexmark\flexmark-pdf-converter\0.34.30\flexmark-pdf-converter-0.34.30.jar;C:\Users\way2automation\.m2\repository\com\openhtmltopdf\openhtmltopdf-core\0.0.1-RC13\openhtmltopdf-core-0.0.1-RC13.jar;C:\Users\way2automation\.m2\repository\com\openhtmltopdf\openhtmltopdf-pdfbox\0.0.1-RC13\openhtmltopdf-pdfbox-0.0.1-RC13.jar;C:\Users\way2automation\.m2\repository\org\apache\pdfbox\pdfbox\2.0.8\pdfbox-2.0.8.jar;C:\Users\way2automation\.m2\repository\org\apache\pdfbox\fontbox\2.0.8\fontbox-2.0.8.jar;C:\Users\way2automation\.m2\repository\org\apache\pdfbox\xmpbox\2.0.8\xmpbox-2.0.8.jar;C:\Users\way2automation\.m2\repository\de\rototor\pdfbox\graphics2d\0.12\graphics2d-0.12.jar;C:\Users\way2automation\.m2\repository\com\openhtmltopdf\openhtmltopdf-rtl-support\0.0.1-RC13\openhtmltopdf-rtl-support-0.0.1-RC13.jar;C:\Users\way2automation\.m2\repository\com\ibm\icu\icu4j\59.1\icu4j-59.1.jar;C:\Users\way2automation\.m2\repository\com\openhtmltopdf\openhtmltopdf-jsoup-dom-converter\0.0.1-RC13\openhtmltopdf-jsoup-dom-converter-0.0.1-RC13.jar;C:\Users\way2automation\.m2\repository\com\vladsch\flexmark\flexmark-profile-pegdown\0.34.30\flexmark-profile-pegdown-0.34.30.jar;C:\Users\way2automation\.m2\repository\com\vladsch\flexmark\flexmark-util\0.34.30\flexmark-util-0.34.30.jar;C:\Users\way2automation\.m2\repository\com\vladsch\flexmark\flexmark-youtrack-converter\0.34.30\flexmark-youtrack-converter-0.34.30.jar;C:\Users\way2automation\.m2\repository\net\serenity-bdd\serenity-junit\2.0.81\serenity-junit-2.0.81.jar;C:\Users\way2automation\.m2\repository\net\serenity-bdd\serenity-cucumber\1.9.45\serenity-cucumber-1.9.45.jar;C:\Users\way2automation\.m2\repository\net\serenity-bdd\serenity-screenplay\2.0.64\serenity-screenplay-2.0.64.jar;C:\Users\way2automation\.m2\repository\uk\com\robust-it\cloning\1.9.10\cloning-1.9.10.jar;C:\Users\way2automation\.m2\repository\net\serenity-bdd\serenity-screenplay-webdriver\2.0.64\serenity-screenplay-webdriver-2.0.64.jar;C:\Users\way2automation\.m2\repository\io\cucumber\cucumber-java\2.4.0\cucumber-java-2.4.0.jar;C:\Users\way2automation\.m2\repository\io\cucumber\cucumber-junit\2.4.0\cucumber-junit-2.4.0.jar;C:\Users\way2automation\.m2\repository\org\apache\commons\commons-csv\1.5\commons-csv-1.5.jar;C:\Users\way2automation\.m2\repository\org\apache\poi\poi\4.1.1\poi-4.1.1.jar;C:\Users\way2automation\.m2\repository\org\apache\commons\commons-collections4\4.4\commons-collections4-4.4.jar;C:\Users\way2automation\.m2\repository\org\apache\commons\commons-math3\3.6.1\commons-math3-3.6.1.jar;C:\Users\way2automation\.m2\repository\org\apache\poi\poi-ooxml\4.1.1\poi-ooxml-4.1.1.jar;C:\Users\way2automation\.m2\repository\org\apache\commons\commons-compress\1.19\commons-compress-1.19.jar;C:\Users\way2automation\.m2\repository\com\github\virtuald\curvesapi\1.06\curvesapi-1.06.jar;C:\Users\way2automation\.m2\repository\dom4j\dom4j\1.6.1\dom4j-1.6.1.jar;C:\Users\way2automation\.m2\repository\org\apache\xmlbeans\xmlbeans\3.1.0\xmlbeans-3.1.0.jar;C:\Users\way2automation\.m2\repository\org\apache\poi\poi-ooxml-schemas\4.1.1\poi-ooxml-schemas-4.1.1.jar;"/>
    <property name="sun.cpu.endian" value="little"/>
    <property name="user.home" value="C:\Users\way2automation"/>
    <property name="user.language" value="en"/>
    <property name="java.specification.vendor" value="Oracle Corporation"/>
    <property name="java.home" value="C:\Program Files\Java\jdk1.8.0_131\jre"/>
    <property name="basedir" value="D:\workspaces\SerenityBDDFramework\SerenityAppiumPageObjects"/>
    <property name="file.separator" value="\"/>
    <property name="line.separator" value="&#10;"/>
    <property name="java.vm.specification.vendor" value="Oracle Corporation"/>
    <property name="java.specification.name" value="Java Platform API Specification"/>
    <property name="java.awt.graphicsenv" value="sun.awt.Win32GraphicsEnvironment"/>
    <property name="surefire.real.class.path" value="C:\Users\WAY2AU~1\AppData\Local\Temp\surefire8631893314448700260\surefirebooter7247661106091131888.jar"/>
    <property name="sun.boot.class.path" value="C:\Program Files\Java\jdk1.8.0_131\jre\lib\resources.jar;C:\Program Files\Java\jdk1.8.0_131\jre\lib\rt.jar;C:\Program Files\Java\jdk1.8.0_131\jre\lib\sunrsasign.jar;C:\Program Files\Java\jdk1.8.0_131\jre\lib\jsse.jar;C:\Program Files\Java\jdk1.8.0_131\jre\lib\jce.jar;C:\Program Files\Java\jdk1.8.0_131\jre\lib\charsets.jar;C:\Program Files\Java\jdk1.8.0_131\jre\lib\jfr.jar;C:\Program Files\Java\jdk1.8.0_131\jre\classes"/>
    <property name="user.script" value=""/>
    <property name="sun.management.compiler" value="HotSpot 64-Bit Tiered Compilers"/>
    <property name="java.runtime.version" value="1.8.0_131-b11"/>
    <property name="user.name" value="way2automation"/>
    <property name="path.separator" value=";"/>
    <property name="os.version" value="10.0"/>
    <property name="java.endorsed.dirs" value="C:\Program Files\Java\jdk1.8.0_131\jre\lib\endorsed"/>
    <property name="java.runtime.name" value="Java(TM) SE Runtime Environment"/>
    <property name="file.encoding" value="Cp1252"/>
    <property name="java.vm.name" value="Java HotSpot(TM) 64-Bit Server VM"/>
    <property name="localRepository" value="C:\Users\way2automation\.m2\repository"/>
    <property name="java.vendor.url.bug" value="http://bugreport.sun.com/bugreport/"/>
    <property name="java.io.tmpdir" value="C:\Users\WAY2AU~1\AppData\Local\Temp\"/>
    <property name="java.version" value="1.8.0_131"/>
    <property name="user.dir" value="D:\workspaces\SerenityBDDFramework\SerenityAppiumPageObjects"/>
    <property name="os.arch" value="amd64"/>
    <property name="java.vm.specification.name" value="Java Virtual Machine Specification"/>
    <property name="java.awt.printerjob" value="sun.awt.windows.WPrinterJob"/>
    <property name="sun.os.patch.level" value=""/>
    <property name="java.library.path" value="C:\Program Files\Java\jdk1.8.0_131\jre\bin;C:\Windows\Sun\Java\bin;C:\Windows\system32;C:\Windows;C:/Program Files/Java/jdk1.8.0_131/bin/../jre/bin/server;C:/Program Files/Java/jdk1.8.0_131/bin/../jre/bin;C:/Program Files/Java/jdk1.8.0_131/bin/../jre/lib/amd64;C:\Windows\system32;C:\Windows;C:\Windows\System32\Wbem;C:\Windows\System32\WindowsPowerShell\v1.0\;C:\Windows\System32\OpenSSH\;C:\Program Files\NVIDIA Corporation\NVIDIA NvDLISR;C:\Program Files\Java\jdk1.8.0_131\bin;D:\softwares\apache-maven-3.6.3-bin\apache-maven-3.6.3\bin;C:\Program Files (x86)\NVIDIA Corporation\PhysX\Common;C:\Users\way2automation\AppData\Local\Android\Sdk\platform-tools;%ANROID_HOME%\tools;C:\Program Files\nodejs\;C:\Program Files\Java\jdk1.8.0_131\bin;D:\softwares\apache-maven-3.6.3-bin\apache-maven-3.6.3\bin;C:\Program Files\Git\cmd;C:\Users\way2automation\AppData\Local\Microsoft\WindowsApps;;C:\Users\way2automation\AppData\Local\Programs\Microsoft VS Code\bin;C:\Users\way2automation\AppData\Roaming\npm;C:\Program Files\Docker Toolbox;D:\softwares\eclipse-jee-2019-12-R-win32-x86_64\eclipse;;."/>
    <property name="java.vm.info" value="mixed mode"/>
    <property name="java.vendor" value="Oracle Corporation"/>
    <property name="java.vm.version" value="25.131-b11"/>
    <property name="java.ext.dirs" value="C:\Program Files\Java\jdk1.8.0_131\jre\lib\ext;C:\Windows\Sun\Java\lib\ext"/>
    <property name="sun.io.unicode.encoding" value="UnicodeLittle"/>
    <property name="java.class.version" value="52.0"/>
  </properties>
  <testcase name="searchItemTest[0]" classname="testcases.SearchItemTest" time="22.02"/>
  <testcase name="searchItemTest[1]" classname="testcases.SearchItemTest" time="22.043">
    <failure type="java.lang.AssertionError">java.lang.AssertionError
	at testcases.SearchItemTest.searchItemTest(SearchItemTest.java:45)
</failure>
    <system-out><![CDATA[&amp#27;[35m[HTTP]&amp#27;[39m &amp#27;[37m-->&amp#27;[39m &amp#27;[37mDELETE&amp#27;[39m &amp#27;[37m/wd/hub/session/5d8c89bc-3132-4891-b6e1-bcbcc50d4d17&amp#27;[39m
&amp#27;[35m[HTTP]&amp#27;[39m &amp#27;[90m{}&amp#27;[39m
[debug] &amp#27;[35m[W3C (5d8c89bc)]&amp#27;[39m Calling AppiumDriver.deleteSession() with args: ["5d8c89bc-3132-4891-b6e1-bcbcc50d4d17"]
[debug] &amp#27;[35m[BaseDriver]&amp#27;[39m Event 'quitSessionRequested' logged at 1593804140016 (00:52:20 GMT+0530 (India Standard Time))
&amp#27;[35m[Appium]&amp#27;[39m Removing session 5d8c89bc-3132-4891-b6e1-bcbcc50d4d17 from our master session list
[debug] &amp#27;[35m[UiAutomator2]&amp#27;[39m Deleting UiAutomator2 session
[debug] &amp#27;[35m[UiAutomator2]&amp#27;[39m Deleting UiAutomator2 server session
[debug] &amp#27;[35m[WD Proxy]&amp#27;[39m Matched '/' to command name 'deleteSession'
[debug] &amp#27;[35m[WD Proxy]&amp#27;[39m Proxying [DELETE /] to [DELETE http://127.0.0.1:8200/wd/hub/session/93aa09df-591a-4436-aa52-07b4154abc70] with no body
[debug] &amp#27;[35m[WD Proxy]&amp#27;[39m Got response with status 200: {"sessionId":"93aa09df-591a-4436-aa52-07b4154abc70","value":null}
[debug] &amp#27;[35m[ADB]&amp#27;[39m Running 'C:\Users\way2automation\AppData\Local\Android\Sdk\platform-tools\adb.exe -P 5037 -s 8e006adb shell am force-stop flipboard.app'
[debug] &amp#27;[35m[Logcat]&amp#27;[39m Stopping logcat capture
[debug] &amp#27;[35m[ADB]&amp#27;[39m Removing forwarded port socket connection: 8200 
[debug] &amp#27;[35m[ADB]&amp#27;[39m Running 'C:\Users\way2automation\AppData\Local\Android\Sdk\platform-tools\adb.exe -P 5037 -s 8e006adb forward --remove tcp\:8200'
&amp#27;[35m[UiAutomator2]&amp#27;[39m Restoring hidden api policy to the device default configuration
[debug] &amp#27;[35m[ADB]&amp#27;[39m Running 'C:\Users\way2automation\AppData\Local\Android\Sdk\platform-tools\adb.exe -P 5037 -s 8e006adb shell settings delete global hidden_api_policy_pre_p_apps'
[debug] &amp#27;[35m[ADB]&amp#27;[39m Running 'C:\Users\way2automation\AppData\Local\Android\Sdk\platform-tools\adb.exe -P 5037 -s 8e006adb shell settings delete global hidden_api_policy_p_apps'
[debug] &amp#27;[35m[Instrumentation]&amp#27;[39m .
[debug] &amp#27;[35m[ADB]&amp#27;[39m Running 'C:\Users\way2automation\AppData\Local\Android\Sdk\platform-tools\adb.exe -P 5037 -s 8e006adb shell settings delete global hidden_api_policy'
[debug] &amp#27;[35m[BaseDriver]&amp#27;[39m Event 'quitSessionFinished' logged at 1593804140674 (00:52:20 GMT+0530 (India Standard Time))
[debug] &amp#27;[35m[W3C (5d8c89bc)]&amp#27;[39m Received response: null
[debug] &amp#27;[35m[W3C (5d8c89bc)]&amp#27;[39m But deleting session, so not returning
[debug] &amp#27;[35m[W3C (5d8c89bc)]&amp#27;[39m Responding to client with driver.deleteSession() result: null
[debug] &amp#27;[35m[W3C (5d8c89bc)]&amp#27;[39m Destroying socket connection
&amp#27;[35m[HTTP]&amp#27;[39m &amp#27;[37m<-- DELETE /wd/hub/session/5d8c89bc-3132-4891-b6e1-bcbcc50d4d17 &amp#27;[39m&amp#27;[32m200&amp#27;[39m &amp#27;[90m660 ms - 14&amp#27;[39m
&amp#27;[35m[HTTP]&amp#27;[39m &amp#27;[90m&amp#27;[39m
&amp#27;[35m[HTTP]&amp#27;[39m &amp#27;[37m-->&amp#27;[39m &amp#27;[37mPOST&amp#27;[39m &amp#27;[37m/wd/hub/session&amp#27;[39m
&amp#27;[35m[HTTP]&amp#27;[39m &amp#27;[90m{"desiredCapabilities":{"app":"D:/workspaces/SerenityAppiumPrac/SerenityAppium/app/flipboard.apk","appActivity":"flipboard.activities.LaunchActivityAlias","appPackage":"flipboard.app","hub":"http://127.0.0.1:4723/wd/hub","platformVersion":"9.0","loggingPrefs":{},"platformName":"Android","deviceName":"andriod"},"capabilities":{"firstMatch":[{"appium:app":"D:/workspaces/SerenityAppiumPrac/SerenityAppium/app/flipboard.apk","appium:appActivity":"flipboard.activities.LaunchActivityAlias","appium:appPackage":"flipboard.app","appium:deviceName":"andriod","hub":"http://127.0.0.1:4723/wd/hub","loggingPrefs":{},"platformName":"android","appium:platformVersion":"9.0"}]}}&amp#27;[39m
[debug] &amp#27;[35m[W3C]&amp#27;[39m Calling AppiumDriver.createSession() with args: [{"app":"D:/workspaces/SerenityAppiumPrac/SerenityAppium/app/flipboard.apk","appActivity":"flipboard.activities.LaunchActivityAlias","appPackage":"flipboard.app","hub":"http://127.0.0.1:4723/wd/hub","platformVersion":"9.0","loggingPrefs":{},"platformName":"Android","deviceName":"andriod"},null,{"firstMatch":[{"appium:app":"D:/workspaces/SerenityAppiumPrac/SerenityAppium/app/flipboard.apk","appium:appActivity":"flipboard.activities.LaunchActivityAlias","appium:appPackage":"flipboard.app","appium:deviceName":"andriod","hub":"http://127.0.0.1:4723/wd/hub","loggingPrefs":{},"platformName":"android","appium:platformVersion":"9.0"}]}]
[debug] &amp#27;[35m[BaseDriver]&amp#27;[39m Event 'newSessionRequested' logged at 1593804140803 (00:52:20 GMT+0530 (India Standard Time))
&amp#27;[35m[BaseDriver]&amp#27;[39m The following capabilities are not standard capabilities and should have an extension prefix:
&amp#27;[35m[BaseDriver]&amp#27;[39m   hub
&amp#27;[35m[BaseDriver]&amp#27;[39m   loggingPrefs
&amp#27;[35m[Appium]&amp#27;[39m 
&amp#27;[35m[Appium]&amp#27;[39m ======================================================================
&amp#27;[35m[Appium]&amp#27;[39m   DEPRECATION WARNING:
&amp#27;[35m[Appium]&amp#27;[39m 
&amp#27;[35m[Appium]&amp#27;[39m   The 'automationName' capability was not provided in the desired 
&amp#27;[35m[Appium]&amp#27;[39m   capabilities for this Android session
&amp#27;[35m[Appium]&amp#27;[39m 
&amp#27;[35m[Appium]&amp#27;[39m   Setting 'automationName=UiAutomator2' by default and using the 
&amp#27;[35m[Appium]&amp#27;[39m   UiAutomator2 Driver
&amp#27;[35m[Appium]&amp#27;[39m 
&amp#27;[35m[Appium]&amp#27;[39m   The next major version of Appium (2.x) will **require** the 
&amp#27;[35m[Appium]&amp#27;[39m   'automationName' capability to be set for all sessions on all 
&amp#27;[35m[Appium]&amp#27;[39m   platforms
&amp#27;[35m[Appium]&amp#27;[39m 
&amp#27;[35m[Appium]&amp#27;[39m   In previous versions (Appium <= 1.13.x), the default was 
&amp#27;[35m[Appium]&amp#27;[39m   'automationName=UiAutomator1'
&amp#27;[35m[Appium]&amp#27;[39m 
&amp#27;[35m[Appium]&amp#27;[39m   If you wish to use that automation instead of UiAutomator2, please 
&amp#27;[35m[Appium]&amp#27;[39m   add 'automationName=UiAutomator1' to your desired capabilities
&amp#27;[35m[Appium]&amp#27;[39m 
&amp#27;[35m[Appium]&amp#27;[39m   For more information about drivers, please visit 
&amp#27;[35m[Appium]&amp#27;[39m   http://appium.io/docs/en/about-appium/intro/ and explore the 
&amp#27;[35m[Appium]&amp#27;[39m   'Drivers' menu
&amp#27;[35m[Appium]&amp#27;[39m 
&amp#27;[35m[Appium]&amp#27;[39m ======================================================================
&amp#27;[35m[Appium]&amp#27;[39m 
&amp#27;[35m[Appium]&amp#27;[39m Appium v1.17.0 creating new AndroidUiautomator2Driver (v1.44.2) session
[debug] &amp#27;[35m[BaseDriver]&amp#27;[39m W3C capabilities and MJSONWP desired capabilities were provided
[debug] &amp#27;[35m[BaseDriver]&amp#27;[39m Creating session with W3C capabilities: {
[debug] &amp#27;[35m[BaseDriver]&amp#27;[39m   "alwaysMatch": {
[debug] &amp#27;[35m[BaseDriver]&amp#27;[39m     "appium:hub": "http://127.0.0.1:4723/wd/hub",
[debug] &amp#27;[35m[BaseDriver]&amp#27;[39m     "appium:loggingPrefs": {},
[debug] &amp#27;[35m[BaseDriver]&amp#27;[39m     "platformName": "android",
[debug] &amp#27;[35m[BaseDriver]&amp#27;[39m     "appium:app": "D:/workspaces/SerenityAppiumPrac/SerenityAppium/app/flipboard.apk",
[debug] &amp#27;[35m[BaseDriver]&amp#27;[39m     "appium:appActivity": "flipboard.activities.LaunchActivityAlias",
[debug] &amp#27;[35m[BaseDriver]&amp#27;[39m     "appium:appPackage": "flipboard.app",
[debug] &amp#27;[35m[BaseDriver]&amp#27;[39m     "appium:deviceName": "andriod",
[debug] &amp#27;[35m[BaseDriver]&amp#27;[39m     "appium:platformVersion": "9.0"
[debug] &amp#27;[35m[BaseDriver]&amp#27;[39m   },
[debug] &amp#27;[35m[BaseDriver]&amp#27;[39m   "firstMatch": [
[debug] &amp#27;[35m[BaseDriver]&amp#27;[39m     {}
[debug] &amp#27;[35m[BaseDriver]&amp#27;[39m   ]
[debug] &amp#27;[35m[BaseDriver]&amp#27;[39m }
&amp#27;[35m[BaseDriver]&amp#27;[39m The following capabilities were provided, but are not recognized by Appium:
&amp#27;[35m[BaseDriver]&amp#27;[39m   hub
&amp#27;[35m[BaseDriver]&amp#27;[39m   loggingPrefs
&amp#27;[35m[BaseDriver]&amp#27;[39m Session created with session id: ac8bb9aa-223a-48aa-a8e1-9d0c357dabca
&amp#27;[35m[BaseDriver]&amp#27;[39m Using local app 'D:/workspaces/SerenityAppiumPrac/SerenityAppium/app/flipboard.apk'
[debug] &amp#27;[35m[UiAutomator2]&amp#27;[39m Checking whether app is actually present
&amp#27;[35m[ADB]&amp#27;[39m Using 'adb.exe' from 'C:\Users\way2automation\AppData\Local\Android\Sdk\platform-tools\adb.exe'
&amp#27;[35m[AndroidDriver]&amp#27;[39m Retrieving device list
[debug] &amp#27;[35m[ADB]&amp#27;[39m Trying to find a connected android device
[debug] &amp#27;[35m[ADB]&amp#27;[39m Getting connected devices...
[debug] &amp#27;[35m[Instrumentation]&amp#27;[39m Time: 27.067
[debug] &amp#27;[35m[Instrumentation]&amp#27;[39m 
[debug] &amp#27;[35m[Instrumentation]&amp#27;[39m OK (1 test)
[debug] &amp#27;[35m[ADB]&amp#27;[39m Connected devices: [{"udid":"8e006adb","state":"device"}]
&amp#27;[35m[AndroidDriver]&amp#27;[39m Looking for a device with Android '9.0.0'
[debug] &amp#27;[35m[ADB]&amp#27;[39m Setting device id to 8e006adb
&amp#27;[35m[ADB]&amp#27;[39m Getting device platform version
[debug] &amp#27;[35m[ADB]&amp#27;[39m Running 'C:\Users\way2automation\AppData\Local\Android\Sdk\platform-tools\adb.exe -P 5037 -s 8e006adb shell getprop ro.build.version.release'
[debug] &amp#27;[35m[ADB]&amp#27;[39m Current device property 'ro.build.version.release': 9
&amp#27;[35m[AndroidDriver]&amp#27;[39m Using device: 8e006adb
&amp#27;[35m[ADB]&amp#27;[39m Using 'adb.exe' from 'C:\Users\way2automation\AppData\Local\Android\Sdk\platform-tools\adb.exe'
[debug] &amp#27;[35m[ADB]&amp#27;[39m Setting device id to 8e006adb
[debug] &amp#27;[35m[ADB]&amp#27;[39m Running 'C:\Users\way2automation\AppData\Local\Android\Sdk\platform-tools\adb.exe -P 5037 -s 8e006adb shell getprop ro.build.version.sdk'
[debug] &amp#27;[35m[Instrumentation]&amp#27;[39m The process has exited with code 0
[debug] &amp#27;[35m[ADB]&amp#27;[39m Current device property 'ro.build.version.sdk': 28
&amp#27;[35m[ADB]&amp#27;[39m Getting device platform version
[debug] &amp#27;[35m[ADB]&amp#27;[39m Running 'C:\Users\way2automation\AppData\Local\Android\Sdk\platform-tools\adb.exe -P 5037 -s 8e006adb shell getprop ro.build.version.release'
[debug] &amp#27;[35m[ADB]&amp#27;[39m Current device property 'ro.build.version.release': 9
[debug] &amp#27;[35m[ADB]&amp#27;[39m Device API level: 28
&amp#27;[35m[UiAutomator2]&amp#27;[39m Relaxing hidden api policy
[debug] &amp#27;[35m[ADB]&amp#27;[39m Running 'C:\Users\way2automation\AppData\Local\Android\Sdk\platform-tools\adb.exe -P 5037 -s 8e006adb shell settings put global hidden_api_policy_pre_p_apps 1'
[debug] &amp#27;[35m[ADB]&amp#27;[39m Running 'C:\Users\way2automation\AppData\Local\Android\Sdk\platform-tools\adb.exe -P 5037 -s 8e006adb shell settings put global hidden_api_policy_p_apps 1'
[debug] &amp#27;[35m[ADB]&amp#27;[39m Running 'C:\Users\way2automation\AppData\Local\Android\Sdk\platform-tools\adb.exe -P 5037 -s 8e006adb shell settings put global hidden_api_policy 1'
[debug] &amp#27;[35m[ADB]&amp#27;[39m Running 'C:\Users\way2automation\AppData\Local\Android\Sdk\platform-tools\adb.exe -P 5037 -s 8e006adb wait-for-device'
[debug] &amp#27;[35m[ADB]&amp#27;[39m Running 'C:\Users\way2automation\AppData\Local\Android\Sdk\platform-tools\adb.exe -P 5037 -s 8e006adb shell echo ping'
[debug] &amp#27;[35m[AndroidDriver]&amp#27;[39m Pushing settings apk to device...
[debug] &amp#27;[35m[ADB]&amp#27;[39m Getting install status for io.appium.settings
[debug] &amp#27;[35m[ADB]&amp#27;[39m Running 'C:\Users\way2automation\AppData\Local\Android\Sdk\platform-tools\adb.exe -P 5037 -s 8e006adb shell dumpsys package io.appium.settings'
[debug] &amp#27;[35m[ADB]&amp#27;[39m 'io.appium.settings' is installed
[debug] &amp#27;[35m[ADB]&amp#27;[39m Getting package info for 'io.appium.settings'
[debug] &amp#27;[35m[ADB]&amp#27;[39m Running 'C:\Users\way2automation\AppData\Local\Android\Sdk\platform-tools\adb.exe -P 5037 -s 8e006adb shell dumpsys package io.appium.settings'
[debug] &amp#27;[35m[ADB]&amp#27;[39m The version name of the installed 'io.appium.settings' is greater or equal to the application version name ('3.1.0' >= '3.1.0')
[debug] &amp#27;[35m[ADB]&amp#27;[39m There is no need to install/upgrade 'C:\Users\way2automation\AppData\Local\Programs\Appium\resources\app\node_modules\appium\node_modules\io.appium.settings\apks\settings_apk-debug.apk'
[debug] &amp#27;[35m[ADB]&amp#27;[39m Getting IDs of all 'io.appium.settings' processes
[debug] &amp#27;[35m[ADB]&amp#27;[39m Running 'C:\Users\way2automation\AppData\Local\Android\Sdk\platform-tools\adb.exe -P 5037 -s 8e006adb shell 'pgrep --help; echo $?''
[debug] &amp#27;[35m[ADB]&amp#27;[39m Running 'C:\Users\way2automation\AppData\Local\Android\Sdk\platform-tools\adb.exe -P 5037 -s 8e006adb shell pgrep -f io\\.appium\\.settings'
[debug] &amp#27;[35m[AndroidDriver]&amp#27;[39m io.appium.settings is already running. There is no need to reset its permissions.
[debug] &amp#27;[35m[ADB]&amp#27;[39m Running 'C:\Users\way2automation\AppData\Local\Android\Sdk\platform-tools\adb.exe -P 5037 -s 8e006adb shell appops set io.appium.settings android\:mock_location allow'
[debug] &amp#27;[35m[Logcat]&amp#27;[39m Starting logcat capture
[debug] &amp#27;[35m[UiAutomator2]&amp#27;[39m Forwarding UiAutomator2 Server port 6790 to 8200
[debug] &amp#27;[35m[ADB]&amp#27;[39m Forwarding system: 8200 to device: 6790
[debug] &amp#27;[35m[ADB]&amp#27;[39m Running 'C:\Users\way2automation\AppData\Local\Android\Sdk\platform-tools\adb.exe -P 5037 -s 8e006adb forward tcp\:8200 tcp\:6790'
[debug] &amp#27;[35m[ADB]&amp#27;[39m Getting install status for io.appium.uiautomator2.server
[debug] &amp#27;[35m[ADB]&amp#27;[39m Running 'C:\Users\way2automation\AppData\Local\Android\Sdk\platform-tools\adb.exe -P 5037 -s 8e006adb shell dumpsys package io.appium.uiautomator2.server'
[debug] &amp#27;[35m[ADB]&amp#27;[39m 'io.appium.uiautomator2.server' is installed
[debug] &amp#27;[35m[ADB]&amp#27;[39m Getting package info for 'io.appium.uiautomator2.server'
[debug] &amp#27;[35m[ADB]&amp#27;[39m Running 'C:\Users\way2automation\AppData\Local\Android\Sdk\platform-tools\adb.exe -P 5037 -s 8e006adb shell dumpsys package io.appium.uiautomator2.server'
[debug] &amp#27;[35m[ADB]&amp#27;[39m The version name of the installed 'io.appium.uiautomator2.server' is greater or equal to the application version name ('4.5.5' >= '4.5.5')
[debug] &amp#27;[35m[UiAutomator2]&amp#27;[39m io.appium.uiautomator2.server installation state: sameVersionInstalled
[debug] &amp#27;[35m[ADB]&amp#27;[39m Checking app cert for C:\Users\way2automation\AppData\Local\Programs\Appium\resources\app\node_modules\appium\node_modules\appium-uiautomator2-server\apks\appium-uiautomator2-server-v4.5.5.apk
&amp#27;[35m[ADB]&amp#27;[39m Using 'apksigner.jar' from 'C:\Users\way2automation\AppData\Local\Android\Sdk\build-tools\29.0.3\lib\apksigner.jar'
[debug] &amp#27;[35m[ADB]&amp#27;[39m Starting apksigner: 'C:\\Program Files\\Java\\jdk1.8.0_131\\bin\\java.exe' -Xmx1024M -Xss1m -jar C:\\Users\\way2automation\\AppData\\Local\\Android\\Sdk\\build-tools\\29.0.3\\lib\\apksigner.jar verify --print-certs C:\\Users\\way2automation\\AppData\\Local\\Programs\\Appium\\resources\\app\\node_modules\\appium\\node_modules\\appium-uiautomator2-server\\apks\\appium-uiautomator2-server-v4.5.5.apk
[debug] &amp#27;[35m[ADB]&amp#27;[39m apksigner stdout: Signer #1 certificate DN: EMAILADDRESS=android@android.com, CN=Android, OU=Android, O=Android, L=Mountain View, ST=California, C=US
[debug] &amp#27;[35m[ADB]&amp#27;[39m Signer #1 certificate SHA-256 digest: a40da80a59d170caa950cf15c18c454d47a39b26989d8b640ecd745ba71bf5dc
[debug] &amp#27;[35m[ADB]&amp#27;[39m Signer #1 certificate SHA-1 digest: 61ed377e85d386a8dfee6b864bd85b0bfaa5af81
[debug] &amp#27;[35m[ADB]&amp#27;[39m Signer #1 certificate MD5 digest: e89b158e4bcf988ebd09eb83f5378e87
[debug] &amp#27;[35m[ADB]&amp#27;[39m 
[debug] &amp#27;[35m[ADB]&amp#27;[39m 'C:\Users\way2automation\AppData\Local\Programs\Appium\resources\app\node_modules\appium\node_modules\appium-uiautomator2-server\apks\appium-uiautomator2-server-v4.5.5.apk' is signed with the default certificate
[debug] &amp#27;[35m[ADB]&amp#27;[39m Getting install status for io.appium.uiautomator2.server.test
[debug] &amp#27;[35m[ADB]&amp#27;[39m Running 'C:\Users\way2automation\AppData\Local\Android\Sdk\platform-tools\adb.exe -P 5037 -s 8e006adb shell dumpsys package io.appium.uiautomator2.server.test'
[debug] &amp#27;[35m[ADB]&amp#27;[39m 'io.appium.uiautomator2.server.test' is installed
[debug] &amp#27;[35m[ADB]&amp#27;[39m Checking app cert for C:\Users\way2automation\AppData\Local\Programs\Appium\resources\app\node_modules\appium\node_modules\appium-uiautomator2-server\apks\appium-uiautomator2-server-debug-androidTest.apk
[debug] &amp#27;[35m[ADB]&amp#27;[39m Starting apksigner: 'C:\\Program Files\\Java\\jdk1.8.0_131\\bin\\java.exe' -Xmx1024M -Xss1m -jar C:\\Users\\way2automation\\AppData\\Local\\Android\\Sdk\\build-tools\\29.0.3\\lib\\apksigner.jar verify --print-certs C:\\Users\\way2automation\\AppData\\Local\\Programs\\Appium\\resources\\app\\node_modules\\appium\\node_modules\\appium-uiautomator2-server\\apks\\appium-uiautomator2-server-debug-androidTest.apk
[debug] &amp#27;[35m[ADB]&amp#27;[39m apksigner stdout: Signer #1 certificate DN: EMAILADDRESS=android@android.com, CN=Android, OU=Android, O=Android, L=Mountain View, ST=California, C=US
[debug] &amp#27;[35m[ADB]&amp#27;[39m Signer #1 certificate SHA-256 digest: a40da80a59d170caa950cf15c18c454d47a39b26989d8b640ecd745ba71bf5dc
[debug] &amp#27;[35m[ADB]&amp#27;[39m Signer #1 certificate SHA-1 digest: 61ed377e85d386a8dfee6b864bd85b0bfaa5af81
[debug] &amp#27;[35m[ADB]&amp#27;[39m Signer #1 certificate MD5 digest: e89b158e4bcf988ebd09eb83f5378e87
[debug] &amp#27;[35m[ADB]&amp#27;[39m 
[debug] &amp#27;[35m[ADB]&amp#27;[39m 'C:\Users\way2automation\AppData\Local\Programs\Appium\resources\app\node_modules\appium\node_modules\appium-uiautomator2-server\apks\appium-uiautomator2-server-debug-androidTest.apk' is signed with the default certificate
&amp#27;[35m[UiAutomator2]&amp#27;[39m Server packages are not going to be (re)installed
[debug] &amp#27;[35m[UiAutomator2]&amp#27;[39m Waiting up to 30000ms for services to be available
[debug] &amp#27;[35m[ADB]&amp#27;[39m Running 'C:\Users\way2automation\AppData\Local\Android\Sdk\platform-tools\adb.exe -P 5037 -s 8e006adb shell pm list instrumentation'
[debug] &amp#27;[35m[UiAutomator2]&amp#27;[39m Instrumentation target 'io.appium.uiautomator2.server.test/androidx.test.runner.AndroidJUnitRunner' is available
[debug] &amp#27;[35m[ADB]&amp#27;[39m Checking app cert for D:/workspaces/SerenityAppiumPrac/SerenityAppium/app/flipboard.apk
[debug] &amp#27;[35m[ADB]&amp#27;[39m Starting apksigner: 'C:\\Program Files\\Java\\jdk1.8.0_131\\bin\\java.exe' -Xmx1024M -Xss1m -jar C:\\Users\\way2automation\\AppData\\Local\\Android\\Sdk\\build-tools\\29.0.3\\lib\\apksigner.jar verify --print-certs D\:/workspaces/SerenityAppiumPrac/SerenityAppium/app/flipboard.apk
[debug] &amp#27;[35m[ADB]&amp#27;[39m apksigner stdout: Signer #1 certificate DN: EMAILADDRESS=android@android.com, CN=Android, OU=Android, O=Android, L=Mountain View, ST=California, C=US
[debug] &amp#27;[35m[ADB]&amp#27;[39m Signer #1 certificate SHA-256 digest: a40da80a59d170caa950cf15c18c454d47a39b26989d8b640ecd745ba71bf5dc
[debug] &amp#27;[35m[ADB]&amp#27;[39m Signer #1 certificate SHA-1 digest: 61ed377e85d386a8dfee6b864bd85b0bfaa5af81
[debug] &amp#27;[35m[ADB]&amp#27;[39m Signer #1 certificate MD5 digest: e89b158e4bcf988ebd09eb83f5378e87
[debug] &amp#27;[35m[ADB]&amp#27;[39m 
[debug] &amp#27;[35m[ADB]&amp#27;[39m 'D:/workspaces/SerenityAppiumPrac/SerenityAppium/app/flipboard.apk' is signed with the default certificate
[debug] &amp#27;[35m[ADB]&amp#27;[39m Getting install status for flipboard.app
[debug] &amp#27;[35m[ADB]&amp#27;[39m Running 'C:\Users\way2automation\AppData\Local\Android\Sdk\platform-tools\adb.exe -P 5037 -s 8e006adb shell dumpsys package flipboard.app'
[debug] &amp#27;[35m[ADB]&amp#27;[39m 'flipboard.app' is installed
[debug] &amp#27;[35m[ADB]&amp#27;[39m Getting package info for 'flipboard.app'
[debug] &amp#27;[35m[ADB]&amp#27;[39m Running 'C:\Users\way2automation\AppData\Local\Android\Sdk\platform-tools\adb.exe -P 5037 -s 8e006adb shell dumpsys package flipboard.app'
[debug] &amp#27;[35m[ADB]&amp#27;[39m The version code of the installed 'flipboard.app' is greater than the application version code (4909 > 4893)
[debug] &amp#27;[35m[ADB]&amp#27;[39m There is no need to downgrade 'flipboard.app'
&amp#27;[35m[AndroidDriver]&amp#27;[39m Performing fast reset on 'flipboard.app'
[debug] &amp#27;[35m[ADB]&amp#27;[39m Getting install status for flipboard.app
[debug] &amp#27;[35m[ADB]&amp#27;[39m Running 'C:\Users\way2automation\AppData\Local\Android\Sdk\platform-tools\adb.exe -P 5037 -s 8e006adb shell dumpsys package flipboard.app'
[debug] &amp#27;[35m[ADB]&amp#27;[39m 'flipboard.app' is installed
[debug] &amp#27;[35m[ADB]&amp#27;[39m Running 'C:\Users\way2automation\AppData\Local\Android\Sdk\platform-tools\adb.exe -P 5037 -s 8e006adb shell am force-stop flipboard.app'
[debug] &amp#27;[35m[ADB]&amp#27;[39m Running 'C:\Users\way2automation\AppData\Local\Android\Sdk\platform-tools\adb.exe -P 5037 -s 8e006adb shell pm clear flipboard.app'
[debug] &amp#27;[35m[AndroidDriver]&amp#27;[39m Performed fast reset on the installed 'flipboard.app' application (stop and clear)
[debug] &amp#27;[35m[UiAutomator2]&amp#27;[39m Performing shallow cleanup of automation leftovers
[debug] &amp#27;[35m[UiAutomator2]&amp#27;[39m No obsolete sessions have been detected (Error: socket hang up)
[debug] &amp#27;[35m[ADB]&amp#27;[39m Running 'C:\Users\way2automation\AppData\Local\Android\Sdk\platform-tools\adb.exe -P 5037 -s 8e006adb shell am force-stop io.appium.uiautomator2.server.test'
&amp#27;[35m[UiAutomator2]&amp#27;[39m Starting UIAutomator2 server 4.5.5
&amp#27;[35m[UiAutomator2]&amp#27;[39m Using UIAutomator2 server from 'C:\Users\way2automation\AppData\Local\Programs\Appium\resources\app\node_modules\appium\node_modules\appium-uiautomator2-server\apks\appium-uiautomator2-server-v4.5.5.apk' and test from 'C:\Users\way2automation\AppData\Local\Programs\Appium\resources\app\node_modules\appium\node_modules\appium-uiautomator2-server\apks\appium-uiautomator2-server-debug-androidTest.apk'
&amp#27;[35m[UiAutomator2]&amp#27;[39m Waiting up to 30000ms for UiAutomator2 to be online...
[debug] &amp#27;[35m[ADB]&amp#27;[39m Creating ADB subprocess with args: ["-P",5037,"-s","8e006adb","shell","am","instrument","-w","io.appium.uiautomator2.server.test/androidx.test.runner.AndroidJUnitRunner"]
[debug] &amp#27;[35m[WD Proxy]&amp#27;[39m Matched '/status' to command name 'getStatus'
[debug] &amp#27;[35m[WD Proxy]&amp#27;[39m Proxying [GET /status] to [GET http://127.0.0.1:8200/wd/hub/status] with no body
&amp#27;[35m[WD Proxy]&amp#27;[39m Got response with unknown status: {"code":"ECONNRESET"}
[debug] &amp#27;[35m[Instrumentation]&amp#27;[39m io.appium.uiautomator2.server.test.AppiumUiAutomator2Server:
[debug] &amp#27;[35m[WD Proxy]&amp#27;[39m Matched '/status' to command name 'getStatus'
[debug] &amp#27;[35m[WD Proxy]&amp#27;[39m Proxying [GET /status] to [GET http://127.0.0.1:8200/wd/hub/status] with no body
&amp#27;[35m[WD Proxy]&amp#27;[39m Got response with unknown status: {"code":"ECONNRESET"}
[debug] &amp#27;[35m[WD Proxy]&amp#27;[39m Matched '/status' to command name 'getStatus'
[debug] &amp#27;[35m[WD Proxy]&amp#27;[39m Proxying [GET /status] to [GET http://127.0.0.1:8200/wd/hub/status] with no body
&amp#27;[35m[WD Proxy]&amp#27;[39m Got response with unknown status: {"code":"ECONNRESET"}
[debug] &amp#27;[35m[WD Proxy]&amp#27;[39m Matched '/status' to command name 'getStatus'
[debug] &amp#27;[35m[WD Proxy]&amp#27;[39m Proxying [GET /status] to [GET http://127.0.0.1:8200/wd/hub/status] with no body
[debug] &amp#27;[35m[WD Proxy]&amp#27;[39m Got response with status 200: {"sessionId":"None","value":{"ready":true,"message":"UiAutomator2 Server is ready to accept commands"}}
[debug] &amp#27;[35m[UiAutomator2]&amp#27;[39m The initialization of the instrumentation process took 4164ms
[debug] &amp#27;[35m[WD Proxy]&amp#27;[39m Matched '/session' to command name 'createSession'
[debug] &amp#27;[35m[WD Proxy]&amp#27;[39m Proxying [POST /session] to [POST http://127.0.0.1:8200/wd/hub/session] with body: {"capabilities":{"firstMatch":[{"platform":"LINUX","webStorageEnabled":false,"takesScreenshot":true,"javascriptEnabled":true,"databaseEnabled":false,"networkConnectionEnabled":true,"locationContextEnabled":false,"warnings":{},"desired":{"platformName":"android","hub":"http://127.0.0.1:4723/wd/hub","loggingPrefs":{},"app":"D:/workspaces/SerenityAppiumPrac/SerenityAppium/app/flipboard.apk","appActivity":"flipboard.activities.LaunchActivityAlias","appPackage":"flipboard.app","deviceName":"andriod","platformVersion":"9.0"},"platformName":"android","hub":"http://127.0.0.1:4723/wd/hub","loggingPrefs":{},"app":"D:/workspaces/SerenityAppiumPrac/SerenityAppium/app/flipboard.apk","appActivity":"flipboard.activities.LaunchActivityAlias","appPackage":"flipboard.app","deviceName":"8e006adb","platformVersion":"9.0","deviceUDID":"8e006adb"}],"alwaysMatch":{}}}
[debug] &amp#27;[35m[WD Proxy]&amp#27;[39m Got response with status 200: {"sessionId":"dedb4e09-40b2-4c5d-bb4d-1dd47b432a0c","value":{"sessionId":"dedb4e09-40b2-4c5d-bb4d-1dd47b432a0c","capabilities":{"firstMatch":[{"platform":"LINUX","webStorageEnabled":false,"takesScreenshot":true,"javascriptEnabled":true,"databaseEnabled":false,"networkConnectionEnabled":true,"locationContextEnabled":false,"warnings":{},"desired":{"platformName":"android","hub":"http://127.0.0.1:4723/wd/hub","loggingPrefs":{},"app":"D:/workspaces/SerenityAppiumPrac/SerenityAppium/app/flipboard.apk","appActivity":"flipboard.activities.LaunchActivityAlias","appPackage":"flipboard.app","deviceName":"andriod","platformVersion":"9.0"},"platformName":"android","hub":"http://127.0.0.1:4723/wd/hub","loggingPrefs":{},"app":"D:/workspaces/SerenityAppiumPrac/SerenityAppium/app/flipboard.apk","appActivity":"flipboard.activities.LaunchActivityAlias","appPackage":"flipboard.app","deviceName":"8e006adb","platformVersion":"9.0","deviceUDID":"8e006adb"}],"alwaysMatch":{}}}}
&amp#27;[35m[WD Proxy]&amp#27;[39m Determined the downstream protocol as 'W3C'
[debug] &amp#27;[35m[WD Proxy]&amp#27;[39m Proxying [GET /appium/device/info] to [GET http://127.0.0.1:8200/wd/hub/session/dedb4e09-40b2-4c5d-bb4d-1dd47b432a0c/appium/device/info] with no body
[debug] &amp#27;[35m[WD Proxy]&amp#27;[39m Got response with status 200: {"sessionId":"dedb4e09-40b2-4c5d-bb4d-1dd47b432a0c","value":{"androidId":"85f9e2fc01692e45","manufacturer":"vivo","model":"vivo 1818","brand":"vivo","apiVersion":"28","platformVersion":"9","carrierName":"Vodafone-Be Safe","realDisplaySize":"1080x2340","displayDensity":480,"networks":[{"type":0,"typeName":"MOBILE","subtype":13,"subtypeName":"LTE","isConnected":true,"detailedState":"CONNECTED","state":"CONNECTED","extraInfo":"ims","isAvailable":true,"isFailover":false,"isRoaming":false,"capabilities":{"transportTypes":"TRANSPORT_CELLULAR","networkCapabilities":"NET_CAPABILITY_IMS,NET_CAPABILITY_NOT_METERED,NET_CAPABILITY_TRUSTED,NET_CAPABILITY_NOT_VPN,NET_CAPABILITY_VALIDATED,NET_CAPABILITY_NOT_ROAMING,NET_CAPABILITY_FOREGROUND,NET_CAPABILITY_NOT_CONGESTED,NET_CAPABILITY_NOT_SUSPENDED","linkUpstreamBandwidthKbps":51200,"linkDownBandwidthKbps":102400,"signalStrength":-2147483648,"networkSpecifier":"3","SSID":null}},{"type":1,"typeName":"WIFI","subtype":0,"subtypeName":"","isConnected":true,"detailedState":"CO...
[debug] &amp#27;[35m[ADB]&amp#27;[39m Running 'C:\Users\way2automation\AppData\Local\Android\Sdk\platform-tools\adb.exe -P 5037 -s 8e006adb shell dumpsys window'
&amp#27;[35m[AndroidDriver]&amp#27;[39m Screen already unlocked, doing nothing
&amp#27;[35m[UiAutomator2]&amp#27;[39m Starting 'flipboard.app/flipboard.activities.LaunchActivityAlias and waiting for 'flipboard.app/flipboard.activities.LaunchActivityAlias'
[debug] &amp#27;[35m[ADB]&amp#27;[39m Running 'C:\Users\way2automation\AppData\Local\Android\Sdk\platform-tools\adb.exe -P 5037 -s 8e006adb shell am start -W -n flipboard.app/flipboard.activities.LaunchActivityAlias -S -a android.intent.action.MAIN -c android.intent.category.LAUNCHER -f 0x10200000'
[debug] &amp#27;[35m[WD Proxy]&amp#27;[39m Proxying [GET /appium/device/pixel_ratio] to [GET http://127.0.0.1:8200/wd/hub/session/dedb4e09-40b2-4c5d-bb4d-1dd47b432a0c/appium/device/pixel_ratio] with body: {}
[debug] &amp#27;[35m[WD Proxy]&amp#27;[39m Got response with status 200: {"sessionId":"dedb4e09-40b2-4c5d-bb4d-1dd47b432a0c","value":3}
[debug] &amp#27;[35m[WD Proxy]&amp#27;[39m Matched '/appium/device/system_bars' to command name 'getSystemBars'
[debug] &amp#27;[35m[WD Proxy]&amp#27;[39m Proxying [GET /appium/device/system_bars] to [GET http://127.0.0.1:8200/wd/hub/session/dedb4e09-40b2-4c5d-bb4d-1dd47b432a0c/appium/device/system_bars] with body: {}
[debug] &amp#27;[35m[WD Proxy]&amp#27;[39m Got response with status 200: {"sessionId":"dedb4e09-40b2-4c5d-bb4d-1dd47b432a0c","value":{"statusBar":84}}
[debug] &amp#27;[35m[WD Proxy]&amp#27;[39m Matched '/window/current/size' to command name 'getWindowSize'
[debug] &amp#27;[35m[WD Proxy]&amp#27;[39m Proxying [GET /window/current/size] to [GET http://127.0.0.1:8200/wd/hub/session/dedb4e09-40b2-4c5d-bb4d-1dd47b432a0c/window/current/size] with body: {}
[debug] &amp#27;[35m[WD Proxy]&amp#27;[39m Got response with status 200: {"sessionId":"dedb4e09-40b2-4c5d-bb4d-1dd47b432a0c","value":{"height":2214,"width":1080}}
&amp#27;[35m[Appium]&amp#27;[39m New AndroidUiautomator2Driver session created successfully, session ac8bb9aa-223a-48aa-a8e1-9d0c357dabca added to master session list
[debug] &amp#27;[35m[BaseDriver]&amp#27;[39m Event 'newSessionStarted' logged at 1593804152823 (00:52:32 GMT+0530 (India Standard Time))
[debug] &amp#27;[35m[W3C (ac8bb9aa)]&amp#27;[39m Cached the protocol value 'W3C' for the new session ac8bb9aa-223a-48aa-a8e1-9d0c357dabca
[debug] &amp#27;[35m[W3C (ac8bb9aa)]&amp#27;[39m Responding to client with driver.createSession() result: {"capabilities":{"platform":"LINUX","webStorageEnabled":false,"takesScreenshot":true,"javascriptEnabled":true,"databaseEnabled":false,"networkConnectionEnabled":true,"locationContextEnabled":false,"warnings":{},"desired":{"platformName":"android","hub":"http://127.0.0.1:4723/wd/hub","loggingPrefs":{},"app":"D:/workspaces/SerenityAppiumPrac/SerenityAppium/app/flipboard.apk","appActivity":"flipboard.activities.LaunchActivityAlias","appPackage":"flipboard.app","deviceName":"andriod","platformVersion":"9.0"},"platformName":"android","hub":"http://127.0.0.1:4723/wd/hub","loggingPrefs":{},"app":"D:/workspaces/SerenityAppiumPrac/SerenityAppium/app/flipboard.apk","appActivity":"flipboard.activities.LaunchActivityAlias","appPackage":"flipboard.app","deviceName":"8e006adb","platformVersion":"9","deviceUDID":"8e006adb","deviceApiLevel":28,"deviceScreenSize":"1080x2340","deviceScreenDensity":480,"deviceModel":"vivo 1818","deviceManufacturer":"vivo","pixelRatio":3,"statBarHeight":84,"viewportRect":{"left":0,"top":84,"w...
&amp#27;[35m[HTTP]&amp#27;[39m &amp#27;[37m<-- POST /wd/hub/session &amp#27;[39m&amp#27;[32m200&amp#27;[39m &amp#27;[90m12023 ms - 1109&amp#27;[39m
&amp#27;[35m[HTTP]&amp#27;[39m &amp#27;[90m&amp#27;[39m
&amp#27;[35m[HTTP]&amp#27;[39m &amp#27;[37m-->&amp#27;[39m &amp#27;[37mGET&amp#27;[39m &amp#27;[37m/wd/hub/session/ac8bb9aa-223a-48aa-a8e1-9d0c357dabca&amp#27;[39m
&amp#27;[35m[HTTP]&amp#27;[39m &amp#27;[90m{}&amp#27;[39m
[debug] &amp#27;[35m[W3C (ac8bb9aa)]&amp#27;[39m Calling AppiumDriver.getSession() with args: ["ac8bb9aa-223a-48aa-a8e1-9d0c357dabca"]
[debug] &amp#27;[35m[UiAutomator2]&amp#27;[39m Getting session details from server to mix in
[debug] &amp#27;[35m[WD Proxy]&amp#27;[39m Matched '/' to command name 'getSession'
[debug] &amp#27;[35m[WD Proxy]&amp#27;[39m Proxying [GET /] to [GET http://127.0.0.1:8200/wd/hub/session/dedb4e09-40b2-4c5d-bb4d-1dd47b432a0c] with body: {}
[debug] &amp#27;[35m[WD Proxy]&amp#27;[39m Got response with status 200: {"sessionId":"dedb4e09-40b2-4c5d-bb4d-1dd47b432a0c","value":{}}
[debug] &amp#27;[35m[W3C (ac8bb9aa)]&amp#27;[39m Responding to client with driver.getSession() result: {"platform":"LINUX","webStorageEnabled":false,"takesScreenshot":true,"javascriptEnabled":true,"databaseEnabled":false,"networkConnectionEnabled":true,"locationContextEnabled":false,"warnings":{},"desired":{"platformName":"android","hub":"http://127.0.0.1:4723/wd/hub","loggingPrefs":{},"app":"D:/workspaces/SerenityAppiumPrac/SerenityAppium/app/flipboard.apk","appActivity":"flipboard.activities.LaunchActivityAlias","appPackage":"flipboard.app","deviceName":"andriod","platformVersion":"9.0"},"platformName":"android","hub":"http://127.0.0.1:4723/wd/hub","loggingPrefs":{},"app":"D:/workspaces/SerenityAppiumPrac/SerenityAppium/app/flipboard.apk","appActivity":"flipboard.activities.LaunchActivityAlias","appPackage":"flipboard.app","deviceName":"8e006adb","platformVersion":"9","deviceUDID":"8e006adb","deviceApiLevel":28,"deviceScreenSize":"1080x2340","deviceScreenDensity":480,"deviceModel":"vivo 1818","deviceManufacturer":"vivo","pixelRatio":3,"statBarHeight":84,"viewportRect":{"left":0,"top":84,"width":1080,"heig...
&amp#27;[35m[HTTP]&amp#27;[39m &amp#27;[37m<-- GET /wd/hub/session/ac8bb9aa-223a-48aa-a8e1-9d0c357dabca &amp#27;[39m&amp#27;[32m200&amp#27;[39m &amp#27;[90m25 ms - 1041&amp#27;[39m
&amp#27;[35m[HTTP]&amp#27;[39m &amp#27;[90m&amp#27;[39m
&amp#27;[35m[HTTP]&amp#27;[39m &amp#27;[37m-->&amp#27;[39m &amp#27;[37mGET&amp#27;[39m &amp#27;[37m/wd/hub/session/ac8bb9aa-223a-48aa-a8e1-9d0c357dabca&amp#27;[39m
&amp#27;[35m[HTTP]&amp#27;[39m &amp#27;[90m{}&amp#27;[39m
[debug] &amp#27;[35m[W3C (ac8bb9aa)]&amp#27;[39m Calling AppiumDriver.getSession() with args: ["ac8bb9aa-223a-48aa-a8e1-9d0c357dabca"]
[debug] &amp#27;[35m[UiAutomator2]&amp#27;[39m Getting session details from server to mix in
[debug] &amp#27;[35m[WD Proxy]&amp#27;[39m Matched '/' to command name 'getSession'
[debug] &amp#27;[35m[WD Proxy]&amp#27;[39m Proxying [GET /] to [GET http://127.0.0.1:8200/wd/hub/session/dedb4e09-40b2-4c5d-bb4d-1dd47b432a0c] with body: {}
[debug] &amp#27;[35m[WD Proxy]&amp#27;[39m Got response with status 200: {"sessionId":"dedb4e09-40b2-4c5d-bb4d-1dd47b432a0c","value":{}}
[debug] &amp#27;[35m[W3C (ac8bb9aa)]&amp#27;[39m Responding to client with driver.getSession() result: {"platform":"LINUX","webStorageEnabled":false,"takesScreenshot":true,"javascriptEnabled":true,"databaseEnabled":false,"networkConnectionEnabled":true,"locationContextEnabled":false,"warnings":{},"desired":{"platformName":"android","hub":"http://127.0.0.1:4723/wd/hub","loggingPrefs":{},"app":"D:/workspaces/SerenityAppiumPrac/SerenityAppium/app/flipboard.apk","appActivity":"flipboard.activities.LaunchActivityAlias","appPackage":"flipboard.app","deviceName":"andriod","platformVersion":"9.0"},"platformName":"android","hub":"http://127.0.0.1:4723/wd/hub","loggingPrefs":{},"app":"D:/workspaces/SerenityAppiumPrac/SerenityAppium/app/flipboard.apk","appActivity":"flipboard.activities.LaunchActivityAlias","appPackage":"flipboard.app","deviceName":"8e006adb","platformVersion":"9","deviceUDID":"8e006adb","deviceApiLevel":28,"deviceScreenSize":"1080x2340","deviceScreenDensity":480,"deviceModel":"vivo 1818","deviceManufacturer":"vivo","pixelRatio":3,"statBarHeight":84,"viewportRect":{"left":0,"top":84,"width":1080,"heig...
&amp#27;[35m[HTTP]&amp#27;[39m &amp#27;[37m<-- GET /wd/hub/session/ac8bb9aa-223a-48aa-a8e1-9d0c357dabca &amp#27;[39m&amp#27;[32m200&amp#27;[39m &amp#27;[90m31 ms - 1041&amp#27;[39m
&amp#27;[35m[HTTP]&amp#27;[39m &amp#27;[90m&amp#27;[39m
&amp#27;[35m[HTTP]&amp#27;[39m &amp#27;[37m-->&amp#27;[39m &amp#27;[37mGET&amp#27;[39m &amp#27;[37m/wd/hub/session/ac8bb9aa-223a-48aa-a8e1-9d0c357dabca/screenshot&amp#27;[39m
&amp#27;[35m[HTTP]&amp#27;[39m &amp#27;[90m{}&amp#27;[39m
[debug] &amp#27;[35m[W3C (ac8bb9aa)]&amp#27;[39m Calling AppiumDriver.getScreenshot() with args: ["ac8bb9aa-223a-48aa-a8e1-9d0c357dabca"]
[debug] &amp#27;[35m[WD Proxy]&amp#27;[39m Matched '/screenshot' to command name 'getScreenshot'
[debug] &amp#27;[35m[WD Proxy]&amp#27;[39m Proxying [GET /screenshot] to [GET http://127.0.0.1:8200/wd/hub/session/dedb4e09-40b2-4c5d-bb4d-1dd47b432a0c/screenshot] with no body
[debug] &amp#27;[35m[WD Proxy]&amp#27;[39m Got response with status 200: {"sessionId":"dedb4e09-40b2-4c5d-bb4d-1dd47b432a0c","value":"iVBORw0KGgoAAAANSUhEUgAABDgAAAkkCAYAAAD508+vAAAABHNCSVQICAgIfAhkiAAAIABJREFU\neJzsvXm4ZMlV2PmLuEsuL99er\/atd0ndrdaKkMQmAZJYZNYxMBhjsA0YzHgYD9945pvxN2OYYTwb\nqw1YLAYDNmLGIIGFEDJikYTQ1i21elEvtXR1Vdf+9lzuEjF\/xM3KzPsy38v3KvNlZvX59Xer8+a7\nNzJu3BMnIk6cOKEsWARBEARBEARBEARBECYYPeoMCIIgCIIgCIIgCIIg3C5i4BAEQRAEQRAEQRAE\nYeIRA4cgCIIgCIIgCIIgCBOPGDgEQRAEQRAEQRAEQZh4xMAhCIIgCIIgCIIgCMLEIwYOQRAEQRAE\nQRAEQRAmHjFwCIIgCIIgCIIgCIIw8YiBQxAEQRAEQRAEQRCEiUcMHIIgCIIgCIIgCIIgTDxi4BAE\nQRAEQRAEQRAEYeIRA4cgCIIgCIIgCIIgCBOPGDgEQRAEQRAEQRAEQZh4xMAhCIIgCIIgCIIgCMLE\nIwYOQRAEQRAEQRAEQRAmHjFwCIIgCIIgCIIgCIIw8YiBQxAEQRAEQRAEQRCEiUcMHIIgCIIgCIIg\nCIIgTDxi4BAEQRAEQRAEQRAEYeIRA4cgCIIgCIIgCIIgCBOPGDgEQRAEQRAEQRAEQZh4xMAhCIIg\nCIIgCIIgCMLEIwYOQRAEQRAEQRAEQRAmHjFwCIIgCIIgCIIgCIIw8YiBQxAEQZhIDPDoqDMhCIIA\nPA+sjjoTgiAIghg4BEEQhMmjCvwq8EvA8ojzIgiC8AHgXwJnRp0RQRCElzn+qDMgTC6fA9bazr8M\nUCPKiyAI\/dEAPtl2vgS8YkR52SsbwL8BvpidPwe8cXTZEQThZU4Np4fqwM8CPwLcP9IcCYIgvHwR\nA4ewZz4OPNZ2\/lbEwCEI...
[debug] &amp#27;[35m[W3C (ac8bb9aa)]&amp#27;[39m Responding to client with driver.getScreenshot() result: "iVBORw0KGgoAAAANSUhEUgAABDgAAAkkCAYAAAD508+vAAAABHNCSVQICAgIfAhkiAAAIABJREFU\neJzsvXm4ZMlV2PmLuEsuL99er/atd0ndrdaKkMQmAZJYZNYxMBhjsA0YzHgYD9945pvxN2OYYTwb\nqw1YLAYDNmLGIIGFEDJikYTQ1i21elEvtXR1Vdf+9lzuEjF/xM3KzPsy38v3KvNlZvX59Xer8+a7\nNzJu3BMnIk6cOKEsWARBEARBEARBEARBECYYPeoMCIIgCIIgCIIgCIIg3C5i4BAEQRAEQRAEQRAE\nYeIRA4cgCIIgCIIgCIIgCBOPGDgEQRAEQRAEQRAEQZh4xMAhCIIgCIIgCIIgCMLEIwYOQRAEQRAE\nQRAEQRAmHjFwCIIgCIIgCIIgCIIw8YiBQxAEQRAEQRAEQRCEiUcMHIIgCIIgCIIgCIIgTDxi4BAE\nQRAEQRAEQRAEYeIRA4cgCIIgCIIgCIIgCBOPGDgEQRAEQRAEQRAEQZh4xMAhCIIgCIIgCIIgCMLE\nIwYOQRAEQRAEQRAEQRAmHjFwCIIgCIIgCIIgCIIw8YiBQxAEQRAEQRAEQRCEiUcMHIIgCIIgCIIg\nCIIgTDxi4BAEQRAEQRAEQRAEYeIRA4cgCIIgCIIgCIIgCBOPGDgEQRAEQRAEQRAEQZh4xMAhCIIg\nCIIgCIIgCMLEIwYOQRAEQRAEQRAEQRAmHjFwCIIgCIIgCIIgCIIw8YiBQxAEQZhIDPDoqDMhCIIA\nPA+sjjoTgiAIghg4BEEQhMmjCvwq8EvA8ojzIgiC8AHgXwJnRp0RQRCElzn+qDMgTC6fA9bazr8M\nUCPKiyAI/dEAPtl2vgS8YkR52SsbwL8BvpidPwe8cXTZEQThZU4Np4fqwM8CPwLcP9IcCYIgvHwR\nA4ewZz4OPNZ2/lbEwCEI404D+K2287czWQaOBvBrtIwbbwJePbrsCIIgUAJ+FGfcqAP/Gvgx4NQo\nMyUIdz...
&amp#27;[35m[HTTP]&amp#27;[39m &amp#27;[37m<-- GET /wd/hub/session/ac8bb9aa-223a-48aa-a8e1-9d0c357dabca/screenshot &amp#27;[39m&amp#27;[32m200&amp#27;[39m &amp#27;[90m957 ms - 1328730&amp#27;[39m
&amp#27;[35m[HTTP]&amp#27;[39m &amp#27;[90m&amp#27;[39m
&amp#27;[35m[HTTP]&amp#27;[39m &amp#27;[37m-->&amp#27;[39m &amp#27;[37mPOST&amp#27;[39m &amp#27;[37m/wd/hub/session/ac8bb9aa-223a-48aa-a8e1-9d0c357dabca/element&amp#27;[39m
&amp#27;[35m[HTTP]&amp#27;[39m &amp#27;[90m{"using":"id","value":"flipboard.app:id/first_launch_cover_continue"}&amp#27;[39m
[debug] &amp#27;[35m[W3C (ac8bb9aa)]&amp#27;[39m Calling AppiumDriver.findElement() with args: ["id","flipboard.app:id/first_launch_cover_continue","ac8bb9aa-223a-48aa-a8e1-9d0c357dabca"]
[debug] &amp#27;[35m[BaseDriver]&amp#27;[39m Valid locator strategies for this request: xpath, id, class name, accessibility id, -android uiautomator
[debug] &amp#27;[35m[BaseDriver]&amp#27;[39m Waiting up to 0 ms for condition
[debug] &amp#27;[35m[WD Proxy]&amp#27;[39m Matched '/element' to command name 'findElement'
[debug] &amp#27;[35m[WD Proxy]&amp#27;[39m Proxying [POST /element] to [POST http://127.0.0.1:8200/wd/hub/session/dedb4e09-40b2-4c5d-bb4d-1dd47b432a0c/element] with body: {"strategy":"id","selector":"flipboard.app:id/first_launch_cover_continue","context":"","multiple":false}
[debug] &amp#27;[35m[WD Proxy]&amp#27;[39m Got response with status 200: {"sessionId":"dedb4e09-40b2-4c5d-bb4d-1dd47b432a0c","value":{"ELEMENT":"be21a53b-952e-4721-9e78-dd5f67b91e94","element-6066-11e4-a52e-4f735466cecf":"be21a53b-952e-4721-9e78-dd5f67b91e94"}}
[debug] &amp#27;[35m[W3C (ac8bb9aa)]&amp#27;[39m Responding to client with driver.findElement() result: {"element-6066-11e4-a52e-4f735466cecf":"be21a53b-952e-4721-9e78-dd5f67b91e94","ELEMENT":"be21a53b-952e-4721-9e78-dd5f67b91e94"}
&amp#27;[35m[HTTP]&amp#27;[39m &amp#27;[37m<-- POST /wd/hub/session/ac8bb9aa-223a-48aa-a8e1-9d0c357dabca/element &amp#27;[39m&amp#27;[32m200&amp#27;[39m &amp#27;[90m80 ms - 137&amp#27;[39m
&amp#27;[35m[HTTP]&amp#27;[39m &amp#27;[90m&amp#27;[39m
&amp#27;[35m[HTTP]&amp#27;[39m &amp#27;[37m-->&amp#27;[39m &amp#27;[37mGET&amp#27;[39m &amp#27;[37m/wd/hub/session/ac8bb9aa-223a-48aa-a8e1-9d0c357dabca/element/be21a53b-952e-4721-9e78-dd5f67b91e94/displayed&amp#27;[39m
&amp#27;[35m[HTTP]&amp#27;[39m &amp#27;[90m{}&amp#27;[39m
[debug] &amp#27;[35m[W3C (ac8bb9aa)]&amp#27;[39m Calling AppiumDriver.elementDisplayed() with args: ["be21a53b-952e-4721-9e78-dd5f67b91e94","ac8bb9aa-223a-48aa-a8e1-9d0c357dabca"]
[debug] &amp#27;[35m[WD Proxy]&amp#27;[39m Matched '/element/be21a53b-952e-4721-9e78-dd5f67b91e94/attribute/displayed' to command name 'getAttribute'
[debug] &amp#27;[35m[WD Proxy]&amp#27;[39m Proxying [GET /element/be21a53b-952e-4721-9e78-dd5f67b91e94/attribute/displayed] to [GET http://127.0.0.1:8200/wd/hub/session/dedb4e09-40b2-4c5d-bb4d-1dd47b432a0c/element/be21a53b-952e-4721-9e78-dd5f67b91e94/attribute/displayed] with body: {}
[debug] &amp#27;[35m[WD Proxy]&amp#27;[39m Got response with status 200: {"sessionId":"dedb4e09-40b2-4c5d-bb4d-1dd47b432a0c","value":"true"}
[debug] &amp#27;[35m[W3C (ac8bb9aa)]&amp#27;[39m Responding to client with driver.elementDisplayed() result: true
&amp#27;[35m[HTTP]&amp#27;[39m &amp#27;[37m<-- GET /wd/hub/session/ac8bb9aa-223a-48aa-a8e1-9d0c357dabca/element/be21a53b-952e-4721-9e78-dd5f67b91e94/displayed &amp#27;[39m&amp#27;[32m200&amp#27;[39m &amp#27;[90m31 ms - 14&amp#27;[39m
&amp#27;[35m[HTTP]&amp#27;[39m &amp#27;[90m&amp#27;[39m
&amp#27;[35m[HTTP]&amp#27;[39m &amp#27;[37m-->&amp#27;[39m &amp#27;[37mPOST&amp#27;[39m &amp#27;[37m/wd/hub/session/ac8bb9aa-223a-48aa-a8e1-9d0c357dabca/element/be21a53b-952e-4721-9e78-dd5f67b91e94/click&amp#27;[39m
&amp#27;[35m[HTTP]&amp#27;[39m &amp#27;[90m{"id":"be21a53b-952e-4721-9e78-dd5f67b91e94"}&amp#27;[39m
[debug] &amp#27;[35m[W3C (ac8bb9aa)]&amp#27;[39m Calling AppiumDriver.click() with args: ["be21a53b-952e-4721-9e78-dd5f67b91e94","ac8bb9aa-223a-48aa-a8e1-9d0c357dabca"]
[debug] &amp#27;[35m[WD Proxy]&amp#27;[39m Matched '/element/be21a53b-952e-4721-9e78-dd5f67b91e94/click' to command name 'click'
[debug] &amp#27;[35m[WD Proxy]&amp#27;[39m Proxying [POST /element/be21a53b-952e-4721-9e78-dd5f67b91e94/click] to [POST http://127.0.0.1:8200/wd/hub/session/dedb4e09-40b2-4c5d-bb4d-1dd47b432a0c/element/be21a53b-952e-4721-9e78-dd5f67b91e94/click] with body: {"element":"be21a53b-952e-4721-9e78-dd5f67b91e94"}
[debug] &amp#27;[35m[WD Proxy]&amp#27;[39m Got response with status 200: {"sessionId":"dedb4e09-40b2-4c5d-bb4d-1dd47b432a0c","value":null}
[debug] &amp#27;[35m[W3C (ac8bb9aa)]&amp#27;[39m Responding to client with driver.click() result: null
&amp#27;[35m[HTTP]&amp#27;[39m &amp#27;[37m<-- POST /wd/hub/session/ac8bb9aa-223a-48aa-a8e1-9d0c357dabca/element/be21a53b-952e-4721-9e78-dd5f67b91e94/click &amp#27;[39m&amp#27;[32m200&amp#27;[39m &amp#27;[90m1072 ms - 14&amp#27;[39m
&amp#27;[35m[HTTP]&amp#27;[39m &amp#27;[90m&amp#27;[39m
&amp#27;[35m[HTTP]&amp#27;[39m &amp#27;[37m-->&amp#27;[39m &amp#27;[37mGET&amp#27;[39m &amp#27;[37m/wd/hub/session/ac8bb9aa-223a-48aa-a8e1-9d0c357dabca/screenshot&amp#27;[39m
&amp#27;[35m[HTTP]&amp#27;[39m &amp#27;[90m{}&amp#27;[39m
[debug] &amp#27;[35m[W3C (ac8bb9aa)]&amp#27;[39m Calling AppiumDriver.getScreenshot() with args: ["ac8bb9aa-223a-48aa-a8e1-9d0c357dabca"]
[debug] &amp#27;[35m[WD Proxy]&amp#27;[39m Matched '/screenshot' to command name 'getScreenshot'
[debug] &amp#27;[35m[WD Proxy]&amp#27;[39m Proxying [GET /screenshot] to [GET http://127.0.0.1:8200/wd/hub/session/dedb4e09-40b2-4c5d-bb4d-1dd47b432a0c/screenshot] with no body
[debug] &amp#27;[35m[WD Proxy]&amp#27;[39m Got response with status 200: {"sessionId":"dedb4e09-40b2-4c5d-bb4d-1dd47b432a0c","value":"iVBORw0KGgoAAAANSUhEUgAABDgAAAkkCAYAAAD508+vAAAABHNCSVQICAgIfAhkiAAAIABJREFU\neJzs3Xe4FNX9x\/HPbXQuItJBQIoiiCLdAoIKVghiN0SNJsZEMQVLiopKrIn9pyKJRlFjYmJHRFSa\nIooBFJEWBCIgTXq7bff3x7nL3Z27ZWZ3Zmfn8n49z31gZmfOnp09c3bmO6fkhaWwAAAAAAAAAizf\n7wwAAAAAAABkigAHAAAAAAAIPAIcAAAAAAAg8AhwAAAAAACAwCPAAQAAAAAAAo8ABwAAAAAACDwC\nHAAAAAAAIPAIcAAAAAAAgMAjwAEAAAAAAAKPAAcAAAAAAAg8AhwAAAAAACDwCHAAAAAAAIDAI8AB\nAAAAAAACjwAHAAAAAAAIPAIcAAAAAAAg8AhwAAAAAACAwCPAAQAAAAAAAo8ABwAAAAAACDwCHAAA\nAAAAIPAIcAAAAAAAgMAjwAEAAAAAAAKPAAcAAAAAAAg8AhwAAAAAACDwCHAAAAIpJGmB35kAAEkr\nJe3wOxMAAAIcAIDg2Svpr5KekrTN57wAwDuS7pP0jd8ZAYCDXKHfGUBwfSFpZ9TySZLyfMoLAHtK\nJH0WtdxU0lE+5SVduyU9LWlZ5fJ\/JfXxLzsADnL7ZOqh\/ZIekfQLSV18zREAHLwIcCBtcyQtjFo+\nUQQ4gFxXIumFqOUhClaAo0TSM6oKbvST1MO\/7ACA6kq6Xia4sV\/SE5J+Jamdn5kCarBySbtkWnMW\nSqonqWGA0s8V+2Q+4z5JRTJ1WUMF\/36uRgU4PpM0K8U2dSU1kvny2ks6QjWzwAJATROW9IqkxZXL\n3SSNlvlRBgA\/dZJ0uaSJMjcLT0m6WdIhPuXnEUllHqX9C5nraSDblkv6VOYB627La+0k9ZR54Fqc\no+mn8q2kf2Sw\/w1K...
[debug] &amp#27;[35m[W3C (ac8bb9aa)]&amp#27;[39m Responding to client with driver.getScreenshot() result: "iVBORw0KGgoAAAANSUhEUgAABDgAAAkkCAYAAAD508+vAAAABHNCSVQICAgIfAhkiAAAIABJREFU\neJzs3Xe4FNX9x/HPbXQuItJBQIoiiCLdAoIKVghiN0SNJsZEMQVLiopKrIn9pyKJRlFjYmJHRFSa\nIooBFJEWBCIgTXq7bff3x7nL3Z27ZWZ3Zmfn8n49z31gZmfOnp09c3bmO6fkhaWwAAAAAAAAAizf\n7wwAAAAAAABkigAHAAAAAAAIPAIcAAAAAAAg8AhwAAAAAACAwCPAAQAAAAAAAo8ABwAAAAAACDwC\nHAAAAAAAIPAIcAAAAAAAgMAjwAEAAAAAAAKPAAcAAAAAAAg8AhwAAAAAACDwCHAAAAAAAIDAI8AB\nAAAAAAACjwAHAAAAAAAIPAIcAAAAAAAg8AhwAAAAAACAwCPAAQAAAAAAAo8ABwAAAAAACDwCHAAA\nAAAAIPAIcAAAAAAAgMAjwAEAAAAAAAKPAAcAAAAAAAg8AhwAAAAAACDwCHAAAAIpJGmB35kAAEkr\nJe3wOxMAAAIcAIDg2Svpr5KekrTN57wAwDuS7pP0jd8ZAYCDXKHfGUBwfSFpZ9TySZLyfMoLAHtK\nJH0WtdxU0lE+5SVduyU9LWlZ5fJ/JfXxLzsADnL7ZOqh/ZIekfQLSV18zREAHLwIcCBtcyQtjFo+\nUQQ4gFxXIumFqOUhClaAo0TSM6oKbvST1MO/7ACA6kq6Xia4sV/SE5J+Jamdn5kCarBySbtkWnMW\nSqonqWGA0s8V+2Q+4z5JRTJ1WUMF/36uRgU4PpM0K8U2dSU1kvny2ks6QjWzwAJATROW9IqkxZXL\n3SSNlvlRBgA/dZJ0uaSJMjcLT0m6WdIhPuXnEUllHqX9C5nraSDblkv6VOYB627La+0k9ZR54Fqc\no+mn8q2kf2Sw/w1KfU20U9JcSV9KWhHn9RYyD44GSGqVQV78VKMCHHsU/4tKpY+kMyS1cTc7AAAX\nfSppdu...
&amp#27;[35m[HTTP]&amp#27;[39m &amp#27;[37m<-- GET /wd/hub/session/ac8bb9aa-223a-48aa-a8e1-9d0c357dabca/screenshot &amp#27;[39m&amp#27;[32m200&amp#27;[39m &amp#27;[90m442 ms - 204594&amp#27;[39m
&amp#27;[35m[HTTP]&amp#27;[39m &amp#27;[90m&amp#27;[39m
&amp#27;[35m[HTTP]&amp#27;[39m &amp#27;[37m-->&amp#27;[39m &amp#27;[37mPOST&amp#27;[39m &amp#27;[37m/wd/hub/session/ac8bb9aa-223a-48aa-a8e1-9d0c357dabca/elements&amp#27;[39m
&amp#27;[35m[HTTP]&amp#27;[39m &amp#27;[90m{"using":"id","value":"flipboard.app:id/topic_picker_topic_row_topic_tag"}&amp#27;[39m
[debug] &amp#27;[35m[W3C (ac8bb9aa)]&amp#27;[39m Calling AppiumDriver.findElements() with args: ["id","flipboard.app:id/topic_picker_topic_row_topic_tag","ac8bb9aa-223a-48aa-a8e1-9d0c357dabca"]
[debug] &amp#27;[35m[BaseDriver]&amp#27;[39m Valid locator strategies for this request: xpath, id, class name, accessibility id, -android uiautomator
[debug] &amp#27;[35m[BaseDriver]&amp#27;[39m Waiting up to 0 ms for condition
[debug] &amp#27;[35m[WD Proxy]&amp#27;[39m Matched '/elements' to command name 'findElements'
[debug] &amp#27;[35m[WD Proxy]&amp#27;[39m Proxying [POST /elements] to [POST http://127.0.0.1:8200/wd/hub/session/dedb4e09-40b2-4c5d-bb4d-1dd47b432a0c/elements] with body: {"strategy":"id","selector":"flipboard.app:id/topic_picker_topic_row_topic_tag","context":"","multiple":true}
[debug] &amp#27;[35m[WD Proxy]&amp#27;[39m Got response with status 200: {"sessionId":"dedb4e09-40b2-4c5d-bb4d-1dd47b432a0c","value":[{"ELEMENT":"c9d8283b-eb34-4b39-a9e9-e53ca9bcfa8c","element-6066-11e4-a52e-4f735466cecf":"c9d8283b-eb34-4b39-a9e9-e53ca9bcfa8c"},{"ELEMENT":"198c7788-124b-4d01-8c45-99c5a3e07487","element-6066-11e4-a52e-4f735466cecf":"198c7788-124b-4d01-8c45-99c5a3e07487"},{"ELEMENT":"ade85fe2-1867-43fe-883d-a42e78793ef4","element-6066-11e4-a52e-4f735466cecf":"ade85fe2-1867-43fe-883d-a42e78793ef4"},{"ELEMENT":"00bb0cda-9e11-40d2-9723-e2a1bab6cf71","element-6066-11e4-a52e-4f735466cecf":"00bb0cda-9e11-40d2-9723-e2a1bab6cf71"},{"ELEMENT":"72697256-94db-4304-bc8d-7f11ae4475d9","element-6066-11e4-a52e-4f735466cecf":"72697256-94db-4304-bc8d-7f11ae4475d9"},{"ELEMENT":"a6e1dee2-bc0e-471f-9377-288d9e32550e","element-6066-11e4-a52e-4f735466cecf":"a6e1dee2-bc0e-471f-9377-288d9e32550e"},{"ELEMENT":"bb97dbf7-36f2-4d29-a65d-8b1daf193c86","element-6066-11e4-a52e-4f735466cecf":"bb97dbf7-36f2-4d29-a65d-8b1daf193c86"},{"ELEMENT":"7e98ea2c-7c21-4b3a-bf7c-d23f79b77c58","element-6066-...
[debug] &amp#27;[35m[W3C (ac8bb9aa)]&amp#27;[39m Responding to client with driver.findElements() result: [{"element-6066-11e4-a52e-4f735466cecf":"c9d8283b-eb34-4b39-a9e9-e53ca9bcfa8c","ELEMENT":"c9d8283b-eb34-4b39-a9e9-e53ca9bcfa8c"},{"element-6066-11e4-a52e-4f735466cecf":"198c7788-124b-4d01-8c45-99c5a3e07487","ELEMENT":"198c7788-124b-4d01-8c45-99c5a3e07487"},{"element-6066-11e4-a52e-4f735466cecf":"ade85fe2-1867-43fe-883d-a42e78793ef4","ELEMENT":"ade85fe2-1867-43fe-883d-a42e78793ef4"},{"element-6066-11e4-a52e-4f735466cecf":"00bb0cda-9e11-40d2-9723-e2a1bab6cf71","ELEMENT":"00bb0cda-9e11-40d2-9723-e2a1bab6cf71"},{"element-6066-11e4-a52e-4f735466cecf":"72697256-94db-4304-bc8d-7f11ae4475d9","ELEMENT":"72697256-94db-4304-bc8d-7f11ae4475d9"},{"element-6066-11e4-a52e-4f735466cecf":"a6e1dee2-bc0e-471f-9377-288d9e32550e","ELEMENT":"a6e1dee2-bc0e-471f-9377-288d9e32550e"},{"element-6066-11e4-a52e-4f735466cecf":"bb97dbf7-36f2-4d29-a65d-8b1daf193c86","ELEMENT":"bb97dbf7-36f2-4d29-a65d-8b1daf193c86"},{"element-6066-11e4-a52e-4f735466cecf":"7e98ea2c-7c21-4b3a-bf7c-d23f79b77c58","ELEMENT":"7e98ea2c-7c21-4b3a-bf7c-d23f79b77c5...
&amp#27;[35m[HTTP]&amp#27;[39m &amp#27;[37m<-- POST /wd/hub/session/ac8bb9aa-223a-48aa-a8e1-9d0c357dabca/elements &amp#27;[39m&amp#27;[32m200&amp#27;[39m &amp#27;[90m97 ms - 2699&amp#27;[39m
&amp#27;[35m[HTTP]&amp#27;[39m &amp#27;[90m&amp#27;[39m
&amp#27;[35m[HTTP]&amp#27;[39m &amp#27;[37m-->&amp#27;[39m &amp#27;[37mGET&amp#27;[39m &amp#27;[37m/wd/hub/session/ac8bb9aa-223a-48aa-a8e1-9d0c357dabca/element/c9d8283b-eb34-4b39-a9e9-e53ca9bcfa8c/displayed&amp#27;[39m
&amp#27;[35m[HTTP]&amp#27;[39m &amp#27;[90m{}&amp#27;[39m
[debug] &amp#27;[35m[W3C (ac8bb9aa)]&amp#27;[39m Calling AppiumDriver.elementDisplayed() with args: ["c9d8283b-eb34-4b39-a9e9-e53ca9bcfa8c","ac8bb9aa-223a-48aa-a8e1-9d0c357dabca"]
[debug] &amp#27;[35m[WD Proxy]&amp#27;[39m Matched '/element/c9d8283b-eb34-4b39-a9e9-e53ca9bcfa8c/attribute/displayed' to command name 'getAttribute'
[debug] &amp#27;[35m[WD Proxy]&amp#27;[39m Proxying [GET /element/c9d8283b-eb34-4b39-a9e9-e53ca9bcfa8c/attribute/displayed] to [GET http://127.0.0.1:8200/wd/hub/session/dedb4e09-40b2-4c5d-bb4d-1dd47b432a0c/element/c9d8283b-eb34-4b39-a9e9-e53ca9bcfa8c/attribute/displayed] with body: {}
[debug] &amp#27;[35m[WD Proxy]&amp#27;[39m Got response with status 200: {"sessionId":"dedb4e09-40b2-4c5d-bb4d-1dd47b432a0c","value":"true"}
[debug] &amp#27;[35m[W3C (ac8bb9aa)]&amp#27;[39m Responding to client with driver.elementDisplayed() result: true
&amp#27;[35m[HTTP]&amp#27;[39m &amp#27;[37m<-- GET /wd/hub/session/ac8bb9aa-223a-48aa-a8e1-9d0c357dabca/element/c9d8283b-eb34-4b39-a9e9-e53ca9bcfa8c/displayed &amp#27;[39m&amp#27;[32m200&amp#27;[39m &amp#27;[90m28 ms - 14&amp#27;[39m
&amp#27;[35m[HTTP]&amp#27;[39m &amp#27;[90m&amp#27;[39m
&amp#27;[35m[HTTP]&amp#27;[39m &amp#27;[37m-->&amp#27;[39m &amp#27;[37mGET&amp#27;[39m &amp#27;[37m/wd/hub/session/ac8bb9aa-223a-48aa-a8e1-9d0c357dabca/element/c9d8283b-eb34-4b39-a9e9-e53ca9bcfa8c/displayed&amp#27;[39m
&amp#27;[35m[HTTP]&amp#27;[39m &amp#27;[90m{}&amp#27;[39m
[debug] &amp#27;[35m[W3C (ac8bb9aa)]&amp#27;[39m Calling AppiumDriver.elementDisplayed() with args: ["c9d8283b-eb34-4b39-a9e9-e53ca9bcfa8c","ac8bb9aa-223a-48aa-a8e1-9d0c357dabca"]
[debug] &amp#27;[35m[WD Proxy]&amp#27;[39m Matched '/element/c9d8283b-eb34-4b39-a9e9-e53ca9bcfa8c/attribute/displayed' to command name 'getAttribute'
[debug] &amp#27;[35m[WD Proxy]&amp#27;[39m Proxying [GET /element/c9d8283b-eb34-4b39-a9e9-e53ca9bcfa8c/attribute/displayed] to [GET http://127.0.0.1:8200/wd/hub/session/dedb4e09-40b2-4c5d-bb4d-1dd47b432a0c/element/c9d8283b-eb34-4b39-a9e9-e53ca9bcfa8c/attribute/displayed] with body: {}
[debug] &amp#27;[35m[WD Proxy]&amp#27;[39m Got response with status 200: {"sessionId":"dedb4e09-40b2-4c5d-bb4d-1dd47b432a0c","value":"true"}
[debug] &amp#27;[35m[W3C (ac8bb9aa)]&amp#27;[39m Responding to client with driver.elementDisplayed() result: true
&amp#27;[35m[HTTP]&amp#27;[39m &amp#27;[37m<-- GET /wd/hub/session/ac8bb9aa-223a-48aa-a8e1-9d0c357dabca/element/c9d8283b-eb34-4b39-a9e9-e53ca9bcfa8c/displayed &amp#27;[39m&amp#27;[32m200&amp#27;[39m &amp#27;[90m33 ms - 14&amp#27;[39m
&amp#27;[35m[HTTP]&amp#27;[39m &amp#27;[90m&amp#27;[39m
&amp#27;[35m[HTTP]&amp#27;[39m &amp#27;[37m-->&amp#27;[39m &amp#27;[37mGET&amp#27;[39m &amp#27;[37m/wd/hub/session/ac8bb9aa-223a-48aa-a8e1-9d0c357dabca/element/c9d8283b-eb34-4b39-a9e9-e53ca9bcfa8c/displayed&amp#27;[39m
&amp#27;[35m[HTTP]&amp#27;[39m &amp#27;[90m{}&amp#27;[39m
[debug] &amp#27;[35m[W3C (ac8bb9aa)]&amp#27;[39m Calling AppiumDriver.elementDisplayed() with args: ["c9d8283b-eb34-4b39-a9e9-e53ca9bcfa8c","ac8bb9aa-223a-48aa-a8e1-9d0c357dabca"]
[debug] &amp#27;[35m[WD Proxy]&amp#27;[39m Matched '/element/c9d8283b-eb34-4b39-a9e9-e53ca9bcfa8c/attribute/displayed' to command name 'getAttribute'
[debug] &amp#27;[35m[WD Proxy]&amp#27;[39m Proxying [GET /element/c9d8283b-eb34-4b39-a9e9-e53ca9bcfa8c/attribute/displayed] to [GET http://127.0.0.1:8200/wd/hub/session/dedb4e09-40b2-4c5d-bb4d-1dd47b432a0c/element/c9d8283b-eb34-4b39-a9e9-e53ca9bcfa8c/attribute/displayed] with body: {}
[debug] &amp#27;[35m[WD Proxy]&amp#27;[39m Got response with status 200: {"sessionId":"dedb4e09-40b2-4c5d-bb4d-1dd47b432a0c","value":"true"}
[debug] &amp#27;[35m[W3C (ac8bb9aa)]&amp#27;[39m Responding to client with driver.elementDisplayed() result: true
&amp#27;[35m[HTTP]&amp#27;[39m &amp#27;[37m<-- GET /wd/hub/session/ac8bb9aa-223a-48aa-a8e1-9d0c357dabca/element/c9d8283b-eb34-4b39-a9e9-e53ca9bcfa8c/displayed &amp#27;[39m&amp#27;[32m200&amp#27;[39m &amp#27;[90m31 ms - 14&amp#27;[39m
&amp#27;[35m[HTTP]&amp#27;[39m &amp#27;[90m&amp#27;[39m
&amp#27;[35m[HTTP]&amp#27;[39m &amp#27;[37m-->&amp#27;[39m &amp#27;[37mGET&amp#27;[39m &amp#27;[37m/wd/hub/session/ac8bb9aa-223a-48aa-a8e1-9d0c357dabca/element/c9d8283b-eb34-4b39-a9e9-e53ca9bcfa8c/name&amp#27;[39m
&amp#27;[35m[HTTP]&amp#27;[39m &amp#27;[90m{}&amp#27;[39m
[debug] &amp#27;[35m[W3C (ac8bb9aa)]&amp#27;[39m Calling AppiumDriver.getName() with args: ["c9d8283b-eb34-4b39-a9e9-e53ca9bcfa8c","ac8bb9aa-223a-48aa-a8e1-9d0c357dabca"]
[debug] &amp#27;[35m[WD Proxy]&amp#27;[39m Matched '/element/c9d8283b-eb34-4b39-a9e9-e53ca9bcfa8c/name' to command name 'getName'
[debug] &amp#27;[35m[WD Proxy]&amp#27;[39m Proxying [GET /element/c9d8283b-eb34-4b39-a9e9-e53ca9bcfa8c/name] to [GET http://127.0.0.1:8200/wd/hub/session/dedb4e09-40b2-4c5d-bb4d-1dd47b432a0c/element/c9d8283b-eb34-4b39-a9e9-e53ca9bcfa8c/name] with body: {}
[debug] &amp#27;[35m[WD Proxy]&amp#27;[39m Got response with status 200: {"sessionId":"dedb4e09-40b2-4c5d-bb4d-1dd47b432a0c","value":null}
[debug] &amp#27;[35m[W3C (ac8bb9aa)]&amp#27;[39m Responding to client with driver.getName() result: null
&amp#27;[35m[HTTP]&amp#27;[39m &amp#27;[37m<-- GET /wd/hub/session/ac8bb9aa-223a-48aa-a8e1-9d0c357dabca/element/c9d8283b-eb34-4b39-a9e9-e53ca9bcfa8c/name &amp#27;[39m&amp#27;[32m200&amp#27;[39m &amp#27;[90m33 ms - 14&amp#27;[39m
&amp#27;[35m[HTTP]&amp#27;[39m &amp#27;[90m&amp#27;[39m
&amp#27;[35m[HTTP]&amp#27;[39m &amp#27;[37m-->&amp#27;[39m &amp#27;[37mPOST&amp#27;[39m &amp#27;[37m/wd/hub/session/ac8bb9aa-223a-48aa-a8e1-9d0c357dabca/element/c9d8283b-eb34-4b39-a9e9-e53ca9bcfa8c/click&amp#27;[39m
&amp#27;[35m[HTTP]&amp#27;[39m &amp#27;[90m{"id":"c9d8283b-eb34-4b39-a9e9-e53ca9bcfa8c"}&amp#27;[39m
[debug] &amp#27;[35m[W3C (ac8bb9aa)]&amp#27;[39m Calling AppiumDriver.click() with args: ["c9d8283b-eb34-4b39-a9e9-e53ca9bcfa8c","ac8bb9aa-223a-48aa-a8e1-9d0c357dabca"]
[debug] &amp#27;[35m[WD Proxy]&amp#27;[39m Matched '/element/c9d8283b-eb34-4b39-a9e9-e53ca9bcfa8c/click' to command name 'click'
[debug] &amp#27;[35m[WD Proxy]&amp#27;[39m Proxying [POST /element/c9d8283b-eb34-4b39-a9e9-e53ca9bcfa8c/click] to [POST http://127.0.0.1:8200/wd/hub/session/dedb4e09-40b2-4c5d-bb4d-1dd47b432a0c/element/c9d8283b-eb34-4b39-a9e9-e53ca9bcfa8c/click] with body: {"element":"c9d8283b-eb34-4b39-a9e9-e53ca9bcfa8c"}
[debug] &amp#27;[35m[WD Proxy]&amp#27;[39m Got response with status 200: {"sessionId":"dedb4e09-40b2-4c5d-bb4d-1dd47b432a0c","value":null}
[debug] &amp#27;[35m[W3C (ac8bb9aa)]&amp#27;[39m Responding to client with driver.click() result: null
&amp#27;[35m[HTTP]&amp#27;[39m &amp#27;[37m<-- POST /wd/hub/session/ac8bb9aa-223a-48aa-a8e1-9d0c357dabca/element/c9d8283b-eb34-4b39-a9e9-e53ca9bcfa8c/click &amp#27;[39m&amp#27;[32m200&amp#27;[39m &amp#27;[90m61 ms - 14&amp#27;[39m
&amp#27;[35m[HTTP]&amp#27;[39m &amp#27;[90m&amp#27;[39m
&amp#27;[35m[HTTP]&amp#27;[39m &amp#27;[37m-->&amp#27;[39m &amp#27;[37mPOST&amp#27;[39m &amp#27;[37m/wd/hub/session/ac8bb9aa-223a-48aa-a8e1-9d0c357dabca/elements&amp#27;[39m
&amp#27;[35m[HTTP]&amp#27;[39m &amp#27;[90m{"using":"id","value":"flipboard.app:id/topic_picker_topic_row_topic_tag"}&amp#27;[39m
[debug] &amp#27;[35m[W3C (ac8bb9aa)]&amp#27;[39m Calling AppiumDriver.findElements() with args: ["id","flipboard.app:id/topic_picker_topic_row_topic_tag","ac8bb9aa-223a-48aa-a8e1-9d0c357dabca"]
[debug] &amp#27;[35m[BaseDriver]&amp#27;[39m Valid locator strategies for this request: xpath, id, class name, accessibility id, -android uiautomator
[debug] &amp#27;[35m[BaseDriver]&amp#27;[39m Waiting up to 0 ms for condition
[debug] &amp#27;[35m[WD Proxy]&amp#27;[39m Matched '/elements' to command name 'findElements'
[debug] &amp#27;[35m[WD Proxy]&amp#27;[39m Proxying [POST /elements] to [POST http://127.0.0.1:8200/wd/hub/session/dedb4e09-40b2-4c5d-bb4d-1dd47b432a0c/elements] with body: {"strategy":"id","selector":"flipboard.app:id/topic_picker_topic_row_topic_tag","context":"","multiple":true}
[debug] &amp#27;[35m[WD Proxy]&amp#27;[39m Got response with status 200: {"sessionId":"dedb4e09-40b2-4c5d-bb4d-1dd47b432a0c","value":[{"ELEMENT":"d088b547-e95d-4559-9851-8596076e3bc2","element-6066-11e4-a52e-4f735466cecf":"d088b547-e95d-4559-9851-8596076e3bc2"},{"ELEMENT":"56a2e789-2b90-431d-87f2-c9872787074a","element-6066-11e4-a52e-4f735466cecf":"56a2e789-2b90-431d-87f2-c9872787074a"},{"ELEMENT":"b02fd2e8-b938-4b58-bcd7-cb21586cfb36","element-6066-11e4-a52e-4f735466cecf":"b02fd2e8-b938-4b58-bcd7-cb21586cfb36"},{"ELEMENT":"07396be4-dddb-4156-b7b2-6a04ed770d07","element-6066-11e4-a52e-4f735466cecf":"07396be4-dddb-4156-b7b2-6a04ed770d07"},{"ELEMENT":"3b3f14e2-32b2-4456-90a8-c6da4ce1bd33","element-6066-11e4-a52e-4f735466cecf":"3b3f14e2-32b2-4456-90a8-c6da4ce1bd33"},{"ELEMENT":"102dda17-c481-4b70-af0b-9b7a01b6ac38","element-6066-11e4-a52e-4f735466cecf":"102dda17-c481-4b70-af0b-9b7a01b6ac38"},{"ELEMENT":"458c038b-a41b-4dfd-9bb0-2273b8e05b48","element-6066-11e4-a52e-4f735466cecf":"458c038b-a41b-4dfd-9bb0-2273b8e05b48"},{"ELEMENT":"951c1b8d-f9aa-470c-a6d2-72f9baeff682","element-6066-...
[debug] &amp#27;[35m[W3C (ac8bb9aa)]&amp#27;[39m Responding to client with driver.findElements() result: [{"element-6066-11e4-a52e-4f735466cecf":"d088b547-e95d-4559-9851-8596076e3bc2","ELEMENT":"d088b547-e95d-4559-9851-8596076e3bc2"},{"element-6066-11e4-a52e-4f735466cecf":"56a2e789-2b90-431d-87f2-c9872787074a","ELEMENT":"56a2e789-2b90-431d-87f2-c9872787074a"},{"element-6066-11e4-a52e-4f735466cecf":"b02fd2e8-b938-4b58-bcd7-cb21586cfb36","ELEMENT":"b02fd2e8-b938-4b58-bcd7-cb21586cfb36"},{"element-6066-11e4-a52e-4f735466cecf":"07396be4-dddb-4156-b7b2-6a04ed770d07","ELEMENT":"07396be4-dddb-4156-b7b2-6a04ed770d07"},{"element-6066-11e4-a52e-4f735466cecf":"3b3f14e2-32b2-4456-90a8-c6da4ce1bd33","ELEMENT":"3b3f14e2-32b2-4456-90a8-c6da4ce1bd33"},{"element-6066-11e4-a52e-4f735466cecf":"102dda17-c481-4b70-af0b-9b7a01b6ac38","ELEMENT":"102dda17-c481-4b70-af0b-9b7a01b6ac38"},{"element-6066-11e4-a52e-4f735466cecf":"458c038b-a41b-4dfd-9bb0-2273b8e05b48","ELEMENT":"458c038b-a41b-4dfd-9bb0-2273b8e05b48"},{"element-6066-11e4-a52e-4f735466cecf":"951c1b8d-f9aa-470c-a6d2-72f9baeff682","ELEMENT":"951c1b8d-f9aa-470c-a6d2-72f9baeff68...
&amp#27;[35m[HTTP]&amp#27;[39m &amp#27;[37m<-- POST /wd/hub/session/ac8bb9aa-223a-48aa-a8e1-9d0c357dabca/elements &amp#27;[39m&amp#27;[32m200&amp#27;[39m &amp#27;[90m579 ms - 2699&amp#27;[39m
&amp#27;[35m[HTTP]&amp#27;[39m &amp#27;[90m&amp#27;[39m
&amp#27;[35m[HTTP]&amp#27;[39m &amp#27;[37m-->&amp#27;[39m &amp#27;[37mGET&amp#27;[39m &amp#27;[37m/wd/hub/session/ac8bb9aa-223a-48aa-a8e1-9d0c357dabca/element/d088b547-e95d-4559-9851-8596076e3bc2/displayed&amp#27;[39m
&amp#27;[35m[HTTP]&amp#27;[39m &amp#27;[90m{}&amp#27;[39m
[debug] &amp#27;[35m[W3C (ac8bb9aa)]&amp#27;[39m Calling AppiumDriver.elementDisplayed() with args: ["d088b547-e95d-4559-9851-8596076e3bc2","ac8bb9aa-223a-48aa-a8e1-9d0c357dabca"]
[debug] &amp#27;[35m[WD Proxy]&amp#27;[39m Matched '/element/d088b547-e95d-4559-9851-8596076e3bc2/attribute/displayed' to command name 'getAttribute'
[debug] &amp#27;[35m[WD Proxy]&amp#27;[39m Proxying [GET /element/d088b547-e95d-4559-9851-8596076e3bc2/attribute/displayed] to [GET http://127.0.0.1:8200/wd/hub/session/dedb4e09-40b2-4c5d-bb4d-1dd47b432a0c/element/d088b547-e95d-4559-9851-8596076e3bc2/attribute/displayed] with body: {}
[debug] &amp#27;[35m[WD Proxy]&amp#27;[39m Got response with status 200: {"sessionId":"dedb4e09-40b2-4c5d-bb4d-1dd47b432a0c","value":"true"}
[debug] &amp#27;[35m[W3C (ac8bb9aa)]&amp#27;[39m Responding to client with driver.elementDisplayed() result: true
&amp#27;[35m[HTTP]&amp#27;[39m &amp#27;[37m<-- GET /wd/hub/session/ac8bb9aa-223a-48aa-a8e1-9d0c357dabca/element/d088b547-e95d-4559-9851-8596076e3bc2/displayed &amp#27;[39m&amp#27;[32m200&amp#27;[39m &amp#27;[90m30 ms - 14&amp#27;[39m
&amp#27;[35m[HTTP]&amp#27;[39m &amp#27;[90m&amp#27;[39m
&amp#27;[35m[HTTP]&amp#27;[39m &amp#27;[37m-->&amp#27;[39m &amp#27;[37mGET&amp#27;[39m &amp#27;[37m/wd/hub/session/ac8bb9aa-223a-48aa-a8e1-9d0c357dabca/element/56a2e789-2b90-431d-87f2-c9872787074a/displayed&amp#27;[39m
&amp#27;[35m[HTTP]&amp#27;[39m &amp#27;[90m{}&amp#27;[39m
[debug] &amp#27;[35m[W3C (ac8bb9aa)]&amp#27;[39m Calling AppiumDriver.elementDisplayed() with args: ["56a2e789-2b90-431d-87f2-c9872787074a","ac8bb9aa-223a-48aa-a8e1-9d0c357dabca"]
[debug] &amp#27;[35m[WD Proxy]&amp#27;[39m Matched '/element/56a2e789-2b90-431d-87f2-c9872787074a/attribute/displayed' to command name 'getAttribute'
[debug] &amp#27;[35m[WD Proxy]&amp#27;[39m Proxying [GET /element/56a2e789-2b90-431d-87f2-c9872787074a/attribute/displayed] to [GET http://127.0.0.1:8200/wd/hub/session/dedb4e09-40b2-4c5d-bb4d-1dd47b432a0c/element/56a2e789-2b90-431d-87f2-c9872787074a/attribute/displayed] with body: {}
[debug] &amp#27;[35m[WD Proxy]&amp#27;[39m Got response with status 200: {"sessionId":"dedb4e09-40b2-4c5d-bb4d-1dd47b432a0c","value":"true"}
[debug] &amp#27;[35m[W3C (ac8bb9aa)]&amp#27;[39m Responding to client with driver.elementDisplayed() result: true
&amp#27;[35m[HTTP]&amp#27;[39m &amp#27;[37m<-- GET /wd/hub/session/ac8bb9aa-223a-48aa-a8e1-9d0c357dabca/element/56a2e789-2b90-431d-87f2-c9872787074a/displayed &amp#27;[39m&amp#27;[32m200&amp#27;[39m &amp#27;[90m26 ms - 14&amp#27;[39m
&amp#27;[35m[HTTP]&amp#27;[39m &amp#27;[90m&amp#27;[39m
&amp#27;[35m[HTTP]&amp#27;[39m &amp#27;[37m-->&amp#27;[39m &amp#27;[37mGET&amp#27;[39m &amp#27;[37m/wd/hub/session/ac8bb9aa-223a-48aa-a8e1-9d0c357dabca/element/56a2e789-2b90-431d-87f2-c9872787074a/displayed&amp#27;[39m
&amp#27;[35m[HTTP]&amp#27;[39m &amp#27;[90m{}&amp#27;[39m
[debug] &amp#27;[35m[W3C (ac8bb9aa)]&amp#27;[39m Calling AppiumDriver.elementDisplayed() with args: ["56a2e789-2b90-431d-87f2-c9872787074a","ac8bb9aa-223a-48aa-a8e1-9d0c357dabca"]
[debug] &amp#27;[35m[WD Proxy]&amp#27;[39m Matched '/element/56a2e789-2b90-431d-87f2-c9872787074a/attribute/displayed' to command name 'getAttribute'
[debug] &amp#27;[35m[WD Proxy]&amp#27;[39m Proxying [GET /element/56a2e789-2b90-431d-87f2-c9872787074a/attribute/displayed] to [GET http://127.0.0.1:8200/wd/hub/session/dedb4e09-40b2-4c5d-bb4d-1dd47b432a0c/element/56a2e789-2b90-431d-87f2-c9872787074a/attribute/displayed] with body: {}
[debug] &amp#27;[35m[WD Proxy]&amp#27;[39m Got response with status 200: {"sessionId":"dedb4e09-40b2-4c5d-bb4d-1dd47b432a0c","value":"true"}
[debug] &amp#27;[35m[W3C (ac8bb9aa)]&amp#27;[39m Responding to client with driver.elementDisplayed() result: true
&amp#27;[35m[HTTP]&amp#27;[39m &amp#27;[37m<-- GET /wd/hub/session/ac8bb9aa-223a-48aa-a8e1-9d0c357dabca/element/56a2e789-2b90-431d-87f2-c9872787074a/displayed &amp#27;[39m&amp#27;[32m200&amp#27;[39m &amp#27;[90m26 ms - 14&amp#27;[39m
&amp#27;[35m[HTTP]&amp#27;[39m &amp#27;[90m&amp#27;[39m
&amp#27;[35m[HTTP]&amp#27;[39m &amp#27;[37m-->&amp#27;[39m &amp#27;[37mGET&amp#27;[39m &amp#27;[37m/wd/hub/session/ac8bb9aa-223a-48aa-a8e1-9d0c357dabca/element/56a2e789-2b90-431d-87f2-c9872787074a/name&amp#27;[39m
&amp#27;[35m[HTTP]&amp#27;[39m &amp#27;[90m{}&amp#27;[39m
[debug] &amp#27;[35m[W3C (ac8bb9aa)]&amp#27;[39m Calling AppiumDriver.getName() with args: ["56a2e789-2b90-431d-87f2-c9872787074a","ac8bb9aa-223a-48aa-a8e1-9d0c357dabca"]
[debug] &amp#27;[35m[WD Proxy]&amp#27;[39m Matched '/element/56a2e789-2b90-431d-87f2-c9872787074a/name' to command name 'getName'
[debug] &amp#27;[35m[WD Proxy]&amp#27;[39m Proxying [GET /element/56a2e789-2b90-431d-87f2-c9872787074a/name] to [GET http://127.0.0.1:8200/wd/hub/session/dedb4e09-40b2-4c5d-bb4d-1dd47b432a0c/element/56a2e789-2b90-431d-87f2-c9872787074a/name] with body: {}
[debug] &amp#27;[35m[WD Proxy]&amp#27;[39m Got response with status 200: {"sessionId":"dedb4e09-40b2-4c5d-bb4d-1dd47b432a0c","value":null}
[debug] &amp#27;[35m[W3C (ac8bb9aa)]&amp#27;[39m Responding to client with driver.getName() result: null
&amp#27;[35m[HTTP]&amp#27;[39m &amp#27;[37m<-- GET /wd/hub/session/ac8bb9aa-223a-48aa-a8e1-9d0c357dabca/element/56a2e789-2b90-431d-87f2-c9872787074a/name &amp#27;[39m&amp#27;[32m200&amp#27;[39m &amp#27;[90m25 ms - 14&amp#27;[39m
&amp#27;[35m[HTTP]&amp#27;[39m &amp#27;[90m&amp#27;[39m
&amp#27;[35m[HTTP]&amp#27;[39m &amp#27;[37m-->&amp#27;[39m &amp#27;[37mPOST&amp#27;[39m &amp#27;[37m/wd/hub/session/ac8bb9aa-223a-48aa-a8e1-9d0c357dabca/element/56a2e789-2b90-431d-87f2-c9872787074a/click&amp#27;[39m
&amp#27;[35m[HTTP]&amp#27;[39m &amp#27;[90m{"id":"56a2e789-2b90-431d-87f2-c9872787074a"}&amp#27;[39m
[debug] &amp#27;[35m[W3C (ac8bb9aa)]&amp#27;[39m Calling AppiumDriver.click() with args: ["56a2e789-2b90-431d-87f2-c9872787074a","ac8bb9aa-223a-48aa-a8e1-9d0c357dabca"]
[debug] &amp#27;[35m[WD Proxy]&amp#27;[39m Matched '/element/56a2e789-2b90-431d-87f2-c9872787074a/click' to command name 'click'
[debug] &amp#27;[35m[WD Proxy]&amp#27;[39m Proxying [POST /element/56a2e789-2b90-431d-87f2-c9872787074a/click] to [POST http://127.0.0.1:8200/wd/hub/session/dedb4e09-40b2-4c5d-bb4d-1dd47b432a0c/element/56a2e789-2b90-431d-87f2-c9872787074a/click] with body: {"element":"56a2e789-2b90-431d-87f2-c9872787074a"}
[debug] &amp#27;[35m[WD Proxy]&amp#27;[39m Got response with status 200: {"sessionId":"dedb4e09-40b2-4c5d-bb4d-1dd47b432a0c","value":null}
[debug] &amp#27;[35m[W3C (ac8bb9aa)]&amp#27;[39m Responding to client with driver.click() result: null
&amp#27;[35m[HTTP]&amp#27;[39m &amp#27;[37m<-- POST /wd/hub/session/ac8bb9aa-223a-48aa-a8e1-9d0c357dabca/element/56a2e789-2b90-431d-87f2-c9872787074a/click &amp#27;[39m&amp#27;[32m200&amp#27;[39m &amp#27;[90m47 ms - 14&amp#27;[39m
&amp#27;[35m[HTTP]&amp#27;[39m &amp#27;[90m&amp#27;[39m
&amp#27;[35m[HTTP]&amp#27;[39m &amp#27;[37m-->&amp#27;[39m &amp#27;[37mPOST&amp#27;[39m &amp#27;[37m/wd/hub/session/ac8bb9aa-223a-48aa-a8e1-9d0c357dabca/elements&amp#27;[39m
&amp#27;[35m[HTTP]&amp#27;[39m &amp#27;[90m{"using":"id","value":"flipboard.app:id/topic_picker_topic_row_topic_tag"}&amp#27;[39m
[debug] &amp#27;[35m[W3C (ac8bb9aa)]&amp#27;[39m Calling AppiumDriver.findElements() with args: ["id","flipboard.app:id/topic_picker_topic_row_topic_tag","ac8bb9aa-223a-48aa-a8e1-9d0c357dabca"]
[debug] &amp#27;[35m[BaseDriver]&amp#27;[39m Valid locator strategies for this request: xpath, id, class name, accessibility id, -android uiautomator
[debug] &amp#27;[35m[BaseDriver]&amp#27;[39m Waiting up to 0 ms for condition
[debug] &amp#27;[35m[WD Proxy]&amp#27;[39m Matched '/elements' to command name 'findElements'
[debug] &amp#27;[35m[WD Proxy]&amp#27;[39m Proxying [POST /elements] to [POST http://127.0.0.1:8200/wd/hub/session/dedb4e09-40b2-4c5d-bb4d-1dd47b432a0c/elements] with body: {"strategy":"id","selector":"flipboard.app:id/topic_picker_topic_row_topic_tag","context":"","multiple":true}
[debug] &amp#27;[35m[WD Proxy]&amp#27;[39m Got response with status 200: {"sessionId":"dedb4e09-40b2-4c5d-bb4d-1dd47b432a0c","value":[{"ELEMENT":"ae390216-243b-4538-9736-e879b3d393e8","element-6066-11e4-a52e-4f735466cecf":"ae390216-243b-4538-9736-e879b3d393e8"},{"ELEMENT":"b28357c6-e733-45f5-952a-aab257e62982","element-6066-11e4-a52e-4f735466cecf":"b28357c6-e733-45f5-952a-aab257e62982"},{"ELEMENT":"40bf292d-2c2f-4e2e-bd12-d96af519df3a","element-6066-11e4-a52e-4f735466cecf":"40bf292d-2c2f-4e2e-bd12-d96af519df3a"},{"ELEMENT":"01426995-0e60-4b27-96c4-1e7de1303761","element-6066-11e4-a52e-4f735466cecf":"01426995-0e60-4b27-96c4-1e7de1303761"},{"ELEMENT":"b0e215b4-91bc-4d50-8efe-d9ae5da3599d","element-6066-11e4-a52e-4f735466cecf":"b0e215b4-91bc-4d50-8efe-d9ae5da3599d"},{"ELEMENT":"32dd7928-0d4a-43c2-b621-ccd8a4d3a13c","element-6066-11e4-a52e-4f735466cecf":"32dd7928-0d4a-43c2-b621-ccd8a4d3a13c"},{"ELEMENT":"015ad026-bdc5-49d3-91c0-609a4a7aef93","element-6066-11e4-a52e-4f735466cecf":"015ad026-bdc5-49d3-91c0-609a4a7aef93"},{"ELEMENT":"0625d156-c4f1-46fe-b580-0847ded17bba","element-6066-...
[debug] &amp#27;[35m[W3C (ac8bb9aa)]&amp#27;[39m Responding to client with driver.findElements() result: [{"element-6066-11e4-a52e-4f735466cecf":"ae390216-243b-4538-9736-e879b3d393e8","ELEMENT":"ae390216-243b-4538-9736-e879b3d393e8"},{"element-6066-11e4-a52e-4f735466cecf":"b28357c6-e733-45f5-952a-aab257e62982","ELEMENT":"b28357c6-e733-45f5-952a-aab257e62982"},{"element-6066-11e4-a52e-4f735466cecf":"40bf292d-2c2f-4e2e-bd12-d96af519df3a","ELEMENT":"40bf292d-2c2f-4e2e-bd12-d96af519df3a"},{"element-6066-11e4-a52e-4f735466cecf":"01426995-0e60-4b27-96c4-1e7de1303761","ELEMENT":"01426995-0e60-4b27-96c4-1e7de1303761"},{"element-6066-11e4-a52e-4f735466cecf":"b0e215b4-91bc-4d50-8efe-d9ae5da3599d","ELEMENT":"b0e215b4-91bc-4d50-8efe-d9ae5da3599d"},{"element-6066-11e4-a52e-4f735466cecf":"32dd7928-0d4a-43c2-b621-ccd8a4d3a13c","ELEMENT":"32dd7928-0d4a-43c2-b621-ccd8a4d3a13c"},{"element-6066-11e4-a52e-4f735466cecf":"015ad026-bdc5-49d3-91c0-609a4a7aef93","ELEMENT":"015ad026-bdc5-49d3-91c0-609a4a7aef93"},{"element-6066-11e4-a52e-4f735466cecf":"0625d156-c4f1-46fe-b580-0847ded17bba","ELEMENT":"0625d156-c4f1-46fe-b580-0847ded17bb...
&amp#27;[35m[HTTP]&amp#27;[39m &amp#27;[37m<-- POST /wd/hub/session/ac8bb9aa-223a-48aa-a8e1-9d0c357dabca/elements &amp#27;[39m&amp#27;[32m200&amp#27;[39m &amp#27;[90m575 ms - 2699&amp#27;[39m
&amp#27;[35m[HTTP]&amp#27;[39m &amp#27;[90m&amp#27;[39m
&amp#27;[35m[HTTP]&amp#27;[39m &amp#27;[37m-->&amp#27;[39m &amp#27;[37mGET&amp#27;[39m &amp#27;[37m/wd/hub/session/ac8bb9aa-223a-48aa-a8e1-9d0c357dabca/element/ae390216-243b-4538-9736-e879b3d393e8/displayed&amp#27;[39m
&amp#27;[35m[HTTP]&amp#27;[39m &amp#27;[90m{}&amp#27;[39m
[debug] &amp#27;[35m[W3C (ac8bb9aa)]&amp#27;[39m Calling AppiumDriver.elementDisplayed() with args: ["ae390216-243b-4538-9736-e879b3d393e8","ac8bb9aa-223a-48aa-a8e1-9d0c357dabca"]
[debug] &amp#27;[35m[WD Proxy]&amp#27;[39m Matched '/element/ae390216-243b-4538-9736-e879b3d393e8/attribute/displayed' to command name 'getAttribute'
[debug] &amp#27;[35m[WD Proxy]&amp#27;[39m Proxying [GET /element/ae390216-243b-4538-9736-e879b3d393e8/attribute/displayed] to [GET http://127.0.0.1:8200/wd/hub/session/dedb4e09-40b2-4c5d-bb4d-1dd47b432a0c/element/ae390216-243b-4538-9736-e879b3d393e8/attribute/displayed] with body: {}
[debug] &amp#27;[35m[WD Proxy]&amp#27;[39m Got response with status 200: {"sessionId":"dedb4e09-40b2-4c5d-bb4d-1dd47b432a0c","value":"true"}
[debug] &amp#27;[35m[W3C (ac8bb9aa)]&amp#27;[39m Responding to client with driver.elementDisplayed() result: true
&amp#27;[35m[HTTP]&amp#27;[39m &amp#27;[37m<-- GET /wd/hub/session/ac8bb9aa-223a-48aa-a8e1-9d0c357dabca/element/ae390216-243b-4538-9736-e879b3d393e8/displayed &amp#27;[39m&amp#27;[32m200&amp#27;[39m &amp#27;[90m25 ms - 14&amp#27;[39m
&amp#27;[35m[HTTP]&amp#27;[39m &amp#27;[90m&amp#27;[39m
&amp#27;[35m[HTTP]&amp#27;[39m &amp#27;[37m-->&amp#27;[39m &amp#27;[37mGET&amp#27;[39m &amp#27;[37m/wd/hub/session/ac8bb9aa-223a-48aa-a8e1-9d0c357dabca/element/40bf292d-2c2f-4e2e-bd12-d96af519df3a/displayed&amp#27;[39m
&amp#27;[35m[HTTP]&amp#27;[39m &amp#27;[90m{}&amp#27;[39m
[debug] &amp#27;[35m[W3C (ac8bb9aa)]&amp#27;[39m Calling AppiumDriver.elementDisplayed() with args: ["40bf292d-2c2f-4e2e-bd12-d96af519df3a","ac8bb9aa-223a-48aa-a8e1-9d0c357dabca"]
[debug] &amp#27;[35m[WD Proxy]&amp#27;[39m Matched '/element/40bf292d-2c2f-4e2e-bd12-d96af519df3a/attribute/displayed' to command name 'getAttribute'
[debug] &amp#27;[35m[WD Proxy]&amp#27;[39m Proxying [GET /element/40bf292d-2c2f-4e2e-bd12-d96af519df3a/attribute/displayed] to [GET http://127.0.0.1:8200/wd/hub/session/dedb4e09-40b2-4c5d-bb4d-1dd47b432a0c/element/40bf292d-2c2f-4e2e-bd12-d96af519df3a/attribute/displayed] with body: {}
[debug] &amp#27;[35m[WD Proxy]&amp#27;[39m Got response with status 200: {"sessionId":"dedb4e09-40b2-4c5d-bb4d-1dd47b432a0c","value":"true"}
[debug] &amp#27;[35m[W3C (ac8bb9aa)]&amp#27;[39m Responding to client with driver.elementDisplayed() result: true
&amp#27;[35m[HTTP]&amp#27;[39m &amp#27;[37m<-- GET /wd/hub/session/ac8bb9aa-223a-48aa-a8e1-9d0c357dabca/element/40bf292d-2c2f-4e2e-bd12-d96af519df3a/displayed &amp#27;[39m&amp#27;[32m200&amp#27;[39m &amp#27;[90m24 ms - 14&amp#27;[39m
&amp#27;[35m[HTTP]&amp#27;[39m &amp#27;[90m&amp#27;[39m
&amp#27;[35m[HTTP]&amp#27;[39m &amp#27;[37m-->&amp#27;[39m &amp#27;[37mGET&amp#27;[39m &amp#27;[37m/wd/hub/session/ac8bb9aa-223a-48aa-a8e1-9d0c357dabca/element/40bf292d-2c2f-4e2e-bd12-d96af519df3a/displayed&amp#27;[39m
&amp#27;[35m[HTTP]&amp#27;[39m &amp#27;[90m{}&amp#27;[39m
[debug] &amp#27;[35m[W3C (ac8bb9aa)]&amp#27;[39m Calling AppiumDriver.elementDisplayed() with args: ["40bf292d-2c2f-4e2e-bd12-d96af519df3a","ac8bb9aa-223a-48aa-a8e1-9d0c357dabca"]
[debug] &amp#27;[35m[WD Proxy]&amp#27;[39m Matched '/element/40bf292d-2c2f-4e2e-bd12-d96af519df3a/attribute/displayed' to command name 'getAttribute'
[debug] &amp#27;[35m[WD Proxy]&amp#27;[39m Proxying [GET /element/40bf292d-2c2f-4e2e-bd12-d96af519df3a/attribute/displayed] to [GET http://127.0.0.1:8200/wd/hub/session/dedb4e09-40b2-4c5d-bb4d-1dd47b432a0c/element/40bf292d-2c2f-4e2e-bd12-d96af519df3a/attribute/displayed] with body: {}
[debug] &amp#27;[35m[WD Proxy]&amp#27;[39m Got response with status 200: {"sessionId":"dedb4e09-40b2-4c5d-bb4d-1dd47b432a0c","value":"true"}
[debug] &amp#27;[35m[W3C (ac8bb9aa)]&amp#27;[39m Responding to client with driver.elementDisplayed() result: true
&amp#27;[35m[HTTP]&amp#27;[39m &amp#27;[37m<-- GET /wd/hub/session/ac8bb9aa-223a-48aa-a8e1-9d0c357dabca/element/40bf292d-2c2f-4e2e-bd12-d96af519df3a/displayed &amp#27;[39m&amp#27;[32m200&amp#27;[39m &amp#27;[90m23 ms - 14&amp#27;[39m
&amp#27;[35m[HTTP]&amp#27;[39m &amp#27;[90m&amp#27;[39m
&amp#27;[35m[HTTP]&amp#27;[39m &amp#27;[37m-->&amp#27;[39m &amp#27;[37mGET&amp#27;[39m &amp#27;[37m/wd/hub/session/ac8bb9aa-223a-48aa-a8e1-9d0c357dabca/element/40bf292d-2c2f-4e2e-bd12-d96af519df3a/name&amp#27;[39m
&amp#27;[35m[HTTP]&amp#27;[39m &amp#27;[90m{}&amp#27;[39m
[debug] &amp#27;[35m[W3C (ac8bb9aa)]&amp#27;[39m Calling AppiumDriver.getName() with args: ["40bf292d-2c2f-4e2e-bd12-d96af519df3a","ac8bb9aa-223a-48aa-a8e1-9d0c357dabca"]
[debug] &amp#27;[35m[WD Proxy]&amp#27;[39m Matched '/element/40bf292d-2c2f-4e2e-bd12-d96af519df3a/name' to command name 'getName'
[debug] &amp#27;[35m[WD Proxy]&amp#27;[39m Proxying [GET /element/40bf292d-2c2f-4e2e-bd12-d96af519df3a/name] to [GET http://127.0.0.1:8200/wd/hub/session/dedb4e09-40b2-4c5d-bb4d-1dd47b432a0c/element/40bf292d-2c2f-4e2e-bd12-d96af519df3a/name] with body: {}
[debug] &amp#27;[35m[WD Proxy]&amp#27;[39m Got response with status 200: {"sessionId":"dedb4e09-40b2-4c5d-bb4d-1dd47b432a0c","value":null}
[debug] &amp#27;[35m[W3C (ac8bb9aa)]&amp#27;[39m Responding to client with driver.getName() result: null
&amp#27;[35m[HTTP]&amp#27;[39m &amp#27;[37m<-- GET /wd/hub/session/ac8bb9aa-223a-48aa-a8e1-9d0c357dabca/element/40bf292d-2c2f-4e2e-bd12-d96af519df3a/name &amp#27;[39m&amp#27;[32m200&amp#27;[39m &amp#27;[90m24 ms - 14&amp#27;[39m
&amp#27;[35m[HTTP]&amp#27;[39m &amp#27;[90m&amp#27;[39m
&amp#27;[35m[HTTP]&amp#27;[39m &amp#27;[37m-->&amp#27;[39m &amp#27;[37mPOST&amp#27;[39m &amp#27;[37m/wd/hub/session/ac8bb9aa-223a-48aa-a8e1-9d0c357dabca/element/40bf292d-2c2f-4e2e-bd12-d96af519df3a/click&amp#27;[39m
&amp#27;[35m[HTTP]&amp#27;[39m &amp#27;[90m{"id":"40bf292d-2c2f-4e2e-bd12-d96af519df3a"}&amp#27;[39m
[debug] &amp#27;[35m[W3C (ac8bb9aa)]&amp#27;[39m Calling AppiumDriver.click() with args: ["40bf292d-2c2f-4e2e-bd12-d96af519df3a","ac8bb9aa-223a-48aa-a8e1-9d0c357dabca"]
[debug] &amp#27;[35m[WD Proxy]&amp#27;[39m Matched '/element/40bf292d-2c2f-4e2e-bd12-d96af519df3a/click' to command name 'click'
[debug] &amp#27;[35m[WD Proxy]&amp#27;[39m Proxying [POST /element/40bf292d-2c2f-4e2e-bd12-d96af519df3a/click] to [POST http://127.0.0.1:8200/wd/hub/session/dedb4e09-40b2-4c5d-bb4d-1dd47b432a0c/element/40bf292d-2c2f-4e2e-bd12-d96af519df3a/click] with body: {"element":"40bf292d-2c2f-4e2e-bd12-d96af519df3a"}
[debug] &amp#27;[35m[WD Proxy]&amp#27;[39m Got response with status 200: {"sessionId":"dedb4e09-40b2-4c5d-bb4d-1dd47b432a0c","value":null}
[debug] &amp#27;[35m[W3C (ac8bb9aa)]&amp#27;[39m Responding to client with driver.click() result: null
&amp#27;[35m[HTTP]&amp#27;[39m &amp#27;[37m<-- POST /wd/hub/session/ac8bb9aa-223a-48aa-a8e1-9d0c357dabca/element/40bf292d-2c2f-4e2e-bd12-d96af519df3a/click &amp#27;[39m&amp#27;[32m200&amp#27;[39m &amp#27;[90m52 ms - 14&amp#27;[39m
&amp#27;[35m[HTTP]&amp#27;[39m &amp#27;[90m&amp#27;[39m
&amp#27;[35m[HTTP]&amp#27;[39m &amp#27;[37m-->&amp#27;[39m &amp#27;[37mGET&amp#27;[39m &amp#27;[37m/wd/hub/session/ac8bb9aa-223a-48aa-a8e1-9d0c357dabca/screenshot&amp#27;[39m
&amp#27;[35m[HTTP]&amp#27;[39m &amp#27;[90m{}&amp#27;[39m
[debug] &amp#27;[35m[W3C (ac8bb9aa)]&amp#27;[39m Calling AppiumDriver.getScreenshot() with args: ["ac8bb9aa-223a-48aa-a8e1-9d0c357dabca"]
[debug] &amp#27;[35m[WD Proxy]&amp#27;[39m Matched '/screenshot' to command name 'getScreenshot'
[debug] &amp#27;[35m[WD Proxy]&amp#27;[39m Proxying [GET /screenshot] to [GET http://127.0.0.1:8200/wd/hub/session/dedb4e09-40b2-4c5d-bb4d-1dd47b432a0c/screenshot] with no body
[debug] &amp#27;[35m[WD Proxy]&amp#27;[39m Got response with status 200: {"sessionId":"dedb4e09-40b2-4c5d-bb4d-1dd47b432a0c","value":"iVBORw0KGgoAAAANSUhEUgAABDgAAAkkCAYAAAD508+vAAAABHNCSVQICAgIfAhkiAAAIABJREFU\neJzs3Xe4FNX9x\/HPbXQuItJBQIoiiCLdAoIKVghiN0SNJsZEMQVLiopKrIn9pyKJRlFjYmJHRFSa\nIooBFJEWBCIgTXq7bff3x7nL3Z27ZWZ3Zmfn8n49z31gZmfOnp09c3bmO6fkhaWwAAAAAAAAAizf\n7wwAAAAAAABkigAHAAAAAAAIPAIcAAAAAAAg8AhwAAAAAACAwCPAAQAAAAAAAo8ABwAAAAAACDwC\nHAAAAAAAIPAIcAAAAAAAgMAjwAEAAAAAAAKPAAcAAAAAAAg8AhwAAAAAACDwCHAAAAAAAIDAI8AB\nAAAAAAACjwAHAAAAAAAIPAIcAAAAAAAg8AhwAAAAAACAwCPAAQAAAAAAAo8ABwAAAAAACDwCHAAA\nAAAAIPAIcAAAAAAAgMAjwAEAAAAAAAKPAAcAAAAAAAg8AhwAAAAAACDwCHAAAAIpJGmB35kAAEkr\nJe3wOxMAAAIcAIDg2Svpr5KekrTN57wAwDuS7pP0jd8ZAYCDXKHfGUBwfSFpZ9TySZLyfMoLAHtK\nJH0WtdxU0lE+5SVduyU9LWlZ5fJ\/JfXxLzsADnL7ZOqh\/ZIekfQLSV18zREAHLwIcCBtcyQtjFo+\nUQQ4gFxXIumFqOUhClaAo0TSM6oKbvST1MO\/7ACA6kq6Xia4sV\/SE5J+Jamdn5kCarBySbtkWnMW\nSqonqWGA0s8V+2Q+4z5JRTJ1WUMF\/36uRgU4PpM0K8U2dSU1kvny2ks6QjWzwAJATROW9IqkxZXL\n3SSNlvlRBgA\/dZJ0uaSJMjcLT0m6WdIhPuXnEUllHqX9C5nraSDblkv6VOYB627La+0k9ZR54Fqc\no+mn8q2kf2Sw\/w1K...
[debug] &amp#27;[35m[W3C (ac8bb9aa)]&amp#27;[39m Responding to client with driver.getScreenshot() result: "iVBORw0KGgoAAAANSUhEUgAABDgAAAkkCAYAAAD508+vAAAABHNCSVQICAgIfAhkiAAAIABJREFU\neJzs3Xe4FNX9x/HPbXQuItJBQIoiiCLdAoIKVghiN0SNJsZEMQVLiopKrIn9pyKJRlFjYmJHRFSa\nIooBFJEWBCIgTXq7bff3x7nL3Z27ZWZ3Zmfn8n49z31gZmfOnp09c3bmO6fkhaWwAAAAAAAAAizf\n7wwAAAAAAABkigAHAAAAAAAIPAIcAAAAAAAg8AhwAAAAAACAwCPAAQAAAAAAAo8ABwAAAAAACDwC\nHAAAAAAAIPAIcAAAAAAAgMAjwAEAAAAAAAKPAAcAAAAAAAg8AhwAAAAAACDwCHAAAAAAAIDAI8AB\nAAAAAAACjwAHAAAAAAAIPAIcAAAAAAAg8AhwAAAAAACAwCPAAQAAAAAAAo8ABwAAAAAACDwCHAAA\nAAAAIPAIcAAAAAAAgMAjwAEAAAAAAAKPAAcAAAAAAAg8AhwAAAAAACDwCHAAAAIpJGmB35kAAEkr\nJe3wOxMAAAIcAIDg2Svpr5KekrTN57wAwDuS7pP0jd8ZAYCDXKHfGUBwfSFpZ9TySZLyfMoLAHtK\nJH0WtdxU0lE+5SVduyU9LWlZ5fJ/JfXxLzsADnL7ZOqh/ZIekfQLSV18zREAHLwIcCBtcyQtjFo+\nUQQ4gFxXIumFqOUhClaAo0TSM6oKbvST1MO/7ACA6kq6Xia4sV/SE5J+Jamdn5kCarBySbtkWnMW\nSqonqWGA0s8V+2Q+4z5JRTJ1WUMF/36uRgU4PpM0K8U2dSU1kvny2ks6QjWzwAJATROW9IqkxZXL\n3SSNlvlRBgA/dZJ0uaSJMjcLT0m6WdIhPuXnEUllHqX9C5nraSDblkv6VOYB627La+0k9ZR54Fqc\no+mn8q2kf2Sw/w1KfU20U9JcSV9KWhHn9RYyD44GSGqVQV78VKMCHHsU/4tKpY+kMyS1cTc7AAAX\nfSppdu...
&amp#27;[35m[HTTP]&amp#27;[39m &amp#27;[37m<-- GET /wd/hub/session/ac8bb9aa-223a-48aa-a8e1-9d0c357dabca/screenshot &amp#27;[39m&amp#27;[32m200&amp#27;[39m &amp#27;[90m456 ms - 206734&amp#27;[39m
&amp#27;[35m[HTTP]&amp#27;[39m &amp#27;[90m&amp#27;[39m
&amp#27;[35m[HTTP]&amp#27;[39m &amp#27;[37m-->&amp#27;[39m &amp#27;[37mPOST&amp#27;[39m &amp#27;[37m/wd/hub/session/ac8bb9aa-223a-48aa-a8e1-9d0c357dabca/element&amp#27;[39m
&amp#27;[35m[HTTP]&amp#27;[39m &amp#27;[90m{"using":"id","value":"flipboard.app:id/topic_picker_continue_button"}&amp#27;[39m
[debug] &amp#27;[35m[W3C (ac8bb9aa)]&amp#27;[39m Calling AppiumDriver.findElement() with args: ["id","flipboard.app:id/topic_picker_continue_button","ac8bb9aa-223a-48aa-a8e1-9d0c357dabca"]
[debug] &amp#27;[35m[BaseDriver]&amp#27;[39m Valid locator strategies for this request: xpath, id, class name, accessibility id, -android uiautomator
[debug] &amp#27;[35m[BaseDriver]&amp#27;[39m Waiting up to 0 ms for condition
[debug] &amp#27;[35m[WD Proxy]&amp#27;[39m Matched '/element' to command name 'findElement'
[debug] &amp#27;[35m[WD Proxy]&amp#27;[39m Proxying [POST /element] to [POST http://127.0.0.1:8200/wd/hub/session/dedb4e09-40b2-4c5d-bb4d-1dd47b432a0c/element] with body: {"strategy":"id","selector":"flipboard.app:id/topic_picker_continue_button","context":"","multiple":false}
[debug] &amp#27;[35m[WD Proxy]&amp#27;[39m Got response with status 200: {"sessionId":"dedb4e09-40b2-4c5d-bb4d-1dd47b432a0c","value":{"ELEMENT":"d163f68b-ab11-4d0a-b77c-789706c350cb","element-6066-11e4-a52e-4f735466cecf":"d163f68b-ab11-4d0a-b77c-789706c350cb"}}
[debug] &amp#27;[35m[W3C (ac8bb9aa)]&amp#27;[39m Responding to client with driver.findElement() result: {"element-6066-11e4-a52e-4f735466cecf":"d163f68b-ab11-4d0a-b77c-789706c350cb","ELEMENT":"d163f68b-ab11-4d0a-b77c-789706c350cb"}
&amp#27;[35m[HTTP]&amp#27;[39m &amp#27;[37m<-- POST /wd/hub/session/ac8bb9aa-223a-48aa-a8e1-9d0c357dabca/element &amp#27;[39m&amp#27;[32m200&amp#27;[39m &amp#27;[90m174 ms - 137&amp#27;[39m
&amp#27;[35m[HTTP]&amp#27;[39m &amp#27;[90m&amp#27;[39m
&amp#27;[35m[HTTP]&amp#27;[39m &amp#27;[37m-->&amp#27;[39m &amp#27;[37mGET&amp#27;[39m &amp#27;[37m/wd/hub/session/ac8bb9aa-223a-48aa-a8e1-9d0c357dabca/element/d163f68b-ab11-4d0a-b77c-789706c350cb/displayed&amp#27;[39m
&amp#27;[35m[HTTP]&amp#27;[39m &amp#27;[90m{}&amp#27;[39m
[debug] &amp#27;[35m[W3C (ac8bb9aa)]&amp#27;[39m Calling AppiumDriver.elementDisplayed() with args: ["d163f68b-ab11-4d0a-b77c-789706c350cb","ac8bb9aa-223a-48aa-a8e1-9d0c357dabca"]
[debug] &amp#27;[35m[WD Proxy]&amp#27;[39m Matched '/element/d163f68b-ab11-4d0a-b77c-789706c350cb/attribute/displayed' to command name 'getAttribute'
[debug] &amp#27;[35m[WD Proxy]&amp#27;[39m Proxying [GET /element/d163f68b-ab11-4d0a-b77c-789706c350cb/attribute/displayed] to [GET http://127.0.0.1:8200/wd/hub/session/dedb4e09-40b2-4c5d-bb4d-1dd47b432a0c/element/d163f68b-ab11-4d0a-b77c-789706c350cb/attribute/displayed] with body: {}
[debug] &amp#27;[35m[WD Proxy]&amp#27;[39m Got response with status 200: {"sessionId":"dedb4e09-40b2-4c5d-bb4d-1dd47b432a0c","value":"true"}
[debug] &amp#27;[35m[W3C (ac8bb9aa)]&amp#27;[39m Responding to client with driver.elementDisplayed() result: true
&amp#27;[35m[HTTP]&amp#27;[39m &amp#27;[37m<-- GET /wd/hub/session/ac8bb9aa-223a-48aa-a8e1-9d0c357dabca/element/d163f68b-ab11-4d0a-b77c-789706c350cb/displayed &amp#27;[39m&amp#27;[32m200&amp#27;[39m &amp#27;[90m23 ms - 14&amp#27;[39m
&amp#27;[35m[HTTP]&amp#27;[39m &amp#27;[90m&amp#27;[39m
&amp#27;[35m[HTTP]&amp#27;[39m &amp#27;[37m-->&amp#27;[39m &amp#27;[37mPOST&amp#27;[39m &amp#27;[37m/wd/hub/session/ac8bb9aa-223a-48aa-a8e1-9d0c357dabca/element/d163f68b-ab11-4d0a-b77c-789706c350cb/click&amp#27;[39m
&amp#27;[35m[HTTP]&amp#27;[39m &amp#27;[90m{"id":"d163f68b-ab11-4d0a-b77c-789706c350cb"}&amp#27;[39m
[debug] &amp#27;[35m[W3C (ac8bb9aa)]&amp#27;[39m Calling AppiumDriver.click() with args: ["d163f68b-ab11-4d0a-b77c-789706c350cb","ac8bb9aa-223a-48aa-a8e1-9d0c357dabca"]
[debug] &amp#27;[35m[WD Proxy]&amp#27;[39m Matched '/element/d163f68b-ab11-4d0a-b77c-789706c350cb/click' to command name 'click'
[debug] &amp#27;[35m[WD Proxy]&amp#27;[39m Proxying [POST /element/d163f68b-ab11-4d0a-b77c-789706c350cb/click] to [POST http://127.0.0.1:8200/wd/hub/session/dedb4e09-40b2-4c5d-bb4d-1dd47b432a0c/element/d163f68b-ab11-4d0a-b77c-789706c350cb/click] with body: {"element":"d163f68b-ab11-4d0a-b77c-789706c350cb"}
[debug] &amp#27;[35m[WD Proxy]&amp#27;[39m Got response with status 200: {"sessionId":"dedb4e09-40b2-4c5d-bb4d-1dd47b432a0c","value":null}
[debug] &amp#27;[35m[W3C (ac8bb9aa)]&amp#27;[39m Responding to client with driver.click() result: null
&amp#27;[35m[HTTP]&amp#27;[39m &amp#27;[37m<-- POST /wd/hub/session/ac8bb9aa-223a-48aa-a8e1-9d0c357dabca/element/d163f68b-ab11-4d0a-b77c-789706c350cb/click &amp#27;[39m&amp#27;[32m200&amp#27;[39m &amp#27;[90m39 ms - 14&amp#27;[39m
&amp#27;[35m[HTTP]&amp#27;[39m &amp#27;[90m&amp#27;[39m
&amp#27;[35m[HTTP]&amp#27;[39m &amp#27;[37m-->&amp#27;[39m &amp#27;[37mGET&amp#27;[39m &amp#27;[37m/wd/hub/session/ac8bb9aa-223a-48aa-a8e1-9d0c357dabca/screenshot&amp#27;[39m
&amp#27;[35m[HTTP]&amp#27;[39m &amp#27;[90m{}&amp#27;[39m
[debug] &amp#27;[35m[W3C (ac8bb9aa)]&amp#27;[39m Calling AppiumDriver.getScreenshot() with args: ["ac8bb9aa-223a-48aa-a8e1-9d0c357dabca"]
[debug] &amp#27;[35m[WD Proxy]&amp#27;[39m Matched '/screenshot' to command name 'getScreenshot'
[debug] &amp#27;[35m[WD Proxy]&amp#27;[39m Proxying [GET /screenshot] to [GET http://127.0.0.1:8200/wd/hub/session/dedb4e09-40b2-4c5d-bb4d-1dd47b432a0c/screenshot] with no body
[debug] &amp#27;[35m[WD Proxy]&amp#27;[39m Got response with status 200: {"sessionId":"dedb4e09-40b2-4c5d-bb4d-1dd47b432a0c","value":"iVBORw0KGgoAAAANSUhEUgAABDgAAAkkCAYAAAD508+vAAAABHNCSVQICAgIfAhkiAAAIABJREFU\neJzs3Xe4FNX9x\/HPbXQuItJBQIoiiCLdAoIKVghiN0SNJsZEMQVLiopKrIn9pyKJRlFjYmJHRFSa\nIooBFJEWBCIgTXq7bff3x7nL3Z27ZWZ3Zmfn8n49z31gZmfOnp09c3bmO6fkhaWwAAAAAAAAAizf\n7wwAAAAAAABkigAHAAAAAAAIPAIcAAAAAAAg8AhwAAAAAACAwCPAAQAAAAAAAo8ABwAAAAAACDwC\nHAAAAAAAIPAIcAAAAAAAgMAjwAEAAAAAAAKPAAcAAAAAAAg8AhwAAAAAACDwCHAAAAAAAIDAI8AB\nAAAAAAACjwAHAAAAAAAIPAIcAAAAAAAg8AhwAAAAAACAwCPAAQAAAAAAAo8ABwAAAAAACDwCHAAA\nAAAAIPAIcAAAAAAAgMAjwAEAAAAAAAKPAAcAAAAAAAg8AhwAAAAAACDwCHAAAAIpJGmB35kAAEkr\nJe3wOxMAAAIcAIDg2Svpr5KekrTN57wAwDuS7pP0jd8ZAYCDXKHfGUBwfSFpZ9TySZLyfMoLAHtK\nJH0WtdxU0lE+5SVduyU9LWlZ5fJ\/JfXxLzsADnL7ZOqh\/ZIekfQLSV18zREAHLwIcCBtcyQtjFo+\nUQQ4gFxXIumFqOUhClaAo0TSM6oKbvST1MO\/7ACA6kq6Xia4sV\/SE5J+Jamdn5kCarBySbtkWnMW\nSqonqWGA0s8V+2Q+4z5JRTJ1WUMF\/36uRgU4PpM0K8U2dSU1kvny2ks6QjWzwAJATROW9IqkxZXL\n3SSNlvlRBgA\/dZJ0uaSJMjcLT0m6WdIhPuXnEUllHqX9C5nraSDblkv6VOYB627La+0k9ZR54Fqc\no+mn8q2kf2Sw\/w1K...
[debug] &amp#27;[35m[W3C (ac8bb9aa)]&amp#27;[39m Responding to client with driver.getScreenshot() result: "iVBORw0KGgoAAAANSUhEUgAABDgAAAkkCAYAAAD508+vAAAABHNCSVQICAgIfAhkiAAAIABJREFU\neJzs3Xe4FNX9x/HPbXQuItJBQIoiiCLdAoIKVghiN0SNJsZEMQVLiopKrIn9pyKJRlFjYmJHRFSa\nIooBFJEWBCIgTXq7bff3x7nL3Z27ZWZ3Zmfn8n49z31gZmfOnp09c3bmO6fkhaWwAAAAAAAAAizf\n7wwAAAAAAABkigAHAAAAAAAIPAIcAAAAAAAg8AhwAAAAAACAwCPAAQAAAAAAAo8ABwAAAAAACDwC\nHAAAAAAAIPAIcAAAAAAAgMAjwAEAAAAAAAKPAAcAAAAAAAg8AhwAAAAAACDwCHAAAAAAAIDAI8AB\nAAAAAAACjwAHAAAAAAAIPAIcAAAAAAAg8AhwAAAAAACAwCPAAQAAAAAAAo8ABwAAAAAACDwCHAAA\nAAAAIPAIcAAAAAAAgMAjwAEAAAAAAAKPAAcAAAAAAAg8AhwAAAAAACDwCHAAAAIpJGmB35kAAEkr\nJe3wOxMAAAIcAIDg2Svpr5KekrTN57wAwDuS7pP0jd8ZAYCDXKHfGUBwfSFpZ9TySZLyfMoLAHtK\nJH0WtdxU0lE+5SVduyU9LWlZ5fJ/JfXxLzsADnL7ZOqh/ZIekfQLSV18zREAHLwIcCBtcyQtjFo+\nUQQ4gFxXIumFqOUhClaAo0TSM6oKbvST1MO/7ACA6kq6Xia4sV/SE5J+Jamdn5kCarBySbtkWnMW\nSqonqWGA0s8V+2Q+4z5JRTJ1WUMF/36uRgU4PpM0K8U2dSU1kvny2ks6QjWzwAJATROW9IqkxZXL\n3SSNlvlRBgA/dZJ0uaSJMjcLT0m6WdIhPuXnEUllHqX9C5nraSDblkv6VOYB627La+0k9ZR54Fqc\no+mn8q2kf2Sw/w1KfU20U9JcSV9KWhHn9RYyD44GSGqVQV78VKMCHHsU/4tKpY+kMyS1cTc7AAAX\nfSppdu...
&amp#27;[35m[HTTP]&amp#27;[39m &amp#27;[37m<-- GET /wd/hub/session/ac8bb9aa-223a-48aa-a8e1-9d0c357dabca/screenshot &amp#27;[39m&amp#27;[32m200&amp#27;[39m &amp#27;[90m514 ms - 202858&amp#27;[39m
&amp#27;[35m[HTTP]&amp#27;[39m &amp#27;[90m&amp#27;[39m
&amp#27;[35m[HTTP]&amp#27;[39m &amp#27;[37m-->&amp#27;[39m &amp#27;[37mPOST&amp#27;[39m &amp#27;[37m/wd/hub/session/ac8bb9aa-223a-48aa-a8e1-9d0c357dabca/element&amp#27;[39m
&amp#27;[35m[HTTP]&amp#27;[39m &amp#27;[90m{"using":"id","value":"flipboard.app:id/icon_button_text"}&amp#27;[39m
[debug] &amp#27;[35m[W3C (ac8bb9aa)]&amp#27;[39m Calling AppiumDriver.findElement() with args: ["id","flipboard.app:id/icon_button_text","ac8bb9aa-223a-48aa-a8e1-9d0c357dabca"]
[debug] &amp#27;[35m[BaseDriver]&amp#27;[39m Valid locator strategies for this request: xpath, id, class name, accessibility id, -android uiautomator
[debug] &amp#27;[35m[BaseDriver]&amp#27;[39m Waiting up to 0 ms for condition
[debug] &amp#27;[35m[WD Proxy]&amp#27;[39m Matched '/element' to command name 'findElement'
[debug] &amp#27;[35m[WD Proxy]&amp#27;[39m Proxying [POST /element] to [POST http://127.0.0.1:8200/wd/hub/session/dedb4e09-40b2-4c5d-bb4d-1dd47b432a0c/element] with body: {"strategy":"id","selector":"flipboard.app:id/icon_button_text","context":"","multiple":false}
[debug] &amp#27;[35m[WD Proxy]&amp#27;[39m Got response with status 200: {"sessionId":"dedb4e09-40b2-4c5d-bb4d-1dd47b432a0c","value":{"ELEMENT":"8bdc7e36-9530-4059-98f2-5aee2ebda0e1","element-6066-11e4-a52e-4f735466cecf":"8bdc7e36-9530-4059-98f2-5aee2ebda0e1"}}
[debug] &amp#27;[35m[W3C (ac8bb9aa)]&amp#27;[39m Responding to client with driver.findElement() result: {"element-6066-11e4-a52e-4f735466cecf":"8bdc7e36-9530-4059-98f2-5aee2ebda0e1","ELEMENT":"8bdc7e36-9530-4059-98f2-5aee2ebda0e1"}
&amp#27;[35m[HTTP]&amp#27;[39m &amp#27;[37m<-- POST /wd/hub/session/ac8bb9aa-223a-48aa-a8e1-9d0c357dabca/element &amp#27;[39m&amp#27;[32m200&amp#27;[39m &amp#27;[90m298 ms - 137&amp#27;[39m
&amp#27;[35m[HTTP]&amp#27;[39m &amp#27;[90m&amp#27;[39m
&amp#27;[35m[HTTP]&amp#27;[39m &amp#27;[37m-->&amp#27;[39m &amp#27;[37mGET&amp#27;[39m &amp#27;[37m/wd/hub/session/ac8bb9aa-223a-48aa-a8e1-9d0c357dabca/element/8bdc7e36-9530-4059-98f2-5aee2ebda0e1/displayed&amp#27;[39m
&amp#27;[35m[HTTP]&amp#27;[39m &amp#27;[90m{}&amp#27;[39m
[debug] &amp#27;[35m[W3C (ac8bb9aa)]&amp#27;[39m Calling AppiumDriver.elementDisplayed() with args: ["8bdc7e36-9530-4059-98f2-5aee2ebda0e1","ac8bb9aa-223a-48aa-a8e1-9d0c357dabca"]
[debug] &amp#27;[35m[WD Proxy]&amp#27;[39m Matched '/element/8bdc7e36-9530-4059-98f2-5aee2ebda0e1/attribute/displayed' to command name 'getAttribute'
[debug] &amp#27;[35m[WD Proxy]&amp#27;[39m Proxying [GET /element/8bdc7e36-9530-4059-98f2-5aee2ebda0e1/attribute/displayed] to [GET http://127.0.0.1:8200/wd/hub/session/dedb4e09-40b2-4c5d-bb4d-1dd47b432a0c/element/8bdc7e36-9530-4059-98f2-5aee2ebda0e1/attribute/displayed] with body: {}
[debug] &amp#27;[35m[WD Proxy]&amp#27;[39m Got response with status 200: {"sessionId":"dedb4e09-40b2-4c5d-bb4d-1dd47b432a0c","value":"true"}
[debug] &amp#27;[35m[W3C (ac8bb9aa)]&amp#27;[39m Responding to client with driver.elementDisplayed() result: true
&amp#27;[35m[HTTP]&amp#27;[39m &amp#27;[37m<-- GET /wd/hub/session/ac8bb9aa-223a-48aa-a8e1-9d0c357dabca/element/8bdc7e36-9530-4059-98f2-5aee2ebda0e1/displayed &amp#27;[39m&amp#27;[32m200&amp#27;[39m &amp#27;[90m26 ms - 14&amp#27;[39m
&amp#27;[35m[HTTP]&amp#27;[39m &amp#27;[90m&amp#27;[39m
&amp#27;[35m[HTTP]&amp#27;[39m &amp#27;[37m-->&amp#27;[39m &amp#27;[37mPOST&amp#27;[39m &amp#27;[37m/wd/hub/session/ac8bb9aa-223a-48aa-a8e1-9d0c357dabca/element/8bdc7e36-9530-4059-98f2-5aee2ebda0e1/click&amp#27;[39m
&amp#27;[35m[HTTP]&amp#27;[39m &amp#27;[90m{"id":"8bdc7e36-9530-4059-98f2-5aee2ebda0e1"}&amp#27;[39m
[debug] &amp#27;[35m[W3C (ac8bb9aa)]&amp#27;[39m Calling AppiumDriver.click() with args: ["8bdc7e36-9530-4059-98f2-5aee2ebda0e1","ac8bb9aa-223a-48aa-a8e1-9d0c357dabca"]
[debug] &amp#27;[35m[WD Proxy]&amp#27;[39m Matched '/element/8bdc7e36-9530-4059-98f2-5aee2ebda0e1/click' to command name 'click'
[debug] &amp#27;[35m[WD Proxy]&amp#27;[39m Proxying [POST /element/8bdc7e36-9530-4059-98f2-5aee2ebda0e1/click] to [POST http://127.0.0.1:8200/wd/hub/session/dedb4e09-40b2-4c5d-bb4d-1dd47b432a0c/element/8bdc7e36-9530-4059-98f2-5aee2ebda0e1/click] with body: {"element":"8bdc7e36-9530-4059-98f2-5aee2ebda0e1"}
[debug] &amp#27;[35m[WD Proxy]&amp#27;[39m Got response with status 200: {"sessionId":"dedb4e09-40b2-4c5d-bb4d-1dd47b432a0c","value":null}
[debug] &amp#27;[35m[W3C (ac8bb9aa)]&amp#27;[39m Responding to client with driver.click() result: null
&amp#27;[35m[HTTP]&amp#27;[39m &amp#27;[37m<-- POST /wd/hub/session/ac8bb9aa-223a-48aa-a8e1-9d0c357dabca/element/8bdc7e36-9530-4059-98f2-5aee2ebda0e1/click &amp#27;[39m&amp#27;[32m200&amp#27;[39m &amp#27;[90m40 ms - 14&amp#27;[39m
&amp#27;[35m[HTTP]&amp#27;[39m &amp#27;[90m&amp#27;[39m
&amp#27;[35m[HTTP]&amp#27;[39m &amp#27;[37m-->&amp#27;[39m &amp#27;[37mGET&amp#27;[39m &amp#27;[37m/wd/hub/session/ac8bb9aa-223a-48aa-a8e1-9d0c357dabca/screenshot&amp#27;[39m
&amp#27;[35m[HTTP]&amp#27;[39m &amp#27;[90m{}&amp#27;[39m
[debug] &amp#27;[35m[W3C (ac8bb9aa)]&amp#27;[39m Calling AppiumDriver.getScreenshot() with args: ["ac8bb9aa-223a-48aa-a8e1-9d0c357dabca"]
[debug] &amp#27;[35m[WD Proxy]&amp#27;[39m Matched '/screenshot' to command name 'getScreenshot'
[debug] &amp#27;[35m[WD Proxy]&amp#27;[39m Proxying [GET /screenshot] to [GET http://127.0.0.1:8200/wd/hub/session/dedb4e09-40b2-4c5d-bb4d-1dd47b432a0c/screenshot] with no body
[debug] &amp#27;[35m[WD Proxy]&amp#27;[39m Got response with status 200: {"sessionId":"dedb4e09-40b2-4c5d-bb4d-1dd47b432a0c","value":"iVBORw0KGgoAAAANSUhEUgAABDgAAAkkCAYAAAD508+vAAAABHNCSVQICAgIfAhkiAAAIABJREFU\neJzs3Xl8HOd95\/lvNQ4CIImDBEACJECAokRSokhKpCRLsi1TkhVajnyvk2ySySQz42SSyc5mZ\/Pa\n2X3tzmt3ktns7JU4yUwO55hkckyUjSxLiixbjCTLEk1R4imZ932TAHHfBLr3jwdNdBf6qKqu6qoC\nP+\/XCy+yu6uqn65+6umqXz3P77FSUkoAAAAAAAAxlgi7AAAAAAAAAKUiwAEAAAAAAGKPAAcAAAAA\nAIg9AhwAAAAAACD2CHAAAAAAAIDYI8ABAAAAAABijwAHAAAAAACIPQIcAAAAAAAg9ghwAAAAAACA\n2CPAAQAAAAAAYo8ABwAAAAAAiD0CHAAAAAAAIPYIcAAAAAAAgNgjwAEAAAAAAGKPAAcAAAAAAIg9\nAhwAAAAAACD2CHAAAAAAAIDYI8ABAAAAAABijwAHAAAAAACIPQIcAAAAAAAg9ghwAAAAAACA2CPA\nAQAAAAAAYo8ABwAAAAAAiD0CHACAWEpKOhB2IQBA0mlJg2EXAgBAgAMAED9jkv5Y0u9L6g+5LADw\nqqR\/L+lM2AUBgDtcZdgFQHwdkjSU8fjjkqyQygLAmUlJezMet0jaEFJZvBqR9IeSjs8+PiXpofCK\nA+AONy7TDk1I+rqkX5J0T6glAoA7FwEOeLZb0sGMx4+LAAcQdZOS\/iLj8ZOKV4BjUtKfaC648Yik\nzeEVBwBUK+mXZYIbE5L+o6RfkbQmzEIBC9i0pGGZ3pyVkuokLY3R9qNiXOYzjkuqkmnLlir+13ML\nKsCxV9LbRZapldQg8+V1SVqrhVlhAWChSUn6W0k\/nH18n6SflvlRBoAwrZP0M5K+IXOx8PuS\/gdJ\njSGV5+uSbgW07V+SO...
[debug] &amp#27;[35m[W3C (ac8bb9aa)]&amp#27;[39m Responding to client with driver.getScreenshot() result: "iVBORw0KGgoAAAANSUhEUgAABDgAAAkkCAYAAAD508+vAAAABHNCSVQICAgIfAhkiAAAIABJREFU\neJzs3Xl8HOd95/lvNQ4CIImDBEACJECAokRSokhKpCRLsi1TkhVajnyvk2ySySQz42SSyc5mZ/Pa\n2X3tzmt3ktns7JU4yUwO55hkckyUjSxLiixbjCTLEk1R4imZ932TAHHfBLr3jwdNdBf6qKqu6qoC\nP+/XCy+yu6uqn65+6umqXz3P77FSUkoAAAAAAAAxlgi7AAAAAAAAAKUiwAEAAAAAAGKPAAcAAAAA\nAIg9AhwAAAAAACD2CHAAAAAAAIDYI8ABAAAAAABijwAHAAAAAACIPQIcAAAAAAAg9ghwAAAAAACA\n2CPAAQAAAAAAYo8ABwAAAAAAiD0CHAAAAAAAIPYIcAAAAAAAgNgjwAEAAAAAAGKPAAcAAAAAAIg9\nAhwAAAAAACD2CHAAAAAAAIDYI8ABAAAAAABijwAHAAAAAACIPQIcAAAAAAAg9ghwAAAAAACA2CPA\nAQAAAAAAYo8ABwAAAAAAiD0CHACAWEpKOhB2IQBA0mlJg2EXAgBAgAMAED9jkv5Y0u9L6g+5LADw\nqqR/L+lM2AUBgDtcZdgFQHwdkjSU8fjjkqyQygLAmUlJezMet0jaEFJZvBqR9IeSjs8+PiXpofCK\nA+AONy7TDk1I+rqkX5J0T6glAoA7FwEOeLZb0sGMx4+LAAcQdZOS/iLj8ZOKV4BjUtKfaC648Yik\nzeEVBwBUK+mXZYIbE5L+o6RfkbQmzEIBC9i0pGGZ3pyVkuokLY3R9qNiXOYzjkuqkmnLlir+13ML\nKsCxV9LbRZapldQg8+V1SVqrhVlhAWChSUn6W0k/nH18n6SflvlRBoAwrZP0M5K+IXOx8PuS/gdJ\njSGV5+uSbgW07V+SOZ8Gyu2EpPdkbrCO2F5bI+kBmRuu9RHdfjEXJf1NCev/SxU/JxqStEfSYUkn\nc7y+Uu...
&amp#27;[35m[HTTP]&amp#27;[39m &amp#27;[37m<-- GET /wd/hub/session/ac8bb9aa-223a-48aa-a8e1-9d0c357dabca/screenshot &amp#27;[39m&amp#27;[32m200&amp#27;[39m &amp#27;[90m416 ms - 175508&amp#27;[39m
&amp#27;[35m[HTTP]&amp#27;[39m &amp#27;[90m&amp#27;[39m
&amp#27;[35m[HTTP]&amp#27;[39m &amp#27;[37m-->&amp#27;[39m &amp#27;[37mPOST&amp#27;[39m &amp#27;[37m/wd/hub/session/ac8bb9aa-223a-48aa-a8e1-9d0c357dabca/elements&amp#27;[39m
&amp#27;[35m[HTTP]&amp#27;[39m &amp#27;[90m{"using":"id","value":"flipboard.app:id/bottom_nav_view_icon"}&amp#27;[39m
[debug] &amp#27;[35m[W3C (ac8bb9aa)]&amp#27;[39m Calling AppiumDriver.findElements() with args: ["id","flipboard.app:id/bottom_nav_view_icon","ac8bb9aa-223a-48aa-a8e1-9d0c357dabca"]
[debug] &amp#27;[35m[BaseDriver]&amp#27;[39m Valid locator strategies for this request: xpath, id, class name, accessibility id, -android uiautomator
[debug] &amp#27;[35m[BaseDriver]&amp#27;[39m Waiting up to 0 ms for condition
[debug] &amp#27;[35m[WD Proxy]&amp#27;[39m Matched '/elements' to command name 'findElements'
[debug] &amp#27;[35m[WD Proxy]&amp#27;[39m Proxying [POST /elements] to [POST http://127.0.0.1:8200/wd/hub/session/dedb4e09-40b2-4c5d-bb4d-1dd47b432a0c/elements] with body: {"strategy":"id","selector":"flipboard.app:id/bottom_nav_view_icon","context":"","multiple":true}
[debug] &amp#27;[35m[WD Proxy]&amp#27;[39m Got response with status 200: {"sessionId":"dedb4e09-40b2-4c5d-bb4d-1dd47b432a0c","value":[{"ELEMENT":"f8194f29-4e21-4948-9146-3836e4ffb787","element-6066-11e4-a52e-4f735466cecf":"f8194f29-4e21-4948-9146-3836e4ffb787"},{"ELEMENT":"38f77b21-e392-4952-81b4-f3aca2bad26c","element-6066-11e4-a52e-4f735466cecf":"38f77b21-e392-4952-81b4-f3aca2bad26c"},{"ELEMENT":"451d339e-2fee-4a27-a2af-c848181f9e37","element-6066-11e4-a52e-4f735466cecf":"451d339e-2fee-4a27-a2af-c848181f9e37"},{"ELEMENT":"01cb2a38-84ab-4a36-a0e2-c79a10993dd7","element-6066-11e4-a52e-4f735466cecf":"01cb2a38-84ab-4a36-a0e2-c79a10993dd7"},{"ELEMENT":"9089b594-d038-4fe0-8116-2f9ccd455af8","element-6066-11e4-a52e-4f735466cecf":"9089b594-d038-4fe0-8116-2f9ccd455af8"}]}
[debug] &amp#27;[35m[W3C (ac8bb9aa)]&amp#27;[39m Responding to client with driver.findElements() result: [{"element-6066-11e4-a52e-4f735466cecf":"f8194f29-4e21-4948-9146-3836e4ffb787","ELEMENT":"f8194f29-4e21-4948-9146-3836e4ffb787"},{"element-6066-11e4-a52e-4f735466cecf":"38f77b21-e392-4952-81b4-f3aca2bad26c","ELEMENT":"38f77b21-e392-4952-81b4-f3aca2bad26c"},{"element-6066-11e4-a52e-4f735466cecf":"451d339e-2fee-4a27-a2af-c848181f9e37","ELEMENT":"451d339e-2fee-4a27-a2af-c848181f9e37"},{"element-6066-11e4-a52e-4f735466cecf":"01cb2a38-84ab-4a36-a0e2-c79a10993dd7","ELEMENT":"01cb2a38-84ab-4a36-a0e2-c79a10993dd7"},{"element-6066-11e4-a52e-4f735466cecf":"9089b594-d038-4fe0-8116-2f9ccd455af8","ELEMENT":"9089b594-d038-4fe0-8116-2f9ccd455af8"}]
&amp#27;[35m[HTTP]&amp#27;[39m &amp#27;[37m<-- POST /wd/hub/session/ac8bb9aa-223a-48aa-a8e1-9d0c357dabca/elements &amp#27;[39m&amp#27;[32m200&amp#27;[39m &amp#27;[90m2884 ms - 651&amp#27;[39m
&amp#27;[35m[HTTP]&amp#27;[39m &amp#27;[90m&amp#27;[39m
&amp#27;[35m[HTTP]&amp#27;[39m &amp#27;[37m-->&amp#27;[39m &amp#27;[37mGET&amp#27;[39m &amp#27;[37m/wd/hub/session/ac8bb9aa-223a-48aa-a8e1-9d0c357dabca/element/f8194f29-4e21-4948-9146-3836e4ffb787/displayed&amp#27;[39m
&amp#27;[35m[HTTP]&amp#27;[39m &amp#27;[90m{}&amp#27;[39m
[debug] &amp#27;[35m[W3C (ac8bb9aa)]&amp#27;[39m Calling AppiumDriver.elementDisplayed() with args: ["f8194f29-4e21-4948-9146-3836e4ffb787","ac8bb9aa-223a-48aa-a8e1-9d0c357dabca"]
[debug] &amp#27;[35m[WD Proxy]&amp#27;[39m Matched '/element/f8194f29-4e21-4948-9146-3836e4ffb787/attribute/displayed' to command name 'getAttribute'
[debug] &amp#27;[35m[WD Proxy]&amp#27;[39m Proxying [GET /element/f8194f29-4e21-4948-9146-3836e4ffb787/attribute/displayed] to [GET http://127.0.0.1:8200/wd/hub/session/dedb4e09-40b2-4c5d-bb4d-1dd47b432a0c/element/f8194f29-4e21-4948-9146-3836e4ffb787/attribute/displayed] with body: {}
[debug] &amp#27;[35m[WD Proxy]&amp#27;[39m Got response with status 200: {"sessionId":"dedb4e09-40b2-4c5d-bb4d-1dd47b432a0c","value":"true"}
[debug] &amp#27;[35m[W3C (ac8bb9aa)]&amp#27;[39m Responding to client with driver.elementDisplayed() result: true
&amp#27;[35m[HTTP]&amp#27;[39m &amp#27;[37m<-- GET /wd/hub/session/ac8bb9aa-223a-48aa-a8e1-9d0c357dabca/element/f8194f29-4e21-4948-9146-3836e4ffb787/displayed &amp#27;[39m&amp#27;[32m200&amp#27;[39m &amp#27;[90m2963 ms - 14&amp#27;[39m
&amp#27;[35m[HTTP]&amp#27;[39m &amp#27;[90m&amp#27;[39m
&amp#27;[35m[HTTP]&amp#27;[39m &amp#27;[37m-->&amp#27;[39m &amp#27;[37mPOST&amp#27;[39m &amp#27;[37m/wd/hub/session/ac8bb9aa-223a-48aa-a8e1-9d0c357dabca/element/451d339e-2fee-4a27-a2af-c848181f9e37/click&amp#27;[39m
&amp#27;[35m[HTTP]&amp#27;[39m &amp#27;[90m{"id":"451d339e-2fee-4a27-a2af-c848181f9e37"}&amp#27;[39m
[debug] &amp#27;[35m[W3C (ac8bb9aa)]&amp#27;[39m Calling AppiumDriver.click() with args: ["451d339e-2fee-4a27-a2af-c848181f9e37","ac8bb9aa-223a-48aa-a8e1-9d0c357dabca"]
[debug] &amp#27;[35m[WD Proxy]&amp#27;[39m Matched '/element/451d339e-2fee-4a27-a2af-c848181f9e37/click' to command name 'click'
[debug] &amp#27;[35m[WD Proxy]&amp#27;[39m Proxying [POST /element/451d339e-2fee-4a27-a2af-c848181f9e37/click] to [POST http://127.0.0.1:8200/wd/hub/session/dedb4e09-40b2-4c5d-bb4d-1dd47b432a0c/element/451d339e-2fee-4a27-a2af-c848181f9e37/click] with body: {"element":"451d339e-2fee-4a27-a2af-c848181f9e37"}
[debug] &amp#27;[35m[WD Proxy]&amp#27;[39m Got response with status 200: {"sessionId":"dedb4e09-40b2-4c5d-bb4d-1dd47b432a0c","value":null}
[debug] &amp#27;[35m[W3C (ac8bb9aa)]&amp#27;[39m Responding to client with driver.click() result: null
&amp#27;[35m[HTTP]&amp#27;[39m &amp#27;[37m<-- POST /wd/hub/session/ac8bb9aa-223a-48aa-a8e1-9d0c357dabca/element/451d339e-2fee-4a27-a2af-c848181f9e37/click &amp#27;[39m&amp#27;[32m200&amp#27;[39m &amp#27;[90m46 ms - 14&amp#27;[39m
&amp#27;[35m[HTTP]&amp#27;[39m &amp#27;[90m&amp#27;[39m
&amp#27;[35m[HTTP]&amp#27;[39m &amp#27;[37m-->&amp#27;[39m &amp#27;[37mGET&amp#27;[39m &amp#27;[37m/wd/hub/session/ac8bb9aa-223a-48aa-a8e1-9d0c357dabca/screenshot&amp#27;[39m
&amp#27;[35m[HTTP]&amp#27;[39m &amp#27;[90m{}&amp#27;[39m
[debug] &amp#27;[35m[W3C (ac8bb9aa)]&amp#27;[39m Calling AppiumDriver.getScreenshot() with args: ["ac8bb9aa-223a-48aa-a8e1-9d0c357dabca"]
[debug] &amp#27;[35m[WD Proxy]&amp#27;[39m Matched '/screenshot' to command name 'getScreenshot'
[debug] &amp#27;[35m[WD Proxy]&amp#27;[39m Proxying [GET /screenshot] to [GET http://127.0.0.1:8200/wd/hub/session/dedb4e09-40b2-4c5d-bb4d-1dd47b432a0c/screenshot] with no body
[debug] &amp#27;[35m[WD Proxy]&amp#27;[39m Got response with status 200: {"sessionId":"dedb4e09-40b2-4c5d-bb4d-1dd47b432a0c","value":"iVBORw0KGgoAAAANSUhEUgAABDgAAAkkCAYAAAD508+vAAAABHNCSVQICAgIfAhkiAAAIABJREFU\neJzs3Xl8VOXd\/\/93EkJCTAj7rsgiqICAGwVRW4SKW0Ww2tbiLVXR2vbu3X2\/H7\/bql3u1moLLt\/e\nVq11KbWKu6K1uFGktiCIosgqIBL2xCwkJL8\/rgyZOZlJZq45Z865wuv5eOQBZzLXda6cuc4153zO\nteQ1SU0CAAAAAABwWH7YBQAAAAAAAMgWAQ4AAAAAAOA8AhwAAAAAAMB5BDgAAAAAAIDzCHAAAAAA\nAADnEeAAAAAAAADOI8ABAAAAAACcR4ADAAAAAAA4jwAHAAAAAABwHgEOAAAAAADgPAIcAAAAAADA\neQQ4AAAAAACA8whwAAAAAAAA5xHgAAAAAAAAziPAAQAAAAAAnEeAAwAAAAAAOI8ABwAAAAAAcB4B\nDgAAAAAA4DwCHAAAAAAAwHkEOAAAAAAAgPMIcAAAAAAAAOcR4AAAAAAAAM4jwAEAAAAAAJxHgAMA\n4KRGScvDLgQASFonaV\/YhQAAEOAAALinWtJdku6QtCfksgDA05J+IWl92AUBgMNcp7ALAHe9KWl\/\n3PZkSXkhlQVAeuokLYvb7i3p2JDKYqtK0v+T9G7z9vuSTgmvOAAOczUy7VCtpFslfUXSiFBLBACH\nLwIcsLZE0oq47dNEgAOIujpJf4rbniK3Ahx1kv6gluDGBEknhFccAFAXSV+TCW7USrpN0jckDQ6z\nUEAH1iCpUqY3ZydJJZLKHMo\/Kmpk\/sYaSYUybVmZ3L+f61ABjmWSXm7nPV0klct8eEdLGqqOWWEB\noKNpkvQXSaubt0dJmi3zpQwAYRou6T8k\/V7mZuEOSd+T1C2k8twqqT6gvL8icz0N5Np7kl6XecBa\n5fndYEnjZR64d...
[debug] &amp#27;[35m[W3C (ac8bb9aa)]&amp#27;[39m Responding to client with driver.getScreenshot() result: "iVBORw0KGgoAAAANSUhEUgAABDgAAAkkCAYAAAD508+vAAAABHNCSVQICAgIfAhkiAAAIABJREFU\neJzs3Xl8VOXd//93EkJCTAj7rsgiqICAGwVRW4SKW0Ww2tbiLVXR2vbu3X2/H7/bql3u1moLLt/e\nVq11KbWKu6K1uFGktiCIosgqIBL2xCwkJL8/rgyZOZlJZq45Z865wuv5eOQBZzLXda6cuc4153zO\nteQ1SU0CAAAAAABwWH7YBQAAAAAAAMgWAQ4AAAAAAOA8AhwAAAAAAMB5BDgAAAAAAIDzCHAAAAAA\nAADnEeAAAAAAAADOI8ABAAAAAACcR4ADAAAAAAA4jwAHAAAAAABwHgEOAAAAAADgPAIcAAAAAADA\neQQ4AAAAAACA8whwAAAAAAAA5xHgAAAAAAAAziPAAQAAAAAAnEeAAwAAAAAAOI8ABwAAAAAAcB4B\nDgAAAAAA4DwCHAAAAAAAwHkEOAAAAAAAgPMIcAAAAAAAAOcR4AAAAAAAAM4jwAEAAAAAAJxHgAMA\n4KRGScvDLgQASFonaV/YhQAAEOAAALinWtJdku6QtCfksgDA05J+IWl92AUBgMNcp7ALAHe9KWl/\n3PZkSXkhlQVAeuokLYvb7i3p2JDKYqtK0v+T9G7z9vuSTgmvOAAOczUy7VCtpFslfUXSiFBLBACH\nLwIcsLZE0oq47dNEgAOIujpJf4rbniK3Ahx1kv6gluDGBEknhFccAFAXSV+TCW7USrpN0jckDQ6z\nUEAH1iCpUqY3ZydJJZLKHMo/Kmpk/sYaSYUybVmZ3L+f61ABjmWSXm7nPV0klct8eEdLGqqOWWEB\noKNpkvQXSaubt0dJmi3zpQwAYRou6T8k/V7mZuEOSd+T1C2k8twqqT6gvL8icz0N5Np7kl6XecBa\n5fndYEnjZR64do1o/u35QNKfs0j/dbV/TbRf0lJJKyWtTfL7fjIPjiZKGpBFWcLUoQIcHyv5B9We\nUyRNlz...
&amp#27;[35m[HTTP]&amp#27;[39m &amp#27;[37m<-- GET /wd/hub/session/ac8bb9aa-223a-48aa-a8e1-9d0c357dabca/screenshot &amp#27;[39m&amp#27;[32m200&amp#27;[39m &amp#27;[90m457 ms - 183846&amp#27;[39m
&amp#27;[35m[HTTP]&amp#27;[39m &amp#27;[90m&amp#27;[39m
&amp#27;[35m[HTTP]&amp#27;[39m &amp#27;[37m-->&amp#27;[39m &amp#27;[37mPOST&amp#27;[39m &amp#27;[37m/wd/hub/session/ac8bb9aa-223a-48aa-a8e1-9d0c357dabca/timeouts&amp#27;[39m
&amp#27;[35m[HTTP]&amp#27;[39m &amp#27;[90m{"implicit":0}&amp#27;[39m
[debug] &amp#27;[35m[W3C (ac8bb9aa)]&amp#27;[39m Calling AppiumDriver.timeouts() with args: [null,null,null,null,0,"ac8bb9aa-223a-48aa-a8e1-9d0c357dabca"]
[debug] &amp#27;[35m[BaseDriver]&amp#27;[39m W3C timeout argument: {"implicit":0}}
[debug] &amp#27;[35m[BaseDriver]&amp#27;[39m Set implicit wait to 0ms
[debug] &amp#27;[35m[W3C (ac8bb9aa)]&amp#27;[39m Responding to client with driver.timeouts() result: null
&amp#27;[35m[HTTP]&amp#27;[39m &amp#27;[37m<-- POST /wd/hub/session/ac8bb9aa-223a-48aa-a8e1-9d0c357dabca/timeouts &amp#27;[39m&amp#27;[32m200&amp#27;[39m &amp#27;[90m1 ms - 14&amp#27;[39m
&amp#27;[35m[HTTP]&amp#27;[39m &amp#27;[90m&amp#27;[39m
&amp#27;[35m[HTTP]&amp#27;[39m &amp#27;[37m-->&amp#27;[39m &amp#27;[37mPOST&amp#27;[39m &amp#27;[37m/wd/hub/session/ac8bb9aa-223a-48aa-a8e1-9d0c357dabca/element&amp#27;[39m
&amp#27;[35m[HTTP]&amp#27;[39m &amp#27;[90m{"using":"id","value":"flipboard.app:id/search_box_place_holder"}&amp#27;[39m
[debug] &amp#27;[35m[W3C (ac8bb9aa)]&amp#27;[39m Calling AppiumDriver.findElement() with args: ["id","flipboard.app:id/search_box_place_holder","ac8bb9aa-223a-48aa-a8e1-9d0c357dabca"]
[debug] &amp#27;[35m[BaseDriver]&amp#27;[39m Valid locator strategies for this request: xpath, id, class name, accessibility id, -android uiautomator
[debug] &amp#27;[35m[BaseDriver]&amp#27;[39m Waiting up to 0 ms for condition
[debug] &amp#27;[35m[WD Proxy]&amp#27;[39m Matched '/element' to command name 'findElement'
[debug] &amp#27;[35m[WD Proxy]&amp#27;[39m Proxying [POST /element] to [POST http://127.0.0.1:8200/wd/hub/session/dedb4e09-40b2-4c5d-bb4d-1dd47b432a0c/element] with body: {"strategy":"id","selector":"flipboard.app:id/search_box_place_holder","context":"","multiple":false}
[debug] &amp#27;[35m[WD Proxy]&amp#27;[39m Got response with status 200: {"sessionId":"dedb4e09-40b2-4c5d-bb4d-1dd47b432a0c","value":{"ELEMENT":"41be1115-341a-46ee-8193-fbc2e6238d13","element-6066-11e4-a52e-4f735466cecf":"41be1115-341a-46ee-8193-fbc2e6238d13"}}
[debug] &amp#27;[35m[W3C (ac8bb9aa)]&amp#27;[39m Responding to client with driver.findElement() result: {"element-6066-11e4-a52e-4f735466cecf":"41be1115-341a-46ee-8193-fbc2e6238d13","ELEMENT":"41be1115-341a-46ee-8193-fbc2e6238d13"}
&amp#27;[35m[HTTP]&amp#27;[39m &amp#27;[37m<-- POST /wd/hub/session/ac8bb9aa-223a-48aa-a8e1-9d0c357dabca/element &amp#27;[39m&amp#27;[32m200&amp#27;[39m &amp#27;[90m3039 ms - 137&amp#27;[39m
&amp#27;[35m[HTTP]&amp#27;[39m &amp#27;[90m&amp#27;[39m
&amp#27;[35m[HTTP]&amp#27;[39m &amp#27;[37m-->&amp#27;[39m &amp#27;[37mPOST&amp#27;[39m &amp#27;[37m/wd/hub/session/ac8bb9aa-223a-48aa-a8e1-9d0c357dabca/timeouts&amp#27;[39m
&amp#27;[35m[HTTP]&amp#27;[39m &amp#27;[90m{"implicit":2000}&amp#27;[39m
[debug] &amp#27;[35m[W3C (ac8bb9aa)]&amp#27;[39m Calling AppiumDriver.timeouts() with args: [null,null,null,null,2000,"ac8bb9aa-223a-48aa-a8e1-9d0c357dabca"]
[debug] &amp#27;[35m[BaseDriver]&amp#27;[39m W3C timeout argument: {"implicit":2000}}
[debug] &amp#27;[35m[BaseDriver]&amp#27;[39m Set implicit wait to 2000ms
[debug] &amp#27;[35m[W3C (ac8bb9aa)]&amp#27;[39m Responding to client with driver.timeouts() result: null
&amp#27;[35m[HTTP]&amp#27;[39m &amp#27;[37m<-- POST /wd/hub/session/ac8bb9aa-223a-48aa-a8e1-9d0c357dabca/timeouts &amp#27;[39m&amp#27;[32m200&amp#27;[39m &amp#27;[90m2 ms - 14&amp#27;[39m
&amp#27;[35m[HTTP]&amp#27;[39m &amp#27;[90m&amp#27;[39m
&amp#27;[35m[HTTP]&amp#27;[39m &amp#27;[37m-->&amp#27;[39m &amp#27;[37mPOST&amp#27;[39m &amp#27;[37m/wd/hub/session/ac8bb9aa-223a-48aa-a8e1-9d0c357dabca/timeouts&amp#27;[39m
&amp#27;[35m[HTTP]&amp#27;[39m &amp#27;[90m{"implicit":0}&amp#27;[39m
[debug] &amp#27;[35m[W3C (ac8bb9aa)]&amp#27;[39m Calling AppiumDriver.timeouts() with args: [null,null,null,null,0,"ac8bb9aa-223a-48aa-a8e1-9d0c357dabca"]
[debug] &amp#27;[35m[BaseDriver]&amp#27;[39m W3C timeout argument: {"implicit":0}}
[debug] &amp#27;[35m[BaseDriver]&amp#27;[39m Set implicit wait to 0ms
[debug] &amp#27;[35m[W3C (ac8bb9aa)]&amp#27;[39m Responding to client with driver.timeouts() result: null
&amp#27;[35m[HTTP]&amp#27;[39m &amp#27;[37m<-- POST /wd/hub/session/ac8bb9aa-223a-48aa-a8e1-9d0c357dabca/timeouts &amp#27;[39m&amp#27;[32m200&amp#27;[39m &amp#27;[90m1 ms - 14&amp#27;[39m
&amp#27;[35m[HTTP]&amp#27;[39m &amp#27;[90m&amp#27;[39m
&amp#27;[35m[HTTP]&amp#27;[39m &amp#27;[37m-->&amp#27;[39m &amp#27;[37mPOST&amp#27;[39m &amp#27;[37m/wd/hub/session/ac8bb9aa-223a-48aa-a8e1-9d0c357dabca/element&amp#27;[39m
&amp#27;[35m[HTTP]&amp#27;[39m &amp#27;[90m{"using":"id","value":"flipboard.app:id/search_box_place_holder"}&amp#27;[39m
[debug] &amp#27;[35m[W3C (ac8bb9aa)]&amp#27;[39m Calling AppiumDriver.findElement() with args: ["id","flipboard.app:id/search_box_place_holder","ac8bb9aa-223a-48aa-a8e1-9d0c357dabca"]
[debug] &amp#27;[35m[BaseDriver]&amp#27;[39m Valid locator strategies for this request: xpath, id, class name, accessibility id, -android uiautomator
[debug] &amp#27;[35m[BaseDriver]&amp#27;[39m Waiting up to 0 ms for condition
[debug] &amp#27;[35m[WD Proxy]&amp#27;[39m Matched '/element' to command name 'findElement'
[debug] &amp#27;[35m[WD Proxy]&amp#27;[39m Proxying [POST /element] to [POST http://127.0.0.1:8200/wd/hub/session/dedb4e09-40b2-4c5d-bb4d-1dd47b432a0c/element] with body: {"strategy":"id","selector":"flipboard.app:id/search_box_place_holder","context":"","multiple":false}
[debug] &amp#27;[35m[WD Proxy]&amp#27;[39m Got response with status 200: {"sessionId":"dedb4e09-40b2-4c5d-bb4d-1dd47b432a0c","value":{"ELEMENT":"a4416938-8e92-4684-816d-7ac6d92f9c46","element-6066-11e4-a52e-4f735466cecf":"a4416938-8e92-4684-816d-7ac6d92f9c46"}}
[debug] &amp#27;[35m[W3C (ac8bb9aa)]&amp#27;[39m Responding to client with driver.findElement() result: {"element-6066-11e4-a52e-4f735466cecf":"a4416938-8e92-4684-816d-7ac6d92f9c46","ELEMENT":"a4416938-8e92-4684-816d-7ac6d92f9c46"}
&amp#27;[35m[HTTP]&amp#27;[39m &amp#27;[37m<-- POST /wd/hub/session/ac8bb9aa-223a-48aa-a8e1-9d0c357dabca/element &amp#27;[39m&amp#27;[32m200&amp#27;[39m &amp#27;[90m47 ms - 137&amp#27;[39m
&amp#27;[35m[HTTP]&amp#27;[39m &amp#27;[90m&amp#27;[39m
&amp#27;[35m[HTTP]&amp#27;[39m &amp#27;[37m-->&amp#27;[39m &amp#27;[37mPOST&amp#27;[39m &amp#27;[37m/wd/hub/session/ac8bb9aa-223a-48aa-a8e1-9d0c357dabca/timeouts&amp#27;[39m
&amp#27;[35m[HTTP]&amp#27;[39m &amp#27;[90m{"implicit":2000}&amp#27;[39m
[debug] &amp#27;[35m[W3C (ac8bb9aa)]&amp#27;[39m Calling AppiumDriver.timeouts() with args: [null,null,null,null,2000,"ac8bb9aa-223a-48aa-a8e1-9d0c357dabca"]
[debug] &amp#27;[35m[BaseDriver]&amp#27;[39m W3C timeout argument: {"implicit":2000}}
[debug] &amp#27;[35m[BaseDriver]&amp#27;[39m Set implicit wait to 2000ms
[debug] &amp#27;[35m[W3C (ac8bb9aa)]&amp#27;[39m Responding to client with driver.timeouts() result: null
&amp#27;[35m[HTTP]&amp#27;[39m &amp#27;[37m<-- POST /wd/hub/session/ac8bb9aa-223a-48aa-a8e1-9d0c357dabca/timeouts &amp#27;[39m&amp#27;[32m200&amp#27;[39m &amp#27;[90m2 ms - 14&amp#27;[39m
&amp#27;[35m[HTTP]&amp#27;[39m &amp#27;[90m&amp#27;[39m
&amp#27;[35m[HTTP]&amp#27;[39m &amp#27;[37m-->&amp#27;[39m &amp#27;[37mGET&amp#27;[39m &amp#27;[37m/wd/hub/session/ac8bb9aa-223a-48aa-a8e1-9d0c357dabca/element/a4416938-8e92-4684-816d-7ac6d92f9c46/displayed&amp#27;[39m
&amp#27;[35m[HTTP]&amp#27;[39m &amp#27;[90m{}&amp#27;[39m
[debug] &amp#27;[35m[W3C (ac8bb9aa)]&amp#27;[39m Calling AppiumDriver.elementDisplayed() with args: ["a4416938-8e92-4684-816d-7ac6d92f9c46","ac8bb9aa-223a-48aa-a8e1-9d0c357dabca"]
[debug] &amp#27;[35m[WD Proxy]&amp#27;[39m Matched '/element/a4416938-8e92-4684-816d-7ac6d92f9c46/attribute/displayed' to command name 'getAttribute'
[debug] &amp#27;[35m[WD Proxy]&amp#27;[39m Proxying [GET /element/a4416938-8e92-4684-816d-7ac6d92f9c46/attribute/displayed] to [GET http://127.0.0.1:8200/wd/hub/session/dedb4e09-40b2-4c5d-bb4d-1dd47b432a0c/element/a4416938-8e92-4684-816d-7ac6d92f9c46/attribute/displayed] with body: {}
[debug] &amp#27;[35m[WD Proxy]&amp#27;[39m Got response with status 200: {"sessionId":"dedb4e09-40b2-4c5d-bb4d-1dd47b432a0c","value":"true"}
[debug] &amp#27;[35m[W3C (ac8bb9aa)]&amp#27;[39m Responding to client with driver.elementDisplayed() result: true
&amp#27;[35m[HTTP]&amp#27;[39m &amp#27;[37m<-- GET /wd/hub/session/ac8bb9aa-223a-48aa-a8e1-9d0c357dabca/element/a4416938-8e92-4684-816d-7ac6d92f9c46/displayed &amp#27;[39m&amp#27;[32m200&amp#27;[39m &amp#27;[90m34 ms - 14&amp#27;[39m
&amp#27;[35m[HTTP]&amp#27;[39m &amp#27;[90m&amp#27;[39m
&amp#27;[35m[HTTP]&amp#27;[39m &amp#27;[37m-->&amp#27;[39m &amp#27;[37mPOST&amp#27;[39m &amp#27;[37m/wd/hub/session/ac8bb9aa-223a-48aa-a8e1-9d0c357dabca/timeouts&amp#27;[39m
&amp#27;[35m[HTTP]&amp#27;[39m &amp#27;[90m{"implicit":0}&amp#27;[39m
[debug] &amp#27;[35m[W3C (ac8bb9aa)]&amp#27;[39m Calling AppiumDriver.timeouts() with args: [null,null,null,null,0,"ac8bb9aa-223a-48aa-a8e1-9d0c357dabca"]
[debug] &amp#27;[35m[BaseDriver]&amp#27;[39m W3C timeout argument: {"implicit":0}}
[debug] &amp#27;[35m[BaseDriver]&amp#27;[39m Set implicit wait to 0ms
[debug] &amp#27;[35m[W3C (ac8bb9aa)]&amp#27;[39m Responding to client with driver.timeouts() result: null
&amp#27;[35m[HTTP]&amp#27;[39m &amp#27;[37m<-- POST /wd/hub/session/ac8bb9aa-223a-48aa-a8e1-9d0c357dabca/timeouts &amp#27;[39m&amp#27;[32m200&amp#27;[39m &amp#27;[90m1 ms - 14&amp#27;[39m
&amp#27;[35m[HTTP]&amp#27;[39m &amp#27;[90m&amp#27;[39m
&amp#27;[35m[HTTP]&amp#27;[39m &amp#27;[37m-->&amp#27;[39m &amp#27;[37mPOST&amp#27;[39m &amp#27;[37m/wd/hub/session/ac8bb9aa-223a-48aa-a8e1-9d0c357dabca/element&amp#27;[39m
&amp#27;[35m[HTTP]&amp#27;[39m &amp#27;[90m{"using":"id","value":"flipboard.app:id/search_box_place_holder"}&amp#27;[39m
[debug] &amp#27;[35m[W3C (ac8bb9aa)]&amp#27;[39m Calling AppiumDriver.findElement() with args: ["id","flipboard.app:id/search_box_place_holder","ac8bb9aa-223a-48aa-a8e1-9d0c357dabca"]
[debug] &amp#27;[35m[BaseDriver]&amp#27;[39m Valid locator strategies for this request: xpath, id, class name, accessibility id, -android uiautomator
[debug] &amp#27;[35m[BaseDriver]&amp#27;[39m Waiting up to 0 ms for condition
[debug] &amp#27;[35m[WD Proxy]&amp#27;[39m Matched '/element' to command name 'findElement'
[debug] &amp#27;[35m[WD Proxy]&amp#27;[39m Proxying [POST /element] to [POST http://127.0.0.1:8200/wd/hub/session/dedb4e09-40b2-4c5d-bb4d-1dd47b432a0c/element] with body: {"strategy":"id","selector":"flipboard.app:id/search_box_place_holder","context":"","multiple":false}
[debug] &amp#27;[35m[WD Proxy]&amp#27;[39m Got response with status 200: {"sessionId":"dedb4e09-40b2-4c5d-bb4d-1dd47b432a0c","value":{"ELEMENT":"38a3103f-262d-4003-9006-a10972bb41a0","element-6066-11e4-a52e-4f735466cecf":"38a3103f-262d-4003-9006-a10972bb41a0"}}
[debug] &amp#27;[35m[W3C (ac8bb9aa)]&amp#27;[39m Responding to client with driver.findElement() result: {"element-6066-11e4-a52e-4f735466cecf":"38a3103f-262d-4003-9006-a10972bb41a0","ELEMENT":"38a3103f-262d-4003-9006-a10972bb41a0"}
&amp#27;[35m[HTTP]&amp#27;[39m &amp#27;[37m<-- POST /wd/hub/session/ac8bb9aa-223a-48aa-a8e1-9d0c357dabca/element &amp#27;[39m&amp#27;[32m200&amp#27;[39m &amp#27;[90m59 ms - 137&amp#27;[39m
&amp#27;[35m[HTTP]&amp#27;[39m &amp#27;[90m&amp#27;[39m
&amp#27;[35m[HTTP]&amp#27;[39m &amp#27;[37m-->&amp#27;[39m &amp#27;[37mPOST&amp#27;[39m &amp#27;[37m/wd/hub/session/ac8bb9aa-223a-48aa-a8e1-9d0c357dabca/timeouts&amp#27;[39m
&amp#27;[35m[HTTP]&amp#27;[39m &amp#27;[90m{"implicit":2000}&amp#27;[39m
[debug] &amp#27;[35m[W3C (ac8bb9aa)]&amp#27;[39m Calling AppiumDriver.timeouts() with args: [null,null,null,null,2000,"ac8bb9aa-223a-48aa-a8e1-9d0c357dabca"]
[debug] &amp#27;[35m[BaseDriver]&amp#27;[39m W3C timeout argument: {"implicit":2000}}
[debug] &amp#27;[35m[BaseDriver]&amp#27;[39m Set implicit wait to 2000ms
[debug] &amp#27;[35m[W3C (ac8bb9aa)]&amp#27;[39m Responding to client with driver.timeouts() result: null
&amp#27;[35m[HTTP]&amp#27;[39m &amp#27;[37m<-- POST /wd/hub/session/ac8bb9aa-223a-48aa-a8e1-9d0c357dabca/timeouts &amp#27;[39m&amp#27;[32m200&amp#27;[39m &amp#27;[90m1 ms - 14&amp#27;[39m
&amp#27;[35m[HTTP]&amp#27;[39m &amp#27;[90m&amp#27;[39m
&amp#27;[35m[HTTP]&amp#27;[39m &amp#27;[37m-->&amp#27;[39m &amp#27;[37mGET&amp#27;[39m &amp#27;[37m/wd/hub/session/ac8bb9aa-223a-48aa-a8e1-9d0c357dabca/element/38a3103f-262d-4003-9006-a10972bb41a0/displayed&amp#27;[39m
&amp#27;[35m[HTTP]&amp#27;[39m &amp#27;[90m{}&amp#27;[39m
[debug] &amp#27;[35m[W3C (ac8bb9aa)]&amp#27;[39m Calling AppiumDriver.elementDisplayed() with args: ["38a3103f-262d-4003-9006-a10972bb41a0","ac8bb9aa-223a-48aa-a8e1-9d0c357dabca"]
[debug] &amp#27;[35m[WD Proxy]&amp#27;[39m Matched '/element/38a3103f-262d-4003-9006-a10972bb41a0/attribute/displayed' to command name 'getAttribute'
[debug] &amp#27;[35m[WD Proxy]&amp#27;[39m Proxying [GET /element/38a3103f-262d-4003-9006-a10972bb41a0/attribute/displayed] to [GET http://127.0.0.1:8200/wd/hub/session/dedb4e09-40b2-4c5d-bb4d-1dd47b432a0c/element/38a3103f-262d-4003-9006-a10972bb41a0/attribute/displayed] with body: {}
[debug] &amp#27;[35m[WD Proxy]&amp#27;[39m Got response with status 200: {"sessionId":"dedb4e09-40b2-4c5d-bb4d-1dd47b432a0c","value":"true"}
[debug] &amp#27;[35m[W3C (ac8bb9aa)]&amp#27;[39m Responding to client with driver.elementDisplayed() result: true
&amp#27;[35m[HTTP]&amp#27;[39m &amp#27;[37m<-- GET /wd/hub/session/ac8bb9aa-223a-48aa-a8e1-9d0c357dabca/element/38a3103f-262d-4003-9006-a10972bb41a0/displayed &amp#27;[39m&amp#27;[32m200&amp#27;[39m &amp#27;[90m61 ms - 14&amp#27;[39m
&amp#27;[35m[HTTP]&amp#27;[39m &amp#27;[90m&amp#27;[39m
&amp#27;[35m[HTTP]&amp#27;[39m &amp#27;[37m-->&amp#27;[39m &amp#27;[37mPOST&amp#27;[39m &amp#27;[37m/wd/hub/session/ac8bb9aa-223a-48aa-a8e1-9d0c357dabca/element&amp#27;[39m
&amp#27;[35m[HTTP]&amp#27;[39m &amp#27;[90m{"using":"id","value":"flipboard.app:id/search_box_place_holder"}&amp#27;[39m
[debug] &amp#27;[35m[W3C (ac8bb9aa)]&amp#27;[39m Calling AppiumDriver.findElement() with args: ["id","flipboard.app:id/search_box_place_holder","ac8bb9aa-223a-48aa-a8e1-9d0c357dabca"]
[debug] &amp#27;[35m[BaseDriver]&amp#27;[39m Valid locator strategies for this request: xpath, id, class name, accessibility id, -android uiautomator
[debug] &amp#27;[35m[BaseDriver]&amp#27;[39m Waiting up to 2000 ms for condition
[debug] &amp#27;[35m[WD Proxy]&amp#27;[39m Matched '/element' to command name 'findElement'
[debug] &amp#27;[35m[WD Proxy]&amp#27;[39m Proxying [POST /element] to [POST http://127.0.0.1:8200/wd/hub/session/dedb4e09-40b2-4c5d-bb4d-1dd47b432a0c/element] with body: {"strategy":"id","selector":"flipboard.app:id/search_box_place_holder","context":"","multiple":false}
[debug] &amp#27;[35m[WD Proxy]&amp#27;[39m Got response with status 200: {"sessionId":"dedb4e09-40b2-4c5d-bb4d-1dd47b432a0c","value":{"ELEMENT":"adc76c84-3cb3-4ab6-9df5-5a9e4ff3725b","element-6066-11e4-a52e-4f735466cecf":"adc76c84-3cb3-4ab6-9df5-5a9e4ff3725b"}}
[debug] &amp#27;[35m[W3C (ac8bb9aa)]&amp#27;[39m Responding to client with driver.findElement() result: {"element-6066-11e4-a52e-4f735466cecf":"adc76c84-3cb3-4ab6-9df5-5a9e4ff3725b","ELEMENT":"adc76c84-3cb3-4ab6-9df5-5a9e4ff3725b"}
&amp#27;[35m[HTTP]&amp#27;[39m &amp#27;[37m<-- POST /wd/hub/session/ac8bb9aa-223a-48aa-a8e1-9d0c357dabca/element &amp#27;[39m&amp#27;[32m200&amp#27;[39m &amp#27;[90m61 ms - 137&amp#27;[39m
&amp#27;[35m[HTTP]&amp#27;[39m &amp#27;[90m&amp#27;[39m
&amp#27;[35m[HTTP]&amp#27;[39m &amp#27;[37m-->&amp#27;[39m &amp#27;[37mGET&amp#27;[39m &amp#27;[37m/wd/hub/session/ac8bb9aa-223a-48aa-a8e1-9d0c357dabca/element/adc76c84-3cb3-4ab6-9df5-5a9e4ff3725b/displayed&amp#27;[39m
&amp#27;[35m[HTTP]&amp#27;[39m &amp#27;[90m{}&amp#27;[39m
[debug] &amp#27;[35m[W3C (ac8bb9aa)]&amp#27;[39m Calling AppiumDriver.elementDisplayed() with args: ["adc76c84-3cb3-4ab6-9df5-5a9e4ff3725b","ac8bb9aa-223a-48aa-a8e1-9d0c357dabca"]
[debug] &amp#27;[35m[WD Proxy]&amp#27;[39m Matched '/element/adc76c84-3cb3-4ab6-9df5-5a9e4ff3725b/attribute/displayed' to command name 'getAttribute'
[debug] &amp#27;[35m[WD Proxy]&amp#27;[39m Proxying [GET /element/adc76c84-3cb3-4ab6-9df5-5a9e4ff3725b/attribute/displayed] to [GET http://127.0.0.1:8200/wd/hub/session/dedb4e09-40b2-4c5d-bb4d-1dd47b432a0c/element/adc76c84-3cb3-4ab6-9df5-5a9e4ff3725b/attribute/displayed] with body: {}
[debug] &amp#27;[35m[WD Proxy]&amp#27;[39m Got response with status 200: {"sessionId":"dedb4e09-40b2-4c5d-bb4d-1dd47b432a0c","value":"true"}
[debug] &amp#27;[35m[W3C (ac8bb9aa)]&amp#27;[39m Responding to client with driver.elementDisplayed() result: true
&amp#27;[35m[HTTP]&amp#27;[39m &amp#27;[37m<-- GET /wd/hub/session/ac8bb9aa-223a-48aa-a8e1-9d0c357dabca/element/adc76c84-3cb3-4ab6-9df5-5a9e4ff3725b/displayed &amp#27;[39m&amp#27;[32m200&amp#27;[39m &amp#27;[90m43 ms - 14&amp#27;[39m
&amp#27;[35m[HTTP]&amp#27;[39m &amp#27;[90m&amp#27;[39m
&amp#27;[35m[HTTP]&amp#27;[39m &amp#27;[37m-->&amp#27;[39m &amp#27;[37mGET&amp#27;[39m &amp#27;[37m/wd/hub/session/ac8bb9aa-223a-48aa-a8e1-9d0c357dabca/element/adc76c84-3cb3-4ab6-9df5-5a9e4ff3725b/name&amp#27;[39m
&amp#27;[35m[HTTP]&amp#27;[39m &amp#27;[90m{}&amp#27;[39m
[debug] &amp#27;[35m[W3C (ac8bb9aa)]&amp#27;[39m Calling AppiumDriver.getName() with args: ["adc76c84-3cb3-4ab6-9df5-5a9e4ff3725b","ac8bb9aa-223a-48aa-a8e1-9d0c357dabca"]
[debug] &amp#27;[35m[WD Proxy]&amp#27;[39m Matched '/element/adc76c84-3cb3-4ab6-9df5-5a9e4ff3725b/name' to command name 'getName'
[debug] &amp#27;[35m[WD Proxy]&amp#27;[39m Proxying [GET /element/adc76c84-3cb3-4ab6-9df5-5a9e4ff3725b/name] to [GET http://127.0.0.1:8200/wd/hub/session/dedb4e09-40b2-4c5d-bb4d-1dd47b432a0c/element/adc76c84-3cb3-4ab6-9df5-5a9e4ff3725b/name] with body: {}
[debug] &amp#27;[35m[WD Proxy]&amp#27;[39m Got response with status 200: {"sessionId":"dedb4e09-40b2-4c5d-bb4d-1dd47b432a0c","value":null}
[debug] &amp#27;[35m[W3C (ac8bb9aa)]&amp#27;[39m Responding to client with driver.getName() result: null
&amp#27;[35m[HTTP]&amp#27;[39m &amp#27;[37m<-- GET /wd/hub/session/ac8bb9aa-223a-48aa-a8e1-9d0c357dabca/element/adc76c84-3cb3-4ab6-9df5-5a9e4ff3725b/name &amp#27;[39m&amp#27;[32m200&amp#27;[39m &amp#27;[90m47 ms - 14&amp#27;[39m
&amp#27;[35m[HTTP]&amp#27;[39m &amp#27;[90m&amp#27;[39m
&amp#27;[35m[HTTP]&amp#27;[39m &amp#27;[37m-->&amp#27;[39m &amp#27;[37mPOST&amp#27;[39m &amp#27;[37m/wd/hub/session/ac8bb9aa-223a-48aa-a8e1-9d0c357dabca/element&amp#27;[39m
&amp#27;[35m[HTTP]&amp#27;[39m &amp#27;[90m{"using":"id","value":"flipboard.app:id/search_box_place_holder"}&amp#27;[39m
[debug] &amp#27;[35m[W3C (ac8bb9aa)]&amp#27;[39m Calling AppiumDriver.findElement() with args: ["id","flipboard.app:id/search_box_place_holder","ac8bb9aa-223a-48aa-a8e1-9d0c357dabca"]
[debug] &amp#27;[35m[BaseDriver]&amp#27;[39m Valid locator strategies for this request: xpath, id, class name, accessibility id, -android uiautomator
[debug] &amp#27;[35m[BaseDriver]&amp#27;[39m Waiting up to 2000 ms for condition
[debug] &amp#27;[35m[WD Proxy]&amp#27;[39m Matched '/element' to command name 'findElement'
[debug] &amp#27;[35m[WD Proxy]&amp#27;[39m Proxying [POST /element] to [POST http://127.0.0.1:8200/wd/hub/session/dedb4e09-40b2-4c5d-bb4d-1dd47b432a0c/element] with body: {"strategy":"id","selector":"flipboard.app:id/search_box_place_holder","context":"","multiple":false}
[debug] &amp#27;[35m[WD Proxy]&amp#27;[39m Got response with status 200: {"sessionId":"dedb4e09-40b2-4c5d-bb4d-1dd47b432a0c","value":{"ELEMENT":"865e80a3-86bf-437c-9888-8a7ea8717b7e","element-6066-11e4-a52e-4f735466cecf":"865e80a3-86bf-437c-9888-8a7ea8717b7e"}}
[debug] &amp#27;[35m[W3C (ac8bb9aa)]&amp#27;[39m Responding to client with driver.findElement() result: {"element-6066-11e4-a52e-4f735466cecf":"865e80a3-86bf-437c-9888-8a7ea8717b7e","ELEMENT":"865e80a3-86bf-437c-9888-8a7ea8717b7e"}
&amp#27;[35m[HTTP]&amp#27;[39m &amp#27;[37m<-- POST /wd/hub/session/ac8bb9aa-223a-48aa-a8e1-9d0c357dabca/element &amp#27;[39m&amp#27;[32m200&amp#27;[39m &amp#27;[90m42 ms - 137&amp#27;[39m
&amp#27;[35m[HTTP]&amp#27;[39m &amp#27;[90m&amp#27;[39m
&amp#27;[35m[HTTP]&amp#27;[39m &amp#27;[37m-->&amp#27;[39m &amp#27;[37mGET&amp#27;[39m &amp#27;[37m/wd/hub/session/ac8bb9aa-223a-48aa-a8e1-9d0c357dabca/element/865e80a3-86bf-437c-9888-8a7ea8717b7e/displayed&amp#27;[39m
&amp#27;[35m[HTTP]&amp#27;[39m &amp#27;[90m{}&amp#27;[39m
[debug] &amp#27;[35m[W3C (ac8bb9aa)]&amp#27;[39m Calling AppiumDriver.elementDisplayed() with args: ["865e80a3-86bf-437c-9888-8a7ea8717b7e","ac8bb9aa-223a-48aa-a8e1-9d0c357dabca"]
[debug] &amp#27;[35m[WD Proxy]&amp#27;[39m Matched '/element/865e80a3-86bf-437c-9888-8a7ea8717b7e/attribute/displayed' to command name 'getAttribute'
[debug] &amp#27;[35m[WD Proxy]&amp#27;[39m Proxying [GET /element/865e80a3-86bf-437c-9888-8a7ea8717b7e/attribute/displayed] to [GET http://127.0.0.1:8200/wd/hub/session/dedb4e09-40b2-4c5d-bb4d-1dd47b432a0c/element/865e80a3-86bf-437c-9888-8a7ea8717b7e/attribute/displayed] with body: {}
[debug] &amp#27;[35m[WD Proxy]&amp#27;[39m Got response with status 200: {"sessionId":"dedb4e09-40b2-4c5d-bb4d-1dd47b432a0c","value":"true"}
[debug] &amp#27;[35m[W3C (ac8bb9aa)]&amp#27;[39m Responding to client with driver.elementDisplayed() result: true
&amp#27;[35m[HTTP]&amp#27;[39m &amp#27;[37m<-- GET /wd/hub/session/ac8bb9aa-223a-48aa-a8e1-9d0c357dabca/element/865e80a3-86bf-437c-9888-8a7ea8717b7e/displayed &amp#27;[39m&amp#27;[32m200&amp#27;[39m &amp#27;[90m23 ms - 14&amp#27;[39m
&amp#27;[35m[HTTP]&amp#27;[39m &amp#27;[90m&amp#27;[39m
&amp#27;[35m[HTTP]&amp#27;[39m &amp#27;[37m-->&amp#27;[39m &amp#27;[37mPOST&amp#27;[39m &amp#27;[37m/wd/hub/session/ac8bb9aa-223a-48aa-a8e1-9d0c357dabca/element/865e80a3-86bf-437c-9888-8a7ea8717b7e/click&amp#27;[39m
&amp#27;[35m[HTTP]&amp#27;[39m &amp#27;[90m{"id":"865e80a3-86bf-437c-9888-8a7ea8717b7e"}&amp#27;[39m
[debug] &amp#27;[35m[W3C (ac8bb9aa)]&amp#27;[39m Calling AppiumDriver.click() with args: ["865e80a3-86bf-437c-9888-8a7ea8717b7e","ac8bb9aa-223a-48aa-a8e1-9d0c357dabca"]
[debug] &amp#27;[35m[WD Proxy]&amp#27;[39m Matched '/element/865e80a3-86bf-437c-9888-8a7ea8717b7e/click' to command name 'click'
[debug] &amp#27;[35m[WD Proxy]&amp#27;[39m Proxying [POST /element/865e80a3-86bf-437c-9888-8a7ea8717b7e/click] to [POST http://127.0.0.1:8200/wd/hub/session/dedb4e09-40b2-4c5d-bb4d-1dd47b432a0c/element/865e80a3-86bf-437c-9888-8a7ea8717b7e/click] with body: {"element":"865e80a3-86bf-437c-9888-8a7ea8717b7e"}
[debug] &amp#27;[35m[WD Proxy]&amp#27;[39m Got response with status 200: {"sessionId":"dedb4e09-40b2-4c5d-bb4d-1dd47b432a0c","value":null}
[debug] &amp#27;[35m[W3C (ac8bb9aa)]&amp#27;[39m Responding to client with driver.click() result: null
&amp#27;[35m[HTTP]&amp#27;[39m &amp#27;[37m<-- POST /wd/hub/session/ac8bb9aa-223a-48aa-a8e1-9d0c357dabca/element/865e80a3-86bf-437c-9888-8a7ea8717b7e/click &amp#27;[39m&amp#27;[32m200&amp#27;[39m &amp#27;[90m42 ms - 14&amp#27;[39m
&amp#27;[35m[HTTP]&amp#27;[39m &amp#27;[90m&amp#27;[39m
&amp#27;[35m[HTTP]&amp#27;[39m &amp#27;[37m-->&amp#27;[39m &amp#27;[37mPOST&amp#27;[39m &amp#27;[37m/wd/hub/session/ac8bb9aa-223a-48aa-a8e1-9d0c357dabca/timeouts&amp#27;[39m
&amp#27;[35m[HTTP]&amp#27;[39m &amp#27;[90m{"implicit":0}&amp#27;[39m
[debug] &amp#27;[35m[W3C (ac8bb9aa)]&amp#27;[39m Calling AppiumDriver.timeouts() with args: [null,null,null,null,0,"ac8bb9aa-223a-48aa-a8e1-9d0c357dabca"]
[debug] &amp#27;[35m[BaseDriver]&amp#27;[39m W3C timeout argument: {"implicit":0}}
[debug] &amp#27;[35m[BaseDriver]&amp#27;[39m Set implicit wait to 0ms
[debug] &amp#27;[35m[W3C (ac8bb9aa)]&amp#27;[39m Responding to client with driver.timeouts() result: null
&amp#27;[35m[HTTP]&amp#27;[39m &amp#27;[37m<-- POST /wd/hub/session/ac8bb9aa-223a-48aa-a8e1-9d0c357dabca/timeouts &amp#27;[39m&amp#27;[32m200&amp#27;[39m &amp#27;[90m1 ms - 14&amp#27;[39m
&amp#27;[35m[HTTP]&amp#27;[39m &amp#27;[90m&amp#27;[39m
&amp#27;[35m[HTTP]&amp#27;[39m &amp#27;[37m-->&amp#27;[39m &amp#27;[37mPOST&amp#27;[39m &amp#27;[37m/wd/hub/session/ac8bb9aa-223a-48aa-a8e1-9d0c357dabca/element&amp#27;[39m
&amp#27;[35m[HTTP]&amp#27;[39m &amp#27;[90m{"using":"id","value":"flipboard.app:id/search_view_input"}&amp#27;[39m
[debug] &amp#27;[35m[W3C (ac8bb9aa)]&amp#27;[39m Calling AppiumDriver.findElement() with args: ["id","flipboard.app:id/search_view_input","ac8bb9aa-223a-48aa-a8e1-9d0c357dabca"]
[debug] &amp#27;[35m[BaseDriver]&amp#27;[39m Valid locator strategies for this request: xpath, id, class name, accessibility id, -android uiautomator
[debug] &amp#27;[35m[BaseDriver]&amp#27;[39m Waiting up to 0 ms for condition
[debug] &amp#27;[35m[WD Proxy]&amp#27;[39m Matched '/element' to command name 'findElement'
[debug] &amp#27;[35m[WD Proxy]&amp#27;[39m Proxying [POST /element] to [POST http://127.0.0.1:8200/wd/hub/session/dedb4e09-40b2-4c5d-bb4d-1dd47b432a0c/element] with body: {"strategy":"id","selector":"flipboard.app:id/search_view_input","context":"","multiple":false}
&amp#27;[35m[WD Proxy]&amp#27;[39m Got response with status 404: {"sessionId":"dedb4e09-40b2-4c5d-bb4d-1dd47b432a0c","value":{"error":"no such element","message":"An element could not be located on the page using the given search parameters","stacktrace":"io.appium.uiautomator2.common.exceptions.ElementNotFoundException: An element could not be located on the page using the given search parameters\n\tat io.appium.uiautomator2.handler.FindElement.safeHandle(FindElement.java:78)\n\tat io.appium.uiautomator2.handler.request.SafeRequestHandler.handle(SafeRequestHandler.java:38)\n\tat io.appium.uiautomator2.server.AppiumServlet.handleRequest(AppiumServlet.java:252)\n\tat io.appium.uiautomator2.server.AppiumServlet.handleHttpRequest(AppiumServlet.java:242)\n\tat io.appium.uiautomator2.http.ServerHandler.channelRead(ServerHandler.java:51)\n\tat io.netty.channel.AbstractChannelHandlerContext.invokeChannelRead(AbstractChannelHandlerContext.java:366)\n\tat io.netty.channel.AbstractChannelHandlerContext.invokeChannelRead(AbstractChannelHandlerContext.java:352)\n\tat io.netty.chann...
[debug] &amp#27;[35m[W3C]&amp#27;[39m Matched W3C error code 'no such element' to NoSuchElementError
[debug] &amp#27;[35m[W3C (ac8bb9aa)]&amp#27;[39m Encountered internal error running command: NoSuchElementError: An element could not be located on the page using the given search parameters.
[debug] &amp#27;[35m[W3C (ac8bb9aa)]&amp#27;[39m     at AndroidUiautomator2Driver.findElOrEls (C:\Users\way2automation\AppData\Local\Programs\Appium\resources\app\node_modules\appium\node_modules\appium-android-driver\lib\commands\find.js:75:11)
&amp#27;[35m[HTTP]&amp#27;[39m &amp#27;[37m<-- POST /wd/hub/session/ac8bb9aa-223a-48aa-a8e1-9d0c357dabca/element &amp#27;[39m&amp#27;[33m404&amp#27;[39m &amp#27;[90m227 ms - 455&amp#27;[39m
&amp#27;[35m[HTTP]&amp#27;[39m &amp#27;[90m&amp#27;[39m
&amp#27;[35m[HTTP]&amp#27;[39m &amp#27;[37m-->&amp#27;[39m &amp#27;[37mPOST&amp#27;[39m &amp#27;[37m/wd/hub/session/ac8bb9aa-223a-48aa-a8e1-9d0c357dabca/timeouts&amp#27;[39m
&amp#27;[35m[HTTP]&amp#27;[39m &amp#27;[90m{"implicit":2000}&amp#27;[39m
[debug] &amp#27;[35m[W3C (ac8bb9aa)]&amp#27;[39m Calling AppiumDriver.timeouts() with args: [null,null,null,null,2000,"ac8bb9aa-223a-48aa-a8e1-9d0c357dabca"]
[debug] &amp#27;[35m[BaseDriver]&amp#27;[39m W3C timeout argument: {"implicit":2000}}
[debug] &amp#27;[35m[BaseDriver]&amp#27;[39m Set implicit wait to 2000ms
[debug] &amp#27;[35m[W3C (ac8bb9aa)]&amp#27;[39m Responding to client with driver.timeouts() result: null
&amp#27;[35m[HTTP]&amp#27;[39m &amp#27;[37m<-- POST /wd/hub/session/ac8bb9aa-223a-48aa-a8e1-9d0c357dabca/timeouts &amp#27;[39m&amp#27;[32m200&amp#27;[39m &amp#27;[90m1 ms - 14&amp#27;[39m
&amp#27;[35m[HTTP]&amp#27;[39m &amp#27;[90m&amp#27;[39m
&amp#27;[35m[HTTP]&amp#27;[39m &amp#27;[37m-->&amp#27;[39m &amp#27;[37mPOST&amp#27;[39m &amp#27;[37m/wd/hub/session/ac8bb9aa-223a-48aa-a8e1-9d0c357dabca/timeouts&amp#27;[39m
&amp#27;[35m[HTTP]&amp#27;[39m &amp#27;[90m{"implicit":0}&amp#27;[39m
[debug] &amp#27;[35m[W3C (ac8bb9aa)]&amp#27;[39m Calling AppiumDriver.timeouts() with args: [null,null,null,null,0,"ac8bb9aa-223a-48aa-a8e1-9d0c357dabca"]
[debug] &amp#27;[35m[BaseDriver]&amp#27;[39m W3C timeout argument: {"implicit":0}}
[debug] &amp#27;[35m[BaseDriver]&amp#27;[39m Set implicit wait to 0ms
[debug] &amp#27;[35m[W3C (ac8bb9aa)]&amp#27;[39m Responding to client with driver.timeouts() result: null
&amp#27;[35m[HTTP]&amp#27;[39m &amp#27;[37m<-- POST /wd/hub/session/ac8bb9aa-223a-48aa-a8e1-9d0c357dabca/timeouts &amp#27;[39m&amp#27;[32m200&amp#27;[39m &amp#27;[90m1 ms - 14&amp#27;[39m
&amp#27;[35m[HTTP]&amp#27;[39m &amp#27;[90m&amp#27;[39m
&amp#27;[35m[HTTP]&amp#27;[39m &amp#27;[37m-->&amp#27;[39m &amp#27;[37mPOST&amp#27;[39m &amp#27;[37m/wd/hub/session/ac8bb9aa-223a-48aa-a8e1-9d0c357dabca/element&amp#27;[39m
&amp#27;[35m[HTTP]&amp#27;[39m &amp#27;[90m{"using":"id","value":"flipboard.app:id/search_view_input"}&amp#27;[39m
[debug] &amp#27;[35m[W3C (ac8bb9aa)]&amp#27;[39m Calling AppiumDriver.findElement() with args: ["id","flipboard.app:id/search_view_input","ac8bb9aa-223a-48aa-a8e1-9d0c357dabca"]
[debug] &amp#27;[35m[BaseDriver]&amp#27;[39m Valid locator strategies for this request: xpath, id, class name, accessibility id, -android uiautomator
[debug] &amp#27;[35m[BaseDriver]&amp#27;[39m Waiting up to 0 ms for condition
[debug] &amp#27;[35m[WD Proxy]&amp#27;[39m Matched '/element' to command name 'findElement'
[debug] &amp#27;[35m[WD Proxy]&amp#27;[39m Proxying [POST /element] to [POST http://127.0.0.1:8200/wd/hub/session/dedb4e09-40b2-4c5d-bb4d-1dd47b432a0c/element] with body: {"strategy":"id","selector":"flipboard.app:id/search_view_input","context":"","multiple":false}
[debug] &amp#27;[35m[WD Proxy]&amp#27;[39m Got response with status 200: {"sessionId":"dedb4e09-40b2-4c5d-bb4d-1dd47b432a0c","value":{"ELEMENT":"5808f7df-79cb-4170-8cd7-a576f6abd612","element-6066-11e4-a52e-4f735466cecf":"5808f7df-79cb-4170-8cd7-a576f6abd612"}}
[debug] &amp#27;[35m[W3C (ac8bb9aa)]&amp#27;[39m Responding to client with driver.findElement() result: {"element-6066-11e4-a52e-4f735466cecf":"5808f7df-79cb-4170-8cd7-a576f6abd612","ELEMENT":"5808f7df-79cb-4170-8cd7-a576f6abd612"}
&amp#27;[35m[HTTP]&amp#27;[39m &amp#27;[37m<-- POST /wd/hub/session/ac8bb9aa-223a-48aa-a8e1-9d0c357dabca/element &amp#27;[39m&amp#27;[32m200&amp#27;[39m &amp#27;[90m684 ms - 137&amp#27;[39m
&amp#27;[35m[HTTP]&amp#27;[39m &amp#27;[90m&amp#27;[39m
&amp#27;[35m[HTTP]&amp#27;[39m &amp#27;[37m-->&amp#27;[39m &amp#27;[37mPOST&amp#27;[39m &amp#27;[37m/wd/hub/session/ac8bb9aa-223a-48aa-a8e1-9d0c357dabca/timeouts&amp#27;[39m
&amp#27;[35m[HTTP]&amp#27;[39m &amp#27;[90m{"implicit":2000}&amp#27;[39m
[debug] &amp#27;[35m[W3C (ac8bb9aa)]&amp#27;[39m Calling AppiumDriver.timeouts() with args: [null,null,null,null,2000,"ac8bb9aa-223a-48aa-a8e1-9d0c357dabca"]
[debug] &amp#27;[35m[BaseDriver]&amp#27;[39m W3C timeout argument: {"implicit":2000}}
[debug] &amp#27;[35m[BaseDriver]&amp#27;[39m Set implicit wait to 2000ms
[debug] &amp#27;[35m[W3C (ac8bb9aa)]&amp#27;[39m Responding to client with driver.timeouts() result: null
&amp#27;[35m[HTTP]&amp#27;[39m &amp#27;[37m<-- POST /wd/hub/session/ac8bb9aa-223a-48aa-a8e1-9d0c357dabca/timeouts &amp#27;[39m&amp#27;[32m200&amp#27;[39m &amp#27;[90m2 ms - 14&amp#27;[39m
&amp#27;[35m[HTTP]&amp#27;[39m &amp#27;[90m&amp#27;[39m
&amp#27;[35m[HTTP]&amp#27;[39m &amp#27;[37m-->&amp#27;[39m &amp#27;[37mGET&amp#27;[39m &amp#27;[37m/wd/hub/session/ac8bb9aa-223a-48aa-a8e1-9d0c357dabca/element/5808f7df-79cb-4170-8cd7-a576f6abd612/displayed&amp#27;[39m
&amp#27;[35m[HTTP]&amp#27;[39m &amp#27;[90m{}&amp#27;[39m
[debug] &amp#27;[35m[W3C (ac8bb9aa)]&amp#27;[39m Calling AppiumDriver.elementDisplayed() with args: ["5808f7df-79cb-4170-8cd7-a576f6abd612","ac8bb9aa-223a-48aa-a8e1-9d0c357dabca"]
[debug] &amp#27;[35m[WD Proxy]&amp#27;[39m Matched '/element/5808f7df-79cb-4170-8cd7-a576f6abd612/attribute/displayed' to command name 'getAttribute'
[debug] &amp#27;[35m[WD Proxy]&amp#27;[39m Proxying [GET /element/5808f7df-79cb-4170-8cd7-a576f6abd612/attribute/displayed] to [GET http://127.0.0.1:8200/wd/hub/session/dedb4e09-40b2-4c5d-bb4d-1dd47b432a0c/element/5808f7df-79cb-4170-8cd7-a576f6abd612/attribute/displayed] with body: {}
[debug] &amp#27;[35m[WD Proxy]&amp#27;[39m Got response with status 200: {"sessionId":"dedb4e09-40b2-4c5d-bb4d-1dd47b432a0c","value":"true"}
[debug] &amp#27;[35m[W3C (ac8bb9aa)]&amp#27;[39m Responding to client with driver.elementDisplayed() result: true
&amp#27;[35m[HTTP]&amp#27;[39m &amp#27;[37m<-- GET /wd/hub/session/ac8bb9aa-223a-48aa-a8e1-9d0c357dabca/element/5808f7df-79cb-4170-8cd7-a576f6abd612/displayed &amp#27;[39m&amp#27;[32m200&amp#27;[39m &amp#27;[90m28 ms - 14&amp#27;[39m
&amp#27;[35m[HTTP]&amp#27;[39m &amp#27;[90m&amp#27;[39m
&amp#27;[35m[HTTP]&amp#27;[39m &amp#27;[37m-->&amp#27;[39m &amp#27;[37mPOST&amp#27;[39m &amp#27;[37m/wd/hub/session/ac8bb9aa-223a-48aa-a8e1-9d0c357dabca/timeouts&amp#27;[39m
&amp#27;[35m[HTTP]&amp#27;[39m &amp#27;[90m{"implicit":0}&amp#27;[39m
[debug] &amp#27;[35m[W3C (ac8bb9aa)]&amp#27;[39m Calling AppiumDriver.timeouts() with args: [null,null,null,null,0,"ac8bb9aa-223a-48aa-a8e1-9d0c357dabca"]
[debug] &amp#27;[35m[BaseDriver]&amp#27;[39m W3C timeout argument: {"implicit":0}}
[debug] &amp#27;[35m[BaseDriver]&amp#27;[39m Set implicit wait to 0ms
[debug] &amp#27;[35m[W3C (ac8bb9aa)]&amp#27;[39m Responding to client with driver.timeouts() result: null
&amp#27;[35m[HTTP]&amp#27;[39m &amp#27;[37m<-- POST /wd/hub/session/ac8bb9aa-223a-48aa-a8e1-9d0c357dabca/timeouts &amp#27;[39m&amp#27;[32m200&amp#27;[39m &amp#27;[90m1 ms - 14&amp#27;[39m
&amp#27;[35m[HTTP]&amp#27;[39m &amp#27;[90m&amp#27;[39m
&amp#27;[35m[HTTP]&amp#27;[39m &amp#27;[37m-->&amp#27;[39m &amp#27;[37mPOST&amp#27;[39m &amp#27;[37m/wd/hub/session/ac8bb9aa-223a-48aa-a8e1-9d0c357dabca/element&amp#27;[39m
&amp#27;[35m[HTTP]&amp#27;[39m &amp#27;[90m{"using":"id","value":"flipboard.app:id/search_view_input"}&amp#27;[39m
[debug] &amp#27;[35m[W3C (ac8bb9aa)]&amp#27;[39m Calling AppiumDriver.findElement() with args: ["id","flipboard.app:id/search_view_input","ac8bb9aa-223a-48aa-a8e1-9d0c357dabca"]
[debug] &amp#27;[35m[BaseDriver]&amp#27;[39m Valid locator strategies for this request: xpath, id, class name, accessibility id, -android uiautomator
[debug] &amp#27;[35m[BaseDriver]&amp#27;[39m Waiting up to 0 ms for condition
[debug] &amp#27;[35m[WD Proxy]&amp#27;[39m Matched '/element' to command name 'findElement'
[debug] &amp#27;[35m[WD Proxy]&amp#27;[39m Proxying [POST /element] to [POST http://127.0.0.1:8200/wd/hub/session/dedb4e09-40b2-4c5d-bb4d-1dd47b432a0c/element] with body: {"strategy":"id","selector":"flipboard.app:id/search_view_input","context":"","multiple":false}
[debug] &amp#27;[35m[WD Proxy]&amp#27;[39m Got response with status 200: {"sessionId":"dedb4e09-40b2-4c5d-bb4d-1dd47b432a0c","value":{"ELEMENT":"5035ff38-ac90-40d8-981e-5e137f10e418","element-6066-11e4-a52e-4f735466cecf":"5035ff38-ac90-40d8-981e-5e137f10e418"}}
[debug] &amp#27;[35m[W3C (ac8bb9aa)]&amp#27;[39m Responding to client with driver.findElement() result: {"element-6066-11e4-a52e-4f735466cecf":"5035ff38-ac90-40d8-981e-5e137f10e418","ELEMENT":"5035ff38-ac90-40d8-981e-5e137f10e418"}
&amp#27;[35m[HTTP]&amp#27;[39m &amp#27;[37m<-- POST /wd/hub/session/ac8bb9aa-223a-48aa-a8e1-9d0c357dabca/element &amp#27;[39m&amp#27;[32m200&amp#27;[39m &amp#27;[90m34 ms - 137&amp#27;[39m
&amp#27;[35m[HTTP]&amp#27;[39m &amp#27;[90m&amp#27;[39m
&amp#27;[35m[HTTP]&amp#27;[39m &amp#27;[37m-->&amp#27;[39m &amp#27;[37mPOST&amp#27;[39m &amp#27;[37m/wd/hub/session/ac8bb9aa-223a-48aa-a8e1-9d0c357dabca/timeouts&amp#27;[39m
&amp#27;[35m[HTTP]&amp#27;[39m &amp#27;[90m{"implicit":2000}&amp#27;[39m
[debug] &amp#27;[35m[W3C (ac8bb9aa)]&amp#27;[39m Calling AppiumDriver.timeouts() with args: [null,null,null,null,2000,"ac8bb9aa-223a-48aa-a8e1-9d0c357dabca"]
[debug] &amp#27;[35m[BaseDriver]&amp#27;[39m W3C timeout argument: {"implicit":2000}}
[debug] &amp#27;[35m[BaseDriver]&amp#27;[39m Set implicit wait to 2000ms
[debug] &amp#27;[35m[W3C (ac8bb9aa)]&amp#27;[39m Responding to client with driver.timeouts() result: null
&amp#27;[35m[HTTP]&amp#27;[39m &amp#27;[37m<-- POST /wd/hub/session/ac8bb9aa-223a-48aa-a8e1-9d0c357dabca/timeouts &amp#27;[39m&amp#27;[32m200&amp#27;[39m &amp#27;[90m1 ms - 14&amp#27;[39m
&amp#27;[35m[HTTP]&amp#27;[39m &amp#27;[90m&amp#27;[39m
&amp#27;[35m[HTTP]&amp#27;[39m &amp#27;[37m-->&amp#27;[39m &amp#27;[37mGET&amp#27;[39m &amp#27;[37m/wd/hub/session/ac8bb9aa-223a-48aa-a8e1-9d0c357dabca/element/5035ff38-ac90-40d8-981e-5e137f10e418/displayed&amp#27;[39m
&amp#27;[35m[HTTP]&amp#27;[39m &amp#27;[90m{}&amp#27;[39m
[debug] &amp#27;[35m[W3C (ac8bb9aa)]&amp#27;[39m Calling AppiumDriver.elementDisplayed() with args: ["5035ff38-ac90-40d8-981e-5e137f10e418","ac8bb9aa-223a-48aa-a8e1-9d0c357dabca"]
[debug] &amp#27;[35m[WD Proxy]&amp#27;[39m Matched '/element/5035ff38-ac90-40d8-981e-5e137f10e418/attribute/displayed' to command name 'getAttribute'
[debug] &amp#27;[35m[WD Proxy]&amp#27;[39m Proxying [GET /element/5035ff38-ac90-40d8-981e-5e137f10e418/attribute/displayed] to [GET http://127.0.0.1:8200/wd/hub/session/dedb4e09-40b2-4c5d-bb4d-1dd47b432a0c/element/5035ff38-ac90-40d8-981e-5e137f10e418/attribute/displayed] with body: {}
[debug] &amp#27;[35m[WD Proxy]&amp#27;[39m Got response with status 200: {"sessionId":"dedb4e09-40b2-4c5d-bb4d-1dd47b432a0c","value":"true"}
[debug] &amp#27;[35m[W3C (ac8bb9aa)]&amp#27;[39m Responding to client with driver.elementDisplayed() result: true
&amp#27;[35m[HTTP]&amp#27;[39m &amp#27;[37m<-- GET /wd/hub/session/ac8bb9aa-223a-48aa-a8e1-9d0c357dabca/element/5035ff38-ac90-40d8-981e-5e137f10e418/displayed &amp#27;[39m&amp#27;[32m200&amp#27;[39m &amp#27;[90m24 ms - 14&amp#27;[39m
&amp#27;[35m[HTTP]&amp#27;[39m &amp#27;[90m&amp#27;[39m
&amp#27;[35m[HTTP]&amp#27;[39m &amp#27;[37m-->&amp#27;[39m &amp#27;[37mPOST&amp#27;[39m &amp#27;[37m/wd/hub/session/ac8bb9aa-223a-48aa-a8e1-9d0c357dabca/element&amp#27;[39m
&amp#27;[35m[HTTP]&amp#27;[39m &amp#27;[90m{"using":"id","value":"flipboard.app:id/search_view_input"}&amp#27;[39m
[debug] &amp#27;[35m[W3C (ac8bb9aa)]&amp#27;[39m Calling AppiumDriver.findElement() with args: ["id","flipboard.app:id/search_view_input","ac8bb9aa-223a-48aa-a8e1-9d0c357dabca"]
[debug] &amp#27;[35m[BaseDriver]&amp#27;[39m Valid locator strategies for this request: xpath, id, class name, accessibility id, -android uiautomator
[debug] &amp#27;[35m[BaseDriver]&amp#27;[39m Waiting up to 2000 ms for condition
[debug] &amp#27;[35m[WD Proxy]&amp#27;[39m Matched '/element' to command name 'findElement'
[debug] &amp#27;[35m[WD Proxy]&amp#27;[39m Proxying [POST /element] to [POST http://127.0.0.1:8200/wd/hub/session/dedb4e09-40b2-4c5d-bb4d-1dd47b432a0c/element] with body: {"strategy":"id","selector":"flipboard.app:id/search_view_input","context":"","multiple":false}
[debug] &amp#27;[35m[WD Proxy]&amp#27;[39m Got response with status 200: {"sessionId":"dedb4e09-40b2-4c5d-bb4d-1dd47b432a0c","value":{"ELEMENT":"e5fcf453-7e1f-4923-bb16-13df56ede8b0","element-6066-11e4-a52e-4f735466cecf":"e5fcf453-7e1f-4923-bb16-13df56ede8b0"}}
[debug] &amp#27;[35m[W3C (ac8bb9aa)]&amp#27;[39m Responding to client with driver.findElement() result: {"element-6066-11e4-a52e-4f735466cecf":"e5fcf453-7e1f-4923-bb16-13df56ede8b0","ELEMENT":"e5fcf453-7e1f-4923-bb16-13df56ede8b0"}
&amp#27;[35m[HTTP]&amp#27;[39m &amp#27;[37m<-- POST /wd/hub/session/ac8bb9aa-223a-48aa-a8e1-9d0c357dabca/element &amp#27;[39m&amp#27;[32m200&amp#27;[39m &amp#27;[90m33 ms - 137&amp#27;[39m
&amp#27;[35m[HTTP]&amp#27;[39m &amp#27;[90m&amp#27;[39m
&amp#27;[35m[HTTP]&amp#27;[39m &amp#27;[37m-->&amp#27;[39m &amp#27;[37mGET&amp#27;[39m &amp#27;[37m/wd/hub/session/ac8bb9aa-223a-48aa-a8e1-9d0c357dabca/element/e5fcf453-7e1f-4923-bb16-13df56ede8b0/displayed&amp#27;[39m
&amp#27;[35m[HTTP]&amp#27;[39m &amp#27;[90m{}&amp#27;[39m
[debug] &amp#27;[35m[W3C (ac8bb9aa)]&amp#27;[39m Calling AppiumDriver.elementDisplayed() with args: ["e5fcf453-7e1f-4923-bb16-13df56ede8b0","ac8bb9aa-223a-48aa-a8e1-9d0c357dabca"]
[debug] &amp#27;[35m[WD Proxy]&amp#27;[39m Matched '/element/e5fcf453-7e1f-4923-bb16-13df56ede8b0/attribute/displayed' to command name 'getAttribute'
[debug] &amp#27;[35m[WD Proxy]&amp#27;[39m Proxying [GET /element/e5fcf453-7e1f-4923-bb16-13df56ede8b0/attribute/displayed] to [GET http://127.0.0.1:8200/wd/hub/session/dedb4e09-40b2-4c5d-bb4d-1dd47b432a0c/element/e5fcf453-7e1f-4923-bb16-13df56ede8b0/attribute/displayed] with body: {}
[debug] &amp#27;[35m[WD Proxy]&amp#27;[39m Got response with status 200: {"sessionId":"dedb4e09-40b2-4c5d-bb4d-1dd47b432a0c","value":"true"}
[debug] &amp#27;[35m[W3C (ac8bb9aa)]&amp#27;[39m Responding to client with driver.elementDisplayed() result: true
&amp#27;[35m[HTTP]&amp#27;[39m &amp#27;[37m<-- GET /wd/hub/session/ac8bb9aa-223a-48aa-a8e1-9d0c357dabca/element/e5fcf453-7e1f-4923-bb16-13df56ede8b0/displayed &amp#27;[39m&amp#27;[32m200&amp#27;[39m &amp#27;[90m29 ms - 14&amp#27;[39m
&amp#27;[35m[HTTP]&amp#27;[39m &amp#27;[90m&amp#27;[39m
&amp#27;[35m[HTTP]&amp#27;[39m &amp#27;[37m-->&amp#27;[39m &amp#27;[37mPOST&amp#27;[39m &amp#27;[37m/wd/hub/session/ac8bb9aa-223a-48aa-a8e1-9d0c357dabca/element/e5fcf453-7e1f-4923-bb16-13df56ede8b0/value&amp#27;[39m
&amp#27;[35m[HTTP]&amp#27;[39m &amp#27;[90m{"id":"e5fcf453-7e1f-4923-bb16-13df56ede8b0","text":"iphone","value":["i","p","h","o","n","e"]}&amp#27;[39m
[debug] &amp#27;[35m[W3C (ac8bb9aa)]&amp#27;[39m Calling AppiumDriver.setValue() with args: [["i","p","h","o","n","e"],"e5fcf453-7e1f-4923-bb16-13df56ede8b0","ac8bb9aa-223a-48aa-a8e1-9d0c357dabca"]
[debug] &amp#27;[35m[WD Proxy]&amp#27;[39m Matched '/element/e5fcf453-7e1f-4923-bb16-13df56ede8b0/value' to command name 'setValue'
[debug] &amp#27;[35m[Protocol Converter]&amp#27;[39m Added 'value' property ["i","p","h","o","n","e"] to 'setValue' request body
[debug] &amp#27;[35m[WD Proxy]&amp#27;[39m Proxying [POST /element/e5fcf453-7e1f-4923-bb16-13df56ede8b0/value] to [POST http://127.0.0.1:8200/wd/hub/session/dedb4e09-40b2-4c5d-bb4d-1dd47b432a0c/element/e5fcf453-7e1f-4923-bb16-13df56ede8b0/value] with body: {"elementId":"e5fcf453-7e1f-4923-bb16-13df56ede8b0","text":"iphone","replace":false,"value":["i","p","h","o","n","e"]}
[debug] &amp#27;[35m[WD Proxy]&amp#27;[39m Got response with status 200: {"sessionId":"dedb4e09-40b2-4c5d-bb4d-1dd47b432a0c","value":null}
[debug] &amp#27;[35m[W3C (ac8bb9aa)]&amp#27;[39m Responding to client with driver.setValue() result: null
&amp#27;[35m[HTTP]&amp#27;[39m &amp#27;[37m<-- POST /wd/hub/session/ac8bb9aa-223a-48aa-a8e1-9d0c357dabca/element/e5fcf453-7e1f-4923-bb16-13df56ede8b0/value &amp#27;[39m&amp#27;[32m200&amp#27;[39m &amp#27;[90m686 ms - 14&amp#27;[39m
&amp#27;[35m[HTTP]&amp#27;[39m &amp#27;[90m&amp#27;[39m
&amp#27;[35m[HTTP]&amp#27;[39m &amp#27;[37m-->&amp#27;[39m &amp#27;[37mPOST&amp#27;[39m &amp#27;[37m/wd/hub/session/ac8bb9aa-223a-48aa-a8e1-9d0c357dabca/appium/device/press_keycode&amp#27;[39m
&amp#27;[35m[HTTP]&amp#27;[39m &amp#27;[90m{"keycode":66}&amp#27;[39m
[debug] &amp#27;[35m[W3C (ac8bb9aa)]&amp#27;[39m Calling AppiumDriver.pressKeyCode() with args: [66,null,null,null,null,"ac8bb9aa-223a-48aa-a8e1-9d0c357dabca"]
[debug] &amp#27;[35m[WD Proxy]&amp#27;[39m Matched '/appium/device/press_keycode' to command name 'pressKeyCode'
[debug] &amp#27;[35m[WD Proxy]&amp#27;[39m Proxying [POST /appium/device/press_keycode] to [POST http://127.0.0.1:8200/wd/hub/session/dedb4e09-40b2-4c5d-bb4d-1dd47b432a0c/appium/device/press_keycode] with body: {"keycode":66,"metastate":null,"flags":null}
[debug] &amp#27;[35m[WD Proxy]&amp#27;[39m Got response with status 200: {"sessionId":"dedb4e09-40b2-4c5d-bb4d-1dd47b432a0c","value":null}
[debug] &amp#27;[35m[W3C (ac8bb9aa)]&amp#27;[39m Responding to client with driver.pressKeyCode() result: null
&amp#27;[35m[HTTP]&amp#27;[39m &amp#27;[37m<-- POST /wd/hub/session/ac8bb9aa-223a-48aa-a8e1-9d0c357dabca/appium/device/press_keycode &amp#27;[39m&amp#27;[32m200&amp#27;[39m &amp#27;[90m1197 ms - 14&amp#27;[39m
&amp#27;[35m[HTTP]&amp#27;[39m &amp#27;[90m&amp#27;[39m
&amp#27;[35m[HTTP]&amp#27;[39m &amp#27;[37m-->&amp#27;[39m &amp#27;[37mGET&amp#27;[39m &amp#27;[37m/wd/hub/session/ac8bb9aa-223a-48aa-a8e1-9d0c357dabca/screenshot&amp#27;[39m
&amp#27;[35m[HTTP]&amp#27;[39m &amp#27;[90m{}&amp#27;[39m
[debug] &amp#27;[35m[W3C (ac8bb9aa)]&amp#27;[39m Calling AppiumDriver.getScreenshot() with args: ["ac8bb9aa-223a-48aa-a8e1-9d0c357dabca"]
[debug] &amp#27;[35m[WD Proxy]&amp#27;[39m Matched '/screenshot' to command name 'getScreenshot'
[debug] &amp#27;[35m[WD Proxy]&amp#27;[39m Proxying [GET /screenshot] to [GET http://127.0.0.1:8200/wd/hub/session/dedb4e09-40b2-4c5d-bb4d-1dd47b432a0c/screenshot] with no body
[debug] &amp#27;[35m[WD Proxy]&amp#27;[39m Got response with status 200: {"sessionId":"dedb4e09-40b2-4c5d-bb4d-1dd47b432a0c","value":"iVBORw0KGgoAAAANSUhEUgAABDgAAAkkCAYAAAD508+vAAAABHNCSVQICAgIfAhkiAAAIABJREFU\neJzs3XmYnNdBJ+pft9RSW7Il25Is2ZH3hTi2HAdsJyQkAwlZSEiYCTvDDDMkELLAwJ07w8Dcex+Y\nGV\/gcmESMoFhTWDCFi4ZCAlkG7I6cUjwksRxEuNVjpFsSdbeLUvqvn+cLqmqVNVd3erqqtN63+fp\nR\/qqq74+VXW+U1\/9vrOMTCfTAQAAAKjY6KALAAAAAHC6BBwAAABA9QQcAAAAQPUEHAAAAED1BBwA\nAABA9QQcAAAAQPUEHAAAAED1BBwAAABA9QQcAAAAQPUEHAAAAED1BBwAAABA9QQcAAAAQPUEHAAA\nAED1BBwAAABA9QQcAAAAQPUEHAAAAED1BBwAAABA9QQcAAAAQPUEHAAAAED1BBwAAABA9QQcAAAA\nQPUEHAAAAED1BBwAAABA9QQcAFRpKsmdgy4EQJL7k+wbdCEAEHAAUJ\/DSX43yX9P8uSAywLw10l+\nKckDgy4IwBlu5aALQL3uTrK\/afubkowMqCxAb44k+bum7U1Jnj6gsizUwSS\/leQrM9v\/kOTmwRUH\nOMNNpLRDk0nekuSNSa4ZaIkAzlwCDhbsU0nuatp+XgQcMOyOJHln0\/YLU1fAcSTJ7+VkuPHsJDcM\nrjgAOSvJj6eEG5NJfj3JTyW5dJCFgmXsWJIDKb05VyZZk+ScivY\/LCZSnuNEkrGUtuyc1P99blkF\nHH+X5ONz3OesJOtT3rzLklyR5VlhAZab6SR\/luSeme3rkvyLlA9lgEG6KskPJfntlC8L\/z3JTyc5\nd0DleUuSo33a9xtTzqdhqX01yWdSLrAebPvdpUmelXLBdd2Q7n8u25P86Wk8\/t9k7nOi\/UluT\/L5\nJPd1+P2WlA...
[debug] &amp#27;[35m[W3C (ac8bb9aa)]&amp#27;[39m Responding to client with driver.getScreenshot() result: "iVBORw0KGgoAAAANSUhEUgAABDgAAAkkCAYAAAD508+vAAAABHNCSVQICAgIfAhkiAAAIABJREFU\neJzs3XmYnNdBJ+pft9RSW7Il25Is2ZH3hTi2HAdsJyQkAwlZSEiYCTvDDDMkELLAwJ07w8Dcex+Y\nGV/gcmESMoFhTWDCFi4ZCAlkG7I6cUjwksRxEuNVjpFsSdbeLUvqvn+cLqmqVNVd3erqqtN63+fp\nR/qqq74+VXW+U1/9vrOMTCfTAQAAAKjY6KALAAAAAHC6BBwAAABA9QQcAAAAQPUEHAAAAED1BBwA\nAABA9QQcAAAAQPUEHAAAAED1BBwAAABA9QQcAAAAQPUEHAAAAED1BBwAAABA9QQcAAAAQPUEHAAA\nAED1BBwAAABA9QQcAAAAQPUEHAAAAED1BBwAAABA9QQcAAAAQPUEHAAAAED1BBwAAABA9QQcAAAA\nQPUEHAAAAED1BBwAAABA9QQcAFRpKsmdgy4EQJL7k+wbdCEAEHAAUJ/DSX43yX9P8uSAywLw10l+\nKckDgy4IwBlu5aALQL3uTrK/afubkowMqCxAb44k+bum7U1Jnj6gsizUwSS/leQrM9v/kOTmwRUH\nOMNNpLRDk0nekuSNSa4ZaIkAzlwCDhbsU0nuatp+XgQcMOyOJHln0/YLU1fAcSTJ7+VkuPHsJDcM\nrjgAOSvJj6eEG5NJfj3JTyW5dJCFgmXsWJIDKb05VyZZk+ScivY/LCZSnuNEkrGUtuyc1P99blkF\nHH+X5ONz3OesJOtT3rzLklyR5VlhAZab6SR/luSeme3rkvyLlA9lgEG6KskPJfntlC8L/z3JTyc5\nd0DleUuSo33a9xtTzqdhqX01yWdSLrAebPvdpUmelXLBdd2Q7n8u25P86Wk8/t9k7nOi/UluT/L5\nJPd1+P2WlAtH35jkotMoyyAtq4DjUDq/UXO5OcnLkmxd3OIAsIg+k+QTM/8/N8m/jHADGB43pQxV\n+UiSPU...
&amp#27;[35m[HTTP]&amp#27;[39m &amp#27;[37m<-- GET /wd/hub/session/ac8bb9aa-223a-48aa-a8e1-9d0c357dabca/screenshot &amp#27;[39m&amp#27;[32m200&amp#27;[39m &amp#27;[90m540 ms - 303326&amp#27;[39m
&amp#27;[35m[HTTP]&amp#27;[39m &amp#27;[90m&amp#27;[39m
&amp#27;[35m[HTTP]&amp#27;[39m &amp#27;[37m-->&amp#27;[39m &amp#27;[37mPOST&amp#27;[39m &amp#27;[37m/wd/hub/session/ac8bb9aa-223a-48aa-a8e1-9d0c357dabca/timeouts&amp#27;[39m
&amp#27;[35m[HTTP]&amp#27;[39m &amp#27;[90m{"implicit":0}&amp#27;[39m
[debug] &amp#27;[35m[W3C (ac8bb9aa)]&amp#27;[39m Calling AppiumDriver.timeouts() with args: [null,null,null,null,0,"ac8bb9aa-223a-48aa-a8e1-9d0c357dabca"]
[debug] &amp#27;[35m[BaseDriver]&amp#27;[39m W3C timeout argument: {"implicit":0}}
[debug] &amp#27;[35m[BaseDriver]&amp#27;[39m Set implicit wait to 0ms
[debug] &amp#27;[35m[W3C (ac8bb9aa)]&amp#27;[39m Responding to client with driver.timeouts() result: null
&amp#27;[35m[HTTP]&amp#27;[39m &amp#27;[37m<-- POST /wd/hub/session/ac8bb9aa-223a-48aa-a8e1-9d0c357dabca/timeouts &amp#27;[39m&amp#27;[32m200&amp#27;[39m &amp#27;[90m1 ms - 14&amp#27;[39m
&amp#27;[35m[HTTP]&amp#27;[39m &amp#27;[90m&amp#27;[39m
&amp#27;[35m[HTTP]&amp#27;[39m &amp#27;[37m-->&amp#27;[39m &amp#27;[37mPOST&amp#27;[39m &amp#27;[37m/wd/hub/session/ac8bb9aa-223a-48aa-a8e1-9d0c357dabca/element&amp#27;[39m
&amp#27;[35m[HTTP]&amp#27;[39m &amp#27;[90m{"using":"id","value":"flipboard.app:id/search_result_general_title_text"}&amp#27;[39m
[debug] &amp#27;[35m[W3C (ac8bb9aa)]&amp#27;[39m Calling AppiumDriver.findElement() with args: ["id","flipboard.app:id/search_result_general_title_text","ac8bb9aa-223a-48aa-a8e1-9d0c357dabca"]
[debug] &amp#27;[35m[BaseDriver]&amp#27;[39m Valid locator strategies for this request: xpath, id, class name, accessibility id, -android uiautomator
[debug] &amp#27;[35m[BaseDriver]&amp#27;[39m Waiting up to 0 ms for condition
[debug] &amp#27;[35m[WD Proxy]&amp#27;[39m Matched '/element' to command name 'findElement'
[debug] &amp#27;[35m[WD Proxy]&amp#27;[39m Proxying [POST /element] to [POST http://127.0.0.1:8200/wd/hub/session/dedb4e09-40b2-4c5d-bb4d-1dd47b432a0c/element] with body: {"strategy":"id","selector":"flipboard.app:id/search_result_general_title_text","context":"","multiple":false}
[debug] &amp#27;[35m[WD Proxy]&amp#27;[39m Got response with status 200: {"sessionId":"dedb4e09-40b2-4c5d-bb4d-1dd47b432a0c","value":{"ELEMENT":"59076e83-6b65-4177-b706-393bd0280ded","element-6066-11e4-a52e-4f735466cecf":"59076e83-6b65-4177-b706-393bd0280ded"}}
[debug] &amp#27;[35m[W3C (ac8bb9aa)]&amp#27;[39m Responding to client with driver.findElement() result: {"element-6066-11e4-a52e-4f735466cecf":"59076e83-6b65-4177-b706-393bd0280ded","ELEMENT":"59076e83-6b65-4177-b706-393bd0280ded"}
&amp#27;[35m[HTTP]&amp#27;[39m &amp#27;[37m<-- POST /wd/hub/session/ac8bb9aa-223a-48aa-a8e1-9d0c357dabca/element &amp#27;[39m&amp#27;[32m200&amp#27;[39m &amp#27;[90m604 ms - 137&amp#27;[39m
&amp#27;[35m[HTTP]&amp#27;[39m &amp#27;[90m&amp#27;[39m
&amp#27;[35m[HTTP]&amp#27;[39m &amp#27;[37m-->&amp#27;[39m &amp#27;[37mPOST&amp#27;[39m &amp#27;[37m/wd/hub/session/ac8bb9aa-223a-48aa-a8e1-9d0c357dabca/timeouts&amp#27;[39m
&amp#27;[35m[HTTP]&amp#27;[39m &amp#27;[90m{"implicit":2000}&amp#27;[39m
[debug] &amp#27;[35m[W3C (ac8bb9aa)]&amp#27;[39m Calling AppiumDriver.timeouts() with args: [null,null,null,null,2000,"ac8bb9aa-223a-48aa-a8e1-9d0c357dabca"]
[debug] &amp#27;[35m[BaseDriver]&amp#27;[39m W3C timeout argument: {"implicit":2000}}
[debug] &amp#27;[35m[BaseDriver]&amp#27;[39m Set implicit wait to 2000ms
[debug] &amp#27;[35m[W3C (ac8bb9aa)]&amp#27;[39m Responding to client with driver.timeouts() result: null
&amp#27;[35m[HTTP]&amp#27;[39m &amp#27;[37m<-- POST /wd/hub/session/ac8bb9aa-223a-48aa-a8e1-9d0c357dabca/timeouts &amp#27;[39m&amp#27;[32m200&amp#27;[39m &amp#27;[90m1 ms - 14&amp#27;[39m
&amp#27;[35m[HTTP]&amp#27;[39m &amp#27;[90m&amp#27;[39m
&amp#27;[35m[HTTP]&amp#27;[39m &amp#27;[37m-->&amp#27;[39m &amp#27;[37mPOST&amp#27;[39m &amp#27;[37m/wd/hub/session/ac8bb9aa-223a-48aa-a8e1-9d0c357dabca/timeouts&amp#27;[39m
&amp#27;[35m[HTTP]&amp#27;[39m &amp#27;[90m{"implicit":0}&amp#27;[39m
[debug] &amp#27;[35m[W3C (ac8bb9aa)]&amp#27;[39m Calling AppiumDriver.timeouts() with args: [null,null,null,null,0,"ac8bb9aa-223a-48aa-a8e1-9d0c357dabca"]
[debug] &amp#27;[35m[BaseDriver]&amp#27;[39m W3C timeout argument: {"implicit":0}}
[debug] &amp#27;[35m[BaseDriver]&amp#27;[39m Set implicit wait to 0ms
[debug] &amp#27;[35m[W3C (ac8bb9aa)]&amp#27;[39m Responding to client with driver.timeouts() result: null
&amp#27;[35m[HTTP]&amp#27;[39m &amp#27;[37m<-- POST /wd/hub/session/ac8bb9aa-223a-48aa-a8e1-9d0c357dabca/timeouts &amp#27;[39m&amp#27;[32m200&amp#27;[39m &amp#27;[90m2 ms - 14&amp#27;[39m
&amp#27;[35m[HTTP]&amp#27;[39m &amp#27;[90m&amp#27;[39m
&amp#27;[35m[HTTP]&amp#27;[39m &amp#27;[37m-->&amp#27;[39m &amp#27;[37mPOST&amp#27;[39m &amp#27;[37m/wd/hub/session/ac8bb9aa-223a-48aa-a8e1-9d0c357dabca/element&amp#27;[39m
&amp#27;[35m[HTTP]&amp#27;[39m &amp#27;[90m{"using":"id","value":"flipboard.app:id/search_result_general_title_text"}&amp#27;[39m
[debug] &amp#27;[35m[W3C (ac8bb9aa)]&amp#27;[39m Calling AppiumDriver.findElement() with args: ["id","flipboard.app:id/search_result_general_title_text","ac8bb9aa-223a-48aa-a8e1-9d0c357dabca"]
[debug] &amp#27;[35m[BaseDriver]&amp#27;[39m Valid locator strategies for this request: xpath, id, class name, accessibility id, -android uiautomator
[debug] &amp#27;[35m[BaseDriver]&amp#27;[39m Waiting up to 0 ms for condition
[debug] &amp#27;[35m[WD Proxy]&amp#27;[39m Matched '/element' to command name 'findElement'
[debug] &amp#27;[35m[WD Proxy]&amp#27;[39m Proxying [POST /element] to [POST http://127.0.0.1:8200/wd/hub/session/dedb4e09-40b2-4c5d-bb4d-1dd47b432a0c/element] with body: {"strategy":"id","selector":"flipboard.app:id/search_result_general_title_text","context":"","multiple":false}
[debug] &amp#27;[35m[WD Proxy]&amp#27;[39m Got response with status 200: {"sessionId":"dedb4e09-40b2-4c5d-bb4d-1dd47b432a0c","value":{"ELEMENT":"ddbf5ba5-2aba-44cd-a047-7689cfc36ab6","element-6066-11e4-a52e-4f735466cecf":"ddbf5ba5-2aba-44cd-a047-7689cfc36ab6"}}
[debug] &amp#27;[35m[W3C (ac8bb9aa)]&amp#27;[39m Responding to client with driver.findElement() result: {"element-6066-11e4-a52e-4f735466cecf":"ddbf5ba5-2aba-44cd-a047-7689cfc36ab6","ELEMENT":"ddbf5ba5-2aba-44cd-a047-7689cfc36ab6"}
&amp#27;[35m[HTTP]&amp#27;[39m &amp#27;[37m<-- POST /wd/hub/session/ac8bb9aa-223a-48aa-a8e1-9d0c357dabca/element &amp#27;[39m&amp#27;[32m200&amp#27;[39m &amp#27;[90m51 ms - 137&amp#27;[39m
&amp#27;[35m[HTTP]&amp#27;[39m &amp#27;[90m&amp#27;[39m
&amp#27;[35m[HTTP]&amp#27;[39m &amp#27;[37m-->&amp#27;[39m &amp#27;[37mPOST&amp#27;[39m &amp#27;[37m/wd/hub/session/ac8bb9aa-223a-48aa-a8e1-9d0c357dabca/timeouts&amp#27;[39m
&amp#27;[35m[HTTP]&amp#27;[39m &amp#27;[90m{"implicit":2000}&amp#27;[39m
[debug] &amp#27;[35m[W3C (ac8bb9aa)]&amp#27;[39m Calling AppiumDriver.timeouts() with args: [null,null,null,null,2000,"ac8bb9aa-223a-48aa-a8e1-9d0c357dabca"]
[debug] &amp#27;[35m[BaseDriver]&amp#27;[39m W3C timeout argument: {"implicit":2000}}
[debug] &amp#27;[35m[BaseDriver]&amp#27;[39m Set implicit wait to 2000ms
[debug] &amp#27;[35m[W3C (ac8bb9aa)]&amp#27;[39m Responding to client with driver.timeouts() result: null
&amp#27;[35m[HTTP]&amp#27;[39m &amp#27;[37m<-- POST /wd/hub/session/ac8bb9aa-223a-48aa-a8e1-9d0c357dabca/timeouts &amp#27;[39m&amp#27;[32m200&amp#27;[39m &amp#27;[90m1 ms - 14&amp#27;[39m
&amp#27;[35m[HTTP]&amp#27;[39m &amp#27;[90m&amp#27;[39m
&amp#27;[35m[HTTP]&amp#27;[39m &amp#27;[37m-->&amp#27;[39m &amp#27;[37mGET&amp#27;[39m &amp#27;[37m/wd/hub/session/ac8bb9aa-223a-48aa-a8e1-9d0c357dabca/element/ddbf5ba5-2aba-44cd-a047-7689cfc36ab6/displayed&amp#27;[39m
&amp#27;[35m[HTTP]&amp#27;[39m &amp#27;[90m{}&amp#27;[39m
[debug] &amp#27;[35m[W3C (ac8bb9aa)]&amp#27;[39m Calling AppiumDriver.elementDisplayed() with args: ["ddbf5ba5-2aba-44cd-a047-7689cfc36ab6","ac8bb9aa-223a-48aa-a8e1-9d0c357dabca"]
[debug] &amp#27;[35m[WD Proxy]&amp#27;[39m Matched '/element/ddbf5ba5-2aba-44cd-a047-7689cfc36ab6/attribute/displayed' to command name 'getAttribute'
[debug] &amp#27;[35m[WD Proxy]&amp#27;[39m Proxying [GET /element/ddbf5ba5-2aba-44cd-a047-7689cfc36ab6/attribute/displayed] to [GET http://127.0.0.1:8200/wd/hub/session/dedb4e09-40b2-4c5d-bb4d-1dd47b432a0c/element/ddbf5ba5-2aba-44cd-a047-7689cfc36ab6/attribute/displayed] with body: {}
[debug] &amp#27;[35m[WD Proxy]&amp#27;[39m Got response with status 200: {"sessionId":"dedb4e09-40b2-4c5d-bb4d-1dd47b432a0c","value":"true"}
[debug] &amp#27;[35m[W3C (ac8bb9aa)]&amp#27;[39m Responding to client with driver.elementDisplayed() result: true
&amp#27;[35m[HTTP]&amp#27;[39m &amp#27;[37m<-- GET /wd/hub/session/ac8bb9aa-223a-48aa-a8e1-9d0c357dabca/element/ddbf5ba5-2aba-44cd-a047-7689cfc36ab6/displayed &amp#27;[39m&amp#27;[32m200&amp#27;[39m &amp#27;[90m25 ms - 14&amp#27;[39m
&amp#27;[35m[HTTP]&amp#27;[39m &amp#27;[90m&amp#27;[39m
&amp#27;[35m[HTTP]&amp#27;[39m &amp#27;[37m-->&amp#27;[39m &amp#27;[37mPOST&amp#27;[39m &amp#27;[37m/wd/hub/session/ac8bb9aa-223a-48aa-a8e1-9d0c357dabca/timeouts&amp#27;[39m
&amp#27;[35m[HTTP]&amp#27;[39m &amp#27;[90m{"implicit":0}&amp#27;[39m
[debug] &amp#27;[35m[W3C (ac8bb9aa)]&amp#27;[39m Calling AppiumDriver.timeouts() with args: [null,null,null,null,0,"ac8bb9aa-223a-48aa-a8e1-9d0c357dabca"]
[debug] &amp#27;[35m[BaseDriver]&amp#27;[39m W3C timeout argument: {"implicit":0}}
[debug] &amp#27;[35m[BaseDriver]&amp#27;[39m Set implicit wait to 0ms
[debug] &amp#27;[35m[W3C (ac8bb9aa)]&amp#27;[39m Responding to client with driver.timeouts() result: null
&amp#27;[35m[HTTP]&amp#27;[39m &amp#27;[37m<-- POST /wd/hub/session/ac8bb9aa-223a-48aa-a8e1-9d0c357dabca/timeouts &amp#27;[39m&amp#27;[32m200&amp#27;[39m &amp#27;[90m1 ms - 14&amp#27;[39m
&amp#27;[35m[HTTP]&amp#27;[39m &amp#27;[90m&amp#27;[39m
&amp#27;[35m[HTTP]&amp#27;[39m &amp#27;[37m-->&amp#27;[39m &amp#27;[37mPOST&amp#27;[39m &amp#27;[37m/wd/hub/session/ac8bb9aa-223a-48aa-a8e1-9d0c357dabca/element&amp#27;[39m
&amp#27;[35m[HTTP]&amp#27;[39m &amp#27;[90m{"using":"id","value":"flipboard.app:id/search_result_general_title_text"}&amp#27;[39m
[debug] &amp#27;[35m[W3C (ac8bb9aa)]&amp#27;[39m Calling AppiumDriver.findElement() with args: ["id","flipboard.app:id/search_result_general_title_text","ac8bb9aa-223a-48aa-a8e1-9d0c357dabca"]
[debug] &amp#27;[35m[BaseDriver]&amp#27;[39m Valid locator strategies for this request: xpath, id, class name, accessibility id, -android uiautomator
[debug] &amp#27;[35m[BaseDriver]&amp#27;[39m Waiting up to 0 ms for condition
[debug] &amp#27;[35m[WD Proxy]&amp#27;[39m Matched '/element' to command name 'findElement'
[debug] &amp#27;[35m[WD Proxy]&amp#27;[39m Proxying [POST /element] to [POST http://127.0.0.1:8200/wd/hub/session/dedb4e09-40b2-4c5d-bb4d-1dd47b432a0c/element] with body: {"strategy":"id","selector":"flipboard.app:id/search_result_general_title_text","context":"","multiple":false}
[debug] &amp#27;[35m[WD Proxy]&amp#27;[39m Got response with status 200: {"sessionId":"dedb4e09-40b2-4c5d-bb4d-1dd47b432a0c","value":{"ELEMENT":"01cb4257-e990-42e6-91a4-3182e4d07aca","element-6066-11e4-a52e-4f735466cecf":"01cb4257-e990-42e6-91a4-3182e4d07aca"}}
[debug] &amp#27;[35m[W3C (ac8bb9aa)]&amp#27;[39m Responding to client with driver.findElement() result: {"element-6066-11e4-a52e-4f735466cecf":"01cb4257-e990-42e6-91a4-3182e4d07aca","ELEMENT":"01cb4257-e990-42e6-91a4-3182e4d07aca"}
&amp#27;[35m[HTTP]&amp#27;[39m &amp#27;[37m<-- POST /wd/hub/session/ac8bb9aa-223a-48aa-a8e1-9d0c357dabca/element &amp#27;[39m&amp#27;[32m200&amp#27;[39m &amp#27;[90m45 ms - 137&amp#27;[39m
&amp#27;[35m[HTTP]&amp#27;[39m &amp#27;[90m&amp#27;[39m
&amp#27;[35m[HTTP]&amp#27;[39m &amp#27;[37m-->&amp#27;[39m &amp#27;[37mPOST&amp#27;[39m &amp#27;[37m/wd/hub/session/ac8bb9aa-223a-48aa-a8e1-9d0c357dabca/timeouts&amp#27;[39m
&amp#27;[35m[HTTP]&amp#27;[39m &amp#27;[90m{"implicit":2000}&amp#27;[39m
[debug] &amp#27;[35m[W3C (ac8bb9aa)]&amp#27;[39m Calling AppiumDriver.timeouts() with args: [null,null,null,null,2000,"ac8bb9aa-223a-48aa-a8e1-9d0c357dabca"]
[debug] &amp#27;[35m[BaseDriver]&amp#27;[39m W3C timeout argument: {"implicit":2000}}
[debug] &amp#27;[35m[BaseDriver]&amp#27;[39m Set implicit wait to 2000ms
[debug] &amp#27;[35m[W3C (ac8bb9aa)]&amp#27;[39m Responding to client with driver.timeouts() result: null
&amp#27;[35m[HTTP]&amp#27;[39m &amp#27;[37m<-- POST /wd/hub/session/ac8bb9aa-223a-48aa-a8e1-9d0c357dabca/timeouts &amp#27;[39m&amp#27;[32m200&amp#27;[39m &amp#27;[90m1 ms - 14&amp#27;[39m
&amp#27;[35m[HTTP]&amp#27;[39m &amp#27;[90m&amp#27;[39m
&amp#27;[35m[HTTP]&amp#27;[39m &amp#27;[37m-->&amp#27;[39m &amp#27;[37mGET&amp#27;[39m &amp#27;[37m/wd/hub/session/ac8bb9aa-223a-48aa-a8e1-9d0c357dabca/element/01cb4257-e990-42e6-91a4-3182e4d07aca/displayed&amp#27;[39m
&amp#27;[35m[HTTP]&amp#27;[39m &amp#27;[90m{}&amp#27;[39m
[debug] &amp#27;[35m[W3C (ac8bb9aa)]&amp#27;[39m Calling AppiumDriver.elementDisplayed() with args: ["01cb4257-e990-42e6-91a4-3182e4d07aca","ac8bb9aa-223a-48aa-a8e1-9d0c357dabca"]
[debug] &amp#27;[35m[WD Proxy]&amp#27;[39m Matched '/element/01cb4257-e990-42e6-91a4-3182e4d07aca/attribute/displayed' to command name 'getAttribute'
[debug] &amp#27;[35m[WD Proxy]&amp#27;[39m Proxying [GET /element/01cb4257-e990-42e6-91a4-3182e4d07aca/attribute/displayed] to [GET http://127.0.0.1:8200/wd/hub/session/dedb4e09-40b2-4c5d-bb4d-1dd47b432a0c/element/01cb4257-e990-42e6-91a4-3182e4d07aca/attribute/displayed] with body: {}
[debug] &amp#27;[35m[WD Proxy]&amp#27;[39m Got response with status 200: {"sessionId":"dedb4e09-40b2-4c5d-bb4d-1dd47b432a0c","value":"true"}
[debug] &amp#27;[35m[W3C (ac8bb9aa)]&amp#27;[39m Responding to client with driver.elementDisplayed() result: true
&amp#27;[35m[HTTP]&amp#27;[39m &amp#27;[37m<-- GET /wd/hub/session/ac8bb9aa-223a-48aa-a8e1-9d0c357dabca/element/01cb4257-e990-42e6-91a4-3182e4d07aca/displayed &amp#27;[39m&amp#27;[32m200&amp#27;[39m &amp#27;[90m26 ms - 14&amp#27;[39m
&amp#27;[35m[HTTP]&amp#27;[39m &amp#27;[90m&amp#27;[39m
&amp#27;[35m[HTTP]&amp#27;[39m &amp#27;[37m-->&amp#27;[39m &amp#27;[37mPOST&amp#27;[39m &amp#27;[37m/wd/hub/session/ac8bb9aa-223a-48aa-a8e1-9d0c357dabca/element&amp#27;[39m
&amp#27;[35m[HTTP]&amp#27;[39m &amp#27;[90m{"using":"id","value":"flipboard.app:id/search_result_general_title_text"}&amp#27;[39m
[debug] &amp#27;[35m[W3C (ac8bb9aa)]&amp#27;[39m Calling AppiumDriver.findElement() with args: ["id","flipboard.app:id/search_result_general_title_text","ac8bb9aa-223a-48aa-a8e1-9d0c357dabca"]
[debug] &amp#27;[35m[BaseDriver]&amp#27;[39m Valid locator strategies for this request: xpath, id, class name, accessibility id, -android uiautomator
[debug] &amp#27;[35m[BaseDriver]&amp#27;[39m Waiting up to 2000 ms for condition
[debug] &amp#27;[35m[WD Proxy]&amp#27;[39m Matched '/element' to command name 'findElement'
[debug] &amp#27;[35m[WD Proxy]&amp#27;[39m Proxying [POST /element] to [POST http://127.0.0.1:8200/wd/hub/session/dedb4e09-40b2-4c5d-bb4d-1dd47b432a0c/element] with body: {"strategy":"id","selector":"flipboard.app:id/search_result_general_title_text","context":"","multiple":false}
[debug] &amp#27;[35m[WD Proxy]&amp#27;[39m Got response with status 200: {"sessionId":"dedb4e09-40b2-4c5d-bb4d-1dd47b432a0c","value":{"ELEMENT":"24deeeea-1268-403d-8676-037b0a377475","element-6066-11e4-a52e-4f735466cecf":"24deeeea-1268-403d-8676-037b0a377475"}}
[debug] &amp#27;[35m[W3C (ac8bb9aa)]&amp#27;[39m Responding to client with driver.findElement() result: {"element-6066-11e4-a52e-4f735466cecf":"24deeeea-1268-403d-8676-037b0a377475","ELEMENT":"24deeeea-1268-403d-8676-037b0a377475"}
&amp#27;[35m[HTTP]&amp#27;[39m &amp#27;[37m<-- POST /wd/hub/session/ac8bb9aa-223a-48aa-a8e1-9d0c357dabca/element &amp#27;[39m&amp#27;[32m200&amp#27;[39m &amp#27;[90m48 ms - 137&amp#27;[39m
&amp#27;[35m[HTTP]&amp#27;[39m &amp#27;[90m&amp#27;[39m
&amp#27;[35m[HTTP]&amp#27;[39m &amp#27;[37m-->&amp#27;[39m &amp#27;[37mGET&amp#27;[39m &amp#27;[37m/wd/hub/session/ac8bb9aa-223a-48aa-a8e1-9d0c357dabca/element/24deeeea-1268-403d-8676-037b0a377475/displayed&amp#27;[39m
&amp#27;[35m[HTTP]&amp#27;[39m &amp#27;[90m{}&amp#27;[39m
[debug] &amp#27;[35m[W3C (ac8bb9aa)]&amp#27;[39m Calling AppiumDriver.elementDisplayed() with args: ["24deeeea-1268-403d-8676-037b0a377475","ac8bb9aa-223a-48aa-a8e1-9d0c357dabca"]
[debug] &amp#27;[35m[WD Proxy]&amp#27;[39m Matched '/element/24deeeea-1268-403d-8676-037b0a377475/attribute/displayed' to command name 'getAttribute'
[debug] &amp#27;[35m[WD Proxy]&amp#27;[39m Proxying [GET /element/24deeeea-1268-403d-8676-037b0a377475/attribute/displayed] to [GET http://127.0.0.1:8200/wd/hub/session/dedb4e09-40b2-4c5d-bb4d-1dd47b432a0c/element/24deeeea-1268-403d-8676-037b0a377475/attribute/displayed] with body: {}
[debug] &amp#27;[35m[WD Proxy]&amp#27;[39m Got response with status 200: {"sessionId":"dedb4e09-40b2-4c5d-bb4d-1dd47b432a0c","value":"true"}
[debug] &amp#27;[35m[W3C (ac8bb9aa)]&amp#27;[39m Responding to client with driver.elementDisplayed() result: true
&amp#27;[35m[HTTP]&amp#27;[39m &amp#27;[37m<-- GET /wd/hub/session/ac8bb9aa-223a-48aa-a8e1-9d0c357dabca/element/24deeeea-1268-403d-8676-037b0a377475/displayed &amp#27;[39m&amp#27;[32m200&amp#27;[39m &amp#27;[90m23 ms - 14&amp#27;[39m
&amp#27;[35m[HTTP]&amp#27;[39m &amp#27;[90m&amp#27;[39m
&amp#27;[35m[HTTP]&amp#27;[39m &amp#27;[37m-->&amp#27;[39m &amp#27;[37mGET&amp#27;[39m &amp#27;[37m/wd/hub/session/ac8bb9aa-223a-48aa-a8e1-9d0c357dabca/element/24deeeea-1268-403d-8676-037b0a377475/text&amp#27;[39m
&amp#27;[35m[HTTP]&amp#27;[39m &amp#27;[90m{}&amp#27;[39m
&amp#27;[35m[W3C (ac8bb9aa)]&amp#27;[39m Driver proxy active, passing request on via HTTP proxy
[debug] &amp#27;[35m[WD Proxy]&amp#27;[39m Matched '/wd/hub/session/ac8bb9aa-223a-48aa-a8e1-9d0c357dabca/element/24deeeea-1268-403d-8676-037b0a377475/text' to command name 'getText'
[debug] &amp#27;[35m[WD Proxy]&amp#27;[39m Proxying [GET /wd/hub/session/ac8bb9aa-223a-48aa-a8e1-9d0c357dabca/element/24deeeea-1268-403d-8676-037b0a377475/text] to [GET http://127.0.0.1:8200/wd/hub/session/dedb4e09-40b2-4c5d-bb4d-1dd47b432a0c/element/24deeeea-1268-403d-8676-037b0a377475/text] with body: {}
[debug] &amp#27;[35m[WD Proxy]&amp#27;[39m Got response with status 200: {"sessionId":"dedb4e09-40b2-4c5d-bb4d-1dd47b432a0c","value":"Apple News"}
&amp#27;[35m[WD Proxy]&amp#27;[39m Replacing sessionId dedb4e09-40b2-4c5d-bb4d-1dd47b432a0c with ac8bb9aa-223a-48aa-a8e1-9d0c357dabca
&amp#27;[35m[HTTP]&amp#27;[39m &amp#27;[37m<-- GET /wd/hub/session/ac8bb9aa-223a-48aa-a8e1-9d0c357dabca/element/24deeeea-1268-403d-8676-037b0a377475/text &amp#27;[39m&amp#27;[32m200&amp#27;[39m &amp#27;[90m22 ms - 73&amp#27;[39m
&amp#27;[35m[HTTP]&amp#27;[39m &amp#27;[90m&amp#27;[39m
&amp#27;[35m[HTTP]&amp#27;[39m &amp#27;[37m-->&amp#27;[39m &amp#27;[37mGET&amp#27;[39m &amp#27;[37m/wd/hub/session/ac8bb9aa-223a-48aa-a8e1-9d0c357dabca/screenshot&amp#27;[39m
&amp#27;[35m[HTTP]&amp#27;[39m &amp#27;[90m{}&amp#27;[39m
[debug] &amp#27;[35m[W3C (ac8bb9aa)]&amp#27;[39m Calling AppiumDriver.getScreenshot() with args: ["ac8bb9aa-223a-48aa-a8e1-9d0c357dabca"]
[debug] &amp#27;[35m[WD Proxy]&amp#27;[39m Matched '/screenshot' to command name 'getScreenshot'
[debug] &amp#27;[35m[WD Proxy]&amp#27;[39m Proxying [GET /screenshot] to [GET http://127.0.0.1:8200/wd/hub/session/dedb4e09-40b2-4c5d-bb4d-1dd47b432a0c/screenshot] with no body
[debug] &amp#27;[35m[WD Proxy]&amp#27;[39m Got response with status 200: {"sessionId":"dedb4e09-40b2-4c5d-bb4d-1dd47b432a0c","value":"iVBORw0KGgoAAAANSUhEUgAABDgAAAkkCAYAAAD508+vAAAABHNCSVQICAgIfAhkiAAAIABJREFU\neJzs3Xl4HGeB7\/ufWrtky4tkS7blJV6CHS9ZsB0gkwDZHAIBJswAGWYOZ0iGQIBhuOcyMHDveWbO\njC\/kcpmJMcuEQJwwMIT4EiYhCVkIcRKcOCRx7CRekuBVTiLZlqzNasmSus8fb7dUVeqlutXd1a\/0\n\/TyPHrta1dWvqqverv7Vu5REpagAAAAAAAAsFgq6AAAAAAAAAONFwAEAAAAAAKxHwAEAAAAAAKxH\nwAEAAAAAAKxHwAEAAAAAAKxHwAEAAAAAAKxHwAEAAAAAAKxHwAEAAAAAAKxHwAEAAAAAAKxHwAEA\nAAAAAKxHwAEAAAAAAKxHwAEAAAAAAKxHwAEAAAAAAKxHwAEAAAAAAKxHwAEAAAAAAKxHwAEAAAAA\nAKxHwAEAAAAAAKxHwAEAAAAAAKxHwAEAAAAAAKxHwAEAAAAAAKxHwAEAAAAAAKxHwAEAAAAAAKxH\nwAEAAAAAAKxHwAEAsFJE0otBFwIAJB2Q1BV0IQAABBwAAPv0SfqxpH+XdCrgsgDAg5JulnQw6IIA\nwCRXFnQBYK\/dkrody38iqSSgsgDwZ0DSHxzLsyQtD6gs2eqV9ENJr8aW\/yhpXXDFATDJhWXqoX5J\nmyR9TtLZgZYIACYvAg5k7WlJuxzLF4mAAyh2A5J+6li+VHYFHAOSbtdouHGhpDXBFQcAVC3pCzLh\nRr+k70v6kqSFQRYKmMCGJPXItOYsk1QjaapF2y8WYZm\/MSypXKYumyr7v89NqIDjD5KeTLNOtaRp\nMm\/eIkmLNTEPWACYaKKStkraE1teKemvZD6UASBISyV9UtJtMl8W\/l3SVyRND6g8myQN5mnbn5O5\nngYK7TVJz8rcYO3...
[debug] &amp#27;[35m[W3C (ac8bb9aa)]&amp#27;[39m Responding to client with driver.getScreenshot() result: "iVBORw0KGgoAAAANSUhEUgAABDgAAAkkCAYAAAD508+vAAAABHNCSVQICAgIfAhkiAAAIABJREFU\neJzs3Xl4HGeB7/ufWrtky4tkS7blJV6CHS9ZsB0gkwDZHAIBJswAGWYOZ0iGQIBhuOcyMHDveWbO\njC/kcpmJMcuEQJwwMIT4EiYhCVkIcRKcOCRx7CRekuBVTiLZlqzNasmSus8fb7dUVeqlutXd1a/0\n/TyPHrta1dWvqqverv7Vu5REpagAAAAAAAAsFgq6AAAAAAAAAONFwAEAAAAAAKxHwAEAAAAAAKxH\nwAEAAAAAAKxHwAEAAAAAAKxHwAEAAAAAAKxHwAEAAAAAAKxHwAEAAAAAAKxHwAEAAAAAAKxHwAEA\nAAAAAKxHwAEAAAAAAKxHwAEAAAAAAKxHwAEAAAAAAKxHwAEAAAAAAKxHwAEAAAAAAKxHwAEAAAAA\nAKxHwAEAAAAAAKxHwAEAAAAAAKxHwAEAAAAAAKxHwAEAAAAAAKxHwAEAAAAAAKxHwAEAAAAAAKxH\nwAEAAAAAAKxHwAEAsFJE0otBFwIAJB2Q1BV0IQAABBwAAPv0SfqxpH+XdCrgsgDAg5JulnQw6IIA\nwCRXFnQBYK/dkrody38iqSSgsgDwZ0DSHxzLsyQtD6gs2eqV9ENJr8aW/yhpXXDFATDJhWXqoX5J\nmyR9TtLZgZYIACYvAg5k7WlJuxzLF4mAAyh2A5J+6li+VHYFHAOSbtdouHGhpDXBFQcAVC3pCzLh\nRr+k70v6kqSFQRYKmMCGJPXItOYsk1QjaapF2y8WYZm/MSypXKYumyr7v89NqIDjD5KeTLNOtaRp\nMm/eIkmLNTEPWACYaKKStkraE1teKemvZD6UASBISyV9UtJtMl8W/l3SVyRND6g8myQN5mnbn5O5\nngYK7TVJz8rcYO31/G6hpPNlbrjWFen202mR9ItxPP+LSn9N1C1ph6SXJL2e4PdNMjeO3ilp7jjK\nEqQJFX...
&amp#27;[35m[HTTP]&amp#27;[39m &amp#27;[37m<-- GET /wd/hub/session/ac8bb9aa-223a-48aa-a8e1-9d0c357dabca/screenshot &amp#27;[39m&amp#27;[32m200&amp#27;[39m &amp#27;[90m440 ms - 177024&amp#27;[39m
&amp#27;[35m[HTTP]&amp#27;[39m &amp#27;[90m&amp#27;[39m
&amp#27;[35m[HTTP]&amp#27;[39m &amp#27;[37m-->&amp#27;[39m &amp#27;[37mGET&amp#27;[39m &amp#27;[37m/wd/hub/session/ac8bb9aa-223a-48aa-a8e1-9d0c357dabca/source&amp#27;[39m
&amp#27;[35m[HTTP]&amp#27;[39m &amp#27;[90m{}&amp#27;[39m
&amp#27;[35m[W3C (ac8bb9aa)]&amp#27;[39m Driver proxy active, passing request on via HTTP proxy
[debug] &amp#27;[35m[WD Proxy]&amp#27;[39m Matched '/wd/hub/session/ac8bb9aa-223a-48aa-a8e1-9d0c357dabca/source' to command name 'getPageSource'
[debug] &amp#27;[35m[WD Proxy]&amp#27;[39m Proxying [GET /wd/hub/session/ac8bb9aa-223a-48aa-a8e1-9d0c357dabca/source] to [GET http://127.0.0.1:8200/wd/hub/session/dedb4e09-40b2-4c5d-bb4d-1dd47b432a0c/source] with body: {}
[debug] &amp#27;[35m[WD Proxy]&amp#27;[39m Got response with status 200: {"sessionId":"dedb4e09-40b2-4c5d-bb4d-1dd47b432a0c","value":"<?xml version='1.0' encoding='UTF-8' standalone='yes' ?>\r\n<hierarchy index=\"0\" class=\"hierarchy\" rotation=\"0\" width=\"1080\" height=\"2214\">\r\n  <android.widget.FrameLayout index=\"0\" package=\"flipboard.app\" class=\"android.widget.FrameLayout\" text=\"\" checkable=\"false\" checked=\"false\" clickable=\"false\" enabled=\"true\" focusable=\"false\" focused=\"false\" long-clickable=\"false\" password=\"false\" scrollable=\"false\" selected=\"false\" bounds=\"[0,0][1080,2214]\" displayed=\"true\">\r\n    <android.widget.LinearLayout index=\"0\" package=\"flipboard.app\" class=\"android.widget.LinearLayout\" text=\"\" checkable=\"false\" checked=\"false\" clickable=\"false\" enabled=\"true\" focusable=\"false\" focused=\"false\" long-clickable=\"false\" password=\"false\" scrollable=\"false\" selected=\"false\" bounds=\"[0,0][1080,2214]\" displayed=\"true\">\r\n      <android.widget.FrameLayout index=\"0\" package=\"flipboard.app\" class...
&amp#27;[35m[WD Proxy]&amp#27;[39m Replacing sessionId dedb4e09-40b2-4c5d-bb4d-1dd47b432a0c with ac8bb9aa-223a-48aa-a8e1-9d0c357dabca
&amp#27;[35m[HTTP]&amp#27;[39m &amp#27;[37m<-- GET /wd/hub/session/ac8bb9aa-223a-48aa-a8e1-9d0c357dabca/source &amp#27;[39m&amp#27;[32m200&amp#27;[39m &amp#27;[90m634 ms - 27417&amp#27;[39m
&amp#27;[35m[HTTP]&amp#27;[39m &amp#27;[90m&amp#27;[39m
]]></system-out>
    <system-err><![CDATA[[main] INFO net.thucydides.core.steps.ConsoleLoggingListener - 
        __    _____ _____ ____ _____   ____   _    ____  ____  _____ ____  
  _     \ \  |_   _| ____/ ___|_   _| |  _ \ / \  / ___|/ ___|| ____|  _ \ 
 (_)_____| |   | | |  _| \___ \ | |   | |_) / _ \ \___ \\___ \|  _| | | | |
  _|_____| |   | | | |___ ___) || |   |  __/ ___ \ ___) |___) | |___| |_| |
 (_)     | |   |_| |_____|____/ |_|   |_| /_/   \_\____/|____/|_____|____/ 
        /_/                                                                

TEST PASSED: Search Item Test
----------------------------------------------------------------------------
Jul 04, 2020 12:52:32 AM io.appium.java_client.remote.AppiumCommandExecutor$1 lambda$0
INFO: Detected dialect: W3C
[main] INFO net.thucydides.core.steps.ConsoleLoggingListener - Test Suite Started: Search item test
[main] INFO net.thucydides.core.steps.ConsoleLoggingListener - 
 _____ _____ ____ _____   ____ _____  _    ____ _____ _____ ____  
|_   _| ____/ ___|_   _| / ___|_   _|/ \  |  _ \_   _| ____|  _ \ 
  | | |  _| \___ \ | |   \___ \ | | / _ \ | |_) || | |  _| | | | |
  | | | |___ ___) || |    ___) || |/ ___ \|  _ < | | | |___| |_| |
  |_| |_____|____/ |_|   |____/ |_/_/   \_\_| \_\|_| |_____|____/ 
                                                                  

TEST STARTED: searchItemTest[1]
-------------------------------------------------------------------
[main] INFO net.serenitybdd.core.Serenity - TEST NUMBER: 3
]]></system-err>
  </testcase>
  <testcase name="searchItemTest[2]" classname="testcases.SearchItemTest" time="20.662">
    <failure type="java.lang.AssertionError">java.lang.AssertionError
	at testcases.SearchItemTest.searchItemTest(SearchItemTest.java:45)
</failure>
    <system-out><![CDATA[&amp#27;[35m[HTTP]&amp#27;[39m &amp#27;[37m-->&amp#27;[39m &amp#27;[37mDELETE&amp#27;[39m &amp#27;[37m/wd/hub/session/ac8bb9aa-223a-48aa-a8e1-9d0c357dabca&amp#27;[39m
&amp#27;[35m[HTTP]&amp#27;[39m &amp#27;[90m{}&amp#27;[39m
[debug] &amp#27;[35m[W3C (ac8bb9aa)]&amp#27;[39m Calling AppiumDriver.deleteSession() with args: ["ac8bb9aa-223a-48aa-a8e1-9d0c357dabca"]
[debug] &amp#27;[35m[BaseDriver]&amp#27;[39m Event 'quitSessionRequested' logged at 1593804174941 (00:52:54 GMT+0530 (India Standard Time))
&amp#27;[35m[Appium]&amp#27;[39m Removing session ac8bb9aa-223a-48aa-a8e1-9d0c357dabca from our master session list
[debug] &amp#27;[35m[UiAutomator2]&amp#27;[39m Deleting UiAutomator2 session
[debug] &amp#27;[35m[UiAutomator2]&amp#27;[39m Deleting UiAutomator2 server session
[debug] &amp#27;[35m[WD Proxy]&amp#27;[39m Matched '/' to command name 'deleteSession'
[debug] &amp#27;[35m[WD Proxy]&amp#27;[39m Proxying [DELETE /] to [DELETE http://127.0.0.1:8200/wd/hub/session/dedb4e09-40b2-4c5d-bb4d-1dd47b432a0c] with no body
[debug] &amp#27;[35m[WD Proxy]&amp#27;[39m Got response with status 200: {"sessionId":"dedb4e09-40b2-4c5d-bb4d-1dd47b432a0c","value":null}
[debug] &amp#27;[35m[ADB]&amp#27;[39m Running 'C:\Users\way2automation\AppData\Local\Android\Sdk\platform-tools\adb.exe -P 5037 -s 8e006adb shell am force-stop flipboard.app'
[debug] &amp#27;[35m[Logcat]&amp#27;[39m Stopping logcat capture
[debug] &amp#27;[35m[ADB]&amp#27;[39m Removing forwarded port socket connection: 8200 
[debug] &amp#27;[35m[ADB]&amp#27;[39m Running 'C:\Users\way2automation\AppData\Local\Android\Sdk\platform-tools\adb.exe -P 5037 -s 8e006adb forward --remove tcp\:8200'
&amp#27;[35m[UiAutomator2]&amp#27;[39m Restoring hidden api policy to the device default configuration
[debug] &amp#27;[35m[ADB]&amp#27;[39m Running 'C:\Users\way2automation\AppData\Local\Android\Sdk\platform-tools\adb.exe -P 5037 -s 8e006adb shell settings delete global hidden_api_policy_pre_p_apps'
[debug] &amp#27;[35m[Instrumentation]&amp#27;[39m .
[debug] &amp#27;[35m[ADB]&amp#27;[39m Running 'C:\Users\way2automation\AppData\Local\Android\Sdk\platform-tools\adb.exe -P 5037 -s 8e006adb shell settings delete global hidden_api_policy_p_apps'
[debug] &amp#27;[35m[ADB]&amp#27;[39m Running 'C:\Users\way2automation\AppData\Local\Android\Sdk\platform-tools\adb.exe -P 5037 -s 8e006adb shell settings delete global hidden_api_policy'
[debug] &amp#27;[35m[BaseDriver]&amp#27;[39m Event 'quitSessionFinished' logged at 1593804175582 (00:52:55 GMT+0530 (India Standard Time))
[debug] &amp#27;[35m[W3C (ac8bb9aa)]&amp#27;[39m Received response: null
[debug] &amp#27;[35m[W3C (ac8bb9aa)]&amp#27;[39m But deleting session, so not returning
[debug] &amp#27;[35m[W3C (ac8bb9aa)]&amp#27;[39m Responding to client with driver.deleteSession() result: null
[debug] &amp#27;[35m[W3C (ac8bb9aa)]&amp#27;[39m Destroying socket connection
&amp#27;[35m[HTTP]&amp#27;[39m &amp#27;[37m<-- DELETE /wd/hub/session/ac8bb9aa-223a-48aa-a8e1-9d0c357dabca &amp#27;[39m&amp#27;[32m200&amp#27;[39m &amp#27;[90m642 ms - 14&amp#27;[39m
&amp#27;[35m[HTTP]&amp#27;[39m &amp#27;[90m&amp#27;[39m
[debug] &amp#27;[35m[Instrumentation]&amp#27;[39m Time: 27.073
[debug] &amp#27;[35m[Instrumentation]&amp#27;[39m 
[debug] &amp#27;[35m[Instrumentation]&amp#27;[39m OK (1 test)
&amp#27;[35m[HTTP]&amp#27;[39m &amp#27;[37m-->&amp#27;[39m &amp#27;[37mPOST&amp#27;[39m &amp#27;[37m/wd/hub/session&amp#27;[39m
&amp#27;[35m[HTTP]&amp#27;[39m &amp#27;[90m{"desiredCapabilities":{"app":"D:/workspaces/SerenityAppiumPrac/SerenityAppium/app/flipboard.apk","appActivity":"flipboard.activities.LaunchActivityAlias","appPackage":"flipboard.app","hub":"http://127.0.0.1:4723/wd/hub","platformVersion":"9.0","loggingPrefs":{},"platformName":"Android","deviceName":"andriod"},"capabilities":{"firstMatch":[{"appium:app":"D:/workspaces/SerenityAppiumPrac/SerenityAppium/app/flipboard.apk","appium:appActivity":"flipboard.activities.LaunchActivityAlias","appium:appPackage":"flipboard.app","appium:deviceName":"andriod","hub":"http://127.0.0.1:4723/wd/hub","loggingPrefs":{},"platformName":"android","appium:platformVersion":"9.0"}]}}&amp#27;[39m
[debug] &amp#27;[35m[W3C]&amp#27;[39m Calling AppiumDriver.createSession() with args: [{"app":"D:/workspaces/SerenityAppiumPrac/SerenityAppium/app/flipboard.apk","appActivity":"flipboard.activities.LaunchActivityAlias","appPackage":"flipboard.app","hub":"http://127.0.0.1:4723/wd/hub","platformVersion":"9.0","loggingPrefs":{},"platformName":"Android","deviceName":"andriod"},null,{"firstMatch":[{"appium:app":"D:/workspaces/SerenityAppiumPrac/SerenityAppium/app/flipboard.apk","appium:appActivity":"flipboard.activities.LaunchActivityAlias","appium:appPackage":"flipboard.app","appium:deviceName":"andriod","hub":"http://127.0.0.1:4723/wd/hub","loggingPrefs":{},"platformName":"android","appium:platformVersion":"9.0"}]}]
[debug] &amp#27;[35m[BaseDriver]&amp#27;[39m Event 'newSessionRequested' logged at 1593804175914 (00:52:55 GMT+0530 (India Standard Time))
&amp#27;[35m[BaseDriver]&amp#27;[39m The following capabilities are not standard capabilities and should have an extension prefix:
&amp#27;[35m[BaseDriver]&amp#27;[39m   hub
&amp#27;[35m[BaseDriver]&amp#27;[39m   loggingPrefs
&amp#27;[35m[Appium]&amp#27;[39m 
&amp#27;[35m[Appium]&amp#27;[39m ======================================================================
&amp#27;[35m[Appium]&amp#27;[39m   DEPRECATION WARNING:
&amp#27;[35m[Appium]&amp#27;[39m 
&amp#27;[35m[Appium]&amp#27;[39m   The 'automationName' capability was not provided in the desired 
&amp#27;[35m[Appium]&amp#27;[39m   capabilities for this Android session
&amp#27;[35m[Appium]&amp#27;[39m 
&amp#27;[35m[Appium]&amp#27;[39m   Setting 'automationName=UiAutomator2' by default and using the 
&amp#27;[35m[Appium]&amp#27;[39m   UiAutomator2 Driver
&amp#27;[35m[Appium]&amp#27;[39m 
&amp#27;[35m[Appium]&amp#27;[39m   The next major version of Appium (2.x) will **require** the 
&amp#27;[35m[Appium]&amp#27;[39m   'automationName' capability to be set for all sessions on all 
&amp#27;[35m[Appium]&amp#27;[39m   platforms
&amp#27;[35m[Appium]&amp#27;[39m 
&amp#27;[35m[Appium]&amp#27;[39m   In previous versions (Appium <= 1.13.x), the default was 
&amp#27;[35m[Appium]&amp#27;[39m   'automationName=UiAutomator1'
&amp#27;[35m[Appium]&amp#27;[39m 
&amp#27;[35m[Appium]&amp#27;[39m   If you wish to use that automation instead of UiAutomator2, please 
&amp#27;[35m[Appium]&amp#27;[39m   add 'automationName=UiAutomator1' to your desired capabilities
&amp#27;[35m[Appium]&amp#27;[39m 
&amp#27;[35m[Appium]&amp#27;[39m   For more information about drivers, please visit 
&amp#27;[35m[Appium]&amp#27;[39m   http://appium.io/docs/en/about-appium/intro/ and explore the 
&amp#27;[35m[Appium]&amp#27;[39m   'Drivers' menu
&amp#27;[35m[Appium]&amp#27;[39m 
&amp#27;[35m[Appium]&amp#27;[39m ======================================================================
&amp#27;[35m[Appium]&amp#27;[39m 
&amp#27;[35m[Appium]&amp#27;[39m Appium v1.17.0 creating new AndroidUiautomator2Driver (v1.44.2) session
[debug] &amp#27;[35m[BaseDriver]&amp#27;[39m W3C capabilities and MJSONWP desired capabilities were provided
[debug] &amp#27;[35m[BaseDriver]&amp#27;[39m Creating session with W3C capabilities: {
[debug] &amp#27;[35m[BaseDriver]&amp#27;[39m   "alwaysMatch": {
[debug] &amp#27;[35m[BaseDriver]&amp#27;[39m     "appium:hub": "http://127.0.0.1:4723/wd/hub",
[debug] &amp#27;[35m[BaseDriver]&amp#27;[39m     "appium:loggingPrefs": {},
[debug] &amp#27;[35m[BaseDriver]&amp#27;[39m     "platformName": "android",
[debug] &amp#27;[35m[BaseDriver]&amp#27;[39m     "appium:app": "D:/workspaces/SerenityAppiumPrac/SerenityAppium/app/flipboard.apk",
[debug] &amp#27;[35m[BaseDriver]&amp#27;[39m     "appium:appActivity": "flipboard.activities.LaunchActivityAlias",
[debug] &amp#27;[35m[BaseDriver]&amp#27;[39m     "appium:appPackage": "flipboard.app",
[debug] &amp#27;[35m[BaseDriver]&amp#27;[39m     "appium:deviceName": "andriod",
[debug] &amp#27;[35m[BaseDriver]&amp#27;[39m     "appium:platformVersion": "9.0"
[debug] &amp#27;[35m[BaseDriver]&amp#27;[39m   },
[debug] &amp#27;[35m[BaseDriver]&amp#27;[39m   "firstMatch": [
[debug] &amp#27;[35m[BaseDriver]&amp#27;[39m     {}
[debug] &amp#27;[35m[BaseDriver]&amp#27;[39m   ]
[debug] &amp#27;[35m[BaseDriver]&amp#27;[39m }
&amp#27;[35m[BaseDriver]&amp#27;[39m The following capabilities were provided, but are not recognized by Appium:
&amp#27;[35m[BaseDriver]&amp#27;[39m   hub
&amp#27;[35m[BaseDriver]&amp#27;[39m   loggingPrefs
&amp#27;[35m[BaseDriver]&amp#27;[39m Session created with session id: 12c88338-ef35-4aaa-910c-9a0e3f90175b
&amp#27;[35m[BaseDriver]&amp#27;[39m Using local app 'D:/workspaces/SerenityAppiumPrac/SerenityAppium/app/flipboard.apk'
[debug] &amp#27;[35m[UiAutomator2]&amp#27;[39m Checking whether app is actually present
[debug] &amp#27;[35m[Instrumentation]&amp#27;[39m The process has exited with code 0
&amp#27;[35m[ADB]&amp#27;[39m Using 'adb.exe' from 'C:\Users\way2automation\AppData\Local\Android\Sdk\platform-tools\adb.exe'
&amp#27;[35m[AndroidDriver]&amp#27;[39m Retrieving device list
[debug] &amp#27;[35m[ADB]&amp#27;[39m Trying to find a connected android device
[debug] &amp#27;[35m[ADB]&amp#27;[39m Getting connected devices...
[debug] &amp#27;[35m[ADB]&amp#27;[39m Connected devices: [{"udid":"8e006adb","state":"device"}]
&amp#27;[35m[AndroidDriver]&amp#27;[39m Looking for a device with Android '9.0.0'
[debug] &amp#27;[35m[ADB]&amp#27;[39m Setting device id to 8e006adb
&amp#27;[35m[ADB]&amp#27;[39m Getting device platform version
[debug] &amp#27;[35m[ADB]&amp#27;[39m Running 'C:\Users\way2automation\AppData\Local\Android\Sdk\platform-tools\adb.exe -P 5037 -s 8e006adb shell getprop ro.build.version.release'
[debug] &amp#27;[35m[ADB]&amp#27;[39m Current device property 'ro.build.version.release': 9
&amp#27;[35m[AndroidDriver]&amp#27;[39m Using device: 8e006adb
&amp#27;[35m[ADB]&amp#27;[39m Using 'adb.exe' from 'C:\Users\way2automation\AppData\Local\Android\Sdk\platform-tools\adb.exe'
[debug] &amp#27;[35m[ADB]&amp#27;[39m Setting device id to 8e006adb
[debug] &amp#27;[35m[ADB]&amp#27;[39m Running 'C:\Users\way2automation\AppData\Local\Android\Sdk\platform-tools\adb.exe -P 5037 -s 8e006adb shell getprop ro.build.version.sdk'
[debug] &amp#27;[35m[ADB]&amp#27;[39m Current device property 'ro.build.version.sdk': 28
&amp#27;[35m[ADB]&amp#27;[39m Getting device platform version
[debug] &amp#27;[35m[ADB]&amp#27;[39m Running 'C:\Users\way2automation\AppData\Local\Android\Sdk\platform-tools\adb.exe -P 5037 -s 8e006adb shell getprop ro.build.version.release'
[debug] &amp#27;[35m[ADB]&amp#27;[39m Current device property 'ro.build.version.release': 9
[debug] &amp#27;[35m[ADB]&amp#27;[39m Device API level: 28
&amp#27;[35m[UiAutomator2]&amp#27;[39m Relaxing hidden api policy
[debug] &amp#27;[35m[ADB]&amp#27;[39m Running 'C:\Users\way2automation\AppData\Local\Android\Sdk\platform-tools\adb.exe -P 5037 -s 8e006adb shell settings put global hidden_api_policy_pre_p_apps 1'
[debug] &amp#27;[35m[ADB]&amp#27;[39m Running 'C:\Users\way2automation\AppData\Local\Android\Sdk\platform-tools\adb.exe -P 5037 -s 8e006adb shell settings put global hidden_api_policy_p_apps 1'
[debug] &amp#27;[35m[ADB]&amp#27;[39m Running 'C:\Users\way2automation\AppData\Local\Android\Sdk\platform-tools\adb.exe -P 5037 -s 8e006adb shell settings put global hidden_api_policy 1'
[debug] &amp#27;[35m[ADB]&amp#27;[39m Running 'C:\Users\way2automation\AppData\Local\Android\Sdk\platform-tools\adb.exe -P 5037 -s 8e006adb wait-for-device'
[debug] &amp#27;[35m[ADB]&amp#27;[39m Running 'C:\Users\way2automation\AppData\Local\Android\Sdk\platform-tools\adb.exe -P 5037 -s 8e006adb shell echo ping'
[debug] &amp#27;[35m[AndroidDriver]&amp#27;[39m Pushing settings apk to device...
[debug] &amp#27;[35m[ADB]&amp#27;[39m Getting install status for io.appium.settings
[debug] &amp#27;[35m[ADB]&amp#27;[39m Running 'C:\Users\way2automation\AppData\Local\Android\Sdk\platform-tools\adb.exe -P 5037 -s 8e006adb shell dumpsys package io.appium.settings'
[debug] &amp#27;[35m[ADB]&amp#27;[39m 'io.appium.settings' is installed
[debug] &amp#27;[35m[ADB]&amp#27;[39m Getting package info for 'io.appium.settings'
[debug] &amp#27;[35m[ADB]&amp#27;[39m Running 'C:\Users\way2automation\AppData\Local\Android\Sdk\platform-tools\adb.exe -P 5037 -s 8e006adb shell dumpsys package io.appium.settings'
[debug] &amp#27;[35m[ADB]&amp#27;[39m The version name of the installed 'io.appium.settings' is greater or equal to the application version name ('3.1.0' >= '3.1.0')
[debug] &amp#27;[35m[ADB]&amp#27;[39m There is no need to install/upgrade 'C:\Users\way2automation\AppData\Local\Programs\Appium\resources\app\node_modules\appium\node_modules\io.appium.settings\apks\settings_apk-debug.apk'
[debug] &amp#27;[35m[ADB]&amp#27;[39m Getting IDs of all 'io.appium.settings' processes
[debug] &amp#27;[35m[ADB]&amp#27;[39m Running 'C:\Users\way2automation\AppData\Local\Android\Sdk\platform-tools\adb.exe -P 5037 -s 8e006adb shell 'pgrep --help; echo $?''
[debug] &amp#27;[35m[ADB]&amp#27;[39m Running 'C:\Users\way2automation\AppData\Local\Android\Sdk\platform-tools\adb.exe -P 5037 -s 8e006adb shell pgrep -f io\\.appium\\.settings'
[debug] &amp#27;[35m[AndroidDriver]&amp#27;[39m io.appium.settings is already running. There is no need to reset its permissions.
[debug] &amp#27;[35m[ADB]&amp#27;[39m Running 'C:\Users\way2automation\AppData\Local\Android\Sdk\platform-tools\adb.exe -P 5037 -s 8e006adb shell appops set io.appium.settings android\:mock_location allow'
[debug] &amp#27;[35m[Logcat]&amp#27;[39m Starting logcat capture
[debug] &amp#27;[35m[UiAutomator2]&amp#27;[39m Forwarding UiAutomator2 Server port 6790 to 8200
[debug] &amp#27;[35m[ADB]&amp#27;[39m Forwarding system: 8200 to device: 6790
[debug] &amp#27;[35m[ADB]&amp#27;[39m Running 'C:\Users\way2automation\AppData\Local\Android\Sdk\platform-tools\adb.exe -P 5037 -s 8e006adb forward tcp\:8200 tcp\:6790'
[debug] &amp#27;[35m[ADB]&amp#27;[39m Getting install status for io.appium.uiautomator2.server
[debug] &amp#27;[35m[ADB]&amp#27;[39m Running 'C:\Users\way2automation\AppData\Local\Android\Sdk\platform-tools\adb.exe -P 5037 -s 8e006adb shell dumpsys package io.appium.uiautomator2.server'
[debug] &amp#27;[35m[ADB]&amp#27;[39m 'io.appium.uiautomator2.server' is installed
[debug] &amp#27;[35m[ADB]&amp#27;[39m Getting package info for 'io.appium.uiautomator2.server'
[debug] &amp#27;[35m[ADB]&amp#27;[39m Running 'C:\Users\way2automation\AppData\Local\Android\Sdk\platform-tools\adb.exe -P 5037 -s 8e006adb shell dumpsys package io.appium.uiautomator2.server'
[debug] &amp#27;[35m[ADB]&amp#27;[39m The version name of the installed 'io.appium.uiautomator2.server' is greater or equal to the application version name ('4.5.5' >= '4.5.5')
[debug] &amp#27;[35m[UiAutomator2]&amp#27;[39m io.appium.uiautomator2.server installation state: sameVersionInstalled
[debug] &amp#27;[35m[ADB]&amp#27;[39m Checking app cert for C:\Users\way2automation\AppData\Local\Programs\Appium\resources\app\node_modules\appium\node_modules\appium-uiautomator2-server\apks\appium-uiautomator2-server-v4.5.5.apk
&amp#27;[35m[ADB]&amp#27;[39m Using 'apksigner.jar' from 'C:\Users\way2automation\AppData\Local\Android\Sdk\build-tools\29.0.3\lib\apksigner.jar'
[debug] &amp#27;[35m[ADB]&amp#27;[39m Starting apksigner: 'C:\\Program Files\\Java\\jdk1.8.0_131\\bin\\java.exe' -Xmx1024M -Xss1m -jar C:\\Users\\way2automation\\AppData\\Local\\Android\\Sdk\\build-tools\\29.0.3\\lib\\apksigner.jar verify --print-certs C:\\Users\\way2automation\\AppData\\Local\\Programs\\Appium\\resources\\app\\node_modules\\appium\\node_modules\\appium-uiautomator2-server\\apks\\appium-uiautomator2-server-v4.5.5.apk
[debug] &amp#27;[35m[ADB]&amp#27;[39m apksigner stdout: Signer #1 certificate DN: EMAILADDRESS=android@android.com, CN=Android, OU=Android, O=Android, L=Mountain View, ST=California, C=US
[debug] &amp#27;[35m[ADB]&amp#27;[39m Signer #1 certificate SHA-256 digest: a40da80a59d170caa950cf15c18c454d47a39b26989d8b640ecd745ba71bf5dc
[debug] &amp#27;[35m[ADB]&amp#27;[39m Signer #1 certificate SHA-1 digest: 61ed377e85d386a8dfee6b864bd85b0bfaa5af81
[debug] &amp#27;[35m[ADB]&amp#27;[39m Signer #1 certificate MD5 digest: e89b158e4bcf988ebd09eb83f5378e87
[debug] &amp#27;[35m[ADB]&amp#27;[39m 
[debug] &amp#27;[35m[ADB]&amp#27;[39m 'C:\Users\way2automation\AppData\Local\Programs\Appium\resources\app\node_modules\appium\node_modules\appium-uiautomator2-server\apks\appium-uiautomator2-server-v4.5.5.apk' is signed with the default certificate
[debug] &amp#27;[35m[ADB]&amp#27;[39m Getting install status for io.appium.uiautomator2.server.test
[debug] &amp#27;[35m[ADB]&amp#27;[39m Running 'C:\Users\way2automation\AppData\Local\Android\Sdk\platform-tools\adb.exe -P 5037 -s 8e006adb shell dumpsys package io.appium.uiautomator2.server.test'
[debug] &amp#27;[35m[ADB]&amp#27;[39m 'io.appium.uiautomator2.server.test' is installed
[debug] &amp#27;[35m[ADB]&amp#27;[39m Checking app cert for C:\Users\way2automation\AppData\Local\Programs\Appium\resources\app\node_modules\appium\node_modules\appium-uiautomator2-server\apks\appium-uiautomator2-server-debug-androidTest.apk
[debug] &amp#27;[35m[ADB]&amp#27;[39m Starting apksigner: 'C:\\Program Files\\Java\\jdk1.8.0_131\\bin\\java.exe' -Xmx1024M -Xss1m -jar C:\\Users\\way2automation\\AppData\\Local\\Android\\Sdk\\build-tools\\29.0.3\\lib\\apksigner.jar verify --print-certs C:\\Users\\way2automation\\AppData\\Local\\Programs\\Appium\\resources\\app\\node_modules\\appium\\node_modules\\appium-uiautomator2-server\\apks\\appium-uiautomator2-server-debug-androidTest.apk
[debug] &amp#27;[35m[ADB]&amp#27;[39m apksigner stdout: Signer #1 certificate DN: EMAILADDRESS=android@android.com, CN=Android, OU=Android, O=Android, L=Mountain View, ST=California, C=US
[debug] &amp#27;[35m[ADB]&amp#27;[39m Signer #1 certificate SHA-256 digest: a40da80a59d170caa950cf15c18c454d47a39b26989d8b640ecd745ba71bf5dc
[debug] &amp#27;[35m[ADB]&amp#27;[39m Signer #1 certificate SHA-1 digest: 61ed377e85d386a8dfee6b864bd85b0bfaa5af81
[debug] &amp#27;[35m[ADB]&amp#27;[39m Signer #1 certificate MD5 digest: e89b158e4bcf988ebd09eb83f5378e87
[debug] &amp#27;[35m[ADB]&amp#27;[39m 
[debug] &amp#27;[35m[ADB]&amp#27;[39m 'C:\Users\way2automation\AppData\Local\Programs\Appium\resources\app\node_modules\appium\node_modules\appium-uiautomator2-server\apks\appium-uiautomator2-server-debug-androidTest.apk' is signed with the default certificate
&amp#27;[35m[UiAutomator2]&amp#27;[39m Server packages are not going to be (re)installed
[debug] &amp#27;[35m[UiAutomator2]&amp#27;[39m Waiting up to 30000ms for services to be available
[debug] &amp#27;[35m[ADB]&amp#27;[39m Running 'C:\Users\way2automation\AppData\Local\Android\Sdk\platform-tools\adb.exe -P 5037 -s 8e006adb shell pm list instrumentation'
[debug] &amp#27;[35m[UiAutomator2]&amp#27;[39m Instrumentation target 'io.appium.uiautomator2.server.test/androidx.test.runner.AndroidJUnitRunner' is available
[debug] &amp#27;[35m[ADB]&amp#27;[39m Checking app cert for D:/workspaces/SerenityAppiumPrac/SerenityAppium/app/flipboard.apk
[debug] &amp#27;[35m[ADB]&amp#27;[39m Starting apksigner: 'C:\\Program Files\\Java\\jdk1.8.0_131\\bin\\java.exe' -Xmx1024M -Xss1m -jar C:\\Users\\way2automation\\AppData\\Local\\Android\\Sdk\\build-tools\\29.0.3\\lib\\apksigner.jar verify --print-certs D\:/workspaces/SerenityAppiumPrac/SerenityAppium/app/flipboard.apk
[debug] &amp#27;[35m[ADB]&amp#27;[39m apksigner stdout: Signer #1 certificate DN: EMAILADDRESS=android@android.com, CN=Android, OU=Android, O=Android, L=Mountain View, ST=California, C=US
[debug] &amp#27;[35m[ADB]&amp#27;[39m Signer #1 certificate SHA-256 digest: a40da80a59d170caa950cf15c18c454d47a39b26989d8b640ecd745ba71bf5dc
[debug] &amp#27;[35m[ADB]&amp#27;[39m Signer #1 certificate SHA-1 digest: 61ed377e85d386a8dfee6b864bd85b0bfaa5af81
[debug] &amp#27;[35m[ADB]&amp#27;[39m Signer #1 certificate MD5 digest: e89b158e4bcf988ebd09eb83f5378e87
[debug] &amp#27;[35m[ADB]&amp#27;[39m 
[debug] &amp#27;[35m[ADB]&amp#27;[39m 'D:/workspaces/SerenityAppiumPrac/SerenityAppium/app/flipboard.apk' is signed with the default certificate
[debug] &amp#27;[35m[ADB]&amp#27;[39m Getting install status for flipboard.app
[debug] &amp#27;[35m[ADB]&amp#27;[39m Running 'C:\Users\way2automation\AppData\Local\Android\Sdk\platform-tools\adb.exe -P 5037 -s 8e006adb shell dumpsys package flipboard.app'
[debug] &amp#27;[35m[ADB]&amp#27;[39m 'flipboard.app' is installed
[debug] &amp#27;[35m[ADB]&amp#27;[39m Getting package info for 'flipboard.app'
[debug] &amp#27;[35m[ADB]&amp#27;[39m Running 'C:\Users\way2automation\AppData\Local\Android\Sdk\platform-tools\adb.exe -P 5037 -s 8e006adb shell dumpsys package flipboard.app'
[debug] &amp#27;[35m[ADB]&amp#27;[39m The version code of the installed 'flipboard.app' is greater than the application version code (4909 > 4893)
[debug] &amp#27;[35m[ADB]&amp#27;[39m There is no need to downgrade 'flipboard.app'
&amp#27;[35m[AndroidDriver]&amp#27;[39m Performing fast reset on 'flipboard.app'
[debug] &amp#27;[35m[ADB]&amp#27;[39m Getting install status for flipboard.app
[debug] &amp#27;[35m[ADB]&amp#27;[39m Running 'C:\Users\way2automation\AppData\Local\Android\Sdk\platform-tools\adb.exe -P 5037 -s 8e006adb shell dumpsys package flipboard.app'
[debug] &amp#27;[35m[ADB]&amp#27;[39m 'flipboard.app' is installed
[debug] &amp#27;[35m[ADB]&amp#27;[39m Running 'C:\Users\way2automation\AppData\Local\Android\Sdk\platform-tools\adb.exe -P 5037 -s 8e006adb shell am force-stop flipboard.app'
[debug] &amp#27;[35m[ADB]&amp#27;[39m Running 'C:\Users\way2automation\AppData\Local\Android\Sdk\platform-tools\adb.exe -P 5037 -s 8e006adb shell pm clear flipboard.app'
[debug] &amp#27;[35m[AndroidDriver]&amp#27;[39m Performed fast reset on the installed 'flipboard.app' application (stop and clear)
[debug] &amp#27;[35m[UiAutomator2]&amp#27;[39m Performing shallow cleanup of automation leftovers
[debug] &amp#27;[35m[UiAutomator2]&amp#27;[39m No obsolete sessions have been detected (Error: socket hang up)
[debug] &amp#27;[35m[ADB]&amp#27;[39m Running 'C:\Users\way2automation\AppData\Local\Android\Sdk\platform-tools\adb.exe -P 5037 -s 8e006adb shell am force-stop io.appium.uiautomator2.server.test'
&amp#27;[35m[UiAutomator2]&amp#27;[39m Starting UIAutomator2 server 4.5.5
&amp#27;[35m[UiAutomator2]&amp#27;[39m Using UIAutomator2 server from 'C:\Users\way2automation\AppData\Local\Programs\Appium\resources\app\node_modules\appium\node_modules\appium-uiautomator2-server\apks\appium-uiautomator2-server-v4.5.5.apk' and test from 'C:\Users\way2automation\AppData\Local\Programs\Appium\resources\app\node_modules\appium\node_modules\appium-uiautomator2-server\apks\appium-uiautomator2-server-debug-androidTest.apk'
&amp#27;[35m[UiAutomator2]&amp#27;[39m Waiting up to 30000ms for UiAutomator2 to be online...
[debug] &amp#27;[35m[ADB]&amp#27;[39m Creating ADB subprocess with args: ["-P",5037,"-s","8e006adb","shell","am","instrument","-w","io.appium.uiautomator2.server.test/androidx.test.runner.AndroidJUnitRunner"]
[debug] &amp#27;[35m[WD Proxy]&amp#27;[39m Matched '/status' to command name 'getStatus'
[debug] &amp#27;[35m[WD Proxy]&amp#27;[39m Proxying [GET /status] to [GET http://127.0.0.1:8200/wd/hub/status] with no body
&amp#27;[35m[WD Proxy]&amp#27;[39m Got response with unknown status: {"code":"ECONNRESET"}
[debug] &amp#27;[35m[Instrumentation]&amp#27;[39m io.appium.uiautomator2.server.test.AppiumUiAutomator2Server:
[debug] &amp#27;[35m[WD Proxy]&amp#27;[39m Matched '/status' to command name 'getStatus'
[debug] &amp#27;[35m[WD Proxy]&amp#27;[39m Proxying [GET /status] to [GET http://127.0.0.1:8200/wd/hub/status] with no body
&amp#27;[35m[WD Proxy]&amp#27;[39m Got response with unknown status: {"code":"ECONNRESET"}
[debug] &amp#27;[35m[WD Proxy]&amp#27;[39m Matched '/status' to command name 'getStatus'
[debug] &amp#27;[35m[WD Proxy]&amp#27;[39m Proxying [GET /status] to [GET http://127.0.0.1:8200/wd/hub/status] with no body
&amp#27;[35m[WD Proxy]&amp#27;[39m Got response with unknown status: {"code":"ECONNRESET"}
[debug] &amp#27;[35m[WD Proxy]&amp#27;[39m Matched '/status' to command name 'getStatus'
[debug] &amp#27;[35m[WD Proxy]&amp#27;[39m Proxying [GET /status] to [GET http://127.0.0.1:8200/wd/hub/status] with no body
[debug] &amp#27;[35m[WD Proxy]&amp#27;[39m Got response with status 200: {"sessionId":"None","value":{"ready":true,"message":"UiAutomator2 Server is ready to accept commands"}}
[debug] &amp#27;[35m[UiAutomator2]&amp#27;[39m The initialization of the instrumentation process took 4165ms
[debug] &amp#27;[35m[WD Proxy]&amp#27;[39m Matched '/session' to command name 'createSession'
[debug] &amp#27;[35m[WD Proxy]&amp#27;[39m Proxying [POST /session] to [POST http://127.0.0.1:8200/wd/hub/session] with body: {"capabilities":{"firstMatch":[{"platform":"LINUX","webStorageEnabled":false,"takesScreenshot":true,"javascriptEnabled":true,"databaseEnabled":false,"networkConnectionEnabled":true,"locationContextEnabled":false,"warnings":{},"desired":{"platformName":"android","hub":"http://127.0.0.1:4723/wd/hub","loggingPrefs":{},"app":"D:/workspaces/SerenityAppiumPrac/SerenityAppium/app/flipboard.apk","appActivity":"flipboard.activities.LaunchActivityAlias","appPackage":"flipboard.app","deviceName":"andriod","platformVersion":"9.0"},"platformName":"android","hub":"http://127.0.0.1:4723/wd/hub","loggingPrefs":{},"app":"D:/workspaces/SerenityAppiumPrac/SerenityAppium/app/flipboard.apk","appActivity":"flipboard.activities.LaunchActivityAlias","appPackage":"flipboard.app","deviceName":"8e006adb","platformVersion":"9.0","deviceUDID":"8e006adb"}],"alwaysMatch":{}}}
[debug] &amp#27;[35m[WD Proxy]&amp#27;[39m Got response with status 200: {"sessionId":"151310d9-6959-429a-b63d-ff3d10b5cbf8","value":{"sessionId":"151310d9-6959-429a-b63d-ff3d10b5cbf8","capabilities":{"firstMatch":[{"platform":"LINUX","webStorageEnabled":false,"takesScreenshot":true,"javascriptEnabled":true,"databaseEnabled":false,"networkConnectionEnabled":true,"locationContextEnabled":false,"warnings":{},"desired":{"platformName":"android","hub":"http://127.0.0.1:4723/wd/hub","loggingPrefs":{},"app":"D:/workspaces/SerenityAppiumPrac/SerenityAppium/app/flipboard.apk","appActivity":"flipboard.activities.LaunchActivityAlias","appPackage":"flipboard.app","deviceName":"andriod","platformVersion":"9.0"},"platformName":"android","hub":"http://127.0.0.1:4723/wd/hub","loggingPrefs":{},"app":"D:/workspaces/SerenityAppiumPrac/SerenityAppium/app/flipboard.apk","appActivity":"flipboard.activities.LaunchActivityAlias","appPackage":"flipboard.app","deviceName":"8e006adb","platformVersion":"9.0","deviceUDID":"8e006adb"}],"alwaysMatch":{}}}}
&amp#27;[35m[WD Proxy]&amp#27;[39m Determined the downstream protocol as 'W3C'
[debug] &amp#27;[35m[WD Proxy]&amp#27;[39m Proxying [GET /appium/device/info] to [GET http://127.0.0.1:8200/wd/hub/session/151310d9-6959-429a-b63d-ff3d10b5cbf8/appium/device/info] with no body
[debug] &amp#27;[35m[WD Proxy]&amp#27;[39m Got response with status 200: {"sessionId":"151310d9-6959-429a-b63d-ff3d10b5cbf8","value":{"androidId":"85f9e2fc01692e45","manufacturer":"vivo","model":"vivo 1818","brand":"vivo","apiVersion":"28","platformVersion":"9","carrierName":"Vodafone-Be Safe","realDisplaySize":"1080x2340","displayDensity":480,"networks":[{"type":0,"typeName":"MOBILE","subtype":13,"subtypeName":"LTE","isConnected":true,"detailedState":"CONNECTED","state":"CONNECTED","extraInfo":"ims","isAvailable":true,"isFailover":false,"isRoaming":false,"capabilities":{"transportTypes":"TRANSPORT_CELLULAR","networkCapabilities":"NET_CAPABILITY_IMS,NET_CAPABILITY_NOT_METERED,NET_CAPABILITY_TRUSTED,NET_CAPABILITY_NOT_VPN,NET_CAPABILITY_VALIDATED,NET_CAPABILITY_NOT_ROAMING,NET_CAPABILITY_FOREGROUND,NET_CAPABILITY_NOT_CONGESTED,NET_CAPABILITY_NOT_SUSPENDED","linkUpstreamBandwidthKbps":51200,"linkDownBandwidthKbps":102400,"signalStrength":-2147483648,"networkSpecifier":"3","SSID":null}},{"type":1,"typeName":"WIFI","subtype":0,"subtypeName":"","isConnected":true,"detailedState":"CO...
[debug] &amp#27;[35m[ADB]&amp#27;[39m Running 'C:\Users\way2automation\AppData\Local\Android\Sdk\platform-tools\adb.exe -P 5037 -s 8e006adb shell dumpsys window'
&amp#27;[35m[AndroidDriver]&amp#27;[39m Screen already unlocked, doing nothing
&amp#27;[35m[UiAutomator2]&amp#27;[39m Starting 'flipboard.app/flipboard.activities.LaunchActivityAlias and waiting for 'flipboard.app/flipboard.activities.LaunchActivityAlias'
[debug] &amp#27;[35m[ADB]&amp#27;[39m Running 'C:\Users\way2automation\AppData\Local\Android\Sdk\platform-tools\adb.exe -P 5037 -s 8e006adb shell am start -W -n flipboard.app/flipboard.activities.LaunchActivityAlias -S -a android.intent.action.MAIN -c android.intent.category.LAUNCHER -f 0x10200000'
[debug] &amp#27;[35m[WD Proxy]&amp#27;[39m Proxying [GET /appium/device/pixel_ratio] to [GET http://127.0.0.1:8200/wd/hub/session/151310d9-6959-429a-b63d-ff3d10b5cbf8/appium/device/pixel_ratio] with body: {}
[debug] &amp#27;[35m[WD Proxy]&amp#27;[39m Got response with status 200: {"sessionId":"151310d9-6959-429a-b63d-ff3d10b5cbf8","value":3}
[debug] &amp#27;[35m[WD Proxy]&amp#27;[39m Matched '/appium/device/system_bars' to command name 'getSystemBars'
[debug] &amp#27;[35m[WD Proxy]&amp#27;[39m Proxying [GET /appium/device/system_bars] to [GET http://127.0.0.1:8200/wd/hub/session/151310d9-6959-429a-b63d-ff3d10b5cbf8/appium/device/system_bars] with body: {}
[debug] &amp#27;[35m[WD Proxy]&amp#27;[39m Got response with status 200: {"sessionId":"151310d9-6959-429a-b63d-ff3d10b5cbf8","value":{"statusBar":84}}
[debug] &amp#27;[35m[WD Proxy]&amp#27;[39m Matched '/window/current/size' to command name 'getWindowSize'
[debug] &amp#27;[35m[WD Proxy]&amp#27;[39m Proxying [GET /window/current/size] to [GET http://127.0.0.1:8200/wd/hub/session/151310d9-6959-429a-b63d-ff3d10b5cbf8/window/current/size] with body: {}
[debug] &amp#27;[35m[WD Proxy]&amp#27;[39m Got response with status 200: {"sessionId":"151310d9-6959-429a-b63d-ff3d10b5cbf8","value":{"height":2214,"width":1080}}
&amp#27;[35m[Appium]&amp#27;[39m New AndroidUiautomator2Driver session created successfully, session 12c88338-ef35-4aaa-910c-9a0e3f90175b added to master session list
[debug] &amp#27;[35m[BaseDriver]&amp#27;[39m Event 'newSessionStarted' logged at 1593804187673 (00:53:07 GMT+0530 (India Standard Time))
[debug] &amp#27;[35m[W3C (12c88338)]&amp#27;[39m Cached the protocol value 'W3C' for the new session 12c88338-ef35-4aaa-910c-9a0e3f90175b
[debug] &amp#27;[35m[W3C (12c88338)]&amp#27;[39m Responding to client with driver.createSession() result: {"capabilities":{"platform":"LINUX","webStorageEnabled":false,"takesScreenshot":true,"javascriptEnabled":true,"databaseEnabled":false,"networkConnectionEnabled":true,"locationContextEnabled":false,"warnings":{},"desired":{"platformName":"android","hub":"http://127.0.0.1:4723/wd/hub","loggingPrefs":{},"app":"D:/workspaces/SerenityAppiumPrac/SerenityAppium/app/flipboard.apk","appActivity":"flipboard.activities.LaunchActivityAlias","appPackage":"flipboard.app","deviceName":"andriod","platformVersion":"9.0"},"platformName":"android","hub":"http://127.0.0.1:4723/wd/hub","loggingPrefs":{},"app":"D:/workspaces/SerenityAppiumPrac/SerenityAppium/app/flipboard.apk","appActivity":"flipboard.activities.LaunchActivityAlias","appPackage":"flipboard.app","deviceName":"8e006adb","platformVersion":"9","deviceUDID":"8e006adb","deviceApiLevel":28,"deviceScreenSize":"1080x2340","deviceScreenDensity":480,"deviceModel":"vivo 1818","deviceManufacturer":"vivo","pixelRatio":3,"statBarHeight":84,"viewportRect":{"left":0,"top":84,"w...
&amp#27;[35m[HTTP]&amp#27;[39m &amp#27;[37m<-- POST /wd/hub/session &amp#27;[39m&amp#27;[32m200&amp#27;[39m &amp#27;[90m11762 ms - 1109&amp#27;[39m
&amp#27;[35m[HTTP]&amp#27;[39m &amp#27;[90m&amp#27;[39m
&amp#27;[35m[HTTP]&amp#27;[39m &amp#27;[37m-->&amp#27;[39m &amp#27;[37mGET&amp#27;[39m &amp#27;[37m/wd/hub/session/12c88338-ef35-4aaa-910c-9a0e3f90175b&amp#27;[39m
&amp#27;[35m[HTTP]&amp#27;[39m &amp#27;[90m{}&amp#27;[39m
[debug] &amp#27;[35m[W3C (12c88338)]&amp#27;[39m Calling AppiumDriver.getSession() with args: ["12c88338-ef35-4aaa-910c-9a0e3f90175b"]
[debug] &amp#27;[35m[UiAutomator2]&amp#27;[39m Getting session details from server to mix in
[debug] &amp#27;[35m[WD Proxy]&amp#27;[39m Matched '/' to command name 'getSession'
[debug] &amp#27;[35m[WD Proxy]&amp#27;[39m Proxying [GET /] to [GET http://127.0.0.1:8200/wd/hub/session/151310d9-6959-429a-b63d-ff3d10b5cbf8] with body: {}
[debug] &amp#27;[35m[WD Proxy]&amp#27;[39m Got response with status 200: {"sessionId":"151310d9-6959-429a-b63d-ff3d10b5cbf8","value":{}}
[debug] &amp#27;[35m[W3C (12c88338)]&amp#27;[39m Responding to client with driver.getSession() result: {"platform":"LINUX","webStorageEnabled":false,"takesScreenshot":true,"javascriptEnabled":true,"databaseEnabled":false,"networkConnectionEnabled":true,"locationContextEnabled":false,"warnings":{},"desired":{"platformName":"android","hub":"http://127.0.0.1:4723/wd/hub","loggingPrefs":{},"app":"D:/workspaces/SerenityAppiumPrac/SerenityAppium/app/flipboard.apk","appActivity":"flipboard.activities.LaunchActivityAlias","appPackage":"flipboard.app","deviceName":"andriod","platformVersion":"9.0"},"platformName":"android","hub":"http://127.0.0.1:4723/wd/hub","loggingPrefs":{},"app":"D:/workspaces/SerenityAppiumPrac/SerenityAppium/app/flipboard.apk","appActivity":"flipboard.activities.LaunchActivityAlias","appPackage":"flipboard.app","deviceName":"8e006adb","platformVersion":"9","deviceUDID":"8e006adb","deviceApiLevel":28,"deviceScreenSize":"1080x2340","deviceScreenDensity":480,"deviceModel":"vivo 1818","deviceManufacturer":"vivo","pixelRatio":3,"statBarHeight":84,"viewportRect":{"left":0,"top":84,"width":1080,"heig...
&amp#27;[35m[HTTP]&amp#27;[39m &amp#27;[37m<-- GET /wd/hub/session/12c88338-ef35-4aaa-910c-9a0e3f90175b &amp#27;[39m&amp#27;[32m200&amp#27;[39m &amp#27;[90m25 ms - 1041&amp#27;[39m
&amp#27;[35m[HTTP]&amp#27;[39m &amp#27;[90m&amp#27;[39m
&amp#27;[35m[HTTP]&amp#27;[39m &amp#27;[37m-->&amp#27;[39m &amp#27;[37mGET&amp#27;[39m &amp#27;[37m/wd/hub/session/12c88338-ef35-4aaa-910c-9a0e3f90175b&amp#27;[39m
&amp#27;[35m[HTTP]&amp#27;[39m &amp#27;[90m{}&amp#27;[39m
[debug] &amp#27;[35m[W3C (12c88338)]&amp#27;[39m Calling AppiumDriver.getSession() with args: ["12c88338-ef35-4aaa-910c-9a0e3f90175b"]
[debug] &amp#27;[35m[UiAutomator2]&amp#27;[39m Getting session details from server to mix in
[debug] &amp#27;[35m[WD Proxy]&amp#27;[39m Matched '/' to command name 'getSession'
[debug] &amp#27;[35m[WD Proxy]&amp#27;[39m Proxying [GET /] to [GET http://127.0.0.1:8200/wd/hub/session/151310d9-6959-429a-b63d-ff3d10b5cbf8] with body: {}
[debug] &amp#27;[35m[WD Proxy]&amp#27;[39m Got response with status 200: {"sessionId":"151310d9-6959-429a-b63d-ff3d10b5cbf8","value":{}}
[debug] &amp#27;[35m[W3C (12c88338)]&amp#27;[39m Responding to client with driver.getSession() result: {"platform":"LINUX","webStorageEnabled":false,"takesScreenshot":true,"javascriptEnabled":true,"databaseEnabled":false,"networkConnectionEnabled":true,"locationContextEnabled":false,"warnings":{},"desired":{"platformName":"android","hub":"http://127.0.0.1:4723/wd/hub","loggingPrefs":{},"app":"D:/workspaces/SerenityAppiumPrac/SerenityAppium/app/flipboard.apk","appActivity":"flipboard.activities.LaunchActivityAlias","appPackage":"flipboard.app","deviceName":"andriod","platformVersion":"9.0"},"platformName":"android","hub":"http://127.0.0.1:4723/wd/hub","loggingPrefs":{},"app":"D:/workspaces/SerenityAppiumPrac/SerenityAppium/app/flipboard.apk","appActivity":"flipboard.activities.LaunchActivityAlias","appPackage":"flipboard.app","deviceName":"8e006adb","platformVersion":"9","deviceUDID":"8e006adb","deviceApiLevel":28,"deviceScreenSize":"1080x2340","deviceScreenDensity":480,"deviceModel":"vivo 1818","deviceManufacturer":"vivo","pixelRatio":3,"statBarHeight":84,"viewportRect":{"left":0,"top":84,"width":1080,"heig...
&amp#27;[35m[HTTP]&amp#27;[39m &amp#27;[37m<-- GET /wd/hub/session/12c88338-ef35-4aaa-910c-9a0e3f90175b &amp#27;[39m&amp#27;[32m200&amp#27;[39m &amp#27;[90m28 ms - 1041&amp#27;[39m
&amp#27;[35m[HTTP]&amp#27;[39m &amp#27;[90m&amp#27;[39m
&amp#27;[35m[HTTP]&amp#27;[39m &amp#27;[37m-->&amp#27;[39m &amp#27;[37mGET&amp#27;[39m &amp#27;[37m/wd/hub/session/12c88338-ef35-4aaa-910c-9a0e3f90175b/screenshot&amp#27;[39m
&amp#27;[35m[HTTP]&amp#27;[39m &amp#27;[90m{}&amp#27;[39m
[debug] &amp#27;[35m[W3C (12c88338)]&amp#27;[39m Calling AppiumDriver.getScreenshot() with args: ["12c88338-ef35-4aaa-910c-9a0e3f90175b"]
[debug] &amp#27;[35m[WD Proxy]&amp#27;[39m Matched '/screenshot' to command name 'getScreenshot'
[debug] &amp#27;[35m[WD Proxy]&amp#27;[39m Proxying [GET /screenshot] to [GET http://127.0.0.1:8200/wd/hub/session/151310d9-6959-429a-b63d-ff3d10b5cbf8/screenshot] with no body
[debug] &amp#27;[35m[WD Proxy]&amp#27;[39m Got response with status 200: {"sessionId":"151310d9-6959-429a-b63d-ff3d10b5cbf8","value":"iVBORw0KGgoAAAANSUhEUgAABDgAAAkkCAYAAAD508+vAAAABHNCSVQICAgIfAhkiAAAIABJREFU\neJzsvXeUbEle3\/mJuPemqyz\/6nnXfnp6enosw8yABgYYnPCsgNUCArTAgpDEajnS7tnV0RFotVpp\nhZOEt8IIkAQMZjADgxk\/zHTP9LSZNs\/06+dN+TTXxf7xu\/ky81ZWVVa9ysrM179Pn\/u6bua9kXHj\nRvwi4hu\/iDAOHIqiKIqiKIqiKIqiKGOMHXYEFEVRFEVRFEVRFEVR7hQVOBRFURRFURRFURRFGXtU\n4FAURVEURVEURVEUZexRgUNRFEVRFEVRFEVRlLFHBQ5FURRFURRFURRFUcYeFTgURVEURVEURVEU\nRRl7VOBQFEVRFEVRFEVRFGXsUYFDURRFURRFURRFUZSxRwUORVEURVEURVEURVHGHhU4FEVRFEVR\nFEVRFEUZe1TgUBRFURRFURRFURRl7FGBQ1EURVEURVEURVGUsUcFDkVRFEVRFEVRFEVRxh4VOBRF\nURRFURRFURRFGXtU4FAURVEURVEURVEUZexRgUNRFEVRFEVRFEVRlLFHBQ5FURRFURRFURRFUcYe\nFTgURVEURVEURVEURRl7VOBQFEVRFEVRFEVRFGXsUYFDURRFURRFURRFUZSxRwUORVEURVEURVEU\nRVHGHhU4FEVRFEVRFEVRFEUZe1TgUBRFURRFURRFURRl7FGBQ1EURRlLUuDxYUdCURQFeBFYHnYk\nFEVRFBU4FEVRlPGjBvwc8JPA4pDjoiiK8ofAvwHODDsiiqIor3D8YUdAGV8+Cax0nH8OYIYUF0VR\n+qMJfLTjfAF41ZDislvWgJ8GPpOdvwC8eXjRURTlFU4dsUMN4EeB7wUeHGqMFEVRXrmowKHsmg8C\nT3Scvx0VOBRl1GkCv...
[debug] &amp#27;[35m[W3C (12c88338)]&amp#27;[39m Responding to client with driver.getScreenshot() result: "iVBORw0KGgoAAAANSUhEUgAABDgAAAkkCAYAAAD508+vAAAABHNCSVQICAgIfAhkiAAAIABJREFU\neJzsvXeUbEle3/mJuPemqyz/6nnXfnp6enosw8yABgYYnPCsgNUCArTAgpDEajnS7tnV0RFotVpp\nhZOEt8IIkAQMZjADgxk/zHTP9LSZNs/06+dN+TTXxf7xu/ky81ZWVVa9ysrM179Pn/u6bua9kXHj\nRvwi4hu/iDAOHIqiKIqiKIqiKIqiKGOMHXYEFEVRFEVRFEVRFEVR7hQVOBRFURRFURRFURRFGXtU\n4FAURVEURVEURVEUZexRgUNRFEVRFEVRFEVRlLFHBQ5FURRFURRFURRFUcYeFTgURVEURVEURVEU\nRRl7VOBQFEVRFEVRFEVRFGXsUYFDURRFURRFURRFUZSxRwUORVEURVEURVEURVHGHhU4FEVRFEVR\nFEVRFEUZe1TgUBRFURRFURRFURRl7FGBQ1EURVEURVEURVGUsUcFDkVRFEVRFEVRFEVRxh4VOBRF\nURRFURRFURRFGXtU4FAURVEURVEURVEUZexRgUNRFEVRFEVRFEVRlLFHBQ5FURRFURRFURRFUcYe\nFTgURVEURVEURVEURRl7VOBQFEVRFEVRFEVRFGXsUYFDURRFURRFURRFUZSxRwUORVEURVEURVEU\nRVHGHhU4FEVRFEVRFEVRFEUZe1TgUBRFURRFURRFURRl7FGBQ1EURRlLUuDxYUdCURQFeBFYHnYk\nFEVRFBU4FEVRlPGjBvwc8JPA4pDjoiiK8ofAvwHODDsiiqIor3D8YUdAGV8+Cax0nH8OYIYUF0VR\n+qMJfLTjfAF41ZDislvWgJ8GPpOdvwC8eXjRURTlFU4dsUMN4EeB7wUeHGqMFEVRXrmowKHsmg8C\nT3Scvx0VOBRl1GkCv9Jx/k7GS+BoAj9PW9x4C/Da4UVHURSFMvB9iLjRAP4T8P3AqWFGSlHuYmJg\nFfHm9I...
&amp#27;[35m[HTTP]&amp#27;[39m &amp#27;[37m<-- GET /wd/hub/session/12c88338-ef35-4aaa-910c-9a0e3f90175b/screenshot &amp#27;[39m&amp#27;[32m200&amp#27;[39m &amp#27;[90m998 ms - 1328722&amp#27;[39m
&amp#27;[35m[HTTP]&amp#27;[39m &amp#27;[90m&amp#27;[39m
&amp#27;[35m[HTTP]&amp#27;[39m &amp#27;[37m-->&amp#27;[39m &amp#27;[37mPOST&amp#27;[39m &amp#27;[37m/wd/hub/session/12c88338-ef35-4aaa-910c-9a0e3f90175b/element&amp#27;[39m
&amp#27;[35m[HTTP]&amp#27;[39m &amp#27;[90m{"using":"id","value":"flipboard.app:id/first_launch_cover_continue"}&amp#27;[39m
[debug] &amp#27;[35m[W3C (12c88338)]&amp#27;[39m Calling AppiumDriver.findElement() with args: ["id","flipboard.app:id/first_launch_cover_continue","12c88338-ef35-4aaa-910c-9a0e3f90175b"]
[debug] &amp#27;[35m[BaseDriver]&amp#27;[39m Valid locator strategies for this request: xpath, id, class name, accessibility id, -android uiautomator
[debug] &amp#27;[35m[BaseDriver]&amp#27;[39m Waiting up to 0 ms for condition
[debug] &amp#27;[35m[WD Proxy]&amp#27;[39m Matched '/element' to command name 'findElement'
[debug] &amp#27;[35m[WD Proxy]&amp#27;[39m Proxying [POST /element] to [POST http://127.0.0.1:8200/wd/hub/session/151310d9-6959-429a-b63d-ff3d10b5cbf8/element] with body: {"strategy":"id","selector":"flipboard.app:id/first_launch_cover_continue","context":"","multiple":false}
[debug] &amp#27;[35m[WD Proxy]&amp#27;[39m Got response with status 200: {"sessionId":"151310d9-6959-429a-b63d-ff3d10b5cbf8","value":{"ELEMENT":"2b724591-7536-487d-b0c9-75809c2d8182","element-6066-11e4-a52e-4f735466cecf":"2b724591-7536-487d-b0c9-75809c2d8182"}}
[debug] &amp#27;[35m[W3C (12c88338)]&amp#27;[39m Responding to client with driver.findElement() result: {"element-6066-11e4-a52e-4f735466cecf":"2b724591-7536-487d-b0c9-75809c2d8182","ELEMENT":"2b724591-7536-487d-b0c9-75809c2d8182"}
&amp#27;[35m[HTTP]&amp#27;[39m &amp#27;[37m<-- POST /wd/hub/session/12c88338-ef35-4aaa-910c-9a0e3f90175b/element &amp#27;[39m&amp#27;[32m200&amp#27;[39m &amp#27;[90m81 ms - 137&amp#27;[39m
&amp#27;[35m[HTTP]&amp#27;[39m &amp#27;[90m&amp#27;[39m
&amp#27;[35m[HTTP]&amp#27;[39m &amp#27;[37m-->&amp#27;[39m &amp#27;[37mGET&amp#27;[39m &amp#27;[37m/wd/hub/session/12c88338-ef35-4aaa-910c-9a0e3f90175b/element/2b724591-7536-487d-b0c9-75809c2d8182/displayed&amp#27;[39m
&amp#27;[35m[HTTP]&amp#27;[39m &amp#27;[90m{}&amp#27;[39m
[debug] &amp#27;[35m[W3C (12c88338)]&amp#27;[39m Calling AppiumDriver.elementDisplayed() with args: ["2b724591-7536-487d-b0c9-75809c2d8182","12c88338-ef35-4aaa-910c-9a0e3f90175b"]
[debug] &amp#27;[35m[WD Proxy]&amp#27;[39m Matched '/element/2b724591-7536-487d-b0c9-75809c2d8182/attribute/displayed' to command name 'getAttribute'
[debug] &amp#27;[35m[WD Proxy]&amp#27;[39m Proxying [GET /element/2b724591-7536-487d-b0c9-75809c2d8182/attribute/displayed] to [GET http://127.0.0.1:8200/wd/hub/session/151310d9-6959-429a-b63d-ff3d10b5cbf8/element/2b724591-7536-487d-b0c9-75809c2d8182/attribute/displayed] with body: {}
[debug] &amp#27;[35m[WD Proxy]&amp#27;[39m Got response with status 200: {"sessionId":"151310d9-6959-429a-b63d-ff3d10b5cbf8","value":"true"}
[debug] &amp#27;[35m[W3C (12c88338)]&amp#27;[39m Responding to client with driver.elementDisplayed() result: true
&amp#27;[35m[HTTP]&amp#27;[39m &amp#27;[37m<-- GET /wd/hub/session/12c88338-ef35-4aaa-910c-9a0e3f90175b/element/2b724591-7536-487d-b0c9-75809c2d8182/displayed &amp#27;[39m&amp#27;[32m200&amp#27;[39m &amp#27;[90m32 ms - 14&amp#27;[39m
&amp#27;[35m[HTTP]&amp#27;[39m &amp#27;[90m&amp#27;[39m
&amp#27;[35m[HTTP]&amp#27;[39m &amp#27;[37m-->&amp#27;[39m &amp#27;[37mPOST&amp#27;[39m &amp#27;[37m/wd/hub/session/12c88338-ef35-4aaa-910c-9a0e3f90175b/element/2b724591-7536-487d-b0c9-75809c2d8182/click&amp#27;[39m
&amp#27;[35m[HTTP]&amp#27;[39m &amp#27;[90m{"id":"2b724591-7536-487d-b0c9-75809c2d8182"}&amp#27;[39m
[debug] &amp#27;[35m[W3C (12c88338)]&amp#27;[39m Calling AppiumDriver.click() with args: ["2b724591-7536-487d-b0c9-75809c2d8182","12c88338-ef35-4aaa-910c-9a0e3f90175b"]
[debug] &amp#27;[35m[WD Proxy]&amp#27;[39m Matched '/element/2b724591-7536-487d-b0c9-75809c2d8182/click' to command name 'click'
[debug] &amp#27;[35m[WD Proxy]&amp#27;[39m Proxying [POST /element/2b724591-7536-487d-b0c9-75809c2d8182/click] to [POST http://127.0.0.1:8200/wd/hub/session/151310d9-6959-429a-b63d-ff3d10b5cbf8/element/2b724591-7536-487d-b0c9-75809c2d8182/click] with body: {"element":"2b724591-7536-487d-b0c9-75809c2d8182"}
[debug] &amp#27;[35m[WD Proxy]&amp#27;[39m Got response with status 200: {"sessionId":"151310d9-6959-429a-b63d-ff3d10b5cbf8","value":null}
[debug] &amp#27;[35m[W3C (12c88338)]&amp#27;[39m Responding to client with driver.click() result: null
&amp#27;[35m[HTTP]&amp#27;[39m &amp#27;[37m<-- POST /wd/hub/session/12c88338-ef35-4aaa-910c-9a0e3f90175b/element/2b724591-7536-487d-b0c9-75809c2d8182/click &amp#27;[39m&amp#27;[32m200&amp#27;[39m &amp#27;[90m45 ms - 14&amp#27;[39m
&amp#27;[35m[HTTP]&amp#27;[39m &amp#27;[90m&amp#27;[39m
&amp#27;[35m[HTTP]&amp#27;[39m &amp#27;[37m-->&amp#27;[39m &amp#27;[37mGET&amp#27;[39m &amp#27;[37m/wd/hub/session/12c88338-ef35-4aaa-910c-9a0e3f90175b/screenshot&amp#27;[39m
&amp#27;[35m[HTTP]&amp#27;[39m &amp#27;[90m{}&amp#27;[39m
[debug] &amp#27;[35m[W3C (12c88338)]&amp#27;[39m Calling AppiumDriver.getScreenshot() with args: ["12c88338-ef35-4aaa-910c-9a0e3f90175b"]
[debug] &amp#27;[35m[WD Proxy]&amp#27;[39m Matched '/screenshot' to command name 'getScreenshot'
[debug] &amp#27;[35m[WD Proxy]&amp#27;[39m Proxying [GET /screenshot] to [GET http://127.0.0.1:8200/wd/hub/session/151310d9-6959-429a-b63d-ff3d10b5cbf8/screenshot] with no body
[debug] &amp#27;[35m[WD Proxy]&amp#27;[39m Got response with status 200: {"sessionId":"151310d9-6959-429a-b63d-ff3d10b5cbf8","value":"iVBORw0KGgoAAAANSUhEUgAABDgAAAkkCAYAAAD508+vAAAABHNCSVQICAgIfAhkiAAAIABJREFU\neJzsvXeUbEle3\/mJuPemqyz\/6nnXfnp6enosw8yABgYYnPCsgNUCArTAgpDEajnS7tnV0RFotVpp\nhZOEt8IIkAQMZjADgxk\/zHTP9LSZNs\/06+dN+TTXxf7xu\/ky81ZWVVa9ysrM179Pn\/u6bua9kXHj\nRvwi4hu\/iDAOHIqiKIqiKIqiKIqiKGOMHXYEFEVRFEVRFEVRFEVR7hQVOBRFURRFURRFURRFGXtU\n4FAURVEURVEURVEUZexRgUNRFEVRFEVRFEVRlLFHBQ5FURRFURRFURRFUcYeFTgURVEURVEURVEU\nRRl7VOBQFEVRFEVRFEVRFGXsUYFDURRFURRFURRFUZSxRwUORVEURVEURVEURVHGHhU4FEVRFEVR\nFEVRFEUZe1TgUBRFURRFURRFURRl7FGBQ1EURVEURVEURVGUsUcFDkVRFEVRFEVRFEVRxh4VOBRF\nURRFURRFURRFGXtU4FAURVEURVEURVEUZexRgUNRFEVRFEVRFEVRlLFHBQ5FURRFURRFURRFUcYe\nFTgURVEURVEURVEURRl7VOBQFEVRFEVRFEVRFGXsUYFDURRFURRFURRFUZSxRwUORVEURVEURVEU\nRVHGHhU4FEVRFEVRFEVRFEUZe1TgUBRFURRFURRFURRl7FGBQ1EURRlLUuDxYUdCURQFeBFYHnYk\nFEVRFBU4FEVRlPGjBvwc8JPA4pDjoiiK8ofAvwHODDsiiqIor3D8YUdAGV8+Cax0nH8OYIYUF0VR\n+qMJfLTjfAF41ZDislvWgJ8GPpOdvwC8eXjRURTlFU4dsUMN4EeB7wUeHGqMFEVRXrmowKHsmg8C\nT3Scvx0VOBRl1GkCv...
[debug] &amp#27;[35m[W3C (12c88338)]&amp#27;[39m Responding to client with driver.getScreenshot() result: "iVBORw0KGgoAAAANSUhEUgAABDgAAAkkCAYAAAD508+vAAAABHNCSVQICAgIfAhkiAAAIABJREFU\neJzsvXeUbEle3/mJuPemqyz/6nnXfnp6enosw8yABgYYnPCsgNUCArTAgpDEajnS7tnV0RFotVpp\nhZOEt8IIkAQMZjADgxk/zHTP9LSZNs/06+dN+TTXxf7xu/ky81ZWVVa9ysrM179Pn/u6bua9kXHj\nRvwi4hu/iDAOHIqiKIqiKIqiKIqiKGOMHXYEFEVRFEVRFEVRFEVR7hQVOBRFURRFURRFURRFGXtU\n4FAURVEURVEURVEUZexRgUNRFEVRFEVRFEVRlLFHBQ5FURRFURRFURRFUcYeFTgURVEURVEURVEU\nRRl7VOBQFEVRFEVRFEVRFGXsUYFDURRFURRFURRFUZSxRwUORVEURVEURVEURVHGHhU4FEVRFEVR\nFEVRFEUZe1TgUBRFURRFURRFURRl7FGBQ1EURVEURVEURVGUsUcFDkVRFEVRFEVRFEVRxh4VOBRF\nURRFURRFURRFGXtU4FAURVEURVEURVEUZexRgUNRFEVRFEVRFEVRlLFHBQ5FURRFURRFURRFUcYe\nFTgURVEURVEURVEURRl7VOBQFEVRFEVRFEVRFGXsUYFDURRFURRFURRFUZSxRwUORVEURVEURVEU\nRVHGHhU4FEVRFEVRFEVRFEUZe1TgUBRFURRFURRFURRl7FGBQ1EURRlLUuDxYUdCURQFeBFYHnYk\nFEVRFBU4FEVRlPGjBvwc8JPA4pDjoiiK8ofAvwHODDsiiqIor3D8YUdAGV8+Cax0nH8OYIYUF0VR\n+qMJfLTjfAF41ZDislvWgJ8GPpOdvwC8eXjRURTlFU4dsUMN4EeB7wUeHGqMFEVRXrmowKHsmg8C\nT3Scvx0VOBRl1GkCv9Jx/k7GS+BoAj9PW9x4C/Da4UVHURSFMvB9iLjRAP4T8P3AqWFGSlHuYmJg\nFfHm9I...
&amp#27;[35m[HTTP]&amp#27;[39m &amp#27;[37m<-- GET /wd/hub/session/12c88338-ef35-4aaa-910c-9a0e3f90175b/screenshot &amp#27;[39m&amp#27;[32m200&amp#27;[39m &amp#27;[90m975 ms - 1329556&amp#27;[39m
&amp#27;[35m[HTTP]&amp#27;[39m &amp#27;[90m&amp#27;[39m
&amp#27;[35m[HTTP]&amp#27;[39m &amp#27;[37m-->&amp#27;[39m &amp#27;[37mPOST&amp#27;[39m &amp#27;[37m/wd/hub/session/12c88338-ef35-4aaa-910c-9a0e3f90175b/elements&amp#27;[39m
&amp#27;[35m[HTTP]&amp#27;[39m &amp#27;[90m{"using":"id","value":"flipboard.app:id/topic_picker_topic_row_topic_tag"}&amp#27;[39m
[debug] &amp#27;[35m[W3C (12c88338)]&amp#27;[39m Calling AppiumDriver.findElements() with args: ["id","flipboard.app:id/topic_picker_topic_row_topic_tag","12c88338-ef35-4aaa-910c-9a0e3f90175b"]
[debug] &amp#27;[35m[BaseDriver]&amp#27;[39m Valid locator strategies for this request: xpath, id, class name, accessibility id, -android uiautomator
[debug] &amp#27;[35m[BaseDriver]&amp#27;[39m Waiting up to 0 ms for condition
[debug] &amp#27;[35m[WD Proxy]&amp#27;[39m Matched '/elements' to command name 'findElements'
[debug] &amp#27;[35m[WD Proxy]&amp#27;[39m Proxying [POST /elements] to [POST http://127.0.0.1:8200/wd/hub/session/151310d9-6959-429a-b63d-ff3d10b5cbf8/elements] with body: {"strategy":"id","selector":"flipboard.app:id/topic_picker_topic_row_topic_tag","context":"","multiple":true}
[debug] &amp#27;[35m[WD Proxy]&amp#27;[39m Got response with status 200: {"sessionId":"151310d9-6959-429a-b63d-ff3d10b5cbf8","value":[{"ELEMENT":"5440d502-2399-4e2a-9641-09f20068e1de","element-6066-11e4-a52e-4f735466cecf":"5440d502-2399-4e2a-9641-09f20068e1de"},{"ELEMENT":"cae81160-200e-40aa-92f1-58a142d8cf7f","element-6066-11e4-a52e-4f735466cecf":"cae81160-200e-40aa-92f1-58a142d8cf7f"},{"ELEMENT":"b2033777-b2ed-4eb9-a8e0-dc121f20d82b","element-6066-11e4-a52e-4f735466cecf":"b2033777-b2ed-4eb9-a8e0-dc121f20d82b"},{"ELEMENT":"3a4afe15-114d-4335-a4e7-eef34e5a05ca","element-6066-11e4-a52e-4f735466cecf":"3a4afe15-114d-4335-a4e7-eef34e5a05ca"},{"ELEMENT":"e4c17beb-b2fe-4ecc-8c50-a39d538220a5","element-6066-11e4-a52e-4f735466cecf":"e4c17beb-b2fe-4ecc-8c50-a39d538220a5"},{"ELEMENT":"8e3bb178-3598-4208-a57f-a139de378883","element-6066-11e4-a52e-4f735466cecf":"8e3bb178-3598-4208-a57f-a139de378883"},{"ELEMENT":"7f87ca37-86a0-4b26-ac79-f65b1b6bb9d4","element-6066-11e4-a52e-4f735466cecf":"7f87ca37-86a0-4b26-ac79-f65b1b6bb9d4"},{"ELEMENT":"ceb121c0-28c4-4b17-accb-c9b115bb5b57","element-6066-...
[debug] &amp#27;[35m[W3C (12c88338)]&amp#27;[39m Responding to client with driver.findElements() result: [{"element-6066-11e4-a52e-4f735466cecf":"5440d502-2399-4e2a-9641-09f20068e1de","ELEMENT":"5440d502-2399-4e2a-9641-09f20068e1de"},{"element-6066-11e4-a52e-4f735466cecf":"cae81160-200e-40aa-92f1-58a142d8cf7f","ELEMENT":"cae81160-200e-40aa-92f1-58a142d8cf7f"},{"element-6066-11e4-a52e-4f735466cecf":"b2033777-b2ed-4eb9-a8e0-dc121f20d82b","ELEMENT":"b2033777-b2ed-4eb9-a8e0-dc121f20d82b"},{"element-6066-11e4-a52e-4f735466cecf":"3a4afe15-114d-4335-a4e7-eef34e5a05ca","ELEMENT":"3a4afe15-114d-4335-a4e7-eef34e5a05ca"},{"element-6066-11e4-a52e-4f735466cecf":"e4c17beb-b2fe-4ecc-8c50-a39d538220a5","ELEMENT":"e4c17beb-b2fe-4ecc-8c50-a39d538220a5"},{"element-6066-11e4-a52e-4f735466cecf":"8e3bb178-3598-4208-a57f-a139de378883","ELEMENT":"8e3bb178-3598-4208-a57f-a139de378883"},{"element-6066-11e4-a52e-4f735466cecf":"7f87ca37-86a0-4b26-ac79-f65b1b6bb9d4","ELEMENT":"7f87ca37-86a0-4b26-ac79-f65b1b6bb9d4"},{"element-6066-11e4-a52e-4f735466cecf":"ceb121c0-28c4-4b17-accb-c9b115bb5b57","ELEMENT":"ceb121c0-28c4-4b17-accb-c9b115bb5b5...
&amp#27;[35m[HTTP]&amp#27;[39m &amp#27;[37m<-- POST /wd/hub/session/12c88338-ef35-4aaa-910c-9a0e3f90175b/elements &amp#27;[39m&amp#27;[32m200&amp#27;[39m &amp#27;[90m97 ms - 2699&amp#27;[39m
&amp#27;[35m[HTTP]&amp#27;[39m &amp#27;[90m&amp#27;[39m
&amp#27;[35m[HTTP]&amp#27;[39m &amp#27;[37m-->&amp#27;[39m &amp#27;[37mGET&amp#27;[39m &amp#27;[37m/wd/hub/session/12c88338-ef35-4aaa-910c-9a0e3f90175b/element/5440d502-2399-4e2a-9641-09f20068e1de/displayed&amp#27;[39m
&amp#27;[35m[HTTP]&amp#27;[39m &amp#27;[90m{}&amp#27;[39m
[debug] &amp#27;[35m[W3C (12c88338)]&amp#27;[39m Calling AppiumDriver.elementDisplayed() with args: ["5440d502-2399-4e2a-9641-09f20068e1de","12c88338-ef35-4aaa-910c-9a0e3f90175b"]
[debug] &amp#27;[35m[WD Proxy]&amp#27;[39m Matched '/element/5440d502-2399-4e2a-9641-09f20068e1de/attribute/displayed' to command name 'getAttribute'
[debug] &amp#27;[35m[WD Proxy]&amp#27;[39m Proxying [GET /element/5440d502-2399-4e2a-9641-09f20068e1de/attribute/displayed] to [GET http://127.0.0.1:8200/wd/hub/session/151310d9-6959-429a-b63d-ff3d10b5cbf8/element/5440d502-2399-4e2a-9641-09f20068e1de/attribute/displayed] with body: {}
[debug] &amp#27;[35m[WD Proxy]&amp#27;[39m Got response with status 200: {"sessionId":"151310d9-6959-429a-b63d-ff3d10b5cbf8","value":"true"}
[debug] &amp#27;[35m[W3C (12c88338)]&amp#27;[39m Responding to client with driver.elementDisplayed() result: true
&amp#27;[35m[HTTP]&amp#27;[39m &amp#27;[37m<-- GET /wd/hub/session/12c88338-ef35-4aaa-910c-9a0e3f90175b/element/5440d502-2399-4e2a-9641-09f20068e1de/displayed &amp#27;[39m&amp#27;[32m200&amp#27;[39m &amp#27;[90m26 ms - 14&amp#27;[39m
&amp#27;[35m[HTTP]&amp#27;[39m &amp#27;[90m&amp#27;[39m
&amp#27;[35m[HTTP]&amp#27;[39m &amp#27;[37m-->&amp#27;[39m &amp#27;[37mGET&amp#27;[39m &amp#27;[37m/wd/hub/session/12c88338-ef35-4aaa-910c-9a0e3f90175b/element/5440d502-2399-4e2a-9641-09f20068e1de/displayed&amp#27;[39m
&amp#27;[35m[HTTP]&amp#27;[39m &amp#27;[90m{}&amp#27;[39m
[debug] &amp#27;[35m[W3C (12c88338)]&amp#27;[39m Calling AppiumDriver.elementDisplayed() with args: ["5440d502-2399-4e2a-9641-09f20068e1de","12c88338-ef35-4aaa-910c-9a0e3f90175b"]
[debug] &amp#27;[35m[WD Proxy]&amp#27;[39m Matched '/element/5440d502-2399-4e2a-9641-09f20068e1de/attribute/displayed' to command name 'getAttribute'
[debug] &amp#27;[35m[WD Proxy]&amp#27;[39m Proxying [GET /element/5440d502-2399-4e2a-9641-09f20068e1de/attribute/displayed] to [GET http://127.0.0.1:8200/wd/hub/session/151310d9-6959-429a-b63d-ff3d10b5cbf8/element/5440d502-2399-4e2a-9641-09f20068e1de/attribute/displayed] with body: {}
[debug] &amp#27;[35m[WD Proxy]&amp#27;[39m Got response with status 200: {"sessionId":"151310d9-6959-429a-b63d-ff3d10b5cbf8","value":"true"}
[debug] &amp#27;[35m[W3C (12c88338)]&amp#27;[39m Responding to client with driver.elementDisplayed() result: true
&amp#27;[35m[HTTP]&amp#27;[39m &amp#27;[37m<-- GET /wd/hub/session/12c88338-ef35-4aaa-910c-9a0e3f90175b/element/5440d502-2399-4e2a-9641-09f20068e1de/displayed &amp#27;[39m&amp#27;[32m200&amp#27;[39m &amp#27;[90m32 ms - 14&amp#27;[39m
&amp#27;[35m[HTTP]&amp#27;[39m &amp#27;[90m&amp#27;[39m
&amp#27;[35m[HTTP]&amp#27;[39m &amp#27;[37m-->&amp#27;[39m &amp#27;[37mGET&amp#27;[39m &amp#27;[37m/wd/hub/session/12c88338-ef35-4aaa-910c-9a0e3f90175b/element/5440d502-2399-4e2a-9641-09f20068e1de/displayed&amp#27;[39m
&amp#27;[35m[HTTP]&amp#27;[39m &amp#27;[90m{}&amp#27;[39m
[debug] &amp#27;[35m[W3C (12c88338)]&amp#27;[39m Calling AppiumDriver.elementDisplayed() with args: ["5440d502-2399-4e2a-9641-09f20068e1de","12c88338-ef35-4aaa-910c-9a0e3f90175b"]
[debug] &amp#27;[35m[WD Proxy]&amp#27;[39m Matched '/element/5440d502-2399-4e2a-9641-09f20068e1de/attribute/displayed' to command name 'getAttribute'
[debug] &amp#27;[35m[WD Proxy]&amp#27;[39m Proxying [GET /element/5440d502-2399-4e2a-9641-09f20068e1de/attribute/displayed] to [GET http://127.0.0.1:8200/wd/hub/session/151310d9-6959-429a-b63d-ff3d10b5cbf8/element/5440d502-2399-4e2a-9641-09f20068e1de/attribute/displayed] with body: {}
[debug] &amp#27;[35m[WD Proxy]&amp#27;[39m Got response with status 200: {"sessionId":"151310d9-6959-429a-b63d-ff3d10b5cbf8","value":"true"}
[debug] &amp#27;[35m[W3C (12c88338)]&amp#27;[39m Responding to client with driver.elementDisplayed() result: true
&amp#27;[35m[HTTP]&amp#27;[39m &amp#27;[37m<-- GET /wd/hub/session/12c88338-ef35-4aaa-910c-9a0e3f90175b/element/5440d502-2399-4e2a-9641-09f20068e1de/displayed &amp#27;[39m&amp#27;[32m200&amp#27;[39m &amp#27;[90m25 ms - 14&amp#27;[39m
&amp#27;[35m[HTTP]&amp#27;[39m &amp#27;[90m&amp#27;[39m
&amp#27;[35m[HTTP]&amp#27;[39m &amp#27;[37m-->&amp#27;[39m &amp#27;[37mGET&amp#27;[39m &amp#27;[37m/wd/hub/session/12c88338-ef35-4aaa-910c-9a0e3f90175b/element/5440d502-2399-4e2a-9641-09f20068e1de/name&amp#27;[39m
&amp#27;[35m[HTTP]&amp#27;[39m &amp#27;[90m{}&amp#27;[39m
[debug] &amp#27;[35m[W3C (12c88338)]&amp#27;[39m Calling AppiumDriver.getName() with args: ["5440d502-2399-4e2a-9641-09f20068e1de","12c88338-ef35-4aaa-910c-9a0e3f90175b"]
[debug] &amp#27;[35m[WD Proxy]&amp#27;[39m Matched '/element/5440d502-2399-4e2a-9641-09f20068e1de/name' to command name 'getName'
[debug] &amp#27;[35m[WD Proxy]&amp#27;[39m Proxying [GET /element/5440d502-2399-4e2a-9641-09f20068e1de/name] to [GET http://127.0.0.1:8200/wd/hub/session/151310d9-6959-429a-b63d-ff3d10b5cbf8/element/5440d502-2399-4e2a-9641-09f20068e1de/name] with body: {}
[debug] &amp#27;[35m[WD Proxy]&amp#27;[39m Got response with status 200: {"sessionId":"151310d9-6959-429a-b63d-ff3d10b5cbf8","value":null}
[debug] &amp#27;[35m[W3C (12c88338)]&amp#27;[39m Responding to client with driver.getName() result: null
&amp#27;[35m[HTTP]&amp#27;[39m &amp#27;[37m<-- GET /wd/hub/session/12c88338-ef35-4aaa-910c-9a0e3f90175b/element/5440d502-2399-4e2a-9641-09f20068e1de/name &amp#27;[39m&amp#27;[32m200&amp#27;[39m &amp#27;[90m27 ms - 14&amp#27;[39m
&amp#27;[35m[HTTP]&amp#27;[39m &amp#27;[90m&amp#27;[39m
&amp#27;[35m[HTTP]&amp#27;[39m &amp#27;[37m-->&amp#27;[39m &amp#27;[37mPOST&amp#27;[39m &amp#27;[37m/wd/hub/session/12c88338-ef35-4aaa-910c-9a0e3f90175b/element/5440d502-2399-4e2a-9641-09f20068e1de/click&amp#27;[39m
&amp#27;[35m[HTTP]&amp#27;[39m &amp#27;[90m{"id":"5440d502-2399-4e2a-9641-09f20068e1de"}&amp#27;[39m
[debug] &amp#27;[35m[W3C (12c88338)]&amp#27;[39m Calling AppiumDriver.click() with args: ["5440d502-2399-4e2a-9641-09f20068e1de","12c88338-ef35-4aaa-910c-9a0e3f90175b"]
[debug] &amp#27;[35m[WD Proxy]&amp#27;[39m Matched '/element/5440d502-2399-4e2a-9641-09f20068e1de/click' to command name 'click'
[debug] &amp#27;[35m[WD Proxy]&amp#27;[39m Proxying [POST /element/5440d502-2399-4e2a-9641-09f20068e1de/click] to [POST http://127.0.0.1:8200/wd/hub/session/151310d9-6959-429a-b63d-ff3d10b5cbf8/element/5440d502-2399-4e2a-9641-09f20068e1de/click] with body: {"element":"5440d502-2399-4e2a-9641-09f20068e1de"}
[debug] &amp#27;[35m[WD Proxy]&amp#27;[39m Got response with status 200: {"sessionId":"151310d9-6959-429a-b63d-ff3d10b5cbf8","value":null}
[debug] &amp#27;[35m[W3C (12c88338)]&amp#27;[39m Responding to client with driver.click() result: null
&amp#27;[35m[HTTP]&amp#27;[39m &amp#27;[37m<-- POST /wd/hub/session/12c88338-ef35-4aaa-910c-9a0e3f90175b/element/5440d502-2399-4e2a-9641-09f20068e1de/click &amp#27;[39m&amp#27;[32m200&amp#27;[39m &amp#27;[90m44 ms - 14&amp#27;[39m
&amp#27;[35m[HTTP]&amp#27;[39m &amp#27;[90m&amp#27;[39m
&amp#27;[35m[HTTP]&amp#27;[39m &amp#27;[37m-->&amp#27;[39m &amp#27;[37mPOST&amp#27;[39m &amp#27;[37m/wd/hub/session/12c88338-ef35-4aaa-910c-9a0e3f90175b/elements&amp#27;[39m
&amp#27;[35m[HTTP]&amp#27;[39m &amp#27;[90m{"using":"id","value":"flipboard.app:id/topic_picker_topic_row_topic_tag"}&amp#27;[39m
[debug] &amp#27;[35m[W3C (12c88338)]&amp#27;[39m Calling AppiumDriver.findElements() with args: ["id","flipboard.app:id/topic_picker_topic_row_topic_tag","12c88338-ef35-4aaa-910c-9a0e3f90175b"]
[debug] &amp#27;[35m[BaseDriver]&amp#27;[39m Valid locator strategies for this request: xpath, id, class name, accessibility id, -android uiautomator
[debug] &amp#27;[35m[BaseDriver]&amp#27;[39m Waiting up to 0 ms for condition
[debug] &amp#27;[35m[WD Proxy]&amp#27;[39m Matched '/elements' to command name 'findElements'
[debug] &amp#27;[35m[WD Proxy]&amp#27;[39m Proxying [POST /elements] to [POST http://127.0.0.1:8200/wd/hub/session/151310d9-6959-429a-b63d-ff3d10b5cbf8/elements] with body: {"strategy":"id","selector":"flipboard.app:id/topic_picker_topic_row_topic_tag","context":"","multiple":true}
[debug] &amp#27;[35m[WD Proxy]&amp#27;[39m Got response with status 200: {"sessionId":"151310d9-6959-429a-b63d-ff3d10b5cbf8","value":[{"ELEMENT":"4af52e50-5a35-47b0-bfc5-1848a8ced604","element-6066-11e4-a52e-4f735466cecf":"4af52e50-5a35-47b0-bfc5-1848a8ced604"},{"ELEMENT":"31441b54-ede6-4913-a37f-78a42f1bed81","element-6066-11e4-a52e-4f735466cecf":"31441b54-ede6-4913-a37f-78a42f1bed81"},{"ELEMENT":"eafbc16a-a496-41e4-a8b2-6aac54457b5f","element-6066-11e4-a52e-4f735466cecf":"eafbc16a-a496-41e4-a8b2-6aac54457b5f"},{"ELEMENT":"cebf2dac-47a4-4493-92e1-4ff00c7b7259","element-6066-11e4-a52e-4f735466cecf":"cebf2dac-47a4-4493-92e1-4ff00c7b7259"},{"ELEMENT":"562f6d59-acb5-4a74-b95a-6089b1685fd1","element-6066-11e4-a52e-4f735466cecf":"562f6d59-acb5-4a74-b95a-6089b1685fd1"},{"ELEMENT":"4c5ed6fa-b7b1-4a57-bec5-a118ebc5aceb","element-6066-11e4-a52e-4f735466cecf":"4c5ed6fa-b7b1-4a57-bec5-a118ebc5aceb"},{"ELEMENT":"ccd006ca-4f72-4023-84aa-ba83f4556959","element-6066-11e4-a52e-4f735466cecf":"ccd006ca-4f72-4023-84aa-ba83f4556959"},{"ELEMENT":"1bd61932-e692-4224-a073-78b163d1608a","element-6066-...
[debug] &amp#27;[35m[W3C (12c88338)]&amp#27;[39m Responding to client with driver.findElements() result: [{"element-6066-11e4-a52e-4f735466cecf":"4af52e50-5a35-47b0-bfc5-1848a8ced604","ELEMENT":"4af52e50-5a35-47b0-bfc5-1848a8ced604"},{"element-6066-11e4-a52e-4f735466cecf":"31441b54-ede6-4913-a37f-78a42f1bed81","ELEMENT":"31441b54-ede6-4913-a37f-78a42f1bed81"},{"element-6066-11e4-a52e-4f735466cecf":"eafbc16a-a496-41e4-a8b2-6aac54457b5f","ELEMENT":"eafbc16a-a496-41e4-a8b2-6aac54457b5f"},{"element-6066-11e4-a52e-4f735466cecf":"cebf2dac-47a4-4493-92e1-4ff00c7b7259","ELEMENT":"cebf2dac-47a4-4493-92e1-4ff00c7b7259"},{"element-6066-11e4-a52e-4f735466cecf":"562f6d59-acb5-4a74-b95a-6089b1685fd1","ELEMENT":"562f6d59-acb5-4a74-b95a-6089b1685fd1"},{"element-6066-11e4-a52e-4f735466cecf":"4c5ed6fa-b7b1-4a57-bec5-a118ebc5aceb","ELEMENT":"4c5ed6fa-b7b1-4a57-bec5-a118ebc5aceb"},{"element-6066-11e4-a52e-4f735466cecf":"ccd006ca-4f72-4023-84aa-ba83f4556959","ELEMENT":"ccd006ca-4f72-4023-84aa-ba83f4556959"},{"element-6066-11e4-a52e-4f735466cecf":"1bd61932-e692-4224-a073-78b163d1608a","ELEMENT":"1bd61932-e692-4224-a073-78b163d1608...
&amp#27;[35m[HTTP]&amp#27;[39m &amp#27;[37m<-- POST /wd/hub/session/12c88338-ef35-4aaa-910c-9a0e3f90175b/elements &amp#27;[39m&amp#27;[32m200&amp#27;[39m &amp#27;[90m574 ms - 2699&amp#27;[39m
&amp#27;[35m[HTTP]&amp#27;[39m &amp#27;[90m&amp#27;[39m
&amp#27;[35m[HTTP]&amp#27;[39m &amp#27;[37m-->&amp#27;[39m &amp#27;[37mGET&amp#27;[39m &amp#27;[37m/wd/hub/session/12c88338-ef35-4aaa-910c-9a0e3f90175b/element/4af52e50-5a35-47b0-bfc5-1848a8ced604/displayed&amp#27;[39m
&amp#27;[35m[HTTP]&amp#27;[39m &amp#27;[90m{}&amp#27;[39m
[debug] &amp#27;[35m[W3C (12c88338)]&amp#27;[39m Calling AppiumDriver.elementDisplayed() with args: ["4af52e50-5a35-47b0-bfc5-1848a8ced604","12c88338-ef35-4aaa-910c-9a0e3f90175b"]
[debug] &amp#27;[35m[WD Proxy]&amp#27;[39m Matched '/element/4af52e50-5a35-47b0-bfc5-1848a8ced604/attribute/displayed' to command name 'getAttribute'
[debug] &amp#27;[35m[WD Proxy]&amp#27;[39m Proxying [GET /element/4af52e50-5a35-47b0-bfc5-1848a8ced604/attribute/displayed] to [GET http://127.0.0.1:8200/wd/hub/session/151310d9-6959-429a-b63d-ff3d10b5cbf8/element/4af52e50-5a35-47b0-bfc5-1848a8ced604/attribute/displayed] with body: {}
[debug] &amp#27;[35m[WD Proxy]&amp#27;[39m Got response with status 200: {"sessionId":"151310d9-6959-429a-b63d-ff3d10b5cbf8","value":"true"}
[debug] &amp#27;[35m[W3C (12c88338)]&amp#27;[39m Responding to client with driver.elementDisplayed() result: true
&amp#27;[35m[HTTP]&amp#27;[39m &amp#27;[37m<-- GET /wd/hub/session/12c88338-ef35-4aaa-910c-9a0e3f90175b/element/4af52e50-5a35-47b0-bfc5-1848a8ced604/displayed &amp#27;[39m&amp#27;[32m200&amp#27;[39m &amp#27;[90m26 ms - 14&amp#27;[39m
&amp#27;[35m[HTTP]&amp#27;[39m &amp#27;[90m&amp#27;[39m
&amp#27;[35m[HTTP]&amp#27;[39m &amp#27;[37m-->&amp#27;[39m &amp#27;[37mGET&amp#27;[39m &amp#27;[37m/wd/hub/session/12c88338-ef35-4aaa-910c-9a0e3f90175b/element/31441b54-ede6-4913-a37f-78a42f1bed81/displayed&amp#27;[39m
&amp#27;[35m[HTTP]&amp#27;[39m &amp#27;[90m{}&amp#27;[39m
[debug] &amp#27;[35m[W3C (12c88338)]&amp#27;[39m Calling AppiumDriver.elementDisplayed() with args: ["31441b54-ede6-4913-a37f-78a42f1bed81","12c88338-ef35-4aaa-910c-9a0e3f90175b"]
[debug] &amp#27;[35m[WD Proxy]&amp#27;[39m Matched '/element/31441b54-ede6-4913-a37f-78a42f1bed81/attribute/displayed' to command name 'getAttribute'
[debug] &amp#27;[35m[WD Proxy]&amp#27;[39m Proxying [GET /element/31441b54-ede6-4913-a37f-78a42f1bed81/attribute/displayed] to [GET http://127.0.0.1:8200/wd/hub/session/151310d9-6959-429a-b63d-ff3d10b5cbf8/element/31441b54-ede6-4913-a37f-78a42f1bed81/attribute/displayed] with body: {}
[debug] &amp#27;[35m[WD Proxy]&amp#27;[39m Got response with status 200: {"sessionId":"151310d9-6959-429a-b63d-ff3d10b5cbf8","value":"true"}
[debug] &amp#27;[35m[W3C (12c88338)]&amp#27;[39m Responding to client with driver.elementDisplayed() result: true
&amp#27;[35m[HTTP]&amp#27;[39m &amp#27;[37m<-- GET /wd/hub/session/12c88338-ef35-4aaa-910c-9a0e3f90175b/element/31441b54-ede6-4913-a37f-78a42f1bed81/displayed &amp#27;[39m&amp#27;[32m200&amp#27;[39m &amp#27;[90m25 ms - 14&amp#27;[39m
&amp#27;[35m[HTTP]&amp#27;[39m &amp#27;[90m&amp#27;[39m
&amp#27;[35m[HTTP]&amp#27;[39m &amp#27;[37m-->&amp#27;[39m &amp#27;[37mGET&amp#27;[39m &amp#27;[37m/wd/hub/session/12c88338-ef35-4aaa-910c-9a0e3f90175b/element/31441b54-ede6-4913-a37f-78a42f1bed81/displayed&amp#27;[39m
&amp#27;[35m[HTTP]&amp#27;[39m &amp#27;[90m{}&amp#27;[39m
[debug] &amp#27;[35m[W3C (12c88338)]&amp#27;[39m Calling AppiumDriver.elementDisplayed() with args: ["31441b54-ede6-4913-a37f-78a42f1bed81","12c88338-ef35-4aaa-910c-9a0e3f90175b"]
[debug] &amp#27;[35m[WD Proxy]&amp#27;[39m Matched '/element/31441b54-ede6-4913-a37f-78a42f1bed81/attribute/displayed' to command name 'getAttribute'
[debug] &amp#27;[35m[WD Proxy]&amp#27;[39m Proxying [GET /element/31441b54-ede6-4913-a37f-78a42f1bed81/attribute/displayed] to [GET http://127.0.0.1:8200/wd/hub/session/151310d9-6959-429a-b63d-ff3d10b5cbf8/element/31441b54-ede6-4913-a37f-78a42f1bed81/attribute/displayed] with body: {}
[debug] &amp#27;[35m[WD Proxy]&amp#27;[39m Got response with status 200: {"sessionId":"151310d9-6959-429a-b63d-ff3d10b5cbf8","value":"true"}
[debug] &amp#27;[35m[W3C (12c88338)]&amp#27;[39m Responding to client with driver.elementDisplayed() result: true
&amp#27;[35m[HTTP]&amp#27;[39m &amp#27;[37m<-- GET /wd/hub/session/12c88338-ef35-4aaa-910c-9a0e3f90175b/element/31441b54-ede6-4913-a37f-78a42f1bed81/displayed &amp#27;[39m&amp#27;[32m200&amp#27;[39m &amp#27;[90m27 ms - 14&amp#27;[39m
&amp#27;[35m[HTTP]&amp#27;[39m &amp#27;[90m&amp#27;[39m
&amp#27;[35m[HTTP]&amp#27;[39m &amp#27;[37m-->&amp#27;[39m &amp#27;[37mGET&amp#27;[39m &amp#27;[37m/wd/hub/session/12c88338-ef35-4aaa-910c-9a0e3f90175b/element/31441b54-ede6-4913-a37f-78a42f1bed81/name&amp#27;[39m
&amp#27;[35m[HTTP]&amp#27;[39m &amp#27;[90m{}&amp#27;[39m
[debug] &amp#27;[35m[W3C (12c88338)]&amp#27;[39m Calling AppiumDriver.getName() with args: ["31441b54-ede6-4913-a37f-78a42f1bed81","12c88338-ef35-4aaa-910c-9a0e3f90175b"]
[debug] &amp#27;[35m[WD Proxy]&amp#27;[39m Matched '/element/31441b54-ede6-4913-a37f-78a42f1bed81/name' to command name 'getName'
[debug] &amp#27;[35m[WD Proxy]&amp#27;[39m Proxying [GET /element/31441b54-ede6-4913-a37f-78a42f1bed81/name] to [GET http://127.0.0.1:8200/wd/hub/session/151310d9-6959-429a-b63d-ff3d10b5cbf8/element/31441b54-ede6-4913-a37f-78a42f1bed81/name] with body: {}
[debug] &amp#27;[35m[WD Proxy]&amp#27;[39m Got response with status 200: {"sessionId":"151310d9-6959-429a-b63d-ff3d10b5cbf8","value":null}
[debug] &amp#27;[35m[W3C (12c88338)]&amp#27;[39m Responding to client with driver.getName() result: null
&amp#27;[35m[HTTP]&amp#27;[39m &amp#27;[37m<-- GET /wd/hub/session/12c88338-ef35-4aaa-910c-9a0e3f90175b/element/31441b54-ede6-4913-a37f-78a42f1bed81/name &amp#27;[39m&amp#27;[32m200&amp#27;[39m &amp#27;[90m26 ms - 14&amp#27;[39m
&amp#27;[35m[HTTP]&amp#27;[39m &amp#27;[90m&amp#27;[39m
&amp#27;[35m[HTTP]&amp#27;[39m &amp#27;[37m-->&amp#27;[39m &amp#27;[37mPOST&amp#27;[39m &amp#27;[37m/wd/hub/session/12c88338-ef35-4aaa-910c-9a0e3f90175b/element/31441b54-ede6-4913-a37f-78a42f1bed81/click&amp#27;[39m
&amp#27;[35m[HTTP]&amp#27;[39m &amp#27;[90m{"id":"31441b54-ede6-4913-a37f-78a42f1bed81"}&amp#27;[39m
[debug] &amp#27;[35m[W3C (12c88338)]&amp#27;[39m Calling AppiumDriver.click() with args: ["31441b54-ede6-4913-a37f-78a42f1bed81","12c88338-ef35-4aaa-910c-9a0e3f90175b"]
[debug] &amp#27;[35m[WD Proxy]&amp#27;[39m Matched '/element/31441b54-ede6-4913-a37f-78a42f1bed81/click' to command name 'click'
[debug] &amp#27;[35m[WD Proxy]&amp#27;[39m Proxying [POST /element/31441b54-ede6-4913-a37f-78a42f1bed81/click] to [POST http://127.0.0.1:8200/wd/hub/session/151310d9-6959-429a-b63d-ff3d10b5cbf8/element/31441b54-ede6-4913-a37f-78a42f1bed81/click] with body: {"element":"31441b54-ede6-4913-a37f-78a42f1bed81"}
[debug] &amp#27;[35m[WD Proxy]&amp#27;[39m Got response with status 200: {"sessionId":"151310d9-6959-429a-b63d-ff3d10b5cbf8","value":null}
[debug] &amp#27;[35m[W3C (12c88338)]&amp#27;[39m Responding to client with driver.click() result: null
&amp#27;[35m[HTTP]&amp#27;[39m &amp#27;[37m<-- POST /wd/hub/session/12c88338-ef35-4aaa-910c-9a0e3f90175b/element/31441b54-ede6-4913-a37f-78a42f1bed81/click &amp#27;[39m&amp#27;[32m200&amp#27;[39m &amp#27;[90m49 ms - 14&amp#27;[39m
&amp#27;[35m[HTTP]&amp#27;[39m &amp#27;[90m&amp#27;[39m
&amp#27;[35m[HTTP]&amp#27;[39m &amp#27;[37m-->&amp#27;[39m &amp#27;[37mPOST&amp#27;[39m &amp#27;[37m/wd/hub/session/12c88338-ef35-4aaa-910c-9a0e3f90175b/elements&amp#27;[39m
&amp#27;[35m[HTTP]&amp#27;[39m &amp#27;[90m{"using":"id","value":"flipboard.app:id/topic_picker_topic_row_topic_tag"}&amp#27;[39m
[debug] &amp#27;[35m[W3C (12c88338)]&amp#27;[39m Calling AppiumDriver.findElements() with args: ["id","flipboard.app:id/topic_picker_topic_row_topic_tag","12c88338-ef35-4aaa-910c-9a0e3f90175b"]
[debug] &amp#27;[35m[BaseDriver]&amp#27;[39m Valid locator strategies for this request: xpath, id, class name, accessibility id, -android uiautomator
[debug] &amp#27;[35m[BaseDriver]&amp#27;[39m Waiting up to 0 ms for condition
[debug] &amp#27;[35m[WD Proxy]&amp#27;[39m Matched '/elements' to command name 'findElements'
[debug] &amp#27;[35m[WD Proxy]&amp#27;[39m Proxying [POST /elements] to [POST http://127.0.0.1:8200/wd/hub/session/151310d9-6959-429a-b63d-ff3d10b5cbf8/elements] with body: {"strategy":"id","selector":"flipboard.app:id/topic_picker_topic_row_topic_tag","context":"","multiple":true}
[debug] &amp#27;[35m[WD Proxy]&amp#27;[39m Got response with status 200: {"sessionId":"151310d9-6959-429a-b63d-ff3d10b5cbf8","value":[{"ELEMENT":"8e1afe56-5cf2-4832-9874-b9f4a71aec47","element-6066-11e4-a52e-4f735466cecf":"8e1afe56-5cf2-4832-9874-b9f4a71aec47"},{"ELEMENT":"a41b9738-c81e-4dc5-9d06-25c604556849","element-6066-11e4-a52e-4f735466cecf":"a41b9738-c81e-4dc5-9d06-25c604556849"},{"ELEMENT":"45527973-3bef-4a75-b8da-8f64f9deef92","element-6066-11e4-a52e-4f735466cecf":"45527973-3bef-4a75-b8da-8f64f9deef92"},{"ELEMENT":"02cf2988-f424-469a-b262-b65b5d1eb9b5","element-6066-11e4-a52e-4f735466cecf":"02cf2988-f424-469a-b262-b65b5d1eb9b5"},{"ELEMENT":"5afaba39-a819-4093-a9e8-94c00b64a52c","element-6066-11e4-a52e-4f735466cecf":"5afaba39-a819-4093-a9e8-94c00b64a52c"},{"ELEMENT":"018752ff-6851-48e9-af86-c77b23abe39f","element-6066-11e4-a52e-4f735466cecf":"018752ff-6851-48e9-af86-c77b23abe39f"},{"ELEMENT":"dc0d6dd3-1769-4c65-9e22-19019f22d317","element-6066-11e4-a52e-4f735466cecf":"dc0d6dd3-1769-4c65-9e22-19019f22d317"},{"ELEMENT":"affe4fea-cc2f-47eb-88eb-94b54d8bd30c","element-6066-...
[debug] &amp#27;[35m[W3C (12c88338)]&amp#27;[39m Responding to client with driver.findElements() result: [{"element-6066-11e4-a52e-4f735466cecf":"8e1afe56-5cf2-4832-9874-b9f4a71aec47","ELEMENT":"8e1afe56-5cf2-4832-9874-b9f4a71aec47"},{"element-6066-11e4-a52e-4f735466cecf":"a41b9738-c81e-4dc5-9d06-25c604556849","ELEMENT":"a41b9738-c81e-4dc5-9d06-25c604556849"},{"element-6066-11e4-a52e-4f735466cecf":"45527973-3bef-4a75-b8da-8f64f9deef92","ELEMENT":"45527973-3bef-4a75-b8da-8f64f9deef92"},{"element-6066-11e4-a52e-4f735466cecf":"02cf2988-f424-469a-b262-b65b5d1eb9b5","ELEMENT":"02cf2988-f424-469a-b262-b65b5d1eb9b5"},{"element-6066-11e4-a52e-4f735466cecf":"5afaba39-a819-4093-a9e8-94c00b64a52c","ELEMENT":"5afaba39-a819-4093-a9e8-94c00b64a52c"},{"element-6066-11e4-a52e-4f735466cecf":"018752ff-6851-48e9-af86-c77b23abe39f","ELEMENT":"018752ff-6851-48e9-af86-c77b23abe39f"},{"element-6066-11e4-a52e-4f735466cecf":"dc0d6dd3-1769-4c65-9e22-19019f22d317","ELEMENT":"dc0d6dd3-1769-4c65-9e22-19019f22d317"},{"element-6066-11e4-a52e-4f735466cecf":"affe4fea-cc2f-47eb-88eb-94b54d8bd30c","ELEMENT":"affe4fea-cc2f-47eb-88eb-94b54d8bd30...
&amp#27;[35m[HTTP]&amp#27;[39m &amp#27;[37m<-- POST /wd/hub/session/12c88338-ef35-4aaa-910c-9a0e3f90175b/elements &amp#27;[39m&amp#27;[32m200&amp#27;[39m &amp#27;[90m575 ms - 2699&amp#27;[39m
&amp#27;[35m[HTTP]&amp#27;[39m &amp#27;[90m&amp#27;[39m
&amp#27;[35m[HTTP]&amp#27;[39m &amp#27;[37m-->&amp#27;[39m &amp#27;[37mGET&amp#27;[39m &amp#27;[37m/wd/hub/session/12c88338-ef35-4aaa-910c-9a0e3f90175b/element/8e1afe56-5cf2-4832-9874-b9f4a71aec47/displayed&amp#27;[39m
&amp#27;[35m[HTTP]&amp#27;[39m &amp#27;[90m{}&amp#27;[39m
[debug] &amp#27;[35m[W3C (12c88338)]&amp#27;[39m Calling AppiumDriver.elementDisplayed() with args: ["8e1afe56-5cf2-4832-9874-b9f4a71aec47","12c88338-ef35-4aaa-910c-9a0e3f90175b"]
[debug] &amp#27;[35m[WD Proxy]&amp#27;[39m Matched '/element/8e1afe56-5cf2-4832-9874-b9f4a71aec47/attribute/displayed' to command name 'getAttribute'
[debug] &amp#27;[35m[WD Proxy]&amp#27;[39m Proxying [GET /element/8e1afe56-5cf2-4832-9874-b9f4a71aec47/attribute/displayed] to [GET http://127.0.0.1:8200/wd/hub/session/151310d9-6959-429a-b63d-ff3d10b5cbf8/element/8e1afe56-5cf2-4832-9874-b9f4a71aec47/attribute/displayed] with body: {}
[debug] &amp#27;[35m[WD Proxy]&amp#27;[39m Got response with status 200: {"sessionId":"151310d9-6959-429a-b63d-ff3d10b5cbf8","value":"true"}
[debug] &amp#27;[35m[W3C (12c88338)]&amp#27;[39m Responding to client with driver.elementDisplayed() result: true
&amp#27;[35m[HTTP]&amp#27;[39m &amp#27;[37m<-- GET /wd/hub/session/12c88338-ef35-4aaa-910c-9a0e3f90175b/element/8e1afe56-5cf2-4832-9874-b9f4a71aec47/displayed &amp#27;[39m&amp#27;[32m200&amp#27;[39m &amp#27;[90m25 ms - 14&amp#27;[39m
&amp#27;[35m[HTTP]&amp#27;[39m &amp#27;[90m&amp#27;[39m
&amp#27;[35m[HTTP]&amp#27;[39m &amp#27;[37m-->&amp#27;[39m &amp#27;[37mGET&amp#27;[39m &amp#27;[37m/wd/hub/session/12c88338-ef35-4aaa-910c-9a0e3f90175b/element/45527973-3bef-4a75-b8da-8f64f9deef92/displayed&amp#27;[39m
&amp#27;[35m[HTTP]&amp#27;[39m &amp#27;[90m{}&amp#27;[39m
[debug] &amp#27;[35m[W3C (12c88338)]&amp#27;[39m Calling AppiumDriver.elementDisplayed() with args: ["45527973-3bef-4a75-b8da-8f64f9deef92","12c88338-ef35-4aaa-910c-9a0e3f90175b"]
[debug] &amp#27;[35m[WD Proxy]&amp#27;[39m Matched '/element/45527973-3bef-4a75-b8da-8f64f9deef92/attribute/displayed' to command name 'getAttribute'
[debug] &amp#27;[35m[WD Proxy]&amp#27;[39m Proxying [GET /element/45527973-3bef-4a75-b8da-8f64f9deef92/attribute/displayed] to [GET http://127.0.0.1:8200/wd/hub/session/151310d9-6959-429a-b63d-ff3d10b5cbf8/element/45527973-3bef-4a75-b8da-8f64f9deef92/attribute/displayed] with body: {}
[debug] &amp#27;[35m[WD Proxy]&amp#27;[39m Got response with status 200: {"sessionId":"151310d9-6959-429a-b63d-ff3d10b5cbf8","value":"true"}
[debug] &amp#27;[35m[W3C (12c88338)]&amp#27;[39m Responding to client with driver.elementDisplayed() result: true
&amp#27;[35m[HTTP]&amp#27;[39m &amp#27;[37m<-- GET /wd/hub/session/12c88338-ef35-4aaa-910c-9a0e3f90175b/element/45527973-3bef-4a75-b8da-8f64f9deef92/displayed &amp#27;[39m&amp#27;[32m200&amp#27;[39m &amp#27;[90m26 ms - 14&amp#27;[39m
&amp#27;[35m[HTTP]&amp#27;[39m &amp#27;[90m&amp#27;[39m
&amp#27;[35m[HTTP]&amp#27;[39m &amp#27;[37m-->&amp#27;[39m &amp#27;[37mGET&amp#27;[39m &amp#27;[37m/wd/hub/session/12c88338-ef35-4aaa-910c-9a0e3f90175b/element/45527973-3bef-4a75-b8da-8f64f9deef92/displayed&amp#27;[39m
&amp#27;[35m[HTTP]&amp#27;[39m &amp#27;[90m{}&amp#27;[39m
[debug] &amp#27;[35m[W3C (12c88338)]&amp#27;[39m Calling AppiumDriver.elementDisplayed() with args: ["45527973-3bef-4a75-b8da-8f64f9deef92","12c88338-ef35-4aaa-910c-9a0e3f90175b"]
[debug] &amp#27;[35m[WD Proxy]&amp#27;[39m Matched '/element/45527973-3bef-4a75-b8da-8f64f9deef92/attribute/displayed' to command name 'getAttribute'
[debug] &amp#27;[35m[WD Proxy]&amp#27;[39m Proxying [GET /element/45527973-3bef-4a75-b8da-8f64f9deef92/attribute/displayed] to [GET http://127.0.0.1:8200/wd/hub/session/151310d9-6959-429a-b63d-ff3d10b5cbf8/element/45527973-3bef-4a75-b8da-8f64f9deef92/attribute/displayed] with body: {}
[debug] &amp#27;[35m[WD Proxy]&amp#27;[39m Got response with status 200: {"sessionId":"151310d9-6959-429a-b63d-ff3d10b5cbf8","value":"true"}
[debug] &amp#27;[35m[W3C (12c88338)]&amp#27;[39m Responding to client with driver.elementDisplayed() result: true
&amp#27;[35m[HTTP]&amp#27;[39m &amp#27;[37m<-- GET /wd/hub/session/12c88338-ef35-4aaa-910c-9a0e3f90175b/element/45527973-3bef-4a75-b8da-8f64f9deef92/displayed &amp#27;[39m&amp#27;[32m200&amp#27;[39m &amp#27;[90m25 ms - 14&amp#27;[39m
&amp#27;[35m[HTTP]&amp#27;[39m &amp#27;[90m&amp#27;[39m
&amp#27;[35m[HTTP]&amp#27;[39m &amp#27;[37m-->&amp#27;[39m &amp#27;[37mGET&amp#27;[39m &amp#27;[37m/wd/hub/session/12c88338-ef35-4aaa-910c-9a0e3f90175b/element/45527973-3bef-4a75-b8da-8f64f9deef92/name&amp#27;[39m
&amp#27;[35m[HTTP]&amp#27;[39m &amp#27;[90m{}&amp#27;[39m
[debug] &amp#27;[35m[W3C (12c88338)]&amp#27;[39m Calling AppiumDriver.getName() with args: ["45527973-3bef-4a75-b8da-8f64f9deef92","12c88338-ef35-4aaa-910c-9a0e3f90175b"]
[debug] &amp#27;[35m[WD Proxy]&amp#27;[39m Matched '/element/45527973-3bef-4a75-b8da-8f64f9deef92/name' to command name 'getName'
[debug] &amp#27;[35m[WD Proxy]&amp#27;[39m Proxying [GET /element/45527973-3bef-4a75-b8da-8f64f9deef92/name] to [GET http://127.0.0.1:8200/wd/hub/session/151310d9-6959-429a-b63d-ff3d10b5cbf8/element/45527973-3bef-4a75-b8da-8f64f9deef92/name] with body: {}
[debug] &amp#27;[35m[WD Proxy]&amp#27;[39m Got response with status 200: {"sessionId":"151310d9-6959-429a-b63d-ff3d10b5cbf8","value":null}
[debug] &amp#27;[35m[W3C (12c88338)]&amp#27;[39m Responding to client with driver.getName() result: null
&amp#27;[35m[HTTP]&amp#27;[39m &amp#27;[37m<-- GET /wd/hub/session/12c88338-ef35-4aaa-910c-9a0e3f90175b/element/45527973-3bef-4a75-b8da-8f64f9deef92/name &amp#27;[39m&amp#27;[32m200&amp#27;[39m &amp#27;[90m24 ms - 14&amp#27;[39m
&amp#27;[35m[HTTP]&amp#27;[39m &amp#27;[90m&amp#27;[39m
&amp#27;[35m[HTTP]&amp#27;[39m &amp#27;[37m-->&amp#27;[39m &amp#27;[37mPOST&amp#27;[39m &amp#27;[37m/wd/hub/session/12c88338-ef35-4aaa-910c-9a0e3f90175b/element/45527973-3bef-4a75-b8da-8f64f9deef92/click&amp#27;[39m
&amp#27;[35m[HTTP]&amp#27;[39m &amp#27;[90m{"id":"45527973-3bef-4a75-b8da-8f64f9deef92"}&amp#27;[39m
[debug] &amp#27;[35m[W3C (12c88338)]&amp#27;[39m Calling AppiumDriver.click() with args: ["45527973-3bef-4a75-b8da-8f64f9deef92","12c88338-ef35-4aaa-910c-9a0e3f90175b"]
[debug] &amp#27;[35m[WD Proxy]&amp#27;[39m Matched '/element/45527973-3bef-4a75-b8da-8f64f9deef92/click' to command name 'click'
[debug] &amp#27;[35m[WD Proxy]&amp#27;[39m Proxying [POST /element/45527973-3bef-4a75-b8da-8f64f9deef92/click] to [POST http://127.0.0.1:8200/wd/hub/session/151310d9-6959-429a-b63d-ff3d10b5cbf8/element/45527973-3bef-4a75-b8da-8f64f9deef92/click] with body: {"element":"45527973-3bef-4a75-b8da-8f64f9deef92"}
[debug] &amp#27;[35m[WD Proxy]&amp#27;[39m Got response with status 200: {"sessionId":"151310d9-6959-429a-b63d-ff3d10b5cbf8","value":null}
[debug] &amp#27;[35m[W3C (12c88338)]&amp#27;[39m Responding to client with driver.click() result: null
&amp#27;[35m[HTTP]&amp#27;[39m &amp#27;[37m<-- POST /wd/hub/session/12c88338-ef35-4aaa-910c-9a0e3f90175b/element/45527973-3bef-4a75-b8da-8f64f9deef92/click &amp#27;[39m&amp#27;[32m200&amp#27;[39m &amp#27;[90m47 ms - 14&amp#27;[39m
&amp#27;[35m[HTTP]&amp#27;[39m &amp#27;[90m&amp#27;[39m
&amp#27;[35m[HTTP]&amp#27;[39m &amp#27;[37m-->&amp#27;[39m &amp#27;[37mGET&amp#27;[39m &amp#27;[37m/wd/hub/session/12c88338-ef35-4aaa-910c-9a0e3f90175b/screenshot&amp#27;[39m
&amp#27;[35m[HTTP]&amp#27;[39m &amp#27;[90m{}&amp#27;[39m
[debug] &amp#27;[35m[W3C (12c88338)]&amp#27;[39m Calling AppiumDriver.getScreenshot() with args: ["12c88338-ef35-4aaa-910c-9a0e3f90175b"]
[debug] &amp#27;[35m[WD Proxy]&amp#27;[39m Matched '/screenshot' to command name 'getScreenshot'
[debug] &amp#27;[35m[WD Proxy]&amp#27;[39m Proxying [GET /screenshot] to [GET http://127.0.0.1:8200/wd/hub/session/151310d9-6959-429a-b63d-ff3d10b5cbf8/screenshot] with no body
[debug] &amp#27;[35m[WD Proxy]&amp#27;[39m Got response with status 200: {"sessionId":"151310d9-6959-429a-b63d-ff3d10b5cbf8","value":"iVBORw0KGgoAAAANSUhEUgAABDgAAAkkCAYAAAD508+vAAAABHNCSVQICAgIfAhkiAAAIABJREFU\neJzs3Xe4FNX9x\/HP3sKlXkSESxWUogiiSLeAYsEKQeyGqMHEmCimYElRUYk1scWfikSNYkuMJSoi\notIUCwooIi20UKRJb7ft\/v44d7m7c7fM7O7s7Fzer+e5D8zszNmzs2fOznznlEBICgkAAAAAAMDH\n8rzOAAAAAAAAQLoIcAAAAAAAAN8jwAEAAAAAAHyPAAcAAAAAAPA9AhwAAAAAAMD3CHAAAAAAAADf\nI8ABAAAAAAB8jwAHAAAAAADwPQIcAAAAAADA9whwAAAAAAAA3yPAAQAAAAAAfI8ABwAAAAAA8D0C\nHAAAAAAAwPcIcAAAAAAAAN8jwAEAAAAAAHyPAAcAAAAAAPA9AhwAAAAAAMD3CHAAAAAAAADfI8AB\nAAAAAAB8jwAHAAAAAADwPQIcAAAAAADA9whwAAAAAAAA3yPAAQAAAAAAfI8ABwDAl4KS5nqdCQCQ\ntEzSdq8zAQAgwAEA8J89kp6W9KSkrR7nBQDelXSfpOVeZwQADnAFXmcA\/vW1pB0RyydKCniUFwD2\nlEr6ImK5maQjPcpLqnZJekrS4qrl\/0rq7V12ABzg9srUQ\/skPSLpV5I6e5ojADhwEeBAymZJmhex\nfIIIcAC5rlTSCxHLg+SvAEeppGdUHdzoK6m7d9kBANWTdL1McGOfpMcl\/UZSOy8zBdRiFZJ2yrTm\nLJBUX1IjH6WfK3ZX\/ZVJKpLUUKY+87taFeD4QtKMJNvUk9RYppC2l3S4ameBBYDaJiTpVUkLqpa7\nShohqdCzHAGA0VHSFZLGy7ToeFLSzZIO8ig\/j0gqdyntX6l23ATBf5ZI+lzmAesuy2vtJPWQeeBa\nnKPpJ7Na0j\/T2P8...
[debug] &amp#27;[35m[W3C (12c88338)]&amp#27;[39m Responding to client with driver.getScreenshot() result: "iVBORw0KGgoAAAANSUhEUgAABDgAAAkkCAYAAAD508+vAAAABHNCSVQICAgIfAhkiAAAIABJREFU\neJzs3Xe4FNX9x/HP3sKlXkSESxWUogiiSLeAYsEKQeyGqMHEmCimYElRUYk1scWfikSNYkuMJSoi\notIUCwooIi20UKRJb7ft/v44d7m7c7fM7O7s7Fzer+e5D8zszNmzs2fOznznlEBICgkAAAAAAMDH\n8rzOAAAAAAAAQLoIcAAAAAAAAN8jwAEAAAAAAHyPAAcAAAAAAPA9AhwAAAAAAMD3CHAAAAAAAADf\nI8ABAAAAAAB8jwAHAAAAAADwPQIcAAAAAADA9whwAAAAAAAA3yPAAQAAAAAAfI8ABwAAAAAA8D0C\nHAAAAAAAwPcIcAAAAAAAAN8jwAEAAAAAAHyPAAcAAAAAAPA9AhwAAAAAAMD3CHAAAAAAAADfI8AB\nAAAAAAB8jwAHAAAAAADwPQIcAAAAAADA9whwAAAAAAAA3yPAAQAAAAAAfI8ABwDAl4KS5nqdCQCQ\ntEzSdq8zAQAgwAEA8J89kp6W9KSkrR7nBQDelXSfpOVeZwQADnAFXmcA/vW1pB0RyydKCniUFwD2\nlEr6ImK5maQjPcpLqnZJekrS4qrl/0rq7V12ABzg9srUQ/skPSLpV5I6e5ojADhwEeBAymZJmhex\nfIIIcAC5rlTSCxHLg+SvAEeppGdUHdzoK6m7d9kBANWTdL1McGOfpMcl/UZSOy8zBdRiFZJ2yrTm\nLJBUX1IjH6WfK3ZX/ZVJKpLUUKY+87taFeD4QtKMJNvUk9RYppC2l3S4ameBBYDaJiTpVUkLqpa7\nShohqdCzHAGA0VHSFZLGy7ToeFLSzZIO8ig/j0gqdyntX6l23ATBf5ZI+lzmAesuy2vtJPWQeeBa\nnKPpJ7Na0j/T2P8GJb8m2iHpM5kxzGJ1qeskqadMy9iGaeTFS7UqwLFb0tIU9ust6UxJbTKbHQBA\nBn0uaW...
&amp#27;[35m[HTTP]&amp#27;[39m &amp#27;[37m<-- GET /wd/hub/session/12c88338-ef35-4aaa-910c-9a0e3f90175b/screenshot &amp#27;[39m&amp#27;[32m200&amp#27;[39m &amp#27;[90m430 ms - 207308&amp#27;[39m
&amp#27;[35m[HTTP]&amp#27;[39m &amp#27;[90m&amp#27;[39m
&amp#27;[35m[HTTP]&amp#27;[39m &amp#27;[37m-->&amp#27;[39m &amp#27;[37mPOST&amp#27;[39m &amp#27;[37m/wd/hub/session/12c88338-ef35-4aaa-910c-9a0e3f90175b/element&amp#27;[39m
&amp#27;[35m[HTTP]&amp#27;[39m &amp#27;[90m{"using":"id","value":"flipboard.app:id/topic_picker_continue_button"}&amp#27;[39m
[debug] &amp#27;[35m[W3C (12c88338)]&amp#27;[39m Calling AppiumDriver.findElement() with args: ["id","flipboard.app:id/topic_picker_continue_button","12c88338-ef35-4aaa-910c-9a0e3f90175b"]
[debug] &amp#27;[35m[BaseDriver]&amp#27;[39m Valid locator strategies for this request: xpath, id, class name, accessibility id, -android uiautomator
[debug] &amp#27;[35m[BaseDriver]&amp#27;[39m Waiting up to 0 ms for condition
[debug] &amp#27;[35m[WD Proxy]&amp#27;[39m Matched '/element' to command name 'findElement'
[debug] &amp#27;[35m[WD Proxy]&amp#27;[39m Proxying [POST /element] to [POST http://127.0.0.1:8200/wd/hub/session/151310d9-6959-429a-b63d-ff3d10b5cbf8/element] with body: {"strategy":"id","selector":"flipboard.app:id/topic_picker_continue_button","context":"","multiple":false}
[debug] &amp#27;[35m[WD Proxy]&amp#27;[39m Got response with status 200: {"sessionId":"151310d9-6959-429a-b63d-ff3d10b5cbf8","value":{"ELEMENT":"144680ca-fead-47fa-bea3-a78f3f960dc4","element-6066-11e4-a52e-4f735466cecf":"144680ca-fead-47fa-bea3-a78f3f960dc4"}}
[debug] &amp#27;[35m[W3C (12c88338)]&amp#27;[39m Responding to client with driver.findElement() result: {"element-6066-11e4-a52e-4f735466cecf":"144680ca-fead-47fa-bea3-a78f3f960dc4","ELEMENT":"144680ca-fead-47fa-bea3-a78f3f960dc4"}
&amp#27;[35m[HTTP]&amp#27;[39m &amp#27;[37m<-- POST /wd/hub/session/12c88338-ef35-4aaa-910c-9a0e3f90175b/element &amp#27;[39m&amp#27;[32m200&amp#27;[39m &amp#27;[90m194 ms - 137&amp#27;[39m
&amp#27;[35m[HTTP]&amp#27;[39m &amp#27;[90m&amp#27;[39m
&amp#27;[35m[HTTP]&amp#27;[39m &amp#27;[37m-->&amp#27;[39m &amp#27;[37mGET&amp#27;[39m &amp#27;[37m/wd/hub/session/12c88338-ef35-4aaa-910c-9a0e3f90175b/element/144680ca-fead-47fa-bea3-a78f3f960dc4/displayed&amp#27;[39m
&amp#27;[35m[HTTP]&amp#27;[39m &amp#27;[90m{}&amp#27;[39m
[debug] &amp#27;[35m[W3C (12c88338)]&amp#27;[39m Calling AppiumDriver.elementDisplayed() with args: ["144680ca-fead-47fa-bea3-a78f3f960dc4","12c88338-ef35-4aaa-910c-9a0e3f90175b"]
[debug] &amp#27;[35m[WD Proxy]&amp#27;[39m Matched '/element/144680ca-fead-47fa-bea3-a78f3f960dc4/attribute/displayed' to command name 'getAttribute'
[debug] &amp#27;[35m[WD Proxy]&amp#27;[39m Proxying [GET /element/144680ca-fead-47fa-bea3-a78f3f960dc4/attribute/displayed] to [GET http://127.0.0.1:8200/wd/hub/session/151310d9-6959-429a-b63d-ff3d10b5cbf8/element/144680ca-fead-47fa-bea3-a78f3f960dc4/attribute/displayed] with body: {}
[debug] &amp#27;[35m[WD Proxy]&amp#27;[39m Got response with status 200: {"sessionId":"151310d9-6959-429a-b63d-ff3d10b5cbf8","value":"true"}
[debug] &amp#27;[35m[W3C (12c88338)]&amp#27;[39m Responding to client with driver.elementDisplayed() result: true
&amp#27;[35m[HTTP]&amp#27;[39m &amp#27;[37m<-- GET /wd/hub/session/12c88338-ef35-4aaa-910c-9a0e3f90175b/element/144680ca-fead-47fa-bea3-a78f3f960dc4/displayed &amp#27;[39m&amp#27;[32m200&amp#27;[39m &amp#27;[90m27 ms - 14&amp#27;[39m
&amp#27;[35m[HTTP]&amp#27;[39m &amp#27;[90m&amp#27;[39m
&amp#27;[35m[HTTP]&amp#27;[39m &amp#27;[37m-->&amp#27;[39m &amp#27;[37mPOST&amp#27;[39m &amp#27;[37m/wd/hub/session/12c88338-ef35-4aaa-910c-9a0e3f90175b/element/144680ca-fead-47fa-bea3-a78f3f960dc4/click&amp#27;[39m
&amp#27;[35m[HTTP]&amp#27;[39m &amp#27;[90m{"id":"144680ca-fead-47fa-bea3-a78f3f960dc4"}&amp#27;[39m
[debug] &amp#27;[35m[W3C (12c88338)]&amp#27;[39m Calling AppiumDriver.click() with args: ["144680ca-fead-47fa-bea3-a78f3f960dc4","12c88338-ef35-4aaa-910c-9a0e3f90175b"]
[debug] &amp#27;[35m[WD Proxy]&amp#27;[39m Matched '/element/144680ca-fead-47fa-bea3-a78f3f960dc4/click' to command name 'click'
[debug] &amp#27;[35m[WD Proxy]&amp#27;[39m Proxying [POST /element/144680ca-fead-47fa-bea3-a78f3f960dc4/click] to [POST http://127.0.0.1:8200/wd/hub/session/151310d9-6959-429a-b63d-ff3d10b5cbf8/element/144680ca-fead-47fa-bea3-a78f3f960dc4/click] with body: {"element":"144680ca-fead-47fa-bea3-a78f3f960dc4"}
[debug] &amp#27;[35m[WD Proxy]&amp#27;[39m Got response with status 200: {"sessionId":"151310d9-6959-429a-b63d-ff3d10b5cbf8","value":null}
[debug] &amp#27;[35m[W3C (12c88338)]&amp#27;[39m Responding to client with driver.click() result: null
&amp#27;[35m[HTTP]&amp#27;[39m &amp#27;[37m<-- POST /wd/hub/session/12c88338-ef35-4aaa-910c-9a0e3f90175b/element/144680ca-fead-47fa-bea3-a78f3f960dc4/click &amp#27;[39m&amp#27;[32m200&amp#27;[39m &amp#27;[90m39 ms - 14&amp#27;[39m
&amp#27;[35m[HTTP]&amp#27;[39m &amp#27;[90m&amp#27;[39m
&amp#27;[35m[HTTP]&amp#27;[39m &amp#27;[37m-->&amp#27;[39m &amp#27;[37mGET&amp#27;[39m &amp#27;[37m/wd/hub/session/12c88338-ef35-4aaa-910c-9a0e3f90175b/screenshot&amp#27;[39m
&amp#27;[35m[HTTP]&amp#27;[39m &amp#27;[90m{}&amp#27;[39m
[debug] &amp#27;[35m[W3C (12c88338)]&amp#27;[39m Calling AppiumDriver.getScreenshot() with args: ["12c88338-ef35-4aaa-910c-9a0e3f90175b"]
[debug] &amp#27;[35m[WD Proxy]&amp#27;[39m Matched '/screenshot' to command name 'getScreenshot'
[debug] &amp#27;[35m[WD Proxy]&amp#27;[39m Proxying [GET /screenshot] to [GET http://127.0.0.1:8200/wd/hub/session/151310d9-6959-429a-b63d-ff3d10b5cbf8/screenshot] with no body
[debug] &amp#27;[35m[WD Proxy]&amp#27;[39m Got response with status 200: {"sessionId":"151310d9-6959-429a-b63d-ff3d10b5cbf8","value":"iVBORw0KGgoAAAANSUhEUgAABDgAAAkkCAYAAAD508+vAAAABHNCSVQICAgIfAhkiAAAIABJREFU\neJzs3Xe4FNX9x\/HP3sKlXkSESxWUogiiSLeAYsEKQeyGqMHEmCimYElRUYk1scWfikSNYkuMJSoi\notIUCwooIi20UKRJb7ft\/v44d7m7c7fM7O7s7Fzer+e5D8zszNmzs2fOznznlEBICgkAAAAAAMDH\n8rzOAAAAAAAAQLoIcAAAAAAAAN8jwAEAAAAAAHyPAAcAAAAAAPA9AhwAAAAAAMD3CHAAAAAAAADf\nI8ABAAAAAAB8jwAHAAAAAADwPQIcAAAAAADA9whwAAAAAAAA3yPAAQAAAAAAfI8ABwAAAAAA8D0C\nHAAAAAAAwPcIcAAAAAAAAN8jwAEAAAAAAHyPAAcAAAAAAPA9AhwAAAAAAMD3CHAAAAAAAADfI8AB\nAAAAAAB8jwAHAAAAAADwPQIcAAAAAADA9whwAAAAAAAA3yPAAQAAAAAAfI8ABwDAl4KS5nqdCQCQ\ntEzSdq8zAQAgwAEA8J89kp6W9KSkrR7nBQDelXSfpOVeZwQADnAFXmcA\/vW1pB0RyydKCniUFwD2\nlEr6ImK5maQjPcpLqnZJekrS4qrl\/0rq7V12ABzg9srUQ\/skPSLpV5I6e5ojADhwEeBAymZJmhex\nfIIIcAC5rlTSCxHLg+SvAEeppGdUHdzoK6m7d9kBANWTdL1McGOfpMcl\/UZSOy8zBdRiFZJ2yrTm\nLJBUX1IjH6WfK3ZX\/ZVJKpLUUKY+87taFeD4QtKMJNvUk9RYppC2l3S4ameBBYDaJiTpVUkLqpa7\nShohqdCzHAGA0VHSFZLGy7ToeFLSzZIO8ig\/j0gqdyntX6l23ATBf5ZI+lzmAesuy2vtJPWQeeBa\nnKPpJ7Na0j\/T2P8...
[debug] &amp#27;[35m[W3C (12c88338)]&amp#27;[39m Responding to client with driver.getScreenshot() result: "iVBORw0KGgoAAAANSUhEUgAABDgAAAkkCAYAAAD508+vAAAABHNCSVQICAgIfAhkiAAAIABJREFU\neJzs3Xe4FNX9x/HP3sKlXkSESxWUogiiSLeAYsEKQeyGqMHEmCimYElRUYk1scWfikSNYkuMJSoi\notIUCwooIi20UKRJb7ft/v44d7m7c7fM7O7s7Fzer+e5D8zszNmzs2fOznznlEBICgkAAAAAAMDH\n8rzOAAAAAAAAQLoIcAAAAAAAAN8jwAEAAAAAAHyPAAcAAAAAAPA9AhwAAAAAAMD3CHAAAAAAAADf\nI8ABAAAAAAB8jwAHAAAAAADwPQIcAAAAAADA9whwAAAAAAAA3yPAAQAAAAAAfI8ABwAAAAAA8D0C\nHAAAAAAAwPcIcAAAAAAAAN8jwAEAAAAAAHyPAAcAAAAAAPA9AhwAAAAAAMD3CHAAAAAAAADfI8AB\nAAAAAAB8jwAHAAAAAADwPQIcAAAAAADA9whwAAAAAAAA3yPAAQAAAAAAfI8ABwDAl4KS5nqdCQCQ\ntEzSdq8zAQAgwAEA8J89kp6W9KSkrR7nBQDelXSfpOVeZwQADnAFXmcA/vW1pB0RyydKCniUFwD2\nlEr6ImK5maQjPcpLqnZJekrS4qrl/0rq7V12ABzg9srUQ/skPSLpV5I6e5ojADhwEeBAymZJmhex\nfIIIcAC5rlTSCxHLg+SvAEeppGdUHdzoK6m7d9kBANWTdL1McGOfpMcl/UZSOy8zBdRiFZJ2yrTm\nLJBUX1IjH6WfK3ZX/ZVJKpLUUKY+87taFeD4QtKMJNvUk9RYppC2l3S4ameBBYDaJiTpVUkLqpa7\nShohqdCzHAGA0VHSFZLGy7ToeFLSzZIO8ig/j0gqdyntX6l23ATBf5ZI+lzmAesuy2vtJPWQeeBa\nnKPpJ7Na0j/T2P8GJb8m2iHpM5kxzGJ1qeskqadMy9iGaeTFS7UqwLFb0tIU9ust6UxJbTKbHQBA\nBn0uaW...
&amp#27;[35m[HTTP]&amp#27;[39m &amp#27;[37m<-- GET /wd/hub/session/12c88338-ef35-4aaa-910c-9a0e3f90175b/screenshot &amp#27;[39m&amp#27;[32m200&amp#27;[39m &amp#27;[90m514 ms - 203010&amp#27;[39m
&amp#27;[35m[HTTP]&amp#27;[39m &amp#27;[90m&amp#27;[39m
&amp#27;[35m[HTTP]&amp#27;[39m &amp#27;[37m-->&amp#27;[39m &amp#27;[37mPOST&amp#27;[39m &amp#27;[37m/wd/hub/session/12c88338-ef35-4aaa-910c-9a0e3f90175b/element&amp#27;[39m
&amp#27;[35m[HTTP]&amp#27;[39m &amp#27;[90m{"using":"id","value":"flipboard.app:id/icon_button_text"}&amp#27;[39m
[debug] &amp#27;[35m[W3C (12c88338)]&amp#27;[39m Calling AppiumDriver.findElement() with args: ["id","flipboard.app:id/icon_button_text","12c88338-ef35-4aaa-910c-9a0e3f90175b"]
[debug] &amp#27;[35m[BaseDriver]&amp#27;[39m Valid locator strategies for this request: xpath, id, class name, accessibility id, -android uiautomator
[debug] &amp#27;[35m[BaseDriver]&amp#27;[39m Waiting up to 0 ms for condition
[debug] &amp#27;[35m[WD Proxy]&amp#27;[39m Matched '/element' to command name 'findElement'
[debug] &amp#27;[35m[WD Proxy]&amp#27;[39m Proxying [POST /element] to [POST http://127.0.0.1:8200/wd/hub/session/151310d9-6959-429a-b63d-ff3d10b5cbf8/element] with body: {"strategy":"id","selector":"flipboard.app:id/icon_button_text","context":"","multiple":false}
[debug] &amp#27;[35m[WD Proxy]&amp#27;[39m Got response with status 200: {"sessionId":"151310d9-6959-429a-b63d-ff3d10b5cbf8","value":{"ELEMENT":"594955c9-edb8-40ee-906e-90c652d0c06b","element-6066-11e4-a52e-4f735466cecf":"594955c9-edb8-40ee-906e-90c652d0c06b"}}
[debug] &amp#27;[35m[W3C (12c88338)]&amp#27;[39m Responding to client with driver.findElement() result: {"element-6066-11e4-a52e-4f735466cecf":"594955c9-edb8-40ee-906e-90c652d0c06b","ELEMENT":"594955c9-edb8-40ee-906e-90c652d0c06b"}
&amp#27;[35m[HTTP]&amp#27;[39m &amp#27;[37m<-- POST /wd/hub/session/12c88338-ef35-4aaa-910c-9a0e3f90175b/element &amp#27;[39m&amp#27;[32m200&amp#27;[39m &amp#27;[90m323 ms - 137&amp#27;[39m
&amp#27;[35m[HTTP]&amp#27;[39m &amp#27;[90m&amp#27;[39m
&amp#27;[35m[HTTP]&amp#27;[39m &amp#27;[37m-->&amp#27;[39m &amp#27;[37mGET&amp#27;[39m &amp#27;[37m/wd/hub/session/12c88338-ef35-4aaa-910c-9a0e3f90175b/element/594955c9-edb8-40ee-906e-90c652d0c06b/displayed&amp#27;[39m
&amp#27;[35m[HTTP]&amp#27;[39m &amp#27;[90m{}&amp#27;[39m
[debug] &amp#27;[35m[W3C (12c88338)]&amp#27;[39m Calling AppiumDriver.elementDisplayed() with args: ["594955c9-edb8-40ee-906e-90c652d0c06b","12c88338-ef35-4aaa-910c-9a0e3f90175b"]
[debug] &amp#27;[35m[WD Proxy]&amp#27;[39m Matched '/element/594955c9-edb8-40ee-906e-90c652d0c06b/attribute/displayed' to command name 'getAttribute'
[debug] &amp#27;[35m[WD Proxy]&amp#27;[39m Proxying [GET /element/594955c9-edb8-40ee-906e-90c652d0c06b/attribute/displayed] to [GET http://127.0.0.1:8200/wd/hub/session/151310d9-6959-429a-b63d-ff3d10b5cbf8/element/594955c9-edb8-40ee-906e-90c652d0c06b/attribute/displayed] with body: {}
[debug] &amp#27;[35m[WD Proxy]&amp#27;[39m Got response with status 200: {"sessionId":"151310d9-6959-429a-b63d-ff3d10b5cbf8","value":"true"}
[debug] &amp#27;[35m[W3C (12c88338)]&amp#27;[39m Responding to client with driver.elementDisplayed() result: true
&amp#27;[35m[HTTP]&amp#27;[39m &amp#27;[37m<-- GET /wd/hub/session/12c88338-ef35-4aaa-910c-9a0e3f90175b/element/594955c9-edb8-40ee-906e-90c652d0c06b/displayed &amp#27;[39m&amp#27;[32m200&amp#27;[39m &amp#27;[90m23 ms - 14&amp#27;[39m
&amp#27;[35m[HTTP]&amp#27;[39m &amp#27;[90m&amp#27;[39m
&amp#27;[35m[HTTP]&amp#27;[39m &amp#27;[37m-->&amp#27;[39m &amp#27;[37mPOST&amp#27;[39m &amp#27;[37m/wd/hub/session/12c88338-ef35-4aaa-910c-9a0e3f90175b/element/594955c9-edb8-40ee-906e-90c652d0c06b/click&amp#27;[39m
&amp#27;[35m[HTTP]&amp#27;[39m &amp#27;[90m{"id":"594955c9-edb8-40ee-906e-90c652d0c06b"}&amp#27;[39m
[debug] &amp#27;[35m[W3C (12c88338)]&amp#27;[39m Calling AppiumDriver.click() with args: ["594955c9-edb8-40ee-906e-90c652d0c06b","12c88338-ef35-4aaa-910c-9a0e3f90175b"]
[debug] &amp#27;[35m[WD Proxy]&amp#27;[39m Matched '/element/594955c9-edb8-40ee-906e-90c652d0c06b/click' to command name 'click'
[debug] &amp#27;[35m[WD Proxy]&amp#27;[39m Proxying [POST /element/594955c9-edb8-40ee-906e-90c652d0c06b/click] to [POST http://127.0.0.1:8200/wd/hub/session/151310d9-6959-429a-b63d-ff3d10b5cbf8/element/594955c9-edb8-40ee-906e-90c652d0c06b/click] with body: {"element":"594955c9-edb8-40ee-906e-90c652d0c06b"}
[debug] &amp#27;[35m[WD Proxy]&amp#27;[39m Got response with status 200: {"sessionId":"151310d9-6959-429a-b63d-ff3d10b5cbf8","value":null}
[debug] &amp#27;[35m[W3C (12c88338)]&amp#27;[39m Responding to client with driver.click() result: null
&amp#27;[35m[HTTP]&amp#27;[39m &amp#27;[37m<-- POST /wd/hub/session/12c88338-ef35-4aaa-910c-9a0e3f90175b/element/594955c9-edb8-40ee-906e-90c652d0c06b/click &amp#27;[39m&amp#27;[32m200&amp#27;[39m &amp#27;[90m47 ms - 14&amp#27;[39m
&amp#27;[35m[HTTP]&amp#27;[39m &amp#27;[90m&amp#27;[39m
&amp#27;[35m[HTTP]&amp#27;[39m &amp#27;[37m-->&amp#27;[39m &amp#27;[37mGET&amp#27;[39m &amp#27;[37m/wd/hub/session/12c88338-ef35-4aaa-910c-9a0e3f90175b/screenshot&amp#27;[39m
&amp#27;[35m[HTTP]&amp#27;[39m &amp#27;[90m{}&amp#27;[39m
[debug] &amp#27;[35m[W3C (12c88338)]&amp#27;[39m Calling AppiumDriver.getScreenshot() with args: ["12c88338-ef35-4aaa-910c-9a0e3f90175b"]
[debug] &amp#27;[35m[WD Proxy]&amp#27;[39m Matched '/screenshot' to command name 'getScreenshot'
[debug] &amp#27;[35m[WD Proxy]&amp#27;[39m Proxying [GET /screenshot] to [GET http://127.0.0.1:8200/wd/hub/session/151310d9-6959-429a-b63d-ff3d10b5cbf8/screenshot] with no body
[debug] &amp#27;[35m[WD Proxy]&amp#27;[39m Got response with status 200: {"sessionId":"151310d9-6959-429a-b63d-ff3d10b5cbf8","value":"iVBORw0KGgoAAAANSUhEUgAABDgAAAkkCAYAAAD508+vAAAABHNCSVQICAgIfAhkiAAAIABJREFU\neJzs3XmcHOd93\/lv9RyYGQzmAGYGmAFmMAOCBECCAEiApAhKpHiIBqVQ98p24iO2E9lrx0m8Wb+S\n3dduXnnF3s1mk42vJLbl25GtmIopiqRISqRJiiIh8MBJCvd9AzOY+z6694+nG9NdU91d1V3dVTX4\nvF+vfgHdU1X9dPVTT1f96nl+j5WQEgIAAAAAAIiwWNAFAAAAAAAAKBYBDgAAAAAAEHkEOAAAAAAA\nQOQR4AAAAAAAAJFHgAMAAAAAAEQeAQ4AAAAAABB5BDgAAAAAAEDkEeAAAAAAAACRR4ADAAAAAABE\nHgEOAAAAAAAQeQQ4AAAAAABA5BHgAAAAAAAAkUeAAwAAAAAARB4BDgAAAAAAEHkEOAAAAAAAQOQR\n4AAAAAAAAJFHgAMAAAAAAEQeAQ4AAAAAABB5BDgAAAAAAEDkEeAAAAAAAACRR4ADAAAAAABEHgEO\nAAAAAAAQeQQ4AAAAAABA5BHgAABEUlzS\/qALAQCSTkkaCroQAAACHACA6BmX9CeS\/kDSQMBlAYCX\nJP17SaeDLggA3OIqgy4AouugpOG05x+XZAVUFgDuTEl6L+15q6SNAZWlUKOSvibpWPL5SUn3BVcc\nALe4CZl2aFLS70j6FUl3BFoiALh1EeBAwXZLOpD2\/CER4ADCbkrS19OeP6ZoBTimJP2p5oMbD0ja\nElxxAEC1kn5VJrgxKem\/Svo1SWuDLBSwiM1KGpHpzVkpqU7SsghtPyzGko9pSUsk1cu0Z1G3qAIc\n70l6K88ytZIaZSppt6R1WpwVFgAWm4Skb0r6UfL5XZJ+WlJVYCUCAGO9pJ+V9EcyPTr+QNK\/lNQU\nUHl+R9JMibb9K1ocF0...
[debug] &amp#27;[35m[W3C (12c88338)]&amp#27;[39m Responding to client with driver.getScreenshot() result: "iVBORw0KGgoAAAANSUhEUgAABDgAAAkkCAYAAAD508+vAAAABHNCSVQICAgIfAhkiAAAIABJREFU\neJzs3XmcHOd93/lv9RyYGQzmAGYGmAFmMAOCBECCAEiApAhKpHiIBqVQ98p24iO2E9lrx0m8Wb+S\n3dduXnnF3s1mk42vJLbl25GtmIopiqRISqRJiiIh8MBJCvd9AzOY+z6694+nG9NdU91d1V3dVTX4\nvF+vfgHdU1X9dPVTT1f96nl+j5WQEgIAAAAAAIiwWNAFAAAAAAAAKBYBDgAAAAAAEHkEOAAAAAAA\nQOQR4AAAAAAAAJFHgAMAAAAAAEQeAQ4AAAAAABB5BDgAAAAAAEDkEeAAAAAAAACRR4ADAAAAAABE\nHgEOAAAAAAAQeQQ4AAAAAABA5BHgAAAAAAAAkUeAAwAAAAAARB4BDgAAAAAAEHkEOAAAAAAAQOQR\n4AAAAAAAAJFHgAMAAAAAAEQeAQ4AAAAAABB5BDgAAAAAAEDkEeAAAAAAAACRR4ADAAAAAABEHgEO\nAAAAAAAQeQQ4AAAAAABA5BHgAABEUlzS/qALAQCSTkkaCroQAAACHACA6BmX9CeS/kDSQMBlAYCX\nJP17SaeDLggA3OIqgy4AouugpOG05x+XZAVUFgDuTEl6L+15q6SNAZWlUKOSvibpWPL5SUn3BVcc\nALe4CZl2aFLS70j6FUl3BFoiALh1EeBAwXZLOpD2/CER4ADCbkrS19OeP6ZoBTimJP2p5oMbD0ja\nElxxAEC1kn5VJrgxKem/Svo1SWuDLBSwiM1KGpHpzVkpqU7SsghtPyzGko9pSUsk1cu0Z1G3qAIc\n70l6K88ytZIaZSppt6R1WpwVFgAWm4Skb0r6UfL5XZJ+WlJVYCUCAGO9pJ+V9EcyPTr+QNK/lNQU\nUHl+R9JMibb9K1ocF0GInuOS3pW5wTpq+9taSffI3HBtCOn287kg6W+KWP+fKf850bCkPTI5zJyG\n1N0uab...
&amp#27;[35m[HTTP]&amp#27;[39m &amp#27;[37m<-- GET /wd/hub/session/12c88338-ef35-4aaa-910c-9a0e3f90175b/screenshot &amp#27;[39m&amp#27;[32m200&amp#27;[39m &amp#27;[90m454 ms - 183924&amp#27;[39m
&amp#27;[35m[HTTP]&amp#27;[39m &amp#27;[90m&amp#27;[39m
&amp#27;[35m[HTTP]&amp#27;[39m &amp#27;[37m-->&amp#27;[39m &amp#27;[37mPOST&amp#27;[39m &amp#27;[37m/wd/hub/session/12c88338-ef35-4aaa-910c-9a0e3f90175b/elements&amp#27;[39m
&amp#27;[35m[HTTP]&amp#27;[39m &amp#27;[90m{"using":"id","value":"flipboard.app:id/bottom_nav_view_icon"}&amp#27;[39m
[debug] &amp#27;[35m[W3C (12c88338)]&amp#27;[39m Calling AppiumDriver.findElements() with args: ["id","flipboard.app:id/bottom_nav_view_icon","12c88338-ef35-4aaa-910c-9a0e3f90175b"]
[debug] &amp#27;[35m[BaseDriver]&amp#27;[39m Valid locator strategies for this request: xpath, id, class name, accessibility id, -android uiautomator
[debug] &amp#27;[35m[BaseDriver]&amp#27;[39m Waiting up to 0 ms for condition
[debug] &amp#27;[35m[WD Proxy]&amp#27;[39m Matched '/elements' to command name 'findElements'
[debug] &amp#27;[35m[WD Proxy]&amp#27;[39m Proxying [POST /elements] to [POST http://127.0.0.1:8200/wd/hub/session/151310d9-6959-429a-b63d-ff3d10b5cbf8/elements] with body: {"strategy":"id","selector":"flipboard.app:id/bottom_nav_view_icon","context":"","multiple":true}
[debug] &amp#27;[35m[WD Proxy]&amp#27;[39m Got response with status 200: {"sessionId":"151310d9-6959-429a-b63d-ff3d10b5cbf8","value":[{"ELEMENT":"e937206c-8538-4f91-a73b-e7ade39b0c9c","element-6066-11e4-a52e-4f735466cecf":"e937206c-8538-4f91-a73b-e7ade39b0c9c"},{"ELEMENT":"fbae7ee9-a456-474a-953b-ceac1fe47195","element-6066-11e4-a52e-4f735466cecf":"fbae7ee9-a456-474a-953b-ceac1fe47195"},{"ELEMENT":"182ec6cf-1cb0-41ed-9aef-f9735ef2c69d","element-6066-11e4-a52e-4f735466cecf":"182ec6cf-1cb0-41ed-9aef-f9735ef2c69d"},{"ELEMENT":"fbf4f8f1-8925-4f59-9209-be374c25552d","element-6066-11e4-a52e-4f735466cecf":"fbf4f8f1-8925-4f59-9209-be374c25552d"},{"ELEMENT":"400b70d8-1edb-4ad9-87ee-3b5a0554640b","element-6066-11e4-a52e-4f735466cecf":"400b70d8-1edb-4ad9-87ee-3b5a0554640b"}]}
[debug] &amp#27;[35m[W3C (12c88338)]&amp#27;[39m Responding to client with driver.findElements() result: [{"element-6066-11e4-a52e-4f735466cecf":"e937206c-8538-4f91-a73b-e7ade39b0c9c","ELEMENT":"e937206c-8538-4f91-a73b-e7ade39b0c9c"},{"element-6066-11e4-a52e-4f735466cecf":"fbae7ee9-a456-474a-953b-ceac1fe47195","ELEMENT":"fbae7ee9-a456-474a-953b-ceac1fe47195"},{"element-6066-11e4-a52e-4f735466cecf":"182ec6cf-1cb0-41ed-9aef-f9735ef2c69d","ELEMENT":"182ec6cf-1cb0-41ed-9aef-f9735ef2c69d"},{"element-6066-11e4-a52e-4f735466cecf":"fbf4f8f1-8925-4f59-9209-be374c25552d","ELEMENT":"fbf4f8f1-8925-4f59-9209-be374c25552d"},{"element-6066-11e4-a52e-4f735466cecf":"400b70d8-1edb-4ad9-87ee-3b5a0554640b","ELEMENT":"400b70d8-1edb-4ad9-87ee-3b5a0554640b"}]
&amp#27;[35m[HTTP]&amp#27;[39m &amp#27;[37m<-- POST /wd/hub/session/12c88338-ef35-4aaa-910c-9a0e3f90175b/elements &amp#27;[39m&amp#27;[32m200&amp#27;[39m &amp#27;[90m2450 ms - 651&amp#27;[39m
&amp#27;[35m[HTTP]&amp#27;[39m &amp#27;[90m&amp#27;[39m
&amp#27;[35m[HTTP]&amp#27;[39m &amp#27;[37m-->&amp#27;[39m &amp#27;[37mGET&amp#27;[39m &amp#27;[37m/wd/hub/session/12c88338-ef35-4aaa-910c-9a0e3f90175b/element/e937206c-8538-4f91-a73b-e7ade39b0c9c/displayed&amp#27;[39m
&amp#27;[35m[HTTP]&amp#27;[39m &amp#27;[90m{}&amp#27;[39m
[debug] &amp#27;[35m[W3C (12c88338)]&amp#27;[39m Calling AppiumDriver.elementDisplayed() with args: ["e937206c-8538-4f91-a73b-e7ade39b0c9c","12c88338-ef35-4aaa-910c-9a0e3f90175b"]
[debug] &amp#27;[35m[WD Proxy]&amp#27;[39m Matched '/element/e937206c-8538-4f91-a73b-e7ade39b0c9c/attribute/displayed' to command name 'getAttribute'
[debug] &amp#27;[35m[WD Proxy]&amp#27;[39m Proxying [GET /element/e937206c-8538-4f91-a73b-e7ade39b0c9c/attribute/displayed] to [GET http://127.0.0.1:8200/wd/hub/session/151310d9-6959-429a-b63d-ff3d10b5cbf8/element/e937206c-8538-4f91-a73b-e7ade39b0c9c/attribute/displayed] with body: {}
[debug] &amp#27;[35m[WD Proxy]&amp#27;[39m Got response with status 200: {"sessionId":"151310d9-6959-429a-b63d-ff3d10b5cbf8","value":"true"}
[debug] &amp#27;[35m[W3C (12c88338)]&amp#27;[39m Responding to client with driver.elementDisplayed() result: true
&amp#27;[35m[HTTP]&amp#27;[39m &amp#27;[37m<-- GET /wd/hub/session/12c88338-ef35-4aaa-910c-9a0e3f90175b/element/e937206c-8538-4f91-a73b-e7ade39b0c9c/displayed &amp#27;[39m&amp#27;[32m200&amp#27;[39m &amp#27;[90m2079 ms - 14&amp#27;[39m
&amp#27;[35m[HTTP]&amp#27;[39m &amp#27;[90m&amp#27;[39m
&amp#27;[35m[HTTP]&amp#27;[39m &amp#27;[37m-->&amp#27;[39m &amp#27;[37mPOST&amp#27;[39m &amp#27;[37m/wd/hub/session/12c88338-ef35-4aaa-910c-9a0e3f90175b/element/182ec6cf-1cb0-41ed-9aef-f9735ef2c69d/click&amp#27;[39m
&amp#27;[35m[HTTP]&amp#27;[39m &amp#27;[90m{"id":"182ec6cf-1cb0-41ed-9aef-f9735ef2c69d"}&amp#27;[39m
[debug] &amp#27;[35m[W3C (12c88338)]&amp#27;[39m Calling AppiumDriver.click() with args: ["182ec6cf-1cb0-41ed-9aef-f9735ef2c69d","12c88338-ef35-4aaa-910c-9a0e3f90175b"]
[debug] &amp#27;[35m[WD Proxy]&amp#27;[39m Matched '/element/182ec6cf-1cb0-41ed-9aef-f9735ef2c69d/click' to command name 'click'
[debug] &amp#27;[35m[WD Proxy]&amp#27;[39m Proxying [POST /element/182ec6cf-1cb0-41ed-9aef-f9735ef2c69d/click] to [POST http://127.0.0.1:8200/wd/hub/session/151310d9-6959-429a-b63d-ff3d10b5cbf8/element/182ec6cf-1cb0-41ed-9aef-f9735ef2c69d/click] with body: {"element":"182ec6cf-1cb0-41ed-9aef-f9735ef2c69d"}
[debug] &amp#27;[35m[WD Proxy]&amp#27;[39m Got response with status 200: {"sessionId":"151310d9-6959-429a-b63d-ff3d10b5cbf8","value":null}
[debug] &amp#27;[35m[W3C (12c88338)]&amp#27;[39m Responding to client with driver.click() result: null
&amp#27;[35m[HTTP]&amp#27;[39m &amp#27;[37m<-- POST /wd/hub/session/12c88338-ef35-4aaa-910c-9a0e3f90175b/element/182ec6cf-1cb0-41ed-9aef-f9735ef2c69d/click &amp#27;[39m&amp#27;[32m200&amp#27;[39m &amp#27;[90m37 ms - 14&amp#27;[39m
&amp#27;[35m[HTTP]&amp#27;[39m &amp#27;[90m&amp#27;[39m
&amp#27;[35m[HTTP]&amp#27;[39m &amp#27;[37m-->&amp#27;[39m &amp#27;[37mGET&amp#27;[39m &amp#27;[37m/wd/hub/session/12c88338-ef35-4aaa-910c-9a0e3f90175b/screenshot&amp#27;[39m
&amp#27;[35m[HTTP]&amp#27;[39m &amp#27;[90m{}&amp#27;[39m
[debug] &amp#27;[35m[W3C (12c88338)]&amp#27;[39m Calling AppiumDriver.getScreenshot() with args: ["12c88338-ef35-4aaa-910c-9a0e3f90175b"]
[debug] &amp#27;[35m[WD Proxy]&amp#27;[39m Matched '/screenshot' to command name 'getScreenshot'
[debug] &amp#27;[35m[WD Proxy]&amp#27;[39m Proxying [GET /screenshot] to [GET http://127.0.0.1:8200/wd/hub/session/151310d9-6959-429a-b63d-ff3d10b5cbf8/screenshot] with no body
[debug] &amp#27;[35m[WD Proxy]&amp#27;[39m Got response with status 200: {"sessionId":"151310d9-6959-429a-b63d-ff3d10b5cbf8","value":"iVBORw0KGgoAAAANSUhEUgAABDgAAAkkCAYAAAD508+vAAAABHNCSVQICAgIfAhkiAAAIABJREFU\neJzs3XmYFNW9\/\/HPzDDM4gwDsi\/KKqiAgBsBUXMRIm4RwbgGrkRFr4lZzGJikvv8rlGzqVEjLjfX\nuMXdKO6KxuBGlKggiOLCKpsM68w4OzO\/P043013TPdNdXdVVZ3i\/nmceqJ4+p85Unzpd9a2z5DRL\nzQIAAAAAALBYbtAFAAAAAAAAyBQBDgAAAAAAYD0CHAAAAAAAwHoEOAAAAAAAgPUIcAAAAAAAAOsR\n4AAAAAAAANYjwAEAAAAAAKxHgAMAAAAAAFiPAAcAAAAAALAeAQ4AAAAAAGA9AhwAAAAAAMB6BDgA\nAAAAAID1CHAAAAAAAADrEeAAAAAAAADWI8ABAAAAAACsR4ADAAAAAABYjwAHAAAAAACwHgEOAAAA\nAABgPQIcAAAAAADAegQ4AAAAAACA9QhwAAAAAAAA6xHgAAAAAAAA1iPAAQAAAAAArEeAAwBgpSZJ\nS4IuBABIWiVpd9CFAAAQ4AAA2Kda0l2S7pC0M+CyAMDzkn4vaXXQBQGAfVynoAsAe30gqSJme5Kk\nnIDKAiA1dZIWx2z3lHRwQGVxq0rS\/0r6JLL9uaSjgisOgH1cjUw7VCvpZknflTQ80BIBwL6LAAdc\nWyRpacz2MSLAAYRdnaS\/xWxPll0BjjpJf1VLcGO8pMOCKw4AqEjS5TLBjVpJt0n6kaSBQRYK6MAa\nJVXK9ObsJKlYUqlF+YfFV5GfekkFkkpk2jPbdagAx2JJr7fzniJJZTKVdJCkIeqYFRYAOppmSY9J\nWhHZHilplqT8wEoEAMYwSf8p6S8yPTrukHSlpK4BledmSQ0+5f1ddYybINjnU0nvyDxgrXL8bqCk\ncTIPXLuENP\/2fCHp...
[debug] &amp#27;[35m[W3C (12c88338)]&amp#27;[39m Responding to client with driver.getScreenshot() result: "iVBORw0KGgoAAAANSUhEUgAABDgAAAkkCAYAAAD508+vAAAABHNCSVQICAgIfAhkiAAAIABJREFU\neJzs3XmYFNW9//HPzDDM4gwDsi/KKqiAgBsBUXMRIm4RwbgGrkRFr4lZzGJikvv8rlGzqVEjLjfX\nuMXdKO6KxuBGlKggiOLCKpsM68w4OzO/P043013TPdNdXdVVZ3i/nmceqJ4+p85Unzpd9a2z5DRL\nzQIAAAAAALBYbtAFAAAAAAAAyBQBDgAAAAAAYD0CHAAAAAAAwHoEOAAAAAAAgPUIcAAAAAAAAOsR\n4AAAAAAAANYjwAEAAAAAAKxHgAMAAAAAAFiPAAcAAAAAALAeAQ4AAAAAAGA9AhwAAAAAAMB6BDgA\nAAAAAID1CHAAAAAAAADrEeAAAAAAAADWI8ABAAAAAACsR4ADAAAAAABYjwAHAAAAAACwHgEOAAAA\nAABgPQIcAAAAAADAegQ4AAAAAACA9QhwAAAAAAAA6xHgAAAAAAAA1iPAAQAAAAAArEeAAwBgpSZJ\nS4IuBABIWiVpd9CFAAAQ4AAA2Kda0l2S7pC0M+CyAMDzkn4vaXXQBQGAfVynoAsAe30gqSJme5Kk\nnIDKAiA1dZIWx2z3lHRwQGVxq0rS/0r6JLL9uaSjgisOgH1cjUw7VCvpZknflTQ80BIBwL6LAAdc\nWyRpacz2MSLAAYRdnaS/xWxPll0BjjpJf1VLcGO8pMOCKw4AqEjS5TLBjVpJt0n6kaSBQRYK6MAa\nJVXK9ObsJKlYUqlF+YfFV5GfekkFkkpk2jPbdagAx2JJr7fzniJJZTKVdJCkIeqYFRYAOppmSY9J\nWhHZHilplqT8wEoEAMYwSf8p6S8yPTrukHSlpK4BledmSQ0+5f1ddYybINjnU0nvyDxgrXL8bqCk\ncTIPXLuENP/2fCHpkQzS/0DtXxNVSHpbZg6zREPqDpJ0hEzP2JIMyhKkDhXg+ErSZy7SHSVpmqQB\n3hYHAO...
&amp#27;[35m[HTTP]&amp#27;[39m &amp#27;[37m<-- GET /wd/hub/session/12c88338-ef35-4aaa-910c-9a0e3f90175b/screenshot &amp#27;[39m&amp#27;[32m200&amp#27;[39m &amp#27;[90m473 ms - 183842&amp#27;[39m
&amp#27;[35m[HTTP]&amp#27;[39m &amp#27;[90m&amp#27;[39m
&amp#27;[35m[HTTP]&amp#27;[39m &amp#27;[37m-->&amp#27;[39m &amp#27;[37mPOST&amp#27;[39m &amp#27;[37m/wd/hub/session/12c88338-ef35-4aaa-910c-9a0e3f90175b/timeouts&amp#27;[39m
&amp#27;[35m[HTTP]&amp#27;[39m &amp#27;[90m{"implicit":0}&amp#27;[39m
[debug] &amp#27;[35m[W3C (12c88338)]&amp#27;[39m Calling AppiumDriver.timeouts() with args: [null,null,null,null,0,"12c88338-ef35-4aaa-910c-9a0e3f90175b"]
[debug] &amp#27;[35m[BaseDriver]&amp#27;[39m W3C timeout argument: {"implicit":0}}
[debug] &amp#27;[35m[BaseDriver]&amp#27;[39m Set implicit wait to 0ms
[debug] &amp#27;[35m[W3C (12c88338)]&amp#27;[39m Responding to client with driver.timeouts() result: null
&amp#27;[35m[HTTP]&amp#27;[39m &amp#27;[37m<-- POST /wd/hub/session/12c88338-ef35-4aaa-910c-9a0e3f90175b/timeouts &amp#27;[39m&amp#27;[32m200&amp#27;[39m &amp#27;[90m1 ms - 14&amp#27;[39m
&amp#27;[35m[HTTP]&amp#27;[39m &amp#27;[90m&amp#27;[39m
&amp#27;[35m[HTTP]&amp#27;[39m &amp#27;[37m-->&amp#27;[39m &amp#27;[37mPOST&amp#27;[39m &amp#27;[37m/wd/hub/session/12c88338-ef35-4aaa-910c-9a0e3f90175b/element&amp#27;[39m
&amp#27;[35m[HTTP]&amp#27;[39m &amp#27;[90m{"using":"id","value":"flipboard.app:id/search_box_place_holder"}&amp#27;[39m
[debug] &amp#27;[35m[W3C (12c88338)]&amp#27;[39m Calling AppiumDriver.findElement() with args: ["id","flipboard.app:id/search_box_place_holder","12c88338-ef35-4aaa-910c-9a0e3f90175b"]
[debug] &amp#27;[35m[BaseDriver]&amp#27;[39m Valid locator strategies for this request: xpath, id, class name, accessibility id, -android uiautomator
[debug] &amp#27;[35m[BaseDriver]&amp#27;[39m Waiting up to 0 ms for condition
[debug] &amp#27;[35m[WD Proxy]&amp#27;[39m Matched '/element' to command name 'findElement'
[debug] &amp#27;[35m[WD Proxy]&amp#27;[39m Proxying [POST /element] to [POST http://127.0.0.1:8200/wd/hub/session/151310d9-6959-429a-b63d-ff3d10b5cbf8/element] with body: {"strategy":"id","selector":"flipboard.app:id/search_box_place_holder","context":"","multiple":false}
[debug] &amp#27;[35m[WD Proxy]&amp#27;[39m Got response with status 200: {"sessionId":"151310d9-6959-429a-b63d-ff3d10b5cbf8","value":{"ELEMENT":"d74b7371-9d05-4e0d-8082-7ea67ce9a290","element-6066-11e4-a52e-4f735466cecf":"d74b7371-9d05-4e0d-8082-7ea67ce9a290"}}
[debug] &amp#27;[35m[W3C (12c88338)]&amp#27;[39m Responding to client with driver.findElement() result: {"element-6066-11e4-a52e-4f735466cecf":"d74b7371-9d05-4e0d-8082-7ea67ce9a290","ELEMENT":"d74b7371-9d05-4e0d-8082-7ea67ce9a290"}
&amp#27;[35m[HTTP]&amp#27;[39m &amp#27;[37m<-- POST /wd/hub/session/12c88338-ef35-4aaa-910c-9a0e3f90175b/element &amp#27;[39m&amp#27;[32m200&amp#27;[39m &amp#27;[90m3431 ms - 137&amp#27;[39m
&amp#27;[35m[HTTP]&amp#27;[39m &amp#27;[90m&amp#27;[39m
&amp#27;[35m[HTTP]&amp#27;[39m &amp#27;[37m-->&amp#27;[39m &amp#27;[37mPOST&amp#27;[39m &amp#27;[37m/wd/hub/session/12c88338-ef35-4aaa-910c-9a0e3f90175b/timeouts&amp#27;[39m
&amp#27;[35m[HTTP]&amp#27;[39m &amp#27;[90m{"implicit":2000}&amp#27;[39m
[debug] &amp#27;[35m[W3C (12c88338)]&amp#27;[39m Calling AppiumDriver.timeouts() with args: [null,null,null,null,2000,"12c88338-ef35-4aaa-910c-9a0e3f90175b"]
[debug] &amp#27;[35m[BaseDriver]&amp#27;[39m W3C timeout argument: {"implicit":2000}}
[debug] &amp#27;[35m[BaseDriver]&amp#27;[39m Set implicit wait to 2000ms
[debug] &amp#27;[35m[W3C (12c88338)]&amp#27;[39m Responding to client with driver.timeouts() result: null
&amp#27;[35m[HTTP]&amp#27;[39m &amp#27;[37m<-- POST /wd/hub/session/12c88338-ef35-4aaa-910c-9a0e3f90175b/timeouts &amp#27;[39m&amp#27;[32m200&amp#27;[39m &amp#27;[90m1 ms - 14&amp#27;[39m
&amp#27;[35m[HTTP]&amp#27;[39m &amp#27;[90m&amp#27;[39m
&amp#27;[35m[HTTP]&amp#27;[39m &amp#27;[37m-->&amp#27;[39m &amp#27;[37mPOST&amp#27;[39m &amp#27;[37m/wd/hub/session/12c88338-ef35-4aaa-910c-9a0e3f90175b/timeouts&amp#27;[39m
&amp#27;[35m[HTTP]&amp#27;[39m &amp#27;[90m{"implicit":0}&amp#27;[39m
[debug] &amp#27;[35m[W3C (12c88338)]&amp#27;[39m Calling AppiumDriver.timeouts() with args: [null,null,null,null,0,"12c88338-ef35-4aaa-910c-9a0e3f90175b"]
[debug] &amp#27;[35m[BaseDriver]&amp#27;[39m W3C timeout argument: {"implicit":0}}
[debug] &amp#27;[35m[BaseDriver]&amp#27;[39m Set implicit wait to 0ms
[debug] &amp#27;[35m[W3C (12c88338)]&amp#27;[39m Responding to client with driver.timeouts() result: null
&amp#27;[35m[HTTP]&amp#27;[39m &amp#27;[37m<-- POST /wd/hub/session/12c88338-ef35-4aaa-910c-9a0e3f90175b/timeouts &amp#27;[39m&amp#27;[32m200&amp#27;[39m &amp#27;[90m1 ms - 14&amp#27;[39m
&amp#27;[35m[HTTP]&amp#27;[39m &amp#27;[90m&amp#27;[39m
&amp#27;[35m[HTTP]&amp#27;[39m &amp#27;[37m-->&amp#27;[39m &amp#27;[37mPOST&amp#27;[39m &amp#27;[37m/wd/hub/session/12c88338-ef35-4aaa-910c-9a0e3f90175b/element&amp#27;[39m
&amp#27;[35m[HTTP]&amp#27;[39m &amp#27;[90m{"using":"id","value":"flipboard.app:id/search_box_place_holder"}&amp#27;[39m
[debug] &amp#27;[35m[W3C (12c88338)]&amp#27;[39m Calling AppiumDriver.findElement() with args: ["id","flipboard.app:id/search_box_place_holder","12c88338-ef35-4aaa-910c-9a0e3f90175b"]
[debug] &amp#27;[35m[BaseDriver]&amp#27;[39m Valid locator strategies for this request: xpath, id, class name, accessibility id, -android uiautomator
[debug] &amp#27;[35m[BaseDriver]&amp#27;[39m Waiting up to 0 ms for condition
[debug] &amp#27;[35m[WD Proxy]&amp#27;[39m Matched '/element' to command name 'findElement'
[debug] &amp#27;[35m[WD Proxy]&amp#27;[39m Proxying [POST /element] to [POST http://127.0.0.1:8200/wd/hub/session/151310d9-6959-429a-b63d-ff3d10b5cbf8/element] with body: {"strategy":"id","selector":"flipboard.app:id/search_box_place_holder","context":"","multiple":false}
[debug] &amp#27;[35m[WD Proxy]&amp#27;[39m Got response with status 200: {"sessionId":"151310d9-6959-429a-b63d-ff3d10b5cbf8","value":{"ELEMENT":"790c3c63-f56e-4b38-bfc5-d402c70ff678","element-6066-11e4-a52e-4f735466cecf":"790c3c63-f56e-4b38-bfc5-d402c70ff678"}}
[debug] &amp#27;[35m[W3C (12c88338)]&amp#27;[39m Responding to client with driver.findElement() result: {"element-6066-11e4-a52e-4f735466cecf":"790c3c63-f56e-4b38-bfc5-d402c70ff678","ELEMENT":"790c3c63-f56e-4b38-bfc5-d402c70ff678"}
&amp#27;[35m[HTTP]&amp#27;[39m &amp#27;[37m<-- POST /wd/hub/session/12c88338-ef35-4aaa-910c-9a0e3f90175b/element &amp#27;[39m&amp#27;[32m200&amp#27;[39m &amp#27;[90m43 ms - 137&amp#27;[39m
&amp#27;[35m[HTTP]&amp#27;[39m &amp#27;[90m&amp#27;[39m
&amp#27;[35m[HTTP]&amp#27;[39m &amp#27;[37m-->&amp#27;[39m &amp#27;[37mPOST&amp#27;[39m &amp#27;[37m/wd/hub/session/12c88338-ef35-4aaa-910c-9a0e3f90175b/timeouts&amp#27;[39m
&amp#27;[35m[HTTP]&amp#27;[39m &amp#27;[90m{"implicit":2000}&amp#27;[39m
[debug] &amp#27;[35m[W3C (12c88338)]&amp#27;[39m Calling AppiumDriver.timeouts() with args: [null,null,null,null,2000,"12c88338-ef35-4aaa-910c-9a0e3f90175b"]
[debug] &amp#27;[35m[BaseDriver]&amp#27;[39m W3C timeout argument: {"implicit":2000}}
[debug] &amp#27;[35m[BaseDriver]&amp#27;[39m Set implicit wait to 2000ms
[debug] &amp#27;[35m[W3C (12c88338)]&amp#27;[39m Responding to client with driver.timeouts() result: null
&amp#27;[35m[HTTP]&amp#27;[39m &amp#27;[37m<-- POST /wd/hub/session/12c88338-ef35-4aaa-910c-9a0e3f90175b/timeouts &amp#27;[39m&amp#27;[32m200&amp#27;[39m &amp#27;[90m2 ms - 14&amp#27;[39m
&amp#27;[35m[HTTP]&amp#27;[39m &amp#27;[90m&amp#27;[39m
&amp#27;[35m[HTTP]&amp#27;[39m &amp#27;[37m-->&amp#27;[39m &amp#27;[37mGET&amp#27;[39m &amp#27;[37m/wd/hub/session/12c88338-ef35-4aaa-910c-9a0e3f90175b/element/790c3c63-f56e-4b38-bfc5-d402c70ff678/displayed&amp#27;[39m
&amp#27;[35m[HTTP]&amp#27;[39m &amp#27;[90m{}&amp#27;[39m
[debug] &amp#27;[35m[W3C (12c88338)]&amp#27;[39m Calling AppiumDriver.elementDisplayed() with args: ["790c3c63-f56e-4b38-bfc5-d402c70ff678","12c88338-ef35-4aaa-910c-9a0e3f90175b"]
[debug] &amp#27;[35m[WD Proxy]&amp#27;[39m Matched '/element/790c3c63-f56e-4b38-bfc5-d402c70ff678/attribute/displayed' to command name 'getAttribute'
[debug] &amp#27;[35m[WD Proxy]&amp#27;[39m Proxying [GET /element/790c3c63-f56e-4b38-bfc5-d402c70ff678/attribute/displayed] to [GET http://127.0.0.1:8200/wd/hub/session/151310d9-6959-429a-b63d-ff3d10b5cbf8/element/790c3c63-f56e-4b38-bfc5-d402c70ff678/attribute/displayed] with body: {}
[debug] &amp#27;[35m[WD Proxy]&amp#27;[39m Got response with status 200: {"sessionId":"151310d9-6959-429a-b63d-ff3d10b5cbf8","value":"true"}
[debug] &amp#27;[35m[W3C (12c88338)]&amp#27;[39m Responding to client with driver.elementDisplayed() result: true
&amp#27;[35m[HTTP]&amp#27;[39m &amp#27;[37m<-- GET /wd/hub/session/12c88338-ef35-4aaa-910c-9a0e3f90175b/element/790c3c63-f56e-4b38-bfc5-d402c70ff678/displayed &amp#27;[39m&amp#27;[32m200&amp#27;[39m &amp#27;[90m25 ms - 14&amp#27;[39m
&amp#27;[35m[HTTP]&amp#27;[39m &amp#27;[90m&amp#27;[39m
&amp#27;[35m[HTTP]&amp#27;[39m &amp#27;[37m-->&amp#27;[39m &amp#27;[37mPOST&amp#27;[39m &amp#27;[37m/wd/hub/session/12c88338-ef35-4aaa-910c-9a0e3f90175b/timeouts&amp#27;[39m
&amp#27;[35m[HTTP]&amp#27;[39m &amp#27;[90m{"implicit":0}&amp#27;[39m
[debug] &amp#27;[35m[W3C (12c88338)]&amp#27;[39m Calling AppiumDriver.timeouts() with args: [null,null,null,null,0,"12c88338-ef35-4aaa-910c-9a0e3f90175b"]
[debug] &amp#27;[35m[BaseDriver]&amp#27;[39m W3C timeout argument: {"implicit":0}}
[debug] &amp#27;[35m[BaseDriver]&amp#27;[39m Set implicit wait to 0ms
[debug] &amp#27;[35m[W3C (12c88338)]&amp#27;[39m Responding to client with driver.timeouts() result: null
&amp#27;[35m[HTTP]&amp#27;[39m &amp#27;[37m<-- POST /wd/hub/session/12c88338-ef35-4aaa-910c-9a0e3f90175b/timeouts &amp#27;[39m&amp#27;[32m200&amp#27;[39m &amp#27;[90m2 ms - 14&amp#27;[39m
&amp#27;[35m[HTTP]&amp#27;[39m &amp#27;[90m&amp#27;[39m
&amp#27;[35m[HTTP]&amp#27;[39m &amp#27;[37m-->&amp#27;[39m &amp#27;[37mPOST&amp#27;[39m &amp#27;[37m/wd/hub/session/12c88338-ef35-4aaa-910c-9a0e3f90175b/element&amp#27;[39m
&amp#27;[35m[HTTP]&amp#27;[39m &amp#27;[90m{"using":"id","value":"flipboard.app:id/search_box_place_holder"}&amp#27;[39m
[debug] &amp#27;[35m[W3C (12c88338)]&amp#27;[39m Calling AppiumDriver.findElement() with args: ["id","flipboard.app:id/search_box_place_holder","12c88338-ef35-4aaa-910c-9a0e3f90175b"]
[debug] &amp#27;[35m[BaseDriver]&amp#27;[39m Valid locator strategies for this request: xpath, id, class name, accessibility id, -android uiautomator
[debug] &amp#27;[35m[BaseDriver]&amp#27;[39m Waiting up to 0 ms for condition
[debug] &amp#27;[35m[WD Proxy]&amp#27;[39m Matched '/element' to command name 'findElement'
[debug] &amp#27;[35m[WD Proxy]&amp#27;[39m Proxying [POST /element] to [POST http://127.0.0.1:8200/wd/hub/session/151310d9-6959-429a-b63d-ff3d10b5cbf8/element] with body: {"strategy":"id","selector":"flipboard.app:id/search_box_place_holder","context":"","multiple":false}
[debug] &amp#27;[35m[WD Proxy]&amp#27;[39m Got response with status 200: {"sessionId":"151310d9-6959-429a-b63d-ff3d10b5cbf8","value":{"ELEMENT":"d0a4a077-61ac-417c-8368-0cd43e5fd9f1","element-6066-11e4-a52e-4f735466cecf":"d0a4a077-61ac-417c-8368-0cd43e5fd9f1"}}
[debug] &amp#27;[35m[W3C (12c88338)]&amp#27;[39m Responding to client with driver.findElement() result: {"element-6066-11e4-a52e-4f735466cecf":"d0a4a077-61ac-417c-8368-0cd43e5fd9f1","ELEMENT":"d0a4a077-61ac-417c-8368-0cd43e5fd9f1"}
&amp#27;[35m[HTTP]&amp#27;[39m &amp#27;[37m<-- POST /wd/hub/session/12c88338-ef35-4aaa-910c-9a0e3f90175b/element &amp#27;[39m&amp#27;[32m200&amp#27;[39m &amp#27;[90m47 ms - 137&amp#27;[39m
&amp#27;[35m[HTTP]&amp#27;[39m &amp#27;[90m&amp#27;[39m
&amp#27;[35m[HTTP]&amp#27;[39m &amp#27;[37m-->&amp#27;[39m &amp#27;[37mPOST&amp#27;[39m &amp#27;[37m/wd/hub/session/12c88338-ef35-4aaa-910c-9a0e3f90175b/timeouts&amp#27;[39m
&amp#27;[35m[HTTP]&amp#27;[39m &amp#27;[90m{"implicit":2000}&amp#27;[39m
[debug] &amp#27;[35m[W3C (12c88338)]&amp#27;[39m Calling AppiumDriver.timeouts() with args: [null,null,null,null,2000,"12c88338-ef35-4aaa-910c-9a0e3f90175b"]
[debug] &amp#27;[35m[BaseDriver]&amp#27;[39m W3C timeout argument: {"implicit":2000}}
[debug] &amp#27;[35m[BaseDriver]&amp#27;[39m Set implicit wait to 2000ms
[debug] &amp#27;[35m[W3C (12c88338)]&amp#27;[39m Responding to client with driver.timeouts() result: null
&amp#27;[35m[HTTP]&amp#27;[39m &amp#27;[37m<-- POST /wd/hub/session/12c88338-ef35-4aaa-910c-9a0e3f90175b/timeouts &amp#27;[39m&amp#27;[32m200&amp#27;[39m &amp#27;[90m1 ms - 14&amp#27;[39m
&amp#27;[35m[HTTP]&amp#27;[39m &amp#27;[90m&amp#27;[39m
&amp#27;[35m[HTTP]&amp#27;[39m &amp#27;[37m-->&amp#27;[39m &amp#27;[37mGET&amp#27;[39m &amp#27;[37m/wd/hub/session/12c88338-ef35-4aaa-910c-9a0e3f90175b/element/d0a4a077-61ac-417c-8368-0cd43e5fd9f1/displayed&amp#27;[39m
&amp#27;[35m[HTTP]&amp#27;[39m &amp#27;[90m{}&amp#27;[39m
[debug] &amp#27;[35m[W3C (12c88338)]&amp#27;[39m Calling AppiumDriver.elementDisplayed() with args: ["d0a4a077-61ac-417c-8368-0cd43e5fd9f1","12c88338-ef35-4aaa-910c-9a0e3f90175b"]
[debug] &amp#27;[35m[WD Proxy]&amp#27;[39m Matched '/element/d0a4a077-61ac-417c-8368-0cd43e5fd9f1/attribute/displayed' to command name 'getAttribute'
[debug] &amp#27;[35m[WD Proxy]&amp#27;[39m Proxying [GET /element/d0a4a077-61ac-417c-8368-0cd43e5fd9f1/attribute/displayed] to [GET http://127.0.0.1:8200/wd/hub/session/151310d9-6959-429a-b63d-ff3d10b5cbf8/element/d0a4a077-61ac-417c-8368-0cd43e5fd9f1/attribute/displayed] with body: {}
[debug] &amp#27;[35m[WD Proxy]&amp#27;[39m Got response with status 200: {"sessionId":"151310d9-6959-429a-b63d-ff3d10b5cbf8","value":"true"}
[debug] &amp#27;[35m[W3C (12c88338)]&amp#27;[39m Responding to client with driver.elementDisplayed() result: true
&amp#27;[35m[HTTP]&amp#27;[39m &amp#27;[37m<-- GET /wd/hub/session/12c88338-ef35-4aaa-910c-9a0e3f90175b/element/d0a4a077-61ac-417c-8368-0cd43e5fd9f1/displayed &amp#27;[39m&amp#27;[32m200&amp#27;[39m &amp#27;[90m24 ms - 14&amp#27;[39m
&amp#27;[35m[HTTP]&amp#27;[39m &amp#27;[90m&amp#27;[39m
&amp#27;[35m[HTTP]&amp#27;[39m &amp#27;[37m-->&amp#27;[39m &amp#27;[37mPOST&amp#27;[39m &amp#27;[37m/wd/hub/session/12c88338-ef35-4aaa-910c-9a0e3f90175b/element&amp#27;[39m
&amp#27;[35m[HTTP]&amp#27;[39m &amp#27;[90m{"using":"id","value":"flipboard.app:id/search_box_place_holder"}&amp#27;[39m
[debug] &amp#27;[35m[W3C (12c88338)]&amp#27;[39m Calling AppiumDriver.findElement() with args: ["id","flipboard.app:id/search_box_place_holder","12c88338-ef35-4aaa-910c-9a0e3f90175b"]
[debug] &amp#27;[35m[BaseDriver]&amp#27;[39m Valid locator strategies for this request: xpath, id, class name, accessibility id, -android uiautomator
[debug] &amp#27;[35m[BaseDriver]&amp#27;[39m Waiting up to 2000 ms for condition
[debug] &amp#27;[35m[WD Proxy]&amp#27;[39m Matched '/element' to command name 'findElement'
[debug] &amp#27;[35m[WD Proxy]&amp#27;[39m Proxying [POST /element] to [POST http://127.0.0.1:8200/wd/hub/session/151310d9-6959-429a-b63d-ff3d10b5cbf8/element] with body: {"strategy":"id","selector":"flipboard.app:id/search_box_place_holder","context":"","multiple":false}
[debug] &amp#27;[35m[WD Proxy]&amp#27;[39m Got response with status 200: {"sessionId":"151310d9-6959-429a-b63d-ff3d10b5cbf8","value":{"ELEMENT":"4d59db80-bacb-4593-8db2-f8c91fb16cda","element-6066-11e4-a52e-4f735466cecf":"4d59db80-bacb-4593-8db2-f8c91fb16cda"}}
[debug] &amp#27;[35m[W3C (12c88338)]&amp#27;[39m Responding to client with driver.findElement() result: {"element-6066-11e4-a52e-4f735466cecf":"4d59db80-bacb-4593-8db2-f8c91fb16cda","ELEMENT":"4d59db80-bacb-4593-8db2-f8c91fb16cda"}
&amp#27;[35m[HTTP]&amp#27;[39m &amp#27;[37m<-- POST /wd/hub/session/12c88338-ef35-4aaa-910c-9a0e3f90175b/element &amp#27;[39m&amp#27;[32m200&amp#27;[39m &amp#27;[90m45 ms - 137&amp#27;[39m
&amp#27;[35m[HTTP]&amp#27;[39m &amp#27;[90m&amp#27;[39m
&amp#27;[35m[HTTP]&amp#27;[39m &amp#27;[37m-->&amp#27;[39m &amp#27;[37mGET&amp#27;[39m &amp#27;[37m/wd/hub/session/12c88338-ef35-4aaa-910c-9a0e3f90175b/element/4d59db80-bacb-4593-8db2-f8c91fb16cda/displayed&amp#27;[39m
&amp#27;[35m[HTTP]&amp#27;[39m &amp#27;[90m{}&amp#27;[39m
[debug] &amp#27;[35m[W3C (12c88338)]&amp#27;[39m Calling AppiumDriver.elementDisplayed() with args: ["4d59db80-bacb-4593-8db2-f8c91fb16cda","12c88338-ef35-4aaa-910c-9a0e3f90175b"]
[debug] &amp#27;[35m[WD Proxy]&amp#27;[39m Matched '/element/4d59db80-bacb-4593-8db2-f8c91fb16cda/attribute/displayed' to command name 'getAttribute'
[debug] &amp#27;[35m[WD Proxy]&amp#27;[39m Proxying [GET /element/4d59db80-bacb-4593-8db2-f8c91fb16cda/attribute/displayed] to [GET http://127.0.0.1:8200/wd/hub/session/151310d9-6959-429a-b63d-ff3d10b5cbf8/element/4d59db80-bacb-4593-8db2-f8c91fb16cda/attribute/displayed] with body: {}
[debug] &amp#27;[35m[WD Proxy]&amp#27;[39m Got response with status 200: {"sessionId":"151310d9-6959-429a-b63d-ff3d10b5cbf8","value":"true"}
[debug] &amp#27;[35m[W3C (12c88338)]&amp#27;[39m Responding to client with driver.elementDisplayed() result: true
&amp#27;[35m[HTTP]&amp#27;[39m &amp#27;[37m<-- GET /wd/hub/session/12c88338-ef35-4aaa-910c-9a0e3f90175b/element/4d59db80-bacb-4593-8db2-f8c91fb16cda/displayed &amp#27;[39m&amp#27;[32m200&amp#27;[39m &amp#27;[90m26 ms - 14&amp#27;[39m
&amp#27;[35m[HTTP]&amp#27;[39m &amp#27;[90m&amp#27;[39m
&amp#27;[35m[HTTP]&amp#27;[39m &amp#27;[37m-->&amp#27;[39m &amp#27;[37mGET&amp#27;[39m &amp#27;[37m/wd/hub/session/12c88338-ef35-4aaa-910c-9a0e3f90175b/element/4d59db80-bacb-4593-8db2-f8c91fb16cda/name&amp#27;[39m
&amp#27;[35m[HTTP]&amp#27;[39m &amp#27;[90m{}&amp#27;[39m
[debug] &amp#27;[35m[W3C (12c88338)]&amp#27;[39m Calling AppiumDriver.getName() with args: ["4d59db80-bacb-4593-8db2-f8c91fb16cda","12c88338-ef35-4aaa-910c-9a0e3f90175b"]
[debug] &amp#27;[35m[WD Proxy]&amp#27;[39m Matched '/element/4d59db80-bacb-4593-8db2-f8c91fb16cda/name' to command name 'getName'
[debug] &amp#27;[35m[WD Proxy]&amp#27;[39m Proxying [GET /element/4d59db80-bacb-4593-8db2-f8c91fb16cda/name] to [GET http://127.0.0.1:8200/wd/hub/session/151310d9-6959-429a-b63d-ff3d10b5cbf8/element/4d59db80-bacb-4593-8db2-f8c91fb16cda/name] with body: {}
[debug] &amp#27;[35m[WD Proxy]&amp#27;[39m Got response with status 200: {"sessionId":"151310d9-6959-429a-b63d-ff3d10b5cbf8","value":null}
[debug] &amp#27;[35m[W3C (12c88338)]&amp#27;[39m Responding to client with driver.getName() result: null
&amp#27;[35m[HTTP]&amp#27;[39m &amp#27;[37m<-- GET /wd/hub/session/12c88338-ef35-4aaa-910c-9a0e3f90175b/element/4d59db80-bacb-4593-8db2-f8c91fb16cda/name &amp#27;[39m&amp#27;[32m200&amp#27;[39m &amp#27;[90m22 ms - 14&amp#27;[39m
&amp#27;[35m[HTTP]&amp#27;[39m &amp#27;[90m&amp#27;[39m
&amp#27;[35m[HTTP]&amp#27;[39m &amp#27;[37m-->&amp#27;[39m &amp#27;[37mPOST&amp#27;[39m &amp#27;[37m/wd/hub/session/12c88338-ef35-4aaa-910c-9a0e3f90175b/element&amp#27;[39m
&amp#27;[35m[HTTP]&amp#27;[39m &amp#27;[90m{"using":"id","value":"flipboard.app:id/search_box_place_holder"}&amp#27;[39m
[debug] &amp#27;[35m[W3C (12c88338)]&amp#27;[39m Calling AppiumDriver.findElement() with args: ["id","flipboard.app:id/search_box_place_holder","12c88338-ef35-4aaa-910c-9a0e3f90175b"]
[debug] &amp#27;[35m[BaseDriver]&amp#27;[39m Valid locator strategies for this request: xpath, id, class name, accessibility id, -android uiautomator
[debug] &amp#27;[35m[BaseDriver]&amp#27;[39m Waiting up to 2000 ms for condition
[debug] &amp#27;[35m[WD Proxy]&amp#27;[39m Matched '/element' to command name 'findElement'
[debug] &amp#27;[35m[WD Proxy]&amp#27;[39m Proxying [POST /element] to [POST http://127.0.0.1:8200/wd/hub/session/151310d9-6959-429a-b63d-ff3d10b5cbf8/element] with body: {"strategy":"id","selector":"flipboard.app:id/search_box_place_holder","context":"","multiple":false}
[debug] &amp#27;[35m[WD Proxy]&amp#27;[39m Got response with status 200: {"sessionId":"151310d9-6959-429a-b63d-ff3d10b5cbf8","value":{"ELEMENT":"d38c6592-2813-4448-bf1d-14a8cac1f787","element-6066-11e4-a52e-4f735466cecf":"d38c6592-2813-4448-bf1d-14a8cac1f787"}}
[debug] &amp#27;[35m[W3C (12c88338)]&amp#27;[39m Responding to client with driver.findElement() result: {"element-6066-11e4-a52e-4f735466cecf":"d38c6592-2813-4448-bf1d-14a8cac1f787","ELEMENT":"d38c6592-2813-4448-bf1d-14a8cac1f787"}
&amp#27;[35m[HTTP]&amp#27;[39m &amp#27;[37m<-- POST /wd/hub/session/12c88338-ef35-4aaa-910c-9a0e3f90175b/element &amp#27;[39m&amp#27;[32m200&amp#27;[39m &amp#27;[90m44 ms - 137&amp#27;[39m
&amp#27;[35m[HTTP]&amp#27;[39m &amp#27;[90m&amp#27;[39m
&amp#27;[35m[HTTP]&amp#27;[39m &amp#27;[37m-->&amp#27;[39m &amp#27;[37mGET&amp#27;[39m &amp#27;[37m/wd/hub/session/12c88338-ef35-4aaa-910c-9a0e3f90175b/element/d38c6592-2813-4448-bf1d-14a8cac1f787/displayed&amp#27;[39m
&amp#27;[35m[HTTP]&amp#27;[39m &amp#27;[90m{}&amp#27;[39m
[debug] &amp#27;[35m[W3C (12c88338)]&amp#27;[39m Calling AppiumDriver.elementDisplayed() with args: ["d38c6592-2813-4448-bf1d-14a8cac1f787","12c88338-ef35-4aaa-910c-9a0e3f90175b"]
[debug] &amp#27;[35m[WD Proxy]&amp#27;[39m Matched '/element/d38c6592-2813-4448-bf1d-14a8cac1f787/attribute/displayed' to command name 'getAttribute'
[debug] &amp#27;[35m[WD Proxy]&amp#27;[39m Proxying [GET /element/d38c6592-2813-4448-bf1d-14a8cac1f787/attribute/displayed] to [GET http://127.0.0.1:8200/wd/hub/session/151310d9-6959-429a-b63d-ff3d10b5cbf8/element/d38c6592-2813-4448-bf1d-14a8cac1f787/attribute/displayed] with body: {}
[debug] &amp#27;[35m[WD Proxy]&amp#27;[39m Got response with status 200: {"sessionId":"151310d9-6959-429a-b63d-ff3d10b5cbf8","value":"true"}
[debug] &amp#27;[35m[W3C (12c88338)]&amp#27;[39m Responding to client with driver.elementDisplayed() result: true
&amp#27;[35m[HTTP]&amp#27;[39m &amp#27;[37m<-- GET /wd/hub/session/12c88338-ef35-4aaa-910c-9a0e3f90175b/element/d38c6592-2813-4448-bf1d-14a8cac1f787/displayed &amp#27;[39m&amp#27;[32m200&amp#27;[39m &amp#27;[90m23 ms - 14&amp#27;[39m
&amp#27;[35m[HTTP]&amp#27;[39m &amp#27;[90m&amp#27;[39m
&amp#27;[35m[HTTP]&amp#27;[39m &amp#27;[37m-->&amp#27;[39m &amp#27;[37mPOST&amp#27;[39m &amp#27;[37m/wd/hub/session/12c88338-ef35-4aaa-910c-9a0e3f90175b/element/d38c6592-2813-4448-bf1d-14a8cac1f787/click&amp#27;[39m
&amp#27;[35m[HTTP]&amp#27;[39m &amp#27;[90m{"id":"d38c6592-2813-4448-bf1d-14a8cac1f787"}&amp#27;[39m
[debug] &amp#27;[35m[W3C (12c88338)]&amp#27;[39m Calling AppiumDriver.click() with args: ["d38c6592-2813-4448-bf1d-14a8cac1f787","12c88338-ef35-4aaa-910c-9a0e3f90175b"]
[debug] &amp#27;[35m[WD Proxy]&amp#27;[39m Matched '/element/d38c6592-2813-4448-bf1d-14a8cac1f787/click' to command name 'click'
[debug] &amp#27;[35m[WD Proxy]&amp#27;[39m Proxying [POST /element/d38c6592-2813-4448-bf1d-14a8cac1f787/click] to [POST http://127.0.0.1:8200/wd/hub/session/151310d9-6959-429a-b63d-ff3d10b5cbf8/element/d38c6592-2813-4448-bf1d-14a8cac1f787/click] with body: {"element":"d38c6592-2813-4448-bf1d-14a8cac1f787"}
[debug] &amp#27;[35m[WD Proxy]&amp#27;[39m Got response with status 200: {"sessionId":"151310d9-6959-429a-b63d-ff3d10b5cbf8","value":null}
[debug] &amp#27;[35m[W3C (12c88338)]&amp#27;[39m Responding to client with driver.click() result: null
&amp#27;[35m[HTTP]&amp#27;[39m &amp#27;[37m<-- POST /wd/hub/session/12c88338-ef35-4aaa-910c-9a0e3f90175b/element/d38c6592-2813-4448-bf1d-14a8cac1f787/click &amp#27;[39m&amp#27;[32m200&amp#27;[39m &amp#27;[90m35 ms - 14&amp#27;[39m
&amp#27;[35m[HTTP]&amp#27;[39m &amp#27;[90m&amp#27;[39m
&amp#27;[35m[HTTP]&amp#27;[39m &amp#27;[37m-->&amp#27;[39m &amp#27;[37mPOST&amp#27;[39m &amp#27;[37m/wd/hub/session/12c88338-ef35-4aaa-910c-9a0e3f90175b/timeouts&amp#27;[39m
&amp#27;[35m[HTTP]&amp#27;[39m &amp#27;[90m{"implicit":0}&amp#27;[39m
[debug] &amp#27;[35m[W3C (12c88338)]&amp#27;[39m Calling AppiumDriver.timeouts() with args: [null,null,null,null,0,"12c88338-ef35-4aaa-910c-9a0e3f90175b"]
[debug] &amp#27;[35m[BaseDriver]&amp#27;[39m W3C timeout argument: {"implicit":0}}
[debug] &amp#27;[35m[BaseDriver]&amp#27;[39m Set implicit wait to 0ms
[debug] &amp#27;[35m[W3C (12c88338)]&amp#27;[39m Responding to client with driver.timeouts() result: null
&amp#27;[35m[HTTP]&amp#27;[39m &amp#27;[37m<-- POST /wd/hub/session/12c88338-ef35-4aaa-910c-9a0e3f90175b/timeouts &amp#27;[39m&amp#27;[32m200&amp#27;[39m &amp#27;[90m1 ms - 14&amp#27;[39m
&amp#27;[35m[HTTP]&amp#27;[39m &amp#27;[90m&amp#27;[39m
&amp#27;[35m[HTTP]&amp#27;[39m &amp#27;[37m-->&amp#27;[39m &amp#27;[37mPOST&amp#27;[39m &amp#27;[37m/wd/hub/session/12c88338-ef35-4aaa-910c-9a0e3f90175b/element&amp#27;[39m
&amp#27;[35m[HTTP]&amp#27;[39m &amp#27;[90m{"using":"id","value":"flipboard.app:id/search_view_input"}&amp#27;[39m
[debug] &amp#27;[35m[W3C (12c88338)]&amp#27;[39m Calling AppiumDriver.findElement() with args: ["id","flipboard.app:id/search_view_input","12c88338-ef35-4aaa-910c-9a0e3f90175b"]
[debug] &amp#27;[35m[BaseDriver]&amp#27;[39m Valid locator strategies for this request: xpath, id, class name, accessibility id, -android uiautomator
[debug] &amp#27;[35m[BaseDriver]&amp#27;[39m Waiting up to 0 ms for condition
[debug] &amp#27;[35m[WD Proxy]&amp#27;[39m Matched '/element' to command name 'findElement'
[debug] &amp#27;[35m[WD Proxy]&amp#27;[39m Proxying [POST /element] to [POST http://127.0.0.1:8200/wd/hub/session/151310d9-6959-429a-b63d-ff3d10b5cbf8/element] with body: {"strategy":"id","selector":"flipboard.app:id/search_view_input","context":"","multiple":false}
&amp#27;[35m[WD Proxy]&amp#27;[39m Got response with status 404: {"sessionId":"151310d9-6959-429a-b63d-ff3d10b5cbf8","value":{"error":"no such element","message":"An element could not be located on the page using the given search parameters","stacktrace":"io.appium.uiautomator2.common.exceptions.ElementNotFoundException: An element could not be located on the page using the given search parameters\n\tat io.appium.uiautomator2.handler.FindElement.safeHandle(FindElement.java:78)\n\tat io.appium.uiautomator2.handler.request.SafeRequestHandler.handle(SafeRequestHandler.java:38)\n\tat io.appium.uiautomator2.server.AppiumServlet.handleRequest(AppiumServlet.java:252)\n\tat io.appium.uiautomator2.server.AppiumServlet.handleHttpRequest(AppiumServlet.java:242)\n\tat io.appium.uiautomator2.http.ServerHandler.channelRead(ServerHandler.java:51)\n\tat io.netty.channel.AbstractChannelHandlerContext.invokeChannelRead(AbstractChannelHandlerContext.java:366)\n\tat io.netty.channel.AbstractChannelHandlerContext.invokeChannelRead(AbstractChannelHandlerContext.java:352)\n\tat io.netty.chann...
[debug] &amp#27;[35m[W3C]&amp#27;[39m Matched W3C error code 'no such element' to NoSuchElementError
[debug] &amp#27;[35m[W3C (12c88338)]&amp#27;[39m Encountered internal error running command: NoSuchElementError: An element could not be located on the page using the given search parameters.
[debug] &amp#27;[35m[W3C (12c88338)]&amp#27;[39m     at AndroidUiautomator2Driver.findElOrEls (C:\Users\way2automation\AppData\Local\Programs\Appium\resources\app\node_modules\appium\node_modules\appium-android-driver\lib\commands\find.js:75:11)
&amp#27;[35m[HTTP]&amp#27;[39m &amp#27;[37m<-- POST /wd/hub/session/12c88338-ef35-4aaa-910c-9a0e3f90175b/element &amp#27;[39m&amp#27;[33m404&amp#27;[39m &amp#27;[90m252 ms - 455&amp#27;[39m
&amp#27;[35m[HTTP]&amp#27;[39m &amp#27;[90m&amp#27;[39m
&amp#27;[35m[HTTP]&amp#27;[39m &amp#27;[37m-->&amp#27;[39m &amp#27;[37mPOST&amp#27;[39m &amp#27;[37m/wd/hub/session/12c88338-ef35-4aaa-910c-9a0e3f90175b/timeouts&amp#27;[39m
&amp#27;[35m[HTTP]&amp#27;[39m &amp#27;[90m{"implicit":2000}&amp#27;[39m
[debug] &amp#27;[35m[W3C (12c88338)]&amp#27;[39m Calling AppiumDriver.timeouts() with args: [null,null,null,null,2000,"12c88338-ef35-4aaa-910c-9a0e3f90175b"]
[debug] &amp#27;[35m[BaseDriver]&amp#27;[39m W3C timeout argument: {"implicit":2000}}
[debug] &amp#27;[35m[BaseDriver]&amp#27;[39m Set implicit wait to 2000ms
[debug] &amp#27;[35m[W3C (12c88338)]&amp#27;[39m Responding to client with driver.timeouts() result: null
&amp#27;[35m[HTTP]&amp#27;[39m &amp#27;[37m<-- POST /wd/hub/session/12c88338-ef35-4aaa-910c-9a0e3f90175b/timeouts &amp#27;[39m&amp#27;[32m200&amp#27;[39m &amp#27;[90m1 ms - 14&amp#27;[39m
&amp#27;[35m[HTTP]&amp#27;[39m &amp#27;[90m&amp#27;[39m
&amp#27;[35m[HTTP]&amp#27;[39m &amp#27;[37m-->&amp#27;[39m &amp#27;[37mPOST&amp#27;[39m &amp#27;[37m/wd/hub/session/12c88338-ef35-4aaa-910c-9a0e3f90175b/timeouts&amp#27;[39m
&amp#27;[35m[HTTP]&amp#27;[39m &amp#27;[90m{"implicit":0}&amp#27;[39m
[debug] &amp#27;[35m[W3C (12c88338)]&amp#27;[39m Calling AppiumDriver.timeouts() with args: [null,null,null,null,0,"12c88338-ef35-4aaa-910c-9a0e3f90175b"]
[debug] &amp#27;[35m[BaseDriver]&amp#27;[39m W3C timeout argument: {"implicit":0}}
[debug] &amp#27;[35m[BaseDriver]&amp#27;[39m Set implicit wait to 0ms
[debug] &amp#27;[35m[W3C (12c88338)]&amp#27;[39m Responding to client with driver.timeouts() result: null
&amp#27;[35m[HTTP]&amp#27;[39m &amp#27;[37m<-- POST /wd/hub/session/12c88338-ef35-4aaa-910c-9a0e3f90175b/timeouts &amp#27;[39m&amp#27;[32m200&amp#27;[39m &amp#27;[90m2 ms - 14&amp#27;[39m
&amp#27;[35m[HTTP]&amp#27;[39m &amp#27;[90m&amp#27;[39m
&amp#27;[35m[HTTP]&amp#27;[39m &amp#27;[37m-->&amp#27;[39m &amp#27;[37mPOST&amp#27;[39m &amp#27;[37m/wd/hub/session/12c88338-ef35-4aaa-910c-9a0e3f90175b/element&amp#27;[39m
&amp#27;[35m[HTTP]&amp#27;[39m &amp#27;[90m{"using":"id","value":"flipboard.app:id/search_view_input"}&amp#27;[39m
[debug] &amp#27;[35m[W3C (12c88338)]&amp#27;[39m Calling AppiumDriver.findElement() with args: ["id","flipboard.app:id/search_view_input","12c88338-ef35-4aaa-910c-9a0e3f90175b"]
[debug] &amp#27;[35m[BaseDriver]&amp#27;[39m Valid locator strategies for this request: xpath, id, class name, accessibility id, -android uiautomator
[debug] &amp#27;[35m[BaseDriver]&amp#27;[39m Waiting up to 0 ms for condition
[debug] &amp#27;[35m[WD Proxy]&amp#27;[39m Matched '/element' to command name 'findElement'
[debug] &amp#27;[35m[WD Proxy]&amp#27;[39m Proxying [POST /element] to [POST http://127.0.0.1:8200/wd/hub/session/151310d9-6959-429a-b63d-ff3d10b5cbf8/element] with body: {"strategy":"id","selector":"flipboard.app:id/search_view_input","context":"","multiple":false}
[debug] &amp#27;[35m[WD Proxy]&amp#27;[39m Got response with status 200: {"sessionId":"151310d9-6959-429a-b63d-ff3d10b5cbf8","value":{"ELEMENT":"3d582efb-9cb0-4a1c-a7e5-aeac32c5fae8","element-6066-11e4-a52e-4f735466cecf":"3d582efb-9cb0-4a1c-a7e5-aeac32c5fae8"}}
[debug] &amp#27;[35m[W3C (12c88338)]&amp#27;[39m Responding to client with driver.findElement() result: {"element-6066-11e4-a52e-4f735466cecf":"3d582efb-9cb0-4a1c-a7e5-aeac32c5fae8","ELEMENT":"3d582efb-9cb0-4a1c-a7e5-aeac32c5fae8"}
&amp#27;[35m[HTTP]&amp#27;[39m &amp#27;[37m<-- POST /wd/hub/session/12c88338-ef35-4aaa-910c-9a0e3f90175b/element &amp#27;[39m&amp#27;[32m200&amp#27;[39m &amp#27;[90m576 ms - 137&amp#27;[39m
&amp#27;[35m[HTTP]&amp#27;[39m &amp#27;[90m&amp#27;[39m
&amp#27;[35m[HTTP]&amp#27;[39m &amp#27;[37m-->&amp#27;[39m &amp#27;[37mPOST&amp#27;[39m &amp#27;[37m/wd/hub/session/12c88338-ef35-4aaa-910c-9a0e3f90175b/timeouts&amp#27;[39m
&amp#27;[35m[HTTP]&amp#27;[39m &amp#27;[90m{"implicit":2000}&amp#27;[39m
[debug] &amp#27;[35m[W3C (12c88338)]&amp#27;[39m Calling AppiumDriver.timeouts() with args: [null,null,null,null,2000,"12c88338-ef35-4aaa-910c-9a0e3f90175b"]
[debug] &amp#27;[35m[BaseDriver]&amp#27;[39m W3C timeout argument: {"implicit":2000}}
[debug] &amp#27;[35m[BaseDriver]&amp#27;[39m Set implicit wait to 2000ms
[debug] &amp#27;[35m[W3C (12c88338)]&amp#27;[39m Responding to client with driver.timeouts() result: null
&amp#27;[35m[HTTP]&amp#27;[39m &amp#27;[37m<-- POST /wd/hub/session/12c88338-ef35-4aaa-910c-9a0e3f90175b/timeouts &amp#27;[39m&amp#27;[32m200&amp#27;[39m &amp#27;[90m1 ms - 14&amp#27;[39m
&amp#27;[35m[HTTP]&amp#27;[39m &amp#27;[90m&amp#27;[39m
&amp#27;[35m[HTTP]&amp#27;[39m &amp#27;[37m-->&amp#27;[39m &amp#27;[37mGET&amp#27;[39m &amp#27;[37m/wd/hub/session/12c88338-ef35-4aaa-910c-9a0e3f90175b/element/3d582efb-9cb0-4a1c-a7e5-aeac32c5fae8/displayed&amp#27;[39m
&amp#27;[35m[HTTP]&amp#27;[39m &amp#27;[90m{}&amp#27;[39m
[debug] &amp#27;[35m[W3C (12c88338)]&amp#27;[39m Calling AppiumDriver.elementDisplayed() with args: ["3d582efb-9cb0-4a1c-a7e5-aeac32c5fae8","12c88338-ef35-4aaa-910c-9a0e3f90175b"]
[debug] &amp#27;[35m[WD Proxy]&amp#27;[39m Matched '/element/3d582efb-9cb0-4a1c-a7e5-aeac32c5fae8/attribute/displayed' to command name 'getAttribute'
[debug] &amp#27;[35m[WD Proxy]&amp#27;[39m Proxying [GET /element/3d582efb-9cb0-4a1c-a7e5-aeac32c5fae8/attribute/displayed] to [GET http://127.0.0.1:8200/wd/hub/session/151310d9-6959-429a-b63d-ff3d10b5cbf8/element/3d582efb-9cb0-4a1c-a7e5-aeac32c5fae8/attribute/displayed] with body: {}
[debug] &amp#27;[35m[WD Proxy]&amp#27;[39m Got response with status 200: {"sessionId":"151310d9-6959-429a-b63d-ff3d10b5cbf8","value":"true"}
[debug] &amp#27;[35m[W3C (12c88338)]&amp#27;[39m Responding to client with driver.elementDisplayed() result: true
&amp#27;[35m[HTTP]&amp#27;[39m &amp#27;[37m<-- GET /wd/hub/session/12c88338-ef35-4aaa-910c-9a0e3f90175b/element/3d582efb-9cb0-4a1c-a7e5-aeac32c5fae8/displayed &amp#27;[39m&amp#27;[32m200&amp#27;[39m &amp#27;[90m24 ms - 14&amp#27;[39m
&amp#27;[35m[HTTP]&amp#27;[39m &amp#27;[90m&amp#27;[39m
&amp#27;[35m[HTTP]&amp#27;[39m &amp#27;[37m-->&amp#27;[39m &amp#27;[37mPOST&amp#27;[39m &amp#27;[37m/wd/hub/session/12c88338-ef35-4aaa-910c-9a0e3f90175b/timeouts&amp#27;[39m
&amp#27;[35m[HTTP]&amp#27;[39m &amp#27;[90m{"implicit":0}&amp#27;[39m
[debug] &amp#27;[35m[W3C (12c88338)]&amp#27;[39m Calling AppiumDriver.timeouts() with args: [null,null,null,null,0,"12c88338-ef35-4aaa-910c-9a0e3f90175b"]
[debug] &amp#27;[35m[BaseDriver]&amp#27;[39m W3C timeout argument: {"implicit":0}}
[debug] &amp#27;[35m[BaseDriver]&amp#27;[39m Set implicit wait to 0ms
[debug] &amp#27;[35m[W3C (12c88338)]&amp#27;[39m Responding to client with driver.timeouts() result: null
&amp#27;[35m[HTTP]&amp#27;[39m &amp#27;[37m<-- POST /wd/hub/session/12c88338-ef35-4aaa-910c-9a0e3f90175b/timeouts &amp#27;[39m&amp#27;[32m200&amp#27;[39m &amp#27;[90m2 ms - 14&amp#27;[39m
&amp#27;[35m[HTTP]&amp#27;[39m &amp#27;[90m&amp#27;[39m
&amp#27;[35m[HTTP]&amp#27;[39m &amp#27;[37m-->&amp#27;[39m &amp#27;[37mPOST&amp#27;[39m &amp#27;[37m/wd/hub/session/12c88338-ef35-4aaa-910c-9a0e3f90175b/element&amp#27;[39m
&amp#27;[35m[HTTP]&amp#27;[39m &amp#27;[90m{"using":"id","value":"flipboard.app:id/search_view_input"}&amp#27;[39m
[debug] &amp#27;[35m[W3C (12c88338)]&amp#27;[39m Calling AppiumDriver.findElement() with args: ["id","flipboard.app:id/search_view_input","12c88338-ef35-4aaa-910c-9a0e3f90175b"]
[debug] &amp#27;[35m[BaseDriver]&amp#27;[39m Valid locator strategies for this request: xpath, id, class name, accessibility id, -android uiautomator
[debug] &amp#27;[35m[BaseDriver]&amp#27;[39m Waiting up to 0 ms for condition
[debug] &amp#27;[35m[WD Proxy]&amp#27;[39m Matched '/element' to command name 'findElement'
[debug] &amp#27;[35m[WD Proxy]&amp#27;[39m Proxying [POST /element] to [POST http://127.0.0.1:8200/wd/hub/session/151310d9-6959-429a-b63d-ff3d10b5cbf8/element] with body: {"strategy":"id","selector":"flipboard.app:id/search_view_input","context":"","multiple":false}
[debug] &amp#27;[35m[WD Proxy]&amp#27;[39m Got response with status 200: {"sessionId":"151310d9-6959-429a-b63d-ff3d10b5cbf8","value":{"ELEMENT":"8510dd6d-55df-43aa-9561-9c9e9dd7c042","element-6066-11e4-a52e-4f735466cecf":"8510dd6d-55df-43aa-9561-9c9e9dd7c042"}}
[debug] &amp#27;[35m[W3C (12c88338)]&amp#27;[39m Responding to client with driver.findElement() result: {"element-6066-11e4-a52e-4f735466cecf":"8510dd6d-55df-43aa-9561-9c9e9dd7c042","ELEMENT":"8510dd6d-55df-43aa-9561-9c9e9dd7c042"}
&amp#27;[35m[HTTP]&amp#27;[39m &amp#27;[37m<-- POST /wd/hub/session/12c88338-ef35-4aaa-910c-9a0e3f90175b/element &amp#27;[39m&amp#27;[32m200&amp#27;[39m &amp#27;[90m33 ms - 137&amp#27;[39m
&amp#27;[35m[HTTP]&amp#27;[39m &amp#27;[90m&amp#27;[39m
&amp#27;[35m[HTTP]&amp#27;[39m &amp#27;[37m-->&amp#27;[39m &amp#27;[37mPOST&amp#27;[39m &amp#27;[37m/wd/hub/session/12c88338-ef35-4aaa-910c-9a0e3f90175b/timeouts&amp#27;[39m
&amp#27;[35m[HTTP]&amp#27;[39m &amp#27;[90m{"implicit":2000}&amp#27;[39m
[debug] &amp#27;[35m[W3C (12c88338)]&amp#27;[39m Calling AppiumDriver.timeouts() with args: [null,null,null,null,2000,"12c88338-ef35-4aaa-910c-9a0e3f90175b"]
[debug] &amp#27;[35m[BaseDriver]&amp#27;[39m W3C timeout argument: {"implicit":2000}}
[debug] &amp#27;[35m[BaseDriver]&amp#27;[39m Set implicit wait to 2000ms
[debug] &amp#27;[35m[W3C (12c88338)]&amp#27;[39m Responding to client with driver.timeouts() result: null
&amp#27;[35m[HTTP]&amp#27;[39m &amp#27;[37m<-- POST /wd/hub/session/12c88338-ef35-4aaa-910c-9a0e3f90175b/timeouts &amp#27;[39m&amp#27;[32m200&amp#27;[39m &amp#27;[90m1 ms - 14&amp#27;[39m
&amp#27;[35m[HTTP]&amp#27;[39m &amp#27;[90m&amp#27;[39m
&amp#27;[35m[HTTP]&amp#27;[39m &amp#27;[37m-->&amp#27;[39m &amp#27;[37mGET&amp#27;[39m &amp#27;[37m/wd/hub/session/12c88338-ef35-4aaa-910c-9a0e3f90175b/element/8510dd6d-55df-43aa-9561-9c9e9dd7c042/displayed&amp#27;[39m
&amp#27;[35m[HTTP]&amp#27;[39m &amp#27;[90m{}&amp#27;[39m
[debug] &amp#27;[35m[W3C (12c88338)]&amp#27;[39m Calling AppiumDriver.elementDisplayed() with args: ["8510dd6d-55df-43aa-9561-9c9e9dd7c042","12c88338-ef35-4aaa-910c-9a0e3f90175b"]
[debug] &amp#27;[35m[WD Proxy]&amp#27;[39m Matched '/element/8510dd6d-55df-43aa-9561-9c9e9dd7c042/attribute/displayed' to command name 'getAttribute'
[debug] &amp#27;[35m[WD Proxy]&amp#27;[39m Proxying [GET /element/8510dd6d-55df-43aa-9561-9c9e9dd7c042/attribute/displayed] to [GET http://127.0.0.1:8200/wd/hub/session/151310d9-6959-429a-b63d-ff3d10b5cbf8/element/8510dd6d-55df-43aa-9561-9c9e9dd7c042/attribute/displayed] with body: {}
[debug] &amp#27;[35m[WD Proxy]&amp#27;[39m Got response with status 200: {"sessionId":"151310d9-6959-429a-b63d-ff3d10b5cbf8","value":"true"}
[debug] &amp#27;[35m[W3C (12c88338)]&amp#27;[39m Responding to client with driver.elementDisplayed() result: true
&amp#27;[35m[HTTP]&amp#27;[39m &amp#27;[37m<-- GET /wd/hub/session/12c88338-ef35-4aaa-910c-9a0e3f90175b/element/8510dd6d-55df-43aa-9561-9c9e9dd7c042/displayed &amp#27;[39m&amp#27;[32m200&amp#27;[39m &amp#27;[90m25 ms - 14&amp#27;[39m
&amp#27;[35m[HTTP]&amp#27;[39m &amp#27;[90m&amp#27;[39m
&amp#27;[35m[HTTP]&amp#27;[39m &amp#27;[37m-->&amp#27;[39m &amp#27;[37mPOST&amp#27;[39m &amp#27;[37m/wd/hub/session/12c88338-ef35-4aaa-910c-9a0e3f90175b/element&amp#27;[39m
&amp#27;[35m[HTTP]&amp#27;[39m &amp#27;[90m{"using":"id","value":"flipboard.app:id/search_view_input"}&amp#27;[39m
[debug] &amp#27;[35m[W3C (12c88338)]&amp#27;[39m Calling AppiumDriver.findElement() with args: ["id","flipboard.app:id/search_view_input","12c88338-ef35-4aaa-910c-9a0e3f90175b"]
[debug] &amp#27;[35m[BaseDriver]&amp#27;[39m Valid locator strategies for this request: xpath, id, class name, accessibility id, -android uiautomator
[debug] &amp#27;[35m[BaseDriver]&amp#27;[39m Waiting up to 2000 ms for condition
[debug] &amp#27;[35m[WD Proxy]&amp#27;[39m Matched '/element' to command name 'findElement'
[debug] &amp#27;[35m[WD Proxy]&amp#27;[39m Proxying [POST /element] to [POST http://127.0.0.1:8200/wd/hub/session/151310d9-6959-429a-b63d-ff3d10b5cbf8/element] with body: {"strategy":"id","selector":"flipboard.app:id/search_view_input","context":"","multiple":false}
[debug] &amp#27;[35m[WD Proxy]&amp#27;[39m Got response with status 200: {"sessionId":"151310d9-6959-429a-b63d-ff3d10b5cbf8","value":{"ELEMENT":"9c4ca878-7386-4d81-8657-e50a1b1d8fd7","element-6066-11e4-a52e-4f735466cecf":"9c4ca878-7386-4d81-8657-e50a1b1d8fd7"}}
[debug] &amp#27;[35m[W3C (12c88338)]&amp#27;[39m Responding to client with driver.findElement() result: {"element-6066-11e4-a52e-4f735466cecf":"9c4ca878-7386-4d81-8657-e50a1b1d8fd7","ELEMENT":"9c4ca878-7386-4d81-8657-e50a1b1d8fd7"}
&amp#27;[35m[HTTP]&amp#27;[39m &amp#27;[37m<-- POST /wd/hub/session/12c88338-ef35-4aaa-910c-9a0e3f90175b/element &amp#27;[39m&amp#27;[32m200&amp#27;[39m &amp#27;[90m34 ms - 137&amp#27;[39m
&amp#27;[35m[HTTP]&amp#27;[39m &amp#27;[90m&amp#27;[39m
&amp#27;[35m[HTTP]&amp#27;[39m &amp#27;[37m-->&amp#27;[39m &amp#27;[37mGET&amp#27;[39m &amp#27;[37m/wd/hub/session/12c88338-ef35-4aaa-910c-9a0e3f90175b/element/9c4ca878-7386-4d81-8657-e50a1b1d8fd7/displayed&amp#27;[39m
&amp#27;[35m[HTTP]&amp#27;[39m &amp#27;[90m{}&amp#27;[39m
[debug] &amp#27;[35m[W3C (12c88338)]&amp#27;[39m Calling AppiumDriver.elementDisplayed() with args: ["9c4ca878-7386-4d81-8657-e50a1b1d8fd7","12c88338-ef35-4aaa-910c-9a0e3f90175b"]
[debug] &amp#27;[35m[WD Proxy]&amp#27;[39m Matched '/element/9c4ca878-7386-4d81-8657-e50a1b1d8fd7/attribute/displayed' to command name 'getAttribute'
[debug] &amp#27;[35m[WD Proxy]&amp#27;[39m Proxying [GET /element/9c4ca878-7386-4d81-8657-e50a1b1d8fd7/attribute/displayed] to [GET http://127.0.0.1:8200/wd/hub/session/151310d9-6959-429a-b63d-ff3d10b5cbf8/element/9c4ca878-7386-4d81-8657-e50a1b1d8fd7/attribute/displayed] with body: {}
[debug] &amp#27;[35m[WD Proxy]&amp#27;[39m Got response with status 200: {"sessionId":"151310d9-6959-429a-b63d-ff3d10b5cbf8","value":"true"}
[debug] &amp#27;[35m[W3C (12c88338)]&amp#27;[39m Responding to client with driver.elementDisplayed() result: true
&amp#27;[35m[HTTP]&amp#27;[39m &amp#27;[37m<-- GET /wd/hub/session/12c88338-ef35-4aaa-910c-9a0e3f90175b/element/9c4ca878-7386-4d81-8657-e50a1b1d8fd7/displayed &amp#27;[39m&amp#27;[32m200&amp#27;[39m &amp#27;[90m28 ms - 14&amp#27;[39m
&amp#27;[35m[HTTP]&amp#27;[39m &amp#27;[90m&amp#27;[39m
&amp#27;[35m[HTTP]&amp#27;[39m &amp#27;[37m-->&amp#27;[39m &amp#27;[37mPOST&amp#27;[39m &amp#27;[37m/wd/hub/session/12c88338-ef35-4aaa-910c-9a0e3f90175b/element/9c4ca878-7386-4d81-8657-e50a1b1d8fd7/value&amp#27;[39m
&amp#27;[35m[HTTP]&amp#27;[39m &amp#27;[90m{"id":"9c4ca878-7386-4d81-8657-e50a1b1d8fd7","text":"android","value":["a","n","d","r","o","i","d"]}&amp#27;[39m
[debug] &amp#27;[35m[W3C (12c88338)]&amp#27;[39m Calling AppiumDriver.setValue() with args: [["a","n","d","r","o","i","d"],"9c4ca878-7386-4d81-8657-e50a1b1d8fd7","12c88338-ef35-4aaa-910c-9a0e3f90175b"]
[debug] &amp#27;[35m[WD Proxy]&amp#27;[39m Matched '/element/9c4ca878-7386-4d81-8657-e50a1b1d8fd7/value' to command name 'setValue'
[debug] &amp#27;[35m[Protocol Converter]&amp#27;[39m Added 'value' property ["a","n","d","r","o","i","d"] to 'setValue' request body
[debug] &amp#27;[35m[WD Proxy]&amp#27;[39m Proxying [POST /element/9c4ca878-7386-4d81-8657-e50a1b1d8fd7/value] to [POST http://127.0.0.1:8200/wd/hub/session/151310d9-6959-429a-b63d-ff3d10b5cbf8/element/9c4ca878-7386-4d81-8657-e50a1b1d8fd7/value] with body: {"elementId":"9c4ca878-7386-4d81-8657-e50a1b1d8fd7","text":"android","replace":false,"value":["a","n","d","r","o","i","d"]}
[debug] &amp#27;[35m[WD Proxy]&amp#27;[39m Got response with status 200: {"sessionId":"151310d9-6959-429a-b63d-ff3d10b5cbf8","value":null}
[debug] &amp#27;[35m[W3C (12c88338)]&amp#27;[39m Responding to client with driver.setValue() result: null
&amp#27;[35m[HTTP]&amp#27;[39m &amp#27;[37m<-- POST /wd/hub/session/12c88338-ef35-4aaa-910c-9a0e3f90175b/element/9c4ca878-7386-4d81-8657-e50a1b1d8fd7/value &amp#27;[39m&amp#27;[32m200&amp#27;[39m &amp#27;[90m719 ms - 14&amp#27;[39m
&amp#27;[35m[HTTP]&amp#27;[39m &amp#27;[90m&amp#27;[39m
&amp#27;[35m[HTTP]&amp#27;[39m &amp#27;[37m-->&amp#27;[39m &amp#27;[37mPOST&amp#27;[39m &amp#27;[37m/wd/hub/session/12c88338-ef35-4aaa-910c-9a0e3f90175b/appium/device/press_keycode&amp#27;[39m
&amp#27;[35m[HTTP]&amp#27;[39m &amp#27;[90m{"keycode":66}&amp#27;[39m
[debug] &amp#27;[35m[W3C (12c88338)]&amp#27;[39m Calling AppiumDriver.pressKeyCode() with args: [66,null,null,null,null,"12c88338-ef35-4aaa-910c-9a0e3f90175b"]
[debug] &amp#27;[35m[WD Proxy]&amp#27;[39m Matched '/appium/device/press_keycode' to command name 'pressKeyCode'
[debug] &amp#27;[35m[WD Proxy]&amp#27;[39m Proxying [POST /appium/device/press_keycode] to [POST http://127.0.0.1:8200/wd/hub/session/151310d9-6959-429a-b63d-ff3d10b5cbf8/appium/device/press_keycode] with body: {"keycode":66,"metastate":null,"flags":null}
[debug] &amp#27;[35m[WD Proxy]&amp#27;[39m Got response with status 200: {"sessionId":"151310d9-6959-429a-b63d-ff3d10b5cbf8","value":null}
[debug] &amp#27;[35m[W3C (12c88338)]&amp#27;[39m Responding to client with driver.pressKeyCode() result: null
&amp#27;[35m[HTTP]&amp#27;[39m &amp#27;[37m<-- POST /wd/hub/session/12c88338-ef35-4aaa-910c-9a0e3f90175b/appium/device/press_keycode &amp#27;[39m&amp#27;[32m200&amp#27;[39m &amp#27;[90m1195 ms - 14&amp#27;[39m
&amp#27;[35m[HTTP]&amp#27;[39m &amp#27;[90m&amp#27;[39m
&amp#27;[35m[HTTP]&amp#27;[39m &amp#27;[37m-->&amp#27;[39m &amp#27;[37mGET&amp#27;[39m &amp#27;[37m/wd/hub/session/12c88338-ef35-4aaa-910c-9a0e3f90175b/screenshot&amp#27;[39m
&amp#27;[35m[HTTP]&amp#27;[39m &amp#27;[90m{}&amp#27;[39m
[debug] &amp#27;[35m[W3C (12c88338)]&amp#27;[39m Calling AppiumDriver.getScreenshot() with args: ["12c88338-ef35-4aaa-910c-9a0e3f90175b"]
[debug] &amp#27;[35m[WD Proxy]&amp#27;[39m Matched '/screenshot' to command name 'getScreenshot'
[debug] &amp#27;[35m[WD Proxy]&amp#27;[39m Proxying [GET /screenshot] to [GET http://127.0.0.1:8200/wd/hub/session/151310d9-6959-429a-b63d-ff3d10b5cbf8/screenshot] with no body
[debug] &amp#27;[35m[WD Proxy]&amp#27;[39m Got response with status 200: {"sessionId":"151310d9-6959-429a-b63d-ff3d10b5cbf8","value":"iVBORw0KGgoAAAANSUhEUgAABDgAAAkkCAYAAAD508+vAAAABHNCSVQICAgIfAhkiAAAIABJREFU\neJzs3XuYpHdBJ\/pv90xP90ySmUlmJjMJk3sCCTEJl9wIiwoKEZW4ImeVsy7L6roqQXZxj8+q69nn\n7IXD2bN7XDQqruCirIqCgiAKCCsgJBCChgRCuGRym1zmfp\/pnumZ7vPHr2u6qqaqu7qnq6vens\/n\nefqZeaur3v7VW+\/7q\/f9vr\/LwGQyGQAAAIAKG+x1AQAAAABOl4ADAAAAqDwBBwAAAFB5Ag4AAACg\n8gQcAAAAQOUJOAAAAIDKE3AAAAAAlSfgAAAAACpPwAEAAABUnoADAAAAqDwBBwAAAFB5Ag4AAACg\n8gQcAAAAQOUJOAAAAIDKE3AAAAAAlSfgAAAAACpPwAEAAABUnoADAAAAqDwBBwAAAFB5Ag4AAACg\n8gQcAAAAQOUJOAAAAIDKE3AAAAAAlSfgAKCSJpLc3+tCACTZkmR\/rwsBgIADgOo5kuR3k\/x2kr09\nLgvAXyX5z0ke7XVBAM5wy3tdAKrrgSQH6pb\/QZKBHpUF6MzRJF+qW96Q5OoelWW+DiX5nSTfnFp+\nJMlNvSsOcIYbTamHxpL8WpI7kzy3pyUCOHMJOJi3e5J8pW75pRFwQL87muQP6pZfkWoFHEeT\/I9M\nhxu3JLm+d8UByMokP5cSbowl+a0kb01ySS8LBUvY8SQHU1pzLk+yKsk5FVp\/vzg89XMsyXCSs1Pq\ns6pbUgHHl5L87SzPWZlkTcpOemmSy7M0d1iApWYyyQeSPDS1fG2Sf5JkqGclAiiuTPJPk7wrpUXH\nbyf5N0nW9qg8v5ZkvEvrvjNL4yKI6vlWkntTbrAeavrdJUlemHLDdXWfrn82W5P8yWm8\/l9m9nOi\nA0m+mDKGWasu...
[debug] &amp#27;[35m[W3C (12c88338)]&amp#27;[39m Responding to client with driver.getScreenshot() result: "iVBORw0KGgoAAAANSUhEUgAABDgAAAkkCAYAAAD508+vAAAABHNCSVQICAgIfAhkiAAAIABJREFU\neJzs3XuYpHdBJ/pv90xP90ySmUlmJjMJk3sCCTEJl9wIiwoKEZW4ImeVsy7L6roqQXZxj8+q69nn\n7IXD2bN7XDQqruCirIqCgiAKCCsgJBCChgRCuGRym1zmfp/pnumZ7vPHr2u6qqaqu7qnq6vens/n\nefqZeaur3v7VW+/7q/f9vr/LwGQyGQAAAIAKG+x1AQAAAABOl4ADAAAAqDwBBwAAAFB5Ag4AAACg\n8gQcAAAAQOUJOAAAAIDKE3AAAAAAlSfgAAAAACpPwAEAAABUnoADAAAAqDwBBwAAAFB5Ag4AAACg\n8gQcAAAAQOUJOAAAAIDKE3AAAAAAlSfgAAAAACpPwAEAAABUnoADAAAAqDwBBwAAAFB5Ag4AAACg\n8gQcAAAAQOUJOAAAAIDKE3AAAAAAlSfgAKCSJpLc3+tCACTZkmR/rwsBgIADgOo5kuR3k/x2kr09\nLgvAXyX5z0ke7XVBAM5wy3tdAKrrgSQH6pb/QZKBHpUF6MzRJF+qW96Q5OoelWW+DiX5nSTfnFp+\nJMlNvSsOcIYbTamHxpL8WpI7kzy3pyUCOHMJOJi3e5J8pW75pRFwQL87muQP6pZfkWoFHEeT/I9M\nhxu3JLm+d8UByMokP5cSbowl+a0kb01ySS8LBUvY8SQHU1pzLk+yKsk5FVp/vzg89XMsyXCSs1Pq\ns6pbUgHHl5L87SzPWZlkTcpOemmSy7M0d1iApWYyyQeSPDS1fG2Sf5JkqGclAiiuTPJPk7wrpUXH\nbyf5N0nW9qg8v5ZkvEvrvjNL4yKI6vlWkntTbrAeavrdJUlemHLDdXWfrn82W5P8yWm8/l9m9nOi\nA0m+mDKGWasudVcleXFKy9izT6MsvbSkAo7DSb49j9fdlOT7kmxe2OIAsIDuTfK5qf+vTfKGCDeA\n/nFjSl...
&amp#27;[35m[HTTP]&amp#27;[39m &amp#27;[37m<-- GET /wd/hub/session/12c88338-ef35-4aaa-910c-9a0e3f90175b/screenshot &amp#27;[39m&amp#27;[32m200&amp#27;[39m &amp#27;[90m470 ms - 99948&amp#27;[39m
&amp#27;[35m[HTTP]&amp#27;[39m &amp#27;[90m&amp#27;[39m
&amp#27;[35m[HTTP]&amp#27;[39m &amp#27;[37m-->&amp#27;[39m &amp#27;[37mPOST&amp#27;[39m &amp#27;[37m/wd/hub/session/12c88338-ef35-4aaa-910c-9a0e3f90175b/timeouts&amp#27;[39m
&amp#27;[35m[HTTP]&amp#27;[39m &amp#27;[90m{"implicit":0}&amp#27;[39m
[debug] &amp#27;[35m[W3C (12c88338)]&amp#27;[39m Calling AppiumDriver.timeouts() with args: [null,null,null,null,0,"12c88338-ef35-4aaa-910c-9a0e3f90175b"]
[debug] &amp#27;[35m[BaseDriver]&amp#27;[39m W3C timeout argument: {"implicit":0}}
[debug] &amp#27;[35m[BaseDriver]&amp#27;[39m Set implicit wait to 0ms
[debug] &amp#27;[35m[W3C (12c88338)]&amp#27;[39m Responding to client with driver.timeouts() result: null
&amp#27;[35m[HTTP]&amp#27;[39m &amp#27;[37m<-- POST /wd/hub/session/12c88338-ef35-4aaa-910c-9a0e3f90175b/timeouts &amp#27;[39m&amp#27;[32m200&amp#27;[39m &amp#27;[90m1 ms - 14&amp#27;[39m
&amp#27;[35m[HTTP]&amp#27;[39m &amp#27;[90m&amp#27;[39m
&amp#27;[35m[HTTP]&amp#27;[39m &amp#27;[37m-->&amp#27;[39m &amp#27;[37mPOST&amp#27;[39m &amp#27;[37m/wd/hub/session/12c88338-ef35-4aaa-910c-9a0e3f90175b/element&amp#27;[39m
&amp#27;[35m[HTTP]&amp#27;[39m &amp#27;[90m{"using":"id","value":"flipboard.app:id/search_result_general_title_text"}&amp#27;[39m
[debug] &amp#27;[35m[W3C (12c88338)]&amp#27;[39m Calling AppiumDriver.findElement() with args: ["id","flipboard.app:id/search_result_general_title_text","12c88338-ef35-4aaa-910c-9a0e3f90175b"]
[debug] &amp#27;[35m[BaseDriver]&amp#27;[39m Valid locator strategies for this request: xpath, id, class name, accessibility id, -android uiautomator
[debug] &amp#27;[35m[BaseDriver]&amp#27;[39m Waiting up to 0 ms for condition
[debug] &amp#27;[35m[WD Proxy]&amp#27;[39m Matched '/element' to command name 'findElement'
[debug] &amp#27;[35m[WD Proxy]&amp#27;[39m Proxying [POST /element] to [POST http://127.0.0.1:8200/wd/hub/session/151310d9-6959-429a-b63d-ff3d10b5cbf8/element] with body: {"strategy":"id","selector":"flipboard.app:id/search_result_general_title_text","context":"","multiple":false}
[debug] &amp#27;[35m[WD Proxy]&amp#27;[39m Got response with status 200: {"sessionId":"151310d9-6959-429a-b63d-ff3d10b5cbf8","value":{"ELEMENT":"08b74975-6942-4c12-b50d-2bcb0a945d39","element-6066-11e4-a52e-4f735466cecf":"08b74975-6942-4c12-b50d-2bcb0a945d39"}}
[debug] &amp#27;[35m[W3C (12c88338)]&amp#27;[39m Responding to client with driver.findElement() result: {"element-6066-11e4-a52e-4f735466cecf":"08b74975-6942-4c12-b50d-2bcb0a945d39","ELEMENT":"08b74975-6942-4c12-b50d-2bcb0a945d39"}
&amp#27;[35m[HTTP]&amp#27;[39m &amp#27;[37m<-- POST /wd/hub/session/12c88338-ef35-4aaa-910c-9a0e3f90175b/element &amp#27;[39m&amp#27;[32m200&amp#27;[39m &amp#27;[90m683 ms - 137&amp#27;[39m
&amp#27;[35m[HTTP]&amp#27;[39m &amp#27;[90m&amp#27;[39m
&amp#27;[35m[HTTP]&amp#27;[39m &amp#27;[37m-->&amp#27;[39m &amp#27;[37mPOST&amp#27;[39m &amp#27;[37m/wd/hub/session/12c88338-ef35-4aaa-910c-9a0e3f90175b/timeouts&amp#27;[39m
&amp#27;[35m[HTTP]&amp#27;[39m &amp#27;[90m{"implicit":2000}&amp#27;[39m
[debug] &amp#27;[35m[W3C (12c88338)]&amp#27;[39m Calling AppiumDriver.timeouts() with args: [null,null,null,null,2000,"12c88338-ef35-4aaa-910c-9a0e3f90175b"]
[debug] &amp#27;[35m[BaseDriver]&amp#27;[39m W3C timeout argument: {"implicit":2000}}
[debug] &amp#27;[35m[BaseDriver]&amp#27;[39m Set implicit wait to 2000ms
[debug] &amp#27;[35m[W3C (12c88338)]&amp#27;[39m Responding to client with driver.timeouts() result: null
&amp#27;[35m[HTTP]&amp#27;[39m &amp#27;[37m<-- POST /wd/hub/session/12c88338-ef35-4aaa-910c-9a0e3f90175b/timeouts &amp#27;[39m&amp#27;[32m200&amp#27;[39m &amp#27;[90m1 ms - 14&amp#27;[39m
&amp#27;[35m[HTTP]&amp#27;[39m &amp#27;[90m&amp#27;[39m
&amp#27;[35m[HTTP]&amp#27;[39m &amp#27;[37m-->&amp#27;[39m &amp#27;[37mPOST&amp#27;[39m &amp#27;[37m/wd/hub/session/12c88338-ef35-4aaa-910c-9a0e3f90175b/timeouts&amp#27;[39m
&amp#27;[35m[HTTP]&amp#27;[39m &amp#27;[90m{"implicit":0}&amp#27;[39m
[debug] &amp#27;[35m[W3C (12c88338)]&amp#27;[39m Calling AppiumDriver.timeouts() with args: [null,null,null,null,0,"12c88338-ef35-4aaa-910c-9a0e3f90175b"]
[debug] &amp#27;[35m[BaseDriver]&amp#27;[39m W3C timeout argument: {"implicit":0}}
[debug] &amp#27;[35m[BaseDriver]&amp#27;[39m Set implicit wait to 0ms
[debug] &amp#27;[35m[W3C (12c88338)]&amp#27;[39m Responding to client with driver.timeouts() result: null
&amp#27;[35m[HTTP]&amp#27;[39m &amp#27;[37m<-- POST /wd/hub/session/12c88338-ef35-4aaa-910c-9a0e3f90175b/timeouts &amp#27;[39m&amp#27;[32m200&amp#27;[39m &amp#27;[90m1 ms - 14&amp#27;[39m
&amp#27;[35m[HTTP]&amp#27;[39m &amp#27;[90m&amp#27;[39m
&amp#27;[35m[HTTP]&amp#27;[39m &amp#27;[37m-->&amp#27;[39m &amp#27;[37mPOST&amp#27;[39m &amp#27;[37m/wd/hub/session/12c88338-ef35-4aaa-910c-9a0e3f90175b/element&amp#27;[39m
&amp#27;[35m[HTTP]&amp#27;[39m &amp#27;[90m{"using":"id","value":"flipboard.app:id/search_result_general_title_text"}&amp#27;[39m
[debug] &amp#27;[35m[W3C (12c88338)]&amp#27;[39m Calling AppiumDriver.findElement() with args: ["id","flipboard.app:id/search_result_general_title_text","12c88338-ef35-4aaa-910c-9a0e3f90175b"]
[debug] &amp#27;[35m[BaseDriver]&amp#27;[39m Valid locator strategies for this request: xpath, id, class name, accessibility id, -android uiautomator
[debug] &amp#27;[35m[BaseDriver]&amp#27;[39m Waiting up to 0 ms for condition
[debug] &amp#27;[35m[WD Proxy]&amp#27;[39m Matched '/element' to command name 'findElement'
[debug] &amp#27;[35m[WD Proxy]&amp#27;[39m Proxying [POST /element] to [POST http://127.0.0.1:8200/wd/hub/session/151310d9-6959-429a-b63d-ff3d10b5cbf8/element] with body: {"strategy":"id","selector":"flipboard.app:id/search_result_general_title_text","context":"","multiple":false}
[debug] &amp#27;[35m[WD Proxy]&amp#27;[39m Got response with status 200: {"sessionId":"151310d9-6959-429a-b63d-ff3d10b5cbf8","value":{"ELEMENT":"89db2109-939c-4afb-80c5-b5cefa6783d3","element-6066-11e4-a52e-4f735466cecf":"89db2109-939c-4afb-80c5-b5cefa6783d3"}}
[debug] &amp#27;[35m[W3C (12c88338)]&amp#27;[39m Responding to client with driver.findElement() result: {"element-6066-11e4-a52e-4f735466cecf":"89db2109-939c-4afb-80c5-b5cefa6783d3","ELEMENT":"89db2109-939c-4afb-80c5-b5cefa6783d3"}
&amp#27;[35m[HTTP]&amp#27;[39m &amp#27;[37m<-- POST /wd/hub/session/12c88338-ef35-4aaa-910c-9a0e3f90175b/element &amp#27;[39m&amp#27;[32m200&amp#27;[39m &amp#27;[90m67 ms - 137&amp#27;[39m
&amp#27;[35m[HTTP]&amp#27;[39m &amp#27;[90m&amp#27;[39m
&amp#27;[35m[HTTP]&amp#27;[39m &amp#27;[37m-->&amp#27;[39m &amp#27;[37mPOST&amp#27;[39m &amp#27;[37m/wd/hub/session/12c88338-ef35-4aaa-910c-9a0e3f90175b/timeouts&amp#27;[39m
&amp#27;[35m[HTTP]&amp#27;[39m &amp#27;[90m{"implicit":2000}&amp#27;[39m
[debug] &amp#27;[35m[W3C (12c88338)]&amp#27;[39m Calling AppiumDriver.timeouts() with args: [null,null,null,null,2000,"12c88338-ef35-4aaa-910c-9a0e3f90175b"]
[debug] &amp#27;[35m[BaseDriver]&amp#27;[39m W3C timeout argument: {"implicit":2000}}
[debug] &amp#27;[35m[BaseDriver]&amp#27;[39m Set implicit wait to 2000ms
[debug] &amp#27;[35m[W3C (12c88338)]&amp#27;[39m Responding to client with driver.timeouts() result: null
&amp#27;[35m[HTTP]&amp#27;[39m &amp#27;[37m<-- POST /wd/hub/session/12c88338-ef35-4aaa-910c-9a0e3f90175b/timeouts &amp#27;[39m&amp#27;[32m200&amp#27;[39m &amp#27;[90m1 ms - 14&amp#27;[39m
&amp#27;[35m[HTTP]&amp#27;[39m &amp#27;[90m&amp#27;[39m
&amp#27;[35m[HTTP]&amp#27;[39m &amp#27;[37m-->&amp#27;[39m &amp#27;[37mGET&amp#27;[39m &amp#27;[37m/wd/hub/session/12c88338-ef35-4aaa-910c-9a0e3f90175b/element/89db2109-939c-4afb-80c5-b5cefa6783d3/displayed&amp#27;[39m
&amp#27;[35m[HTTP]&amp#27;[39m &amp#27;[90m{}&amp#27;[39m
[debug] &amp#27;[35m[W3C (12c88338)]&amp#27;[39m Calling AppiumDriver.elementDisplayed() with args: ["89db2109-939c-4afb-80c5-b5cefa6783d3","12c88338-ef35-4aaa-910c-9a0e3f90175b"]
[debug] &amp#27;[35m[WD Proxy]&amp#27;[39m Matched '/element/89db2109-939c-4afb-80c5-b5cefa6783d3/attribute/displayed' to command name 'getAttribute'
[debug] &amp#27;[35m[WD Proxy]&amp#27;[39m Proxying [GET /element/89db2109-939c-4afb-80c5-b5cefa6783d3/attribute/displayed] to [GET http://127.0.0.1:8200/wd/hub/session/151310d9-6959-429a-b63d-ff3d10b5cbf8/element/89db2109-939c-4afb-80c5-b5cefa6783d3/attribute/displayed] with body: {}
[debug] &amp#27;[35m[WD Proxy]&amp#27;[39m Got response with status 200: {"sessionId":"151310d9-6959-429a-b63d-ff3d10b5cbf8","value":"true"}
[debug] &amp#27;[35m[W3C (12c88338)]&amp#27;[39m Responding to client with driver.elementDisplayed() result: true
&amp#27;[35m[HTTP]&amp#27;[39m &amp#27;[37m<-- GET /wd/hub/session/12c88338-ef35-4aaa-910c-9a0e3f90175b/element/89db2109-939c-4afb-80c5-b5cefa6783d3/displayed &amp#27;[39m&amp#27;[32m200&amp#27;[39m &amp#27;[90m25 ms - 14&amp#27;[39m
&amp#27;[35m[HTTP]&amp#27;[39m &amp#27;[90m&amp#27;[39m
&amp#27;[35m[HTTP]&amp#27;[39m &amp#27;[37m-->&amp#27;[39m &amp#27;[37mPOST&amp#27;[39m &amp#27;[37m/wd/hub/session/12c88338-ef35-4aaa-910c-9a0e3f90175b/timeouts&amp#27;[39m
&amp#27;[35m[HTTP]&amp#27;[39m &amp#27;[90m{"implicit":0}&amp#27;[39m
[debug] &amp#27;[35m[W3C (12c88338)]&amp#27;[39m Calling AppiumDriver.timeouts() with args: [null,null,null,null,0,"12c88338-ef35-4aaa-910c-9a0e3f90175b"]
[debug] &amp#27;[35m[BaseDriver]&amp#27;[39m W3C timeout argument: {"implicit":0}}
[debug] &amp#27;[35m[BaseDriver]&amp#27;[39m Set implicit wait to 0ms
[debug] &amp#27;[35m[W3C (12c88338)]&amp#27;[39m Responding to client with driver.timeouts() result: null
&amp#27;[35m[HTTP]&amp#27;[39m &amp#27;[37m<-- POST /wd/hub/session/12c88338-ef35-4aaa-910c-9a0e3f90175b/timeouts &amp#27;[39m&amp#27;[32m200&amp#27;[39m &amp#27;[90m1 ms - 14&amp#27;[39m
&amp#27;[35m[HTTP]&amp#27;[39m &amp#27;[90m&amp#27;[39m
&amp#27;[35m[HTTP]&amp#27;[39m &amp#27;[37m-->&amp#27;[39m &amp#27;[37mPOST&amp#27;[39m &amp#27;[37m/wd/hub/session/12c88338-ef35-4aaa-910c-9a0e3f90175b/element&amp#27;[39m
&amp#27;[35m[HTTP]&amp#27;[39m &amp#27;[90m{"using":"id","value":"flipboard.app:id/search_result_general_title_text"}&amp#27;[39m
[debug] &amp#27;[35m[W3C (12c88338)]&amp#27;[39m Calling AppiumDriver.findElement() with args: ["id","flipboard.app:id/search_result_general_title_text","12c88338-ef35-4aaa-910c-9a0e3f90175b"]
[debug] &amp#27;[35m[BaseDriver]&amp#27;[39m Valid locator strategies for this request: xpath, id, class name, accessibility id, -android uiautomator
[debug] &amp#27;[35m[BaseDriver]&amp#27;[39m Waiting up to 0 ms for condition
[debug] &amp#27;[35m[WD Proxy]&amp#27;[39m Matched '/element' to command name 'findElement'
[debug] &amp#27;[35m[WD Proxy]&amp#27;[39m Proxying [POST /element] to [POST http://127.0.0.1:8200/wd/hub/session/151310d9-6959-429a-b63d-ff3d10b5cbf8/element] with body: {"strategy":"id","selector":"flipboard.app:id/search_result_general_title_text","context":"","multiple":false}
[debug] &amp#27;[35m[WD Proxy]&amp#27;[39m Got response with status 200: {"sessionId":"151310d9-6959-429a-b63d-ff3d10b5cbf8","value":{"ELEMENT":"8754d33d-1957-43dc-9aed-ea9166f7a5f4","element-6066-11e4-a52e-4f735466cecf":"8754d33d-1957-43dc-9aed-ea9166f7a5f4"}}
[debug] &amp#27;[35m[W3C (12c88338)]&amp#27;[39m Responding to client with driver.findElement() result: {"element-6066-11e4-a52e-4f735466cecf":"8754d33d-1957-43dc-9aed-ea9166f7a5f4","ELEMENT":"8754d33d-1957-43dc-9aed-ea9166f7a5f4"}
&amp#27;[35m[HTTP]&amp#27;[39m &amp#27;[37m<-- POST /wd/hub/session/12c88338-ef35-4aaa-910c-9a0e3f90175b/element &amp#27;[39m&amp#27;[32m200&amp#27;[39m &amp#27;[90m63 ms - 137&amp#27;[39m
&amp#27;[35m[HTTP]&amp#27;[39m &amp#27;[90m&amp#27;[39m
&amp#27;[35m[HTTP]&amp#27;[39m &amp#27;[37m-->&amp#27;[39m &amp#27;[37mPOST&amp#27;[39m &amp#27;[37m/wd/hub/session/12c88338-ef35-4aaa-910c-9a0e3f90175b/timeouts&amp#27;[39m
&amp#27;[35m[HTTP]&amp#27;[39m &amp#27;[90m{"implicit":2000}&amp#27;[39m
[debug] &amp#27;[35m[W3C (12c88338)]&amp#27;[39m Calling AppiumDriver.timeouts() with args: [null,null,null,null,2000,"12c88338-ef35-4aaa-910c-9a0e3f90175b"]
[debug] &amp#27;[35m[BaseDriver]&amp#27;[39m W3C timeout argument: {"implicit":2000}}
[debug] &amp#27;[35m[BaseDriver]&amp#27;[39m Set implicit wait to 2000ms
[debug] &amp#27;[35m[W3C (12c88338)]&amp#27;[39m Responding to client with driver.timeouts() result: null
&amp#27;[35m[HTTP]&amp#27;[39m &amp#27;[37m<-- POST /wd/hub/session/12c88338-ef35-4aaa-910c-9a0e3f90175b/timeouts &amp#27;[39m&amp#27;[32m200&amp#27;[39m &amp#27;[90m2 ms - 14&amp#27;[39m
&amp#27;[35m[HTTP]&amp#27;[39m &amp#27;[90m&amp#27;[39m
&amp#27;[35m[HTTP]&amp#27;[39m &amp#27;[37m-->&amp#27;[39m &amp#27;[37mGET&amp#27;[39m &amp#27;[37m/wd/hub/session/12c88338-ef35-4aaa-910c-9a0e3f90175b/element/8754d33d-1957-43dc-9aed-ea9166f7a5f4/displayed&amp#27;[39m
&amp#27;[35m[HTTP]&amp#27;[39m &amp#27;[90m{}&amp#27;[39m
[debug] &amp#27;[35m[W3C (12c88338)]&amp#27;[39m Calling AppiumDriver.elementDisplayed() with args: ["8754d33d-1957-43dc-9aed-ea9166f7a5f4","12c88338-ef35-4aaa-910c-9a0e3f90175b"]
[debug] &amp#27;[35m[WD Proxy]&amp#27;[39m Matched '/element/8754d33d-1957-43dc-9aed-ea9166f7a5f4/attribute/displayed' to command name 'getAttribute'
[debug] &amp#27;[35m[WD Proxy]&amp#27;[39m Proxying [GET /element/8754d33d-1957-43dc-9aed-ea9166f7a5f4/attribute/displayed] to [GET http://127.0.0.1:8200/wd/hub/session/151310d9-6959-429a-b63d-ff3d10b5cbf8/element/8754d33d-1957-43dc-9aed-ea9166f7a5f4/attribute/displayed] with body: {}
[debug] &amp#27;[35m[WD Proxy]&amp#27;[39m Got response with status 200: {"sessionId":"151310d9-6959-429a-b63d-ff3d10b5cbf8","value":"true"}
[debug] &amp#27;[35m[W3C (12c88338)]&amp#27;[39m Responding to client with driver.elementDisplayed() result: true
&amp#27;[35m[HTTP]&amp#27;[39m &amp#27;[37m<-- GET /wd/hub/session/12c88338-ef35-4aaa-910c-9a0e3f90175b/element/8754d33d-1957-43dc-9aed-ea9166f7a5f4/displayed &amp#27;[39m&amp#27;[32m200&amp#27;[39m &amp#27;[90m21 ms - 14&amp#27;[39m
&amp#27;[35m[HTTP]&amp#27;[39m &amp#27;[90m&amp#27;[39m
&amp#27;[35m[HTTP]&amp#27;[39m &amp#27;[37m-->&amp#27;[39m &amp#27;[37mPOST&amp#27;[39m &amp#27;[37m/wd/hub/session/12c88338-ef35-4aaa-910c-9a0e3f90175b/element&amp#27;[39m
&amp#27;[35m[HTTP]&amp#27;[39m &amp#27;[90m{"using":"id","value":"flipboard.app:id/search_result_general_title_text"}&amp#27;[39m
[debug] &amp#27;[35m[W3C (12c88338)]&amp#27;[39m Calling AppiumDriver.findElement() with args: ["id","flipboard.app:id/search_result_general_title_text","12c88338-ef35-4aaa-910c-9a0e3f90175b"]
[debug] &amp#27;[35m[BaseDriver]&amp#27;[39m Valid locator strategies for this request: xpath, id, class name, accessibility id, -android uiautomator
[debug] &amp#27;[35m[BaseDriver]&amp#27;[39m Waiting up to 2000 ms for condition
[debug] &amp#27;[35m[WD Proxy]&amp#27;[39m Matched '/element' to command name 'findElement'
[debug] &amp#27;[35m[WD Proxy]&amp#27;[39m Proxying [POST /element] to [POST http://127.0.0.1:8200/wd/hub/session/151310d9-6959-429a-b63d-ff3d10b5cbf8/element] with body: {"strategy":"id","selector":"flipboard.app:id/search_result_general_title_text","context":"","multiple":false}
[debug] &amp#27;[35m[WD Proxy]&amp#27;[39m Got response with status 200: {"sessionId":"151310d9-6959-429a-b63d-ff3d10b5cbf8","value":{"ELEMENT":"75cf7873-a716-48ab-aa30-aedfec3a0ad2","element-6066-11e4-a52e-4f735466cecf":"75cf7873-a716-48ab-aa30-aedfec3a0ad2"}}
[debug] &amp#27;[35m[W3C (12c88338)]&amp#27;[39m Responding to client with driver.findElement() result: {"element-6066-11e4-a52e-4f735466cecf":"75cf7873-a716-48ab-aa30-aedfec3a0ad2","ELEMENT":"75cf7873-a716-48ab-aa30-aedfec3a0ad2"}
&amp#27;[35m[HTTP]&amp#27;[39m &amp#27;[37m<-- POST /wd/hub/session/12c88338-ef35-4aaa-910c-9a0e3f90175b/element &amp#27;[39m&amp#27;[32m200&amp#27;[39m &amp#27;[90m54 ms - 137&amp#27;[39m
&amp#27;[35m[HTTP]&amp#27;[39m &amp#27;[90m&amp#27;[39m
&amp#27;[35m[HTTP]&amp#27;[39m &amp#27;[37m-->&amp#27;[39m &amp#27;[37mGET&amp#27;[39m &amp#27;[37m/wd/hub/session/12c88338-ef35-4aaa-910c-9a0e3f90175b/element/75cf7873-a716-48ab-aa30-aedfec3a0ad2/displayed&amp#27;[39m
&amp#27;[35m[HTTP]&amp#27;[39m &amp#27;[90m{}&amp#27;[39m
[debug] &amp#27;[35m[W3C (12c88338)]&amp#27;[39m Calling AppiumDriver.elementDisplayed() with args: ["75cf7873-a716-48ab-aa30-aedfec3a0ad2","12c88338-ef35-4aaa-910c-9a0e3f90175b"]
[debug] &amp#27;[35m[WD Proxy]&amp#27;[39m Matched '/element/75cf7873-a716-48ab-aa30-aedfec3a0ad2/attribute/displayed' to command name 'getAttribute'
[debug] &amp#27;[35m[WD Proxy]&amp#27;[39m Proxying [GET /element/75cf7873-a716-48ab-aa30-aedfec3a0ad2/attribute/displayed] to [GET http://127.0.0.1:8200/wd/hub/session/151310d9-6959-429a-b63d-ff3d10b5cbf8/element/75cf7873-a716-48ab-aa30-aedfec3a0ad2/attribute/displayed] with body: {}
[debug] &amp#27;[35m[WD Proxy]&amp#27;[39m Got response with status 200: {"sessionId":"151310d9-6959-429a-b63d-ff3d10b5cbf8","value":"true"}
[debug] &amp#27;[35m[W3C (12c88338)]&amp#27;[39m Responding to client with driver.elementDisplayed() result: true
&amp#27;[35m[HTTP]&amp#27;[39m &amp#27;[37m<-- GET /wd/hub/session/12c88338-ef35-4aaa-910c-9a0e3f90175b/element/75cf7873-a716-48ab-aa30-aedfec3a0ad2/displayed &amp#27;[39m&amp#27;[32m200&amp#27;[39m &amp#27;[90m31 ms - 14&amp#27;[39m
&amp#27;[35m[HTTP]&amp#27;[39m &amp#27;[90m&amp#27;[39m
&amp#27;[35m[HTTP]&amp#27;[39m &amp#27;[37m-->&amp#27;[39m &amp#27;[37mGET&amp#27;[39m &amp#27;[37m/wd/hub/session/12c88338-ef35-4aaa-910c-9a0e3f90175b/element/75cf7873-a716-48ab-aa30-aedfec3a0ad2/text&amp#27;[39m
&amp#27;[35m[HTTP]&amp#27;[39m &amp#27;[90m{}&amp#27;[39m
&amp#27;[35m[W3C (12c88338)]&amp#27;[39m Driver proxy active, passing request on via HTTP proxy
[debug] &amp#27;[35m[WD Proxy]&amp#27;[39m Matched '/wd/hub/session/12c88338-ef35-4aaa-910c-9a0e3f90175b/element/75cf7873-a716-48ab-aa30-aedfec3a0ad2/text' to command name 'getText'
[debug] &amp#27;[35m[WD Proxy]&amp#27;[39m Proxying [GET /wd/hub/session/12c88338-ef35-4aaa-910c-9a0e3f90175b/element/75cf7873-a716-48ab-aa30-aedfec3a0ad2/text] to [GET http://127.0.0.1:8200/wd/hub/session/151310d9-6959-429a-b63d-ff3d10b5cbf8/element/75cf7873-a716-48ab-aa30-aedfec3a0ad2/text] with body: {}
[debug] &amp#27;[35m[WD Proxy]&amp#27;[39m Got response with status 200: {"sessionId":"151310d9-6959-429a-b63d-ff3d10b5cbf8","value":"Android News"}
&amp#27;[35m[WD Proxy]&amp#27;[39m Replacing sessionId 151310d9-6959-429a-b63d-ff3d10b5cbf8 with 12c88338-ef35-4aaa-910c-9a0e3f90175b
&amp#27;[35m[HTTP]&amp#27;[39m &amp#27;[37m<-- GET /wd/hub/session/12c88338-ef35-4aaa-910c-9a0e3f90175b/element/75cf7873-a716-48ab-aa30-aedfec3a0ad2/text &amp#27;[39m&amp#27;[32m200&amp#27;[39m &amp#27;[90m22 ms - 75&amp#27;[39m
&amp#27;[35m[HTTP]&amp#27;[39m &amp#27;[90m&amp#27;[39m
&amp#27;[35m[HTTP]&amp#27;[39m &amp#27;[37m-->&amp#27;[39m &amp#27;[37mGET&amp#27;[39m &amp#27;[37m/wd/hub/session/12c88338-ef35-4aaa-910c-9a0e3f90175b/screenshot&amp#27;[39m
&amp#27;[35m[HTTP]&amp#27;[39m &amp#27;[90m{}&amp#27;[39m
[debug] &amp#27;[35m[W3C (12c88338)]&amp#27;[39m Calling AppiumDriver.getScreenshot() with args: ["12c88338-ef35-4aaa-910c-9a0e3f90175b"]
[debug] &amp#27;[35m[WD Proxy]&amp#27;[39m Matched '/screenshot' to command name 'getScreenshot'
[debug] &amp#27;[35m[WD Proxy]&amp#27;[39m Proxying [GET /screenshot] to [GET http://127.0.0.1:8200/wd/hub/session/151310d9-6959-429a-b63d-ff3d10b5cbf8/screenshot] with no body
[debug] &amp#27;[35m[WD Proxy]&amp#27;[39m Got response with status 200: {"sessionId":"151310d9-6959-429a-b63d-ff3d10b5cbf8","value":"iVBORw0KGgoAAAANSUhEUgAABDgAAAkkCAYAAAD508+vAAAABHNCSVQICAgIfAhkiAAAIABJREFU\neJzs3Xl4HOWB7\/ufWrtsS7YlWbaxsfECNsZmsw2YA0kIYGACWe9JuJnJZLIHSHIy5+ZJZjL3PGfO\nDIfJzZlMiJOQhCRkh+AEYgYSE0IwELMZMBi8sHiVjS1LsrW3ZEnd94+3W6oq9VLd6u7qV\/p+nkeP\nXa3q6lfVVW9X\/+pdSqJSVAAAAAAAABYLBV0AAAAAAACA8SLgAAAAAAAA1iPgAAAAAAAA1iPgAAAA\nAAAA1iPgAAAAAAAA1iPgAAAAAAAA1iPgAAAAAAAA1iPgAAAAAAAA1iPgAAAAAAAA1iPgAAAAAAAA\n1iPgAAAAAAAA1iPgAAAAAAAA1iPgAAAAAAAA1iPgAAAAAAAA1iPgAAAAAAAA1iPgAAAAAAAA1iPg\nAAAAAAAA1iPgAAAAAAAA1iPgAAAAAAAA1iPgAAAAAAAA1iPgAAAAAAAA1iPgAAAAAAAA1iPgAAAA\nAAAA1iPgAABYKSJpe9CFAABJeyV1Bl0IAAABBwDAPn2SfiTpe5JOBlwWAPi9pK9J2hd0QQBgkisL\nugCw18uSuhzL\/0VSSUBlAeDPgKTnHMuNkpYFVJZs9Uj6gaTXYstvSloTXHEATHJhmXqoX9Ltkm6W\ndGagJQKAyYuAA1l7StJLjuVLRcABFLsBSb9wLF8huwKOAUk\/1mi4cZGkVcEVBwBULelzMuFGv6Tv\nSvqipAVBFgqYwIYkdcu05iyTVCNpmkXbLxa9sZ9TkiolTZWpz2w3oQKO5yQ9kWadakl1MgfpQkmL\nNDEPWACYaKKSNkraGVteIelvJJUHViIAMJZI+ltJd8q06PiepC9Lmh5QeW6XNJinbd+sifElCPZ5\nXdKzMjdYezy\/WyDpfJ...
[debug] &amp#27;[35m[W3C (12c88338)]&amp#27;[39m Responding to client with driver.getScreenshot() result: "iVBORw0KGgoAAAANSUhEUgAABDgAAAkkCAYAAAD508+vAAAABHNCSVQICAgIfAhkiAAAIABJREFU\neJzs3Xl4HOWB7/ufWrtsS7YlWbaxsfECNsZmsw2YA0kIYGACWe9JuJnJZLIHSHIy5+ZJZjL3PGfO\nDIfJzZlMiJOQhCRkh+AEYgYSE0IwELMZMBi8sHiVjS1LsrW3ZEnd94+3W6oq9VLd6u7qV/p+nkeP\nXa3q6lfVVW9X/+pdSqJSVAAAAAAAABYLBV0AAAAAAACA8SLgAAAAAAAA1iPgAAAAAAAA1iPgAAAA\nAAAA1iPgAAAAAAAA1iPgAAAAAAAA1iPgAAAAAAAA1iPgAAAAAAAA1iPgAAAAAAAA1iPgAAAAAAAA\n1iPgAAAAAAAA1iPgAAAAAAAA1iPgAAAAAAAA1iPgAAAAAAAA1iPgAAAAAAAA1iPgAAAAAAAA1iPg\nAAAAAAAA1iPgAAAAAAAA1iPgAAAAAAAA1iPgAAAAAAAA1iPgAAAAAAAA1iPgAAAAAAAA1iPgAAAA\nAAAA1iPgAABYKSJpe9CFAABJeyV1Bl0IAAABBwDAPn2SfiTpe5JOBlwWAPi9pK9J2hd0QQBgkisL\nugCw18uSuhzL/0VSSUBlAeDPgKTnHMuNkpYFVJZs9Uj6gaTXYstvSloTXHEATHJhmXqoX9Ltkm6W\ndGagJQKAyYuAA1l7StJLjuVLRcABFLsBSb9wLF8huwKOAUk/1mi4cZGkVcEVBwBULelzMuFGv6Tv\nSvqipAVBFgqYwIYkdcu05iyTVCNpmkXbLxa9sZ9TkiolTZWpz2w3oQKO5yQ9kWadakl1MgfpQkmL\nNDEPWACYaKKSNkraGVteIelvJJUHViIAMJZI+ltJd8q06PiepC9Lmh5QeW6XNJinbd+sifElCPZ5\nXdKzMjdYezy/WyDpfJkbrrVFuv10miX9ehzP/4LSXxN1SXpGZgyzRF3qlkq6UKZl7NRxlCVIEyrg\n6JX0Rh...
&amp#27;[35m[HTTP]&amp#27;[39m &amp#27;[37m<-- GET /wd/hub/session/12c88338-ef35-4aaa-910c-9a0e3f90175b/screenshot &amp#27;[39m&amp#27;[32m200&amp#27;[39m &amp#27;[90m457 ms - 188686&amp#27;[39m
&amp#27;[35m[HTTP]&amp#27;[39m &amp#27;[90m&amp#27;[39m
&amp#27;[35m[HTTP]&amp#27;[39m &amp#27;[37m-->&amp#27;[39m &amp#27;[37mGET&amp#27;[39m &amp#27;[37m/wd/hub/session/12c88338-ef35-4aaa-910c-9a0e3f90175b/source&amp#27;[39m
&amp#27;[35m[HTTP]&amp#27;[39m &amp#27;[90m{}&amp#27;[39m
&amp#27;[35m[W3C (12c88338)]&amp#27;[39m Driver proxy active, passing request on via HTTP proxy
[debug] &amp#27;[35m[WD Proxy]&amp#27;[39m Matched '/wd/hub/session/12c88338-ef35-4aaa-910c-9a0e3f90175b/source' to command name 'getPageSource'
[debug] &amp#27;[35m[WD Proxy]&amp#27;[39m Proxying [GET /wd/hub/session/12c88338-ef35-4aaa-910c-9a0e3f90175b/source] to [GET http://127.0.0.1:8200/wd/hub/session/151310d9-6959-429a-b63d-ff3d10b5cbf8/source] with body: {}
[debug] &amp#27;[35m[WD Proxy]&amp#27;[39m Got response with status 200: {"sessionId":"151310d9-6959-429a-b63d-ff3d10b5cbf8","value":"<?xml version='1.0' encoding='UTF-8' standalone='yes' ?>\r\n<hierarchy index=\"0\" class=\"hierarchy\" rotation=\"0\" width=\"1080\" height=\"2214\">\r\n  <android.widget.FrameLayout index=\"0\" package=\"flipboard.app\" class=\"android.widget.FrameLayout\" text=\"\" checkable=\"false\" checked=\"false\" clickable=\"false\" enabled=\"true\" focusable=\"false\" focused=\"false\" long-clickable=\"false\" password=\"false\" scrollable=\"false\" selected=\"false\" bounds=\"[0,0][1080,2214]\" displayed=\"true\">\r\n    <android.widget.LinearLayout index=\"0\" package=\"flipboard.app\" class=\"android.widget.LinearLayout\" text=\"\" checkable=\"false\" checked=\"false\" clickable=\"false\" enabled=\"true\" focusable=\"false\" focused=\"false\" long-clickable=\"false\" password=\"false\" scrollable=\"false\" selected=\"false\" bounds=\"[0,0][1080,2214]\" displayed=\"true\">\r\n      <android.widget.FrameLayout index=\"0\" package=\"flipboard.app\" class...
&amp#27;[35m[WD Proxy]&amp#27;[39m Replacing sessionId 151310d9-6959-429a-b63d-ff3d10b5cbf8 with 12c88338-ef35-4aaa-910c-9a0e3f90175b
&amp#27;[35m[HTTP]&amp#27;[39m &amp#27;[37m<-- GET /wd/hub/session/12c88338-ef35-4aaa-910c-9a0e3f90175b/source &amp#27;[39m&amp#27;[32m200&amp#27;[39m &amp#27;[90m703 ms - 27460&amp#27;[39m
&amp#27;[35m[HTTP]&amp#27;[39m &amp#27;[90m&amp#27;[39m
]]></system-out>
    <system-err><![CDATA[[main] ERROR net.thucydides.core.steps.ConsoleLoggingListener - 
           __  _____ _____ ____ _____   _____ _    ___ _     _____ ____  
  _       / / |_   _| ____/ ___|_   _| |  ___/ \  |_ _| |   | ____|  _ \ 
 (_)_____| |    | | |  _| \___ \ | |   | |_ / _ \  | || |   |  _| | | | |
  _|_____| |    | | | |___ ___) || |   |  _/ ___ \ | || |___| |___| |_| |
 (_)     | |    |_| |_____|____/ |_|   |_|/_/   \_\___|_____|_____|____/ 
          \_\                                                            

TEST FAILED: Search Item Test
--------------------------------------------------------------------------
[main] ERROR net.thucydides.core.steps.ConsoleLoggingListener - TEST FAILED AT STEP Verifying searched text iphone
[main] ERROR net.thucydides.core.steps.ConsoleLoggingListener - 
Jul 04, 2020 12:53:07 AM io.appium.java_client.remote.AppiumCommandExecutor$1 lambda$0
INFO: Detected dialect: W3C
[main] INFO net.thucydides.core.steps.ConsoleLoggingListener - Test Suite Started: Search item test
[main] INFO net.thucydides.core.steps.ConsoleLoggingListener - 
 _____ _____ ____ _____   ____ _____  _    ____ _____ _____ ____  
|_   _| ____/ ___|_   _| / ___|_   _|/ \  |  _ \_   _| ____|  _ \ 
  | | |  _| \___ \ | |   \___ \ | | / _ \ | |_) || | |  _| | | | |
  | | | |___ ___) || |    ___) || |/ ___ \|  _ < | | | |___| |_| |
  |_| |_____|____/ |_|   |____/ |_/_/   \_\_| \_\|_| |_____|____/ 
                                                                  

TEST STARTED: searchItemTest[2]
-------------------------------------------------------------------
[main] INFO net.serenitybdd.core.Serenity - TEST NUMBER: 4
]]></system-err>
  </testcase>
</testsuite>