<?xml version="1.0" encoding="UTF-8"?>
<!-- Generated by org.testng.reporters.JUnitReportReporter -->
<testsuite hostname="Dell" name="runners.SampleTest" tests="1" failures="0" timestamp="8 Jun 2016 19:04:27 GMT" time="56.646" errors="0">
  <testcase name="feature" time="56.646" classname="runners.SampleTest"/>
</testsuite> <!-- runners.SampleTest -->
