<?xml version="1.0" encoding="UTF-8"?>
<!-- Generated by org.testng.reporters.JUnitReportReporter -->
<testsuite skipped="1" hostname="DESKTOP-FNF69NB" name="com.w2a.testcases.SignInTest" tests="2" failures="0" timestamp="21 Dec 2017 10:23:15 GMT" time="33.385" errors="0">
  <testcase name="signInTest" time="32.071" classname="com.w2a.testcases.SignInTest"/>
  <testcase name="signInTest" time="1.314" classname="com.w2a.testcases.SignInTest">
    <skipped/>
  </testcase> <!-- signInTest -->
</testsuite> <!-- com.w2a.testcases.SignInTest -->
