<?xml version="1.0" encoding="UTF-8"?>
<!-- Generated by org.testng.reporters.JUnitReportReporter -->
<testsuite skipped="0" hostname="DESKTOP-1BDQC6B" name="com.w2a.testcases.BankManagerLoginTest" tests="1" failures="0" timestamp="26 Jun 2021 19:10:11 GMT" time="3.439" errors="0">
  <testcase name="bankManagerLoginTest" time="3.439" classname="com.w2a.testcases.BankManagerLoginTest"/>
</testsuite> <!-- com.w2a.testcases.BankManagerLoginTest -->
