<?xml version="1.0" encoding="UTF-8"?>
<!-- Generated by org.testng.reporters.JUnitReportReporter -->
<testsuite skipped="0" hostname="LAPTOP-TUN1U03P" name="testcases.OpenAccountTest" tests="1" failures="0" timestamp="30 Oct 2021 16:06:41 GMT" time="0.413" errors="0">
  <testcase name="openAccount" time="0.413" classname="testcases.OpenAccountTest"/>
</testsuite> <!-- testcases.OpenAccountTest -->
