<?xml version="1.0" encoding="UTF-8"?>
<!-- Generated by org.testng.reporters.JUnitReportReporter -->
<testsuite skipped="0" hostname="LAPTOP-TUN1U03P" name="testcases.AddCustomerTest" tests="3" failures="0" timestamp="30 Oct 2021 16:06:41 GMT" time="0.894" errors="0">
  <testcase name="addCustomer" time="0.265" classname="testcases.AddCustomerTest"/>
  <testcase name="addCustomer" time="0.355" classname="testcases.AddCustomerTest"/>
  <testcase name="addCustomer" time="0.274" classname="testcases.AddCustomerTest"/>
</testsuite> <!-- testcases.AddCustomerTest -->
