<?xml version="1.0" encoding="UTF-8"?>
<!-- Generated by org.testng.reporters.JUnitReportReporter -->
<testsuite skipped="0" hostname="DESKTOP-1BDQC6B" name="com.w2a.testcases.OpenAccountTest" tests="1" failures="0" timestamp="26 Jun 2021 19:10:11 GMT" time="2.425" errors="0">
  <testcase name="openAccountTest" time="2.425" classname="com.w2a.testcases.OpenAccountTest"/>
</testsuite> <!-- com.w2a.testcases.OpenAccountTest -->
