<?xml version="1.0" encoding="UTF-8"?>
<!-- Generated by org.testng.reporters.JUnitReportReporter -->
<testsuite hostname="DESKTOP-FNF69NB" name="com.w2a.utilities.TestParameterization" tests="2" failures="0" timestamp="12 May 2017 14:43:46 GMT" time="0.017" errors="0">
  <testcase name="testData" time="0.003" classname="com.w2a.utilities.TestParameterization"/>
  <testcase name="testData" time="0.014" classname="com.w2a.utilities.TestParameterization"/>
</testsuite> <!-- com.w2a.utilities.TestParameterization -->
