<?xml version="1.0" encoding="UTF-8"?>
<!-- Generated by org.testng.reporters.JUnitReportReporter -->
<testsuite skipped="0" hostname="LAPTOP-TUN1U03P" name="testcases.UserRegTest" tests="1" failures="0" timestamp="30 Oct 2021 15:41:50 GMT" time="0.001" errors="0">
  <testcase name="registerUser" time="0.001" classname="testcases.UserRegTest"/>
</testsuite> <!-- testcases.UserRegTest -->
