<?xml version="1.0" encoding="UTF-8"?>
<!-- Generated by org.testng.reporters.JUnitReportReporter -->
<testsuite skipped="0" hostname="LAPTOP-TUN1U03P" name="testcases.BankManagerLoginTest" tests="1" failures="0" timestamp="30 Oct 2021 16:06:41 GMT" time="1.779" errors="0">
  <testcase name="loginAsBankManager" time="1.779" classname="testcases.BankManagerLoginTest"/>
</testsuite> <!-- testcases.BankManagerLoginTest -->
