<?xml version="1.0" encoding="UTF-8"?>
<!-- Generated by org.testng.reporters.JUnitReportReporter -->
<testsuite hostname="MacBook-Pro.attlocal.net" failures="0" tests="1" name="cucumberOptions.TestNGTestRunner" time="13.406" errors="0" timestamp="2022-01-26T08:27:33 EST" skipped="0">
  <testcase classname="cucumberOptions.TestNGTestRunner" name="runScenario" time="13.406"/>
  <system-out/>
</testsuite> <!-- cucumberOptions.TestNGTestRunner -->
