<?xml version="1.0" encoding="UTF-8"?>
<!-- Generated by org.testng.reporters.JUnitReportReporter -->
<testsuite hostname="DESKTOP-3SL4LUB" name="com.w2a.cucumber.zoho.runners.LoginFeatureRunner" tests="1" failures="0" timestamp="28 Jun 2018 11:49:40 GMT" time="39.756" errors="0">
  <testcase name="runCukes" time="39.756" classname="com.w2a.cucumber.zoho.runners.LoginFeatureRunner"/>
</testsuite> <!-- com.w2a.cucumber.zoho.runners.LoginFeatureRunner -->
