<?xml version="1.0" encoding="UTF-8"?>
<!-- Generated by org.testng.reporters.JUnitReportReporter -->
<testsuite hostname="DESKTOP-3SL4LUB" name="com.w2a.cucumber.zoho.runners.ValidateCRMFeatureRunner" tests="1" failures="0" timestamp="28 Jun 2018 11:49:40 GMT" time="40.138" errors="0">
  <testcase name="runCukes" time="40.138" classname="com.w2a.cucumber.zoho.runners.ValidateCRMFeatureRunner"/>
</testsuite> <!-- com.w2a.cucumber.zoho.runners.ValidateCRMFeatureRunner -->
