<?xml version="1.0" encoding="UTF-8"?>
<!-- Generated by org.testng.reporters.JUnitReportReporter -->
<testsuite skipped="0" hostname="LAPTOP-TUN1U03P" name="testcases.FindNewCarTest" tests="3" failures="0" timestamp="06 Nov 2021 15:34:45 GMT" time="22.295" errors="0">
  <testcase name="findNewCar" time="6.939" classname="testcases.FindNewCarTest"/>
  <testcase name="findNewCar" time="6.579" classname="testcases.FindNewCarTest"/>
  <testcase name="findNewCar" time="8.777" classname="testcases.FindNewCarTest"/>
</testsuite> <!-- testcases.FindNewCarTest -->
