<?xml version="1.0" encoding="UTF-8"?>
<!-- Generated by org.testng.reporters.JUnitReportReporter -->
<testsuite skipped="0" hostname="LAPTOP-TUN1U03P" name="testcases.CarNameAndPriceTest" tests="3" failures="0" timestamp="06 Nov 2021 15:34:45 GMT" time="24.741" errors="0">
  <testcase name="carNameAndPrice" time="9.051" classname="testcases.CarNameAndPriceTest"/>
  <testcase name="carNameAndPrice" time="7.956" classname="testcases.CarNameAndPriceTest"/>
  <testcase name="carNameAndPrice" time="7.734" classname="testcases.CarNameAndPriceTest"/>
</testsuite> <!-- testcases.CarNameAndPriceTest -->
